# End time: 21:34:47 on Nov 30,2025, Elapsed time: 0:51:39
# Errors: 0, Warnings: 53
# Model Technology ModelSim - Intel FPGA Edition vmap 2020.1 Lib Mapping Utility 2020.02 Feb 28 2020
# vmap work work 
# Modifying C:/Users/taylo/OneDrive/Desktop/ENSC350/FP/Simulation/FP.mpf
# vsim -quiet work.ConfigExecUnit_KS -GTIMING_MEASUREMENT=false 
# Start time: 21:34:48 on Nov 30,2025
# run -all
# ** Note: =====================================================
# >>>>>>>>>>>>>>>> Starting Simulation <<<<<<<<<<<<<<<<
# =====================================================
# 
#    Time: 0 ps  Iteration: 0  Instance: /execunittb
# ** Warning: NUMERIC_STD."=": metavalue detected, returning FALSE
#    Time: 0 ps  Iteration: 0  Instance: /execunittb/DUT
# ** Warning: NUMERIC_STD."=": metavalue detected, returning FALSE
#    Time: 40 ns  Iteration: 4  Instance: /execunittb/DUT
# ** Note: PASS: Test Case 1
#    Time: 45 ns  Iteration: 0  Instance: /execunittb
# ** Note: PASS: Test Case 2
#    Time: 50 ns  Iteration: 0  Instance: /execunittb
# ** Note: PASS: Test Case 3
#    Time: 55 ns  Iteration: 0  Instance: /execunittb
# ** Note: PASS: Test Case 4
#    Time: 60 ns  Iteration: 0  Instance: /execunittb
# ** Note: PASS: Test Case 5
#    Time: 65 ns  Iteration: 0  Instance: /execunittb
# ** Note: PASS: Test Case 6
#    Time: 70 ns  Iteration: 0  Instance: /execunittb
# ** Note: PASS: Test Case 7
#    Time: 75 ns  Iteration: 0  Instance: /execunittb
# ** Warning: FAIL: Test Case 8
#       Inputs: A=D2BA289B63059940, B=B2EF60337054670A
#               FC=10 LF=00 SF=10 AS='0' EW='0'
#       Y Expected=0000000000000000, Actual=0000000000000001
#       Flags Expected (Z,AB,ABu)='0''0''0'
#       Flags Actual   (Z,AB,ABu)='0''1''0'
# 
#    Time: 80 ns  Iteration: 0  Instance: /execunittb
# ** Warning: FAIL: Test Case 9
#       Inputs: A=47ABA0A3F61A6308, B=30F5D1DF69C93E06
#               FC=11 LF=01 SF=00 AS='0' EW='0'
#       Y Expected=0000000000000000, Actual=0000000000000001
#       Flags Expected (Z,AB,ABu)='0''0''0'
#       Flags Actual   (Z,AB,ABu)='0''0''1'
# 
#    Time: 85 ns  Iteration: 0  Instance: /execunittb
# ** Note: PASS: Test Case 10
#    Time: 90 ns  Iteration: 0  Instance: /execunittb
# ** Note: PASS: Test Case 11
#    Time: 95 ns  Iteration: 0  Instance: /execunittb
# ** Note: PASS: Test Case 12
#    Time: 100 ns  Iteration: 0  Instance: /execunittb
# ** Note: PASS: Test Case 13
#    Time: 105 ns  Iteration: 0  Instance: /execunittb
# ** Note: PASS: Test Case 14
#    Time: 110 ns  Iteration: 0  Instance: /execunittb
# ** Note: PASS: Test Case 15
#    Time: 115 ns  Iteration: 0  Instance: /execunittb
# ** Warning: FAIL: Test Case 16
#       Inputs: A=ED126F3356A483A0, B=7D85034A9033F839
#               FC=11 LF=00 SF=11 AS='0' EW='0'
#       Y Expected=0000000000000000, Actual=0000000000000000
#       Flags Expected (Z,AB,ABu)='0''1''0'
#       Flags Actual   (Z,AB,ABu)='0''0''0'
# 
#    Time: 120 ns  Iteration: 0  Instance: /execunittb
# ** Note: PASS: Test Case 17
#    Time: 125 ns  Iteration: 0  Instance: /execunittb
# ** Note: PASS: Test Case 18
#    Time: 130 ns  Iteration: 0  Instance: /execunittb
# ** Note: PASS: Test Case 19
#    Time: 135 ns  Iteration: 0  Instance: /execunittb
# ** Note: PASS: Test Case 20
#    Time: 140 ns  Iteration: 0  Instance: /execunittb
# ** Warning: FAIL: Test Case 21
#       Inputs: A=CD1BBF90404E82E1, B=7D0B2664A91ED41F
#               FC=10 LF=01 SF=11 AS='0' EW='1'
#       Y Expected=0000000000000001, Actual=0000000000000000
#       Flags Expected (Z,AB,ABu)='0''1''0'
#       Flags Actual   (Z,AB,ABu)='0''0''0'
# 
#    Time: 145 ns  Iteration: 0  Instance: /execunittb
# ** Note: PASS: Test Case 22
#    Time: 150 ns  Iteration: 0  Instance: /execunittb
# ** Warning: FAIL: Test Case 23
#       Inputs: A=9E4F0A1697BCDF60, B=CFDDA06DC25E3960
#               FC=10 LF=10 SF=10 AS='0' EW='0'
#       Y Expected=0000000000000001, Actual=0000000000000001
#       Flags Expected (Z,AB,ABu)='0''1''1'
#       Flags Actual   (Z,AB,ABu)='0''1''0'
# 
#    Time: 155 ns  Iteration: 0  Instance: /execunittb
# ** Note: PASS: Test Case 24
#    Time: 160 ns  Iteration: 0  Instance: /execunittb
# ** Note: PASS: Test Case 25
#    Time: 165 ns  Iteration: 0  Instance: /execunittb
# ** Warning: FAIL: Test Case 26
#       Inputs: A=05CF0B94BBEE21F9, B=02B88444869BA6FB
#               FC=10 LF=01 SF=01 AS='0' EW='0'
#       Y Expected=0000000000000000, Actual=0000000000000000
#       Flags Expected (Z,AB,ABu)='0''0''0'
#       Flags Actual   (Z,AB,ABu)='0''0''1'
# 
#    Time: 170 ns  Iteration: 0  Instance: /execunittb
# ** Warning: FAIL: Test Case 27
#       Inputs: A=FE93792F6BA2868A, B=7637EE9A74C71281
#               FC=10 LF=11 SF=00 AS='0' EW='1'
#       Y Expected=0000000000000001, Actual=0000000000000000
#       Flags Expected (Z,AB,ABu)='0''1''0'
#       Flags Actual   (Z,AB,ABu)='0''0''0'
# 
#    Time: 175 ns  Iteration: 0  Instance: /execunittb
# ** Note: PASS: Test Case 28
#    Time: 180 ns  Iteration: 0  Instance: /execunittb
# ** Note: PASS: Test Case 29
#    Time: 185 ns  Iteration: 0  Instance: /execunittb
# ** Note: PASS: Test Case 30
#    Time: 190 ns  Iteration: 0  Instance: /execunittb
# ** Warning: FAIL: Test Case 31
#       Inputs: A=7C72B64A3626450F, B=A7EB5E178038647F
#               FC=01 LF=11 SF=10 AS='0' EW='0'
#       Y Expected=246216020020440F, Actual=246216020020440F
#       Flags Expected (Z,AB,ABu)='0''0''1'
#       Flags Actual   (Z,AB,ABu)='0''0''0'
# 
#    Time: 195 ns  Iteration: 0  Instance: /execunittb
# ** Note: PASS: Test Case 32
#    Time: 200 ns  Iteration: 0  Instance: /execunittb
# ** Note: PASS: Test Case 33
#    Time: 205 ns  Iteration: 0  Instance: /execunittb
# ** Note: PASS: Test Case 34
#    Time: 210 ns  Iteration: 0  Instance: /execunittb
# ** Note: PASS: Test Case 35
#    Time: 215 ns  Iteration: 0  Instance: /execunittb
# ** Note: PASS: Test Case 36
#    Time: 220 ns  Iteration: 0  Instance: /execunittb
# ** Note: PASS: Test Case 37
#    Time: 225 ns  Iteration: 0  Instance: /execunittb
# ** Note: PASS: Test Case 38
#    Time: 230 ns  Iteration: 0  Instance: /execunittb
# ** Note: PASS: Test Case 39
#    Time: 235 ns  Iteration: 0  Instance: /execunittb
# ** Note: PASS: Test Case 40
#    Time: 240 ns  Iteration: 0  Instance: /execunittb
# ** Note: PASS: Test Case 41
#    Time: 245 ns  Iteration: 0  Instance: /execunittb
# ** Note: PASS: Test Case 42
#    Time: 250 ns  Iteration: 0  Instance: /execunittb
# ** Note: PASS: Test Case 43
#    Time: 255 ns  Iteration: 0  Instance: /execunittb
# ** Note: PASS: Test Case 44
#    Time: 260 ns  Iteration: 0  Instance: /execunittb
# ** Note: PASS: Test Case 45
#    Time: 265 ns  Iteration: 0  Instance: /execunittb
# ** Note: PASS: Test Case 46
#    Time: 270 ns  Iteration: 0  Instance: /execunittb
# ** Note: PASS: Test Case 47
#    Time: 275 ns  Iteration: 0  Instance: /execunittb
# ** Note: PASS: Test Case 48
#    Time: 280 ns  Iteration: 0  Instance: /execunittb
# ** Note: PASS: Test Case 49
#    Time: 285 ns  Iteration: 0  Instance: /execunittb
# ** Note: PASS: Test Case 50
#    Time: 290 ns  Iteration: 0  Instance: /execunittb
# ** Note: PASS: Test Case 51
#    Time: 295 ns  Iteration: 0  Instance: /execunittb
# ** Note: PASS: Test Case 52
#    Time: 300 ns  Iteration: 0  Instance: /execunittb
# ** Note: PASS: Test Case 53
#    Time: 305 ns  Iteration: 0  Instance: /execunittb
# ** Note: PASS: Test Case 54
#    Time: 310 ns  Iteration: 0  Instance: /execunittb
# ** Note: PASS: Test Case 55
#    Time: 315 ns  Iteration: 0  Instance: /execunittb
# ** Note: PASS: Test Case 56
#    Time: 320 ns  Iteration: 0  Instance: /execunittb
# ** Note: PASS: Test Case 57
#    Time: 325 ns  Iteration: 0  Instance: /execunittb
# ** Note: PASS: Test Case 58
#    Time: 330 ns  Iteration: 0  Instance: /execunittb
# ** Note: PASS: Test Case 59
#    Time: 335 ns  Iteration: 0  Instance: /execunittb
# ** Note: PASS: Test Case 60
#    Time: 340 ns  Iteration: 0  Instance: /execunittb
# ** Note: PASS: Test Case 61
#    Time: 345 ns  Iteration: 0  Instance: /execunittb
# ** Note: PASS: Test Case 62
#    Time: 350 ns  Iteration: 0  Instance: /execunittb
# ** Note: PASS: Test Case 63
#    Time: 355 ns  Iteration: 0  Instance: /execunittb
# ** Note: PASS: Test Case 64
#    Time: 360 ns  Iteration: 0  Instance: /execunittb
# ** Warning: FAIL: Test Case 65
#       Inputs: A=46662758A9E9F2F8, B=671A0A9329CE9E20
#               FC=10 LF=01 SF=11 AS='0' EW='0'
#       Y Expected=0000000000000001, Actual=0000000000000000
#       Flags Expected (Z,AB,ABu)='0''1''1'
#       Flags Actual   (Z,AB,ABu)='0''0''1'
# 
#    Time: 365 ns  Iteration: 0  Instance: /execunittb
# ** Note: PASS: Test Case 66
#    Time: 370 ns  Iteration: 0  Instance: /execunittb
# ** Note: PASS: Test Case 67
#    Time: 375 ns  Iteration: 0  Instance: /execunittb
# ** Warning: FAIL: Test Case 68
#       Inputs: A=DAEB8B5BA173EDD5, B=7A9FEDDC5DE98699
#               FC=01 LF=00 SF=11 AS='0' EW='0'
#       Y Expected=7A9FEDDC5DE98699, Actual=7A9FEDDC5DE98699
#       Flags Expected (Z,AB,ABu)='0''1''0'
#       Flags Actual   (Z,AB,ABu)='0''0''0'
# 
#    Time: 380 ns  Iteration: 0  Instance: /execunittb
# ** Note: PASS: Test Case 69
#    Time: 385 ns  Iteration: 0  Instance: /execunittb
# ** Warning: FAIL: Test Case 70
#       Inputs: A=BEF114861934E188, B=1589EF90DF35F507
#               FC=01 LF=11 SF=01 AS='0' EW='0'
#       Y Expected=148104801934E100, Actual=148104801934E100
#       Flags Expected (Z,AB,ABu)='0''1''0'
#       Flags Actual   (Z,AB,ABu)='0''1''1'
# 
#    Time: 390 ns  Iteration: 0  Instance: /execunittb
# ** Note: PASS: Test Case 71
#    Time: 395 ns  Iteration: 0  Instance: /execunittb
# ** Note: PASS: Test Case 72
#    Time: 400 ns  Iteration: 0  Instance: /execunittb
# ** Note: PASS: Test Case 73
#    Time: 405 ns  Iteration: 0  Instance: /execunittb
# ** Warning: FAIL: Test Case 74
#       Inputs: A=1AE2A65D2FF9A852, B=57420D32EFBA6FC0
#               FC=10 LF=11 SF=10 AS='0' EW='1'
#       Y Expected=0000000000000001, Actual=0000000000000000
#       Flags Expected (Z,AB,ABu)='0''1''1'
#       Flags Actual   (Z,AB,ABu)='0''0''1'
# 
#    Time: 410 ns  Iteration: 0  Instance: /execunittb
# ** Note: PASS: Test Case 75
#    Time: 415 ns  Iteration: 0  Instance: /execunittb
# ** Note: PASS: Test Case 76
#    Time: 420 ns  Iteration: 0  Instance: /execunittb
# ** Note: PASS: Test Case 77
#    Time: 425 ns  Iteration: 0  Instance: /execunittb
# ** Note: PASS: Test Case 78
#    Time: 430 ns  Iteration: 0  Instance: /execunittb
# ** Note: PASS: Test Case 79
#    Time: 435 ns  Iteration: 0  Instance: /execunittb
# ** Note: PASS: Test Case 80
#    Time: 440 ns  Iteration: 0  Instance: /execunittb
# ** Note: PASS: Test Case 81
#    Time: 445 ns  Iteration: 0  Instance: /execunittb
# ** Note: PASS: Test Case 82
#    Time: 450 ns  Iteration: 0  Instance: /execunittb
# ** Note: PASS: Test Case 83
#    Time: 455 ns  Iteration: 0  Instance: /execunittb
# ** Note: PASS: Test Case 84
#    Time: 460 ns  Iteration: 0  Instance: /execunittb
# ** Note: PASS: Test Case 85
#    Time: 465 ns  Iteration: 0  Instance: /execunittb
# ** Note: PASS: Test Case 86
#    Time: 470 ns  Iteration: 0  Instance: /execunittb
# ** Note: PASS: Test Case 87
#    Time: 620 ns  Iteration: 0  Instance: /execunittb
# ** Note: PASS: Test Case 88
#    Time: 625 ns  Iteration: 0  Instance: /execunittb
# ** Note: PASS: Test Case 89
#    Time: 630 ns  Iteration: 0  Instance: /execunittb
# ** Warning: FAIL: Test Case 90
#       Inputs: A=80A5E3BEABEE7A4F, B=EBEA41398A749F04
#               FC=10 LF=01 SF=01 AS='0' EW='0'
#       Y Expected=0000000000000001, Actual=0000000000000001
#       Flags Expected (Z,AB,ABu)='0''1''1'
#       Flags Actual   (Z,AB,ABu)='0''1''0'
# 
#    Time: 635 ns  Iteration: 0  Instance: /execunittb
# ** Note: PASS: Test Case 91
#    Time: 640 ns  Iteration: 0  Instance: /execunittb
# ** Note: PASS: Test Case 92
#    Time: 645 ns  Iteration: 0  Instance: /execunittb
# ** Note: PASS: Test Case 93
#    Time: 650 ns  Iteration: 0  Instance: /execunittb
# ** Note: PASS: Test Case 94
#    Time: 655 ns  Iteration: 0  Instance: /execunittb
# ** Note: PASS: Test Case 95
#    Time: 660 ns  Iteration: 0  Instance: /execunittb
# ** Note: PASS: Test Case 96
#    Time: 665 ns  Iteration: 0  Instance: /execunittb
# ** Note: PASS: Test Case 97
#    Time: 670 ns  Iteration: 0  Instance: /execunittb
# ** Note: PASS: Test Case 98
#    Time: 675 ns  Iteration: 0  Instance: /execunittb
# ** Note: PASS: Test Case 99
#    Time: 680 ns  Iteration: 0  Instance: /execunittb
# ** Warning: FAIL: Test Case 100
#       Inputs: A=3A9DB5E9DD4CDC04, B=0599B3E42CC52BBD
#               FC=11 LF=10 SF=01 AS='0' EW='0'
#       Y Expected=0000000000000000, Actual=0000000000000001
#       Flags Expected (Z,AB,ABu)='0''0''0'
#       Flags Actual   (Z,AB,ABu)='0''0''1'
# 
#    Time: 685 ns  Iteration: 0  Instance: /execunittb
# ** Note: PASS: Test Case 101
#    Time: 690 ns  Iteration: 0  Instance: /execunittb
# ** Note: PASS: Test Case 102
#    Time: 695 ns  Iteration: 0  Instance: /execunittb
# ** Note: PASS: Test Case 103
#    Time: 700 ns  Iteration: 0  Instance: /execunittb
# ** Note: PASS: Test Case 104
#    Time: 705 ns  Iteration: 0  Instance: /execunittb
# ** Note: PASS: Test Case 105
#    Time: 710 ns  Iteration: 0  Instance: /execunittb
# ** Warning: FAIL: Test Case 106
#       Inputs: A=68BD6FD6CC61BC30, B=C0178165BCF71BE6
#               FC=11 LF=00 SF=00 AS='0' EW='1'
#       Y Expected=0000000000000001, Actual=0000000000000000
#       Flags Expected (Z,AB,ABu)='0''0''1'
#       Flags Actual   (Z,AB,ABu)='0''0''0'
# 
#    Time: 715 ns  Iteration: 0  Instance: /execunittb
# ** Note: PASS: Test Case 107
#    Time: 720 ns  Iteration: 0  Instance: /execunittb
# ** Note: PASS: Test Case 108
#    Time: 725 ns  Iteration: 0  Instance: /execunittb
# ** Note: PASS: Test Case 109
#    Time: 730 ns  Iteration: 0  Instance: /execunittb
# ** Warning: FAIL: Test Case 110
#       Inputs: A=A486C12E8DAFD583, B=073BA604F67146E3
#               FC=11 LF=01 SF=11 AS='0' EW='1'
#       Y Expected=0000000000000000, Actual=0000000000000001
#       Flags Expected (Z,AB,ABu)='0''1''0'
#       Flags Actual   (Z,AB,ABu)='0''1''1'
# 
#    Time: 735 ns  Iteration: 0  Instance: /execunittb
# ** Note: PASS: Test Case 111
#    Time: 740 ns  Iteration: 0  Instance: /execunittb
# ** Note: PASS: Test Case 112
#    Time: 745 ns  Iteration: 0  Instance: /execunittb
# ** Note: PASS: Test Case 113
#    Time: 750 ns  Iteration: 0  Instance: /execunittb
# ** Note: PASS: Test Case 114
#    Time: 755 ns  Iteration: 0  Instance: /execunittb
# ** Warning: FAIL: Test Case 115
#       Inputs: A=9227E81E6A5C9652, B=E98E95255322B10F
#               FC=01 LF=10 SF=01 AS='0' EW='0'
#       Y Expected=FBAFFD3F7B7EB75F, Actual=FBAFFD3F7B7EB75F
#       Flags Expected (Z,AB,ABu)='0''1''1'
#       Flags Actual   (Z,AB,ABu)='0''1''0'
# 
#    Time: 760 ns  Iteration: 0  Instance: /execunittb
# ** Note: PASS: Test Case 116
#    Time: 765 ns  Iteration: 0  Instance: /execunittb
# ** Warning: FAIL: Test Case 117
#       Inputs: A=7E16B84BF10B237A, B=E9E2B3AF003B0114
#               FC=01 LF=10 SF=11 AS='0' EW='0'
#       Y Expected=FFF6BBEFF13B237E, Actual=FFF6BBEFF13B237E
#       Flags Expected (Z,AB,ABu)='0''0''1'
#       Flags Actual   (Z,AB,ABu)='0''0''0'
# 
#    Time: 770 ns  Iteration: 0  Instance: /execunittb
# ** Note: PASS: Test Case 118
#    Time: 775 ns  Iteration: 0  Instance: /execunittb
# ** Note: PASS: Test Case 119
#    Time: 780 ns  Iteration: 0  Instance: /execunittb
# ** Warning: FAIL: Test Case 120
#       Inputs: A=DD4B38A86B77EA1A, B=58C0E53C589FB20E
#               FC=10 LF=00 SF=00 AS='0' EW='1'
#       Y Expected=0000000000000001, Actual=0000000000000000
#       Flags Expected (Z,AB,ABu)='0''1''0'
#       Flags Actual   (Z,AB,ABu)='0''0''0'
# 
#    Time: 785 ns  Iteration: 0  Instance: /execunittb
# ** Warning: FAIL: Test Case 121
#       Inputs: A=5F94EBCDE101E782, B=AE09D03E58381736
#               FC=11 LF=11 SF=01 AS='0' EW='0'
#       Y Expected=0000000000000001, Actual=0000000000000000
#       Flags Expected (Z,AB,ABu)='0''0''1'
#       Flags Actual   (Z,AB,ABu)='0''0''0'
# 
#    Time: 790 ns  Iteration: 0  Instance: /execunittb
# ** Warning: FAIL: Test Case 122
#       Inputs: A=5E13F2BA9A3CFE0E, B=665E1F32A305F6A2
#               FC=01 LF=00 SF=00 AS='0' EW='0'
#       Y Expected=665E1F32A305F6A2, Actual=665E1F32A305F6A2
#       Flags Expected (Z,AB,ABu)='0''1''1'
#       Flags Actual   (Z,AB,ABu)='0''0''1'
# 
#    Time: 795 ns  Iteration: 0  Instance: /execunittb
# ** Warning: FAIL: Test Case 123
#       Inputs: A=4D3AFC9E4F5C7738, B=62B084E273455BFF
#               FC=11 LF=11 SF=11 AS='0' EW='0'
#       Y Expected=0000000000000001, Actual=0000000000000001
#       Flags Expected (Z,AB,ABu)='0''1''1'
#       Flags Actual   (Z,AB,ABu)='0''0''1'
# 
#    Time: 800 ns  Iteration: 0  Instance: /execunittb
# ** Note: PASS: Test Case 124
#    Time: 805 ns  Iteration: 0  Instance: /execunittb
# ** Note: PASS: Test Case 125
#    Time: 810 ns  Iteration: 0  Instance: /execunittb
# ** Note: PASS: Test Case 126
#    Time: 815 ns  Iteration: 0  Instance: /execunittb
# ** Note: PASS: Test Case 127
#    Time: 820 ns  Iteration: 0  Instance: /execunittb
# ** Note: PASS: Test Case 128
#    Time: 825 ns  Iteration: 0  Instance: /execunittb
# ** Note: PASS: Test Case 129
#    Time: 830 ns  Iteration: 0  Instance: /execunittb
# ** Note: PASS: Test Case 130
#    Time: 835 ns  Iteration: 0  Instance: /execunittb
# ** Note: PASS: Test Case 131
#    Time: 840 ns  Iteration: 0  Instance: /execunittb
# ** Note: PASS: Test Case 132
#    Time: 845 ns  Iteration: 0  Instance: /execunittb
# ** Note: PASS: Test Case 133
#    Time: 850 ns  Iteration: 0  Instance: /execunittb
# ** Note: PASS: Test Case 134
#    Time: 855 ns  Iteration: 0  Instance: /execunittb
# ** Note: PASS: Test Case 135
#    Time: 860 ns  Iteration: 0  Instance: /execunittb
# ** Note: PASS: Test Case 136
#    Time: 865 ns  Iteration: 0  Instance: /execunittb
# ** Note: PASS: Test Case 137
#    Time: 870 ns  Iteration: 0  Instance: /execunittb
# ** Note: PASS: Test Case 138
#    Time: 875 ns  Iteration: 0  Instance: /execunittb
# ** Note: PASS: Test Case 139
#    Time: 880 ns  Iteration: 0  Instance: /execunittb
# ** Note: PASS: Test Case 140
#    Time: 885 ns  Iteration: 0  Instance: /execunittb
# ** Note: PASS: Test Case 141
#    Time: 890 ns  Iteration: 0  Instance: /execunittb
# ** Note: PASS: Test Case 142
#    Time: 895 ns  Iteration: 0  Instance: /execunittb
# ** Warning: FAIL: Test Case 143
#       Inputs: A=E79B64312309E21F, B=3A4DCD846312991E
#               FC=01 LF=10 SF=00 AS='0' EW='0'
#       Y Expected=FFDFEDB5631BFB1F, Actual=FFDFEDB5631BFB1F
#       Flags Expected (Z,AB,ABu)='0''1''0'
#       Flags Actual   (Z,AB,ABu)='0''0''0'
# 
#    Time: 900 ns  Iteration: 0  Instance: /execunittb
# ** Note: PASS: Test Case 144
#    Time: 905 ns  Iteration: 0  Instance: /execunittb
# ** Note: PASS: Test Case 145
#    Time: 910 ns  Iteration: 0  Instance: /execunittb
# ** Note: PASS: Test Case 146
#    Time: 915 ns  Iteration: 0  Instance: /execunittb
# ** Warning: FAIL: Test Case 147
#       Inputs: A=1E842FD61AEAEF69, B=22EC73C118CA4224
#               FC=01 LF=10 SF=10 AS='0' EW='0'
#       Y Expected=3EEC7FD71AEAEF6D, Actual=3EEC7FD71AEAEF6D
#       Flags Expected (Z,AB,ABu)='0''1''1'
#       Flags Actual   (Z,AB,ABu)='0''0''1'
# 
#    Time: 920 ns  Iteration: 0  Instance: /execunittb
# ** Warning: FAIL: Test Case 148
#       Inputs: A=A3DE3D2552CB4533, B=EAF8CFDC5EBC9672
#               FC=11 LF=01 SF=01 AS='0' EW='1'
#       Y Expected=0000000000000001, Actual=0000000000000000
#       Flags Expected (Z,AB,ABu)='0''1''1'
#       Flags Actual   (Z,AB,ABu)='0''1''0'
# 
#    Time: 925 ns  Iteration: 0  Instance: /execunittb
# ** Warning: FAIL: Test Case 149
#       Inputs: A=6E1FC6ECA42F778C, B=FDE314C20909448D
#               FC=11 LF=01 SF=00 AS='0' EW='0'
#       Y Expected=0000000000000001, Actual=0000000000000000
#       Flags Expected (Z,AB,ABu)='0''0''1'
#       Flags Actual   (Z,AB,ABu)='0''0''0'
# 
#    Time: 1075 ns  Iteration: 0  Instance: /execunittb
# ** Note: PASS: Test Case 150
#    Time: 1080 ns  Iteration: 0  Instance: /execunittb
# ** Note: PASS: Test Case 151
#    Time: 1085 ns  Iteration: 0  Instance: /execunittb
# ** Note: PASS: Test Case 152
#    Time: 1090 ns  Iteration: 0  Instance: /execunittb
# ** Note: PASS: Test Case 153
#    Time: 1095 ns  Iteration: 0  Instance: /execunittb
# ** Note: PASS: Test Case 154
#    Time: 1100 ns  Iteration: 0  Instance: /execunittb
# ** Note: PASS: Test Case 155
#    Time: 1105 ns  Iteration: 0  Instance: /execunittb
# ** Warning: FAIL: Test Case 156
#       Inputs: A=89F03C5D3D6D125A, B=1B0B8B6A0F663732
#               FC=11 LF=01 SF=10 AS='0' EW='1'
#       Y Expected=0000000000000000, Actual=0000000000000001
#       Flags Expected (Z,AB,ABu)='0''1''0'
#       Flags Actual   (Z,AB,ABu)='0''1''1'
# 
#    Time: 1110 ns  Iteration: 0  Instance: /execunittb
# ** Note: PASS: Test Case 157
#    Time: 1115 ns  Iteration: 0  Instance: /execunittb
# ** Warning: FAIL: Test Case 158
#       Inputs: A=1C0867B2C8183ADD, B=556599F87ECFD195
#               FC=11 LF=00 SF=10 AS='0' EW='0'
#       Y Expected=0000000000000001, Actual=0000000000000001
#       Flags Expected (Z,AB,ABu)='0''1''1'
#       Flags Actual   (Z,AB,ABu)='0''0''1'
# 
#    Time: 1120 ns  Iteration: 0  Instance: /execunittb
# ** Note: PASS: Test Case 159
#    Time: 1125 ns  Iteration: 0  Instance: /execunittb
# ** Note: PASS: Test Case 160
#    Time: 1130 ns  Iteration: 0  Instance: /execunittb
# ** Warning: FAIL: Test Case 161
#       Inputs: A=A287D924D0C95453, B=E162D6B6CB760837
#               FC=01 LF=10 SF=11 AS='0' EW='0'
#       Y Expected=E3E7DFB6DBFF5C77, Actual=E3E7DFB6DBFF5C77
#       Flags Expected (Z,AB,ABu)='0''1''1'
#       Flags Actual   (Z,AB,ABu)='0''1''0'
# 
#    Time: 1135 ns  Iteration: 0  Instance: /execunittb
# ** Note: PASS: Test Case 162
#    Time: 1140 ns  Iteration: 0  Instance: /execunittb
# ** Note: PASS: Test Case 163
#    Time: 1145 ns  Iteration: 0  Instance: /execunittb
# ** Note: PASS: Test Case 164
#    Time: 1150 ns  Iteration: 0  Instance: /execunittb
# ** Warning: FAIL: Test Case 165
#       Inputs: A=FFF9499A6530A7FE, B=0385467CCAF5AD72
#               FC=01 LF=10 SF=01 AS='0' EW='0'
#       Y Expected=FFFD4FFEEFF5AFFE, Actual=FFFD4FFEEFF5AFFE
#       Flags Expected (Z,AB,ABu)='0''1''0'
#       Flags Actual   (Z,AB,ABu)='0''0''0'
# 
#    Time: 1155 ns  Iteration: 0  Instance: /execunittb
# ** Note: PASS: Test Case 166
#    Time: 1160 ns  Iteration: 0  Instance: /execunittb
# ** Note: PASS: Test Case 167
#    Time: 1165 ns  Iteration: 0  Instance: /execunittb
# ** Note: PASS: Test Case 168
#    Time: 1170 ns  Iteration: 0  Instance: /execunittb
# ** Note: PASS: Test Case 169
#    Time: 1175 ns  Iteration: 0  Instance: /execunittb
# ** Note: PASS: Test Case 170
#    Time: 1180 ns  Iteration: 0  Instance: /execunittb
# ** Note: PASS: Test Case 171
#    Time: 1185 ns  Iteration: 0  Instance: /execunittb
# ** Note: PASS: Test Case 172
#    Time: 1190 ns  Iteration: 0  Instance: /execunittb
# ** Note: PASS: Test Case 173
#    Time: 1195 ns  Iteration: 0  Instance: /execunittb
# ** Warning: FAIL: Test Case 174
#       Inputs: A=B2FA5EAE5A87540B, B=90FBFB690C5F1570
#               FC=10 LF=00 SF=11 AS='0' EW='1'
#       Y Expected=0000000000000000, Actual=0000000000000001
#       Flags Expected (Z,AB,ABu)='0''0''0'
#       Flags Actual   (Z,AB,ABu)='0''1''0'
# 
#    Time: 1200 ns  Iteration: 0  Instance: /execunittb
# ** Warning: FAIL: Test Case 175
#       Inputs: A=475692F350C47A59, B=87D81DC7ADEF59E7
#               FC=11 LF=01 SF=11 AS='0' EW='0'
#       Y Expected=0000000000000001, Actual=0000000000000001
#       Flags Expected (Z,AB,ABu)='0''0''1'
#       Flags Actual   (Z,AB,ABu)='0''1''1'
# 
#    Time: 1205 ns  Iteration: 0  Instance: /execunittb
# ** Note: PASS: Test Case 176
#    Time: 1210 ns  Iteration: 0  Instance: /execunittb
# ** Warning: FAIL: Test Case 177
#       Inputs: A=01F63B35309AD4DD, B=81A6B631B17B2468
#               FC=10 LF=00 SF=10 AS='0' EW='1'
#       Y Expected=0000000000000000, Actual=0000000000000001
#       Flags Expected (Z,AB,ABu)='0''0''1'
#       Flags Actual   (Z,AB,ABu)='0''1''1'
# 
#    Time: 1215 ns  Iteration: 0  Instance: /execunittb
# ** Warning: FAIL: Test Case 178
#       Inputs: A=0C376352B4ADA4EC, B=A87B03FFAD1856D5
#               FC=10 LF=11 SF=01 AS='0' EW='0'
#       Y Expected=0000000000000000, Actual=0000000000000001
#       Flags Expected (Z,AB,ABu)='0''0''1'
#       Flags Actual   (Z,AB,ABu)='0''1''1'
# 
#    Time: 1365 ns  Iteration: 0  Instance: /execunittb
# ** Note: PASS: Test Case 179
#    Time: 1370 ns  Iteration: 0  Instance: /execunittb
# ** Note: PASS: Test Case 180
#    Time: 1375 ns  Iteration: 0  Instance: /execunittb
# ** Note: PASS: Test Case 181
#    Time: 1380 ns  Iteration: 0  Instance: /execunittb
# ** Note: PASS: Test Case 182
#    Time: 1385 ns  Iteration: 0  Instance: /execunittb
# ** Note: PASS: Test Case 183
#    Time: 1390 ns  Iteration: 0  Instance: /execunittb
# ** Note: PASS: Test Case 184
#    Time: 1395 ns  Iteration: 0  Instance: /execunittb
# ** Note: PASS: Test Case 185
#    Time: 1400 ns  Iteration: 0  Instance: /execunittb
# ** Note: PASS: Test Case 186
#    Time: 1405 ns  Iteration: 0  Instance: /execunittb
# ** Warning: FAIL: Test Case 187
#       Inputs: A=07F8CF76FB094DAA, B=331AE4534FFEA27B
#               FC=10 LF=11 SF=01 AS='0' EW='1'
#       Y Expected=0000000000000001, Actual=0000000000000000
#       Flags Expected (Z,AB,ABu)='0''1''1'
#       Flags Actual   (Z,AB,ABu)='0''0''1'
# 
#    Time: 1410 ns  Iteration: 0  Instance: /execunittb
# ** Warning: FAIL: Test Case 188
#       Inputs: A=37F60C10A8EFD622, B=B4634496AC39DFD2
#               FC=11 LF=11 SF=00 AS='0' EW='0'
#       Y Expected=0000000000000001, Actual=0000000000000001
#       Flags Expected (Z,AB,ABu)='0''0''1'
#       Flags Actual   (Z,AB,ABu)='0''1''1'
# 
#    Time: 1415 ns  Iteration: 0  Instance: /execunittb
# ** Note: PASS: Test Case 189
#    Time: 1420 ns  Iteration: 0  Instance: /execunittb
# ** Note: PASS: Test Case 190
#    Time: 1425 ns  Iteration: 0  Instance: /execunittb
# ** Note: PASS: Test Case 191
#    Time: 1430 ns  Iteration: 0  Instance: /execunittb
# ** Note: PASS: Test Case 192
#    Time: 1435 ns  Iteration: 0  Instance: /execunittb
# ** Note: PASS: Test Case 193
#    Time: 1440 ns  Iteration: 0  Instance: /execunittb
# ** Note: PASS: Test Case 194
#    Time: 1445 ns  Iteration: 0  Instance: /execunittb
# ** Note: PASS: Test Case 195
#    Time: 1450 ns  Iteration: 0  Instance: /execunittb
# ** Warning: FAIL: Test Case 196
#       Inputs: A=AF3B7E028CCB2DFA, B=8E2D8A67F5C4EFA1
#               FC=10 LF=11 SF=11 AS='0' EW='1'
#       Y Expected=0000000000000000, Actual=0000000000000001
#       Flags Expected (Z,AB,ABu)='0''0''0'
#       Flags Actual   (Z,AB,ABu)='0''1''0'
# 
#    Time: 1455 ns  Iteration: 0  Instance: /execunittb
# ** Warning: FAIL: Test Case 197
#       Inputs: A=C5E6A620AA498E13, B=BC3690DE99E6C1D8
#               FC=10 LF=01 SF=11 AS='0' EW='0'
#       Y Expected=0000000000000000, Actual=0000000000000001
#       Flags Expected (Z,AB,ABu)='0''0''0'
#       Flags Actual   (Z,AB,ABu)='0''1''0'
# 
#    Time: 1605 ns  Iteration: 0  Instance: /execunittb
# ** Note: PASS: Test Case 198
#    Time: 1610 ns  Iteration: 0  Instance: /execunittb
# ** Note: PASS: Test Case 199
#    Time: 1615 ns  Iteration: 0  Instance: /execunittb
# ** Note: PASS: Test Case 200
#    Time: 1620 ns  Iteration: 0  Instance: /execunittb
# ** Note: PASS: Test Case 201
#    Time: 1625 ns  Iteration: 0  Instance: /execunittb
# ** Note: PASS: Test Case 202
#    Time: 1630 ns  Iteration: 0  Instance: /execunittb
# ** Note: PASS: Test Case 203
#    Time: 1635 ns  Iteration: 0  Instance: /execunittb
# ** Warning: FAIL: Test Case 204
#       Inputs: A=0F061F3C8F27E092, B=C5493267910A5CEF
#               FC=01 LF=00 SF=11 AS='0' EW='0'
#       Y Expected=C5493267910A5CEF, Actual=C5493267910A5CEF
#       Flags Expected (Z,AB,ABu)='0''0''1'
#       Flags Actual   (Z,AB,ABu)='0''1''1'
# 
#    Time: 1640 ns  Iteration: 0  Instance: /execunittb
# ** Note: PASS: Test Case 205
#    Time: 1645 ns  Iteration: 0  Instance: /execunittb
# ** Note: PASS: Test Case 206
#    Time: 1650 ns  Iteration: 0  Instance: /execunittb
# ** Note: =====================================================
# >>>>>>>>>>>>>>>> Simulation Complete <<<<<<<<<<<<<<<<
# =====================================================
# Test cases passed: 84
# Test cases failed : 39
# 
#    Time: 1650 ns  Iteration: 0  Instance: /execunittb
# transcript off
# 0 ps
# 1732500 ps
