# End time: 05:14:07 on Dec 02,2025, Elapsed time: 0:09:00
# Errors: 0, Warnings: 14
# Model Technology ModelSim - Intel FPGA Edition vmap 2020.1 Lib Mapping Utility 2020.02 Feb 28 2020
# vmap work work 
# Modifying C:/Users/taylo/OneDrive/Desktop/ENSC350/FP/Simulation/FP.mpf
# vsim -quiet work.Config_SepMux2_KS -GTIMING_MEASUREMENT=false 
# Start time: 05:14:11 on Dec 02,2025
# ** Warning: (vsim-WLF-5000) WLF file currently in use: vsim.wlf
#           File in use by: pius  Hostname: DESKTOP-1Q2BHL9  ProcessID: 1992
#           Attempting to use alternate WLF file "./wlfthx84yq".
# ** Warning: (vsim-WLF-5001) Could not open WLF file: vsim.wlf
#           Using alternate file: ./wlfthx84yq
# ** Note: (vsim-12125) Error and warning message counts have been reset to '0' because of 'restart'.
# run -all
# ** Note: =====================================================
# >>>>>>>>>>>>>>>> Starting Simulation <<<<<<<<<<<<<<<<
# =====================================================
# 
#    Time: 0 ps  Iteration: 0  Instance: /execunittb
# ** Warning: NUMERIC_STD."=": metavalue detected, returning FALSE
#    Time: 0 ps  Iteration: 0  Instance: /execunittb/DUT
# ** Warning: NUMERIC_STD."=": metavalue detected, returning FALSE
#    Time: 40 ns  Iteration: 4  Instance: /execunittb/DUT
# ** Warning: NUMERIC_STD."=": metavalue detected, returning FALSE
#    Time: 40 ns  Iteration: 11  Instance: /execunittb/DUT
# ** Note: PASS: Test Case 1
#    Time: 45 ns  Iteration: 0  Instance: /execunittb
# ** Note: PASS: Test Case 2
#    Time: 50 ns  Iteration: 0  Instance: /execunittb
# ** Note: PASS: Test Case 3
#    Time: 55 ns  Iteration: 0  Instance: /execunittb
# ** Note: PASS: Test Case 4
#    Time: 60 ns  Iteration: 0  Instance: /execunittb
# ** Note: PASS: Test Case 5
#    Time: 65 ns  Iteration: 0  Instance: /execunittb
# ** Note: PASS: Test Case 6
#    Time: 70 ns  Iteration: 0  Instance: /execunittb
# ** Note: PASS: Test Case 7
#    Time: 75 ns  Iteration: 0  Instance: /execunittb
# ** Note: PASS: Test Case 8
#    Time: 80 ns  Iteration: 0  Instance: /execunittb
# ** Note: PASS: Test Case 9
#    Time: 85 ns  Iteration: 0  Instance: /execunittb
# ** Note: PASS: Test Case 10
#    Time: 90 ns  Iteration: 0  Instance: /execunittb
# ** Note: PASS: Test Case 11
#    Time: 95 ns  Iteration: 0  Instance: /execunittb
# ** Note: PASS: Test Case 12
#    Time: 100 ns  Iteration: 0  Instance: /execunittb
# ** Note: PASS: Test Case 13
#    Time: 105 ns  Iteration: 0  Instance: /execunittb
# ** Note: PASS: Test Case 14
#    Time: 110 ns  Iteration: 0  Instance: /execunittb
# ** Note: PASS: Test Case 15
#    Time: 115 ns  Iteration: 0  Instance: /execunittb
# ** Note: PASS: Test Case 16
#    Time: 120 ns  Iteration: 0  Instance: /execunittb
# ** Note: PASS: Test Case 17
#    Time: 125 ns  Iteration: 0  Instance: /execunittb
# ** Note: PASS: Test Case 18
#    Time: 130 ns  Iteration: 0  Instance: /execunittb
# ** Note: PASS: Test Case 19
#    Time: 135 ns  Iteration: 0  Instance: /execunittb
# ** Note: PASS: Test Case 20
#    Time: 140 ns  Iteration: 0  Instance: /execunittb
# ** Note: PASS: Test Case 21
#    Time: 145 ns  Iteration: 0  Instance: /execunittb
# ** Note: PASS: Test Case 22
#    Time: 150 ns  Iteration: 0  Instance: /execunittb
# ** Note: PASS: Test Case 23
#    Time: 155 ns  Iteration: 0  Instance: /execunittb
# ** Note: PASS: Test Case 24
#    Time: 160 ns  Iteration: 0  Instance: /execunittb
# ** Note: PASS: Test Case 25
#    Time: 165 ns  Iteration: 0  Instance: /execunittb
# ** Note: PASS: Test Case 26
#    Time: 170 ns  Iteration: 0  Instance: /execunittb
# ** Note: PASS: Test Case 27
#    Time: 175 ns  Iteration: 0  Instance: /execunittb
# ** Note: PASS: Test Case 28
#    Time: 180 ns  Iteration: 0  Instance: /execunittb
# ** Note: PASS: Test Case 29
#    Time: 185 ns  Iteration: 0  Instance: /execunittb
# ** Note: PASS: Test Case 30
#    Time: 190 ns  Iteration: 0  Instance: /execunittb
# ** Note: PASS: Test Case 31
#    Time: 195 ns  Iteration: 0  Instance: /execunittb
# ** Note: PASS: Test Case 32
#    Time: 200 ns  Iteration: 0  Instance: /execunittb
# ** Note: PASS: Test Case 33
#    Time: 205 ns  Iteration: 0  Instance: /execunittb
# ** Note: PASS: Test Case 34
#    Time: 210 ns  Iteration: 0  Instance: /execunittb
# ** Note: PASS: Test Case 35
#    Time: 215 ns  Iteration: 0  Instance: /execunittb
# ** Note: PASS: Test Case 36
#    Time: 220 ns  Iteration: 0  Instance: /execunittb
# ** Note: PASS: Test Case 37
#    Time: 225 ns  Iteration: 0  Instance: /execunittb
# ** Note: PASS: Test Case 38
#    Time: 230 ns  Iteration: 0  Instance: /execunittb
# ** Note: PASS: Test Case 39
#    Time: 235 ns  Iteration: 0  Instance: /execunittb
# ** Note: PASS: Test Case 40
#    Time: 240 ns  Iteration: 0  Instance: /execunittb
# ** Note: PASS: Test Case 41
#    Time: 245 ns  Iteration: 0  Instance: /execunittb
# ** Note: PASS: Test Case 42
#    Time: 250 ns  Iteration: 0  Instance: /execunittb
# ** Note: PASS: Test Case 43
#    Time: 255 ns  Iteration: 0  Instance: /execunittb
# ** Note: PASS: Test Case 44
#    Time: 260 ns  Iteration: 0  Instance: /execunittb
# ** Note: PASS: Test Case 45
#    Time: 265 ns  Iteration: 0  Instance: /execunittb
# ** Note: PASS: Test Case 46
#    Time: 270 ns  Iteration: 0  Instance: /execunittb
# ** Note: PASS: Test Case 47
#    Time: 275 ns  Iteration: 0  Instance: /execunittb
# ** Note: PASS: Test Case 48
#    Time: 280 ns  Iteration: 0  Instance: /execunittb
# ** Note: PASS: Test Case 49
#    Time: 285 ns  Iteration: 0  Instance: /execunittb
# ** Note: PASS: Test Case 50
#    Time: 290 ns  Iteration: 0  Instance: /execunittb
# ** Note: PASS: Test Case 51
#    Time: 295 ns  Iteration: 0  Instance: /execunittb
# ** Note: PASS: Test Case 52
#    Time: 300 ns  Iteration: 0  Instance: /execunittb
# ** Note: PASS: Test Case 53
#    Time: 305 ns  Iteration: 0  Instance: /execunittb
# ** Note: PASS: Test Case 54
#    Time: 310 ns  Iteration: 0  Instance: /execunittb
# ** Note: PASS: Test Case 55
#    Time: 315 ns  Iteration: 0  Instance: /execunittb
# ** Note: PASS: Test Case 56
#    Time: 320 ns  Iteration: 0  Instance: /execunittb
# ** Note: PASS: Test Case 57
#    Time: 325 ns  Iteration: 0  Instance: /execunittb
# ** Note: PASS: Test Case 58
#    Time: 330 ns  Iteration: 0  Instance: /execunittb
# ** Note: PASS: Test Case 59
#    Time: 335 ns  Iteration: 0  Instance: /execunittb
# ** Note: PASS: Test Case 60
#    Time: 340 ns  Iteration: 0  Instance: /execunittb
# ** Note: PASS: Test Case 61
#    Time: 345 ns  Iteration: 0  Instance: /execunittb
# ** Note: PASS: Test Case 62
#    Time: 350 ns  Iteration: 0  Instance: /execunittb
# ** Note: PASS: Test Case 63
#    Time: 355 ns  Iteration: 0  Instance: /execunittb
# ** Note: PASS: Test Case 64
#    Time: 360 ns  Iteration: 0  Instance: /execunittb
# ** Note: PASS: Test Case 65
#    Time: 365 ns  Iteration: 0  Instance: /execunittb
# ** Note: PASS: Test Case 66
#    Time: 370 ns  Iteration: 0  Instance: /execunittb
# ** Note: PASS: Test Case 67
#    Time: 375 ns  Iteration: 0  Instance: /execunittb
# ** Note: PASS: Test Case 68
#    Time: 380 ns  Iteration: 0  Instance: /execunittb
# ** Note: PASS: Test Case 69
#    Time: 385 ns  Iteration: 0  Instance: /execunittb
# ** Note: PASS: Test Case 70
#    Time: 390 ns  Iteration: 0  Instance: /execunittb
# ** Note: PASS: Test Case 71
#    Time: 395 ns  Iteration: 0  Instance: /execunittb
# ** Note: PASS: Test Case 72
#    Time: 400 ns  Iteration: 0  Instance: /execunittb
# ** Note: PASS: Test Case 73
#    Time: 405 ns  Iteration: 0  Instance: /execunittb
# ** Note: PASS: Test Case 74
#    Time: 410 ns  Iteration: 0  Instance: /execunittb
# ** Note: PASS: Test Case 75
#    Time: 415 ns  Iteration: 0  Instance: /execunittb
# ** Note: PASS: Test Case 76
#    Time: 420 ns  Iteration: 0  Instance: /execunittb
# ** Note: PASS: Test Case 77
#    Time: 425 ns  Iteration: 0  Instance: /execunittb
# ** Note: PASS: Test Case 78
#    Time: 430 ns  Iteration: 0  Instance: /execunittb
# ** Note: PASS: Test Case 79
#    Time: 435 ns  Iteration: 0  Instance: /execunittb
# ** Note: PASS: Test Case 80
#    Time: 440 ns  Iteration: 0  Instance: /execunittb
# ** Note: PASS: Test Case 81
#    Time: 445 ns  Iteration: 0  Instance: /execunittb
# ** Note: PASS: Test Case 82
#    Time: 450 ns  Iteration: 0  Instance: /execunittb
# ** Note: PASS: Test Case 83
#    Time: 455 ns  Iteration: 0  Instance: /execunittb
# ** Note: PASS: Test Case 84
#    Time: 460 ns  Iteration: 0  Instance: /execunittb
# ** Note: PASS: Test Case 85
#    Time: 465 ns  Iteration: 0  Instance: /execunittb
# ** Note: PASS: Test Case 86
#    Time: 470 ns  Iteration: 0  Instance: /execunittb
# ** Note: PASS: Test Case 87
#    Time: 475 ns  Iteration: 0  Instance: /execunittb
# ** Note: PASS: Test Case 88
#    Time: 480 ns  Iteration: 0  Instance: /execunittb
# ** Note: PASS: Test Case 89
#    Time: 485 ns  Iteration: 0  Instance: /execunittb
# ** Note: PASS: Test Case 90
#    Time: 490 ns  Iteration: 0  Instance: /execunittb
# ** Note: PASS: Test Case 91
#    Time: 495 ns  Iteration: 0  Instance: /execunittb
# ** Note: PASS: Test Case 92
#    Time: 500 ns  Iteration: 0  Instance: /execunittb
# ** Note: PASS: Test Case 93
#    Time: 505 ns  Iteration: 0  Instance: /execunittb
# ** Note: PASS: Test Case 94
#    Time: 510 ns  Iteration: 0  Instance: /execunittb
# ** Note: PASS: Test Case 95
#    Time: 515 ns  Iteration: 0  Instance: /execunittb
# ** Note: PASS: Test Case 96
#    Time: 520 ns  Iteration: 0  Instance: /execunittb
# ** Note: PASS: Test Case 97
#    Time: 525 ns  Iteration: 0  Instance: /execunittb
# ** Note: PASS: Test Case 98
#    Time: 530 ns  Iteration: 0  Instance: /execunittb
# ** Note: PASS: Test Case 99
#    Time: 535 ns  Iteration: 0  Instance: /execunittb
# ** Note: PASS: Test Case 100
#    Time: 540 ns  Iteration: 0  Instance: /execunittb
# ** Note: PASS: Test Case 101
#    Time: 545 ns  Iteration: 0  Instance: /execunittb
# ** Note: PASS: Test Case 102
#    Time: 550 ns  Iteration: 0  Instance: /execunittb
# ** Note: PASS: Test Case 103
#    Time: 555 ns  Iteration: 0  Instance: /execunittb
# ** Note: PASS: Test Case 104
#    Time: 560 ns  Iteration: 0  Instance: /execunittb
# ** Note: PASS: Test Case 105
#    Time: 565 ns  Iteration: 0  Instance: /execunittb
# ** Note: PASS: Test Case 106
#    Time: 570 ns  Iteration: 0  Instance: /execunittb
# ** Note: PASS: Test Case 107
#    Time: 575 ns  Iteration: 0  Instance: /execunittb
# ** Note: PASS: Test Case 108
#    Time: 580 ns  Iteration: 0  Instance: /execunittb
# ** Note: PASS: Test Case 109
#    Time: 585 ns  Iteration: 0  Instance: /execunittb
# ** Note: PASS: Test Case 110
#    Time: 590 ns  Iteration: 0  Instance: /execunittb
# ** Note: PASS: Test Case 111
#    Time: 595 ns  Iteration: 0  Instance: /execunittb
# ** Note: PASS: Test Case 112
#    Time: 600 ns  Iteration: 0  Instance: /execunittb
# ** Note: PASS: Test Case 113
#    Time: 605 ns  Iteration: 0  Instance: /execunittb
# ** Note: PASS: Test Case 114
#    Time: 610 ns  Iteration: 0  Instance: /execunittb
# ** Note: PASS: Test Case 115
#    Time: 615 ns  Iteration: 0  Instance: /execunittb
# ** Note: PASS: Test Case 116
#    Time: 620 ns  Iteration: 0  Instance: /execunittb
# ** Note: PASS: Test Case 117
#    Time: 625 ns  Iteration: 0  Instance: /execunittb
# ** Note: PASS: Test Case 118
#    Time: 630 ns  Iteration: 0  Instance: /execunittb
# ** Note: PASS: Test Case 119
#    Time: 635 ns  Iteration: 0  Instance: /execunittb
# ** Note: PASS: Test Case 120
#    Time: 640 ns  Iteration: 0  Instance: /execunittb
# ** Note: PASS: Test Case 121
#    Time: 645 ns  Iteration: 0  Instance: /execunittb
# ** Note: PASS: Test Case 122
#    Time: 650 ns  Iteration: 0  Instance: /execunittb
# ** Note: PASS: Test Case 123
#    Time: 655 ns  Iteration: 0  Instance: /execunittb
# ** Note: PASS: Test Case 124
#    Time: 660 ns  Iteration: 0  Instance: /execunittb
# ** Note: PASS: Test Case 125
#    Time: 665 ns  Iteration: 0  Instance: /execunittb
# ** Note: PASS: Test Case 126
#    Time: 670 ns  Iteration: 0  Instance: /execunittb
# ** Note: PASS: Test Case 127
#    Time: 675 ns  Iteration: 0  Instance: /execunittb
# ** Note: PASS: Test Case 128
#    Time: 680 ns  Iteration: 0  Instance: /execunittb
# ** Note: PASS: Test Case 129
#    Time: 685 ns  Iteration: 0  Instance: /execunittb
# ** Note: PASS: Test Case 130
#    Time: 690 ns  Iteration: 0  Instance: /execunittb
# ** Note: PASS: Test Case 131
#    Time: 695 ns  Iteration: 0  Instance: /execunittb
# ** Note: PASS: Test Case 132
#    Time: 700 ns  Iteration: 0  Instance: /execunittb
# ** Note: PASS: Test Case 133
#    Time: 705 ns  Iteration: 0  Instance: /execunittb
# ** Note: PASS: Test Case 134
#    Time: 710 ns  Iteration: 0  Instance: /execunittb
# ** Note: PASS: Test Case 135
#    Time: 715 ns  Iteration: 0  Instance: /execunittb
# ** Note: PASS: Test Case 136
#    Time: 720 ns  Iteration: 0  Instance: /execunittb
# ** Note: PASS: Test Case 137
#    Time: 725 ns  Iteration: 0  Instance: /execunittb
# ** Note: PASS: Test Case 138
#    Time: 730 ns  Iteration: 0  Instance: /execunittb
# ** Note: PASS: Test Case 139
#    Time: 735 ns  Iteration: 0  Instance: /execunittb
# ** Note: PASS: Test Case 140
#    Time: 740 ns  Iteration: 0  Instance: /execunittb
# ** Note: PASS: Test Case 141
#    Time: 745 ns  Iteration: 0  Instance: /execunittb
# ** Note: PASS: Test Case 142
#    Time: 750 ns  Iteration: 0  Instance: /execunittb
# ** Note: PASS: Test Case 143
#    Time: 755 ns  Iteration: 0  Instance: /execunittb
# ** Note: PASS: Test Case 144
#    Time: 760 ns  Iteration: 0  Instance: /execunittb
# ** Note: PASS: Test Case 145
#    Time: 765 ns  Iteration: 0  Instance: /execunittb
# ** Note: PASS: Test Case 146
#    Time: 1065 ns  Iteration: 0  Instance: /execunittb
# ** Note: PASS: Test Case 147
#    Time: 1365 ns  Iteration: 0  Instance: /execunittb
# ** Note: PASS: Test Case 148
#    Time: 1370 ns  Iteration: 0  Instance: /execunittb
# ** Note: PASS: Test Case 149
#    Time: 1670 ns  Iteration: 0  Instance: /execunittb
# ** Note: PASS: Test Case 150
#    Time: 1675 ns  Iteration: 0  Instance: /execunittb
# ** Note: PASS: Test Case 151
#    Time: 1680 ns  Iteration: 0  Instance: /execunittb
# ** Note: PASS: Test Case 152
#    Time: 1685 ns  Iteration: 0  Instance: /execunittb
# ** Note: PASS: Test Case 153
#    Time: 1690 ns  Iteration: 0  Instance: /execunittb
# ** Note: PASS: Test Case 154
#    Time: 1695 ns  Iteration: 0  Instance: /execunittb
# ** Note: PASS: Test Case 155
#    Time: 1700 ns  Iteration: 0  Instance: /execunittb
# ** Note: PASS: Test Case 156
#    Time: 1705 ns  Iteration: 0  Instance: /execunittb
# ** Note: PASS: Test Case 157
#    Time: 1710 ns  Iteration: 0  Instance: /execunittb
# ** Note: PASS: Test Case 158
#    Time: 1715 ns  Iteration: 0  Instance: /execunittb
# ** Note: PASS: Test Case 159
#    Time: 1720 ns  Iteration: 0  Instance: /execunittb
# ** Note: PASS: Test Case 160
#    Time: 1725 ns  Iteration: 0  Instance: /execunittb
# ** Note: PASS: Test Case 161
#    Time: 1730 ns  Iteration: 0  Instance: /execunittb
# ** Note: PASS: Test Case 162
#    Time: 1735 ns  Iteration: 0  Instance: /execunittb
# ** Note: PASS: Test Case 163
#    Time: 1740 ns  Iteration: 0  Instance: /execunittb
# ** Note: PASS: Test Case 164
#    Time: 1745 ns  Iteration: 0  Instance: /execunittb
# ** Note: PASS: Test Case 165
#    Time: 1750 ns  Iteration: 0  Instance: /execunittb
# ** Note: PASS: Test Case 166
#    Time: 2050 ns  Iteration: 0  Instance: /execunittb
# ** Note: PASS: Test Case 167
#    Time: 2350 ns  Iteration: 0  Instance: /execunittb
# ** Note: PASS: Test Case 168
#    Time: 2355 ns  Iteration: 0  Instance: /execunittb
# ** Note: PASS: Test Case 169
#    Time: 2360 ns  Iteration: 0  Instance: /execunittb
# ** Note: PASS: Test Case 170
#    Time: 2365 ns  Iteration: 0  Instance: /execunittb
# ** Note: PASS: Test Case 171
#    Time: 2370 ns  Iteration: 0  Instance: /execunittb
# ** Note: PASS: Test Case 172
#    Time: 2375 ns  Iteration: 0  Instance: /execunittb
# ** Note: PASS: Test Case 173
#    Time: 2675 ns  Iteration: 0  Instance: /execunittb
# ** Note: PASS: Test Case 174
#    Time: 2680 ns  Iteration: 0  Instance: /execunittb
# ** Note: PASS: Test Case 175
#    Time: 2685 ns  Iteration: 0  Instance: /execunittb
# ** Note: PASS: Test Case 176
#    Time: 2690 ns  Iteration: 0  Instance: /execunittb
# ** Note: PASS: Test Case 177
#    Time: 2990 ns  Iteration: 0  Instance: /execunittb
# ** Note: PASS: Test Case 178
#    Time: 2995 ns  Iteration: 0  Instance: /execunittb
# ** Note: PASS: Test Case 179
#    Time: 3295 ns  Iteration: 0  Instance: /execunittb
# ** Note: PASS: Test Case 180
#    Time: 3595 ns  Iteration: 0  Instance: /execunittb
# ** Note: PASS: Test Case 181
#    Time: 3600 ns  Iteration: 0  Instance: /execunittb
# ** Note: PASS: Test Case 182
#    Time: 3605 ns  Iteration: 0  Instance: /execunittb
# ** Note: PASS: Test Case 183
#    Time: 3610 ns  Iteration: 0  Instance: /execunittb
# ** Note: PASS: Test Case 184
#    Time: 3615 ns  Iteration: 0  Instance: /execunittb
# ** Note: PASS: Test Case 185
#    Time: 3620 ns  Iteration: 0  Instance: /execunittb
# ** Note: PASS: Test Case 186
#    Time: 3920 ns  Iteration: 0  Instance: /execunittb
# ** Note: PASS: Test Case 187
#    Time: 3925 ns  Iteration: 0  Instance: /execunittb
# ** Note: PASS: Test Case 188
#    Time: 3930 ns  Iteration: 0  Instance: /execunittb
# ** Note: PASS: Test Case 189
#    Time: 3935 ns  Iteration: 0  Instance: /execunittb
# ** Note: PASS: Test Case 190
#    Time: 3940 ns  Iteration: 0  Instance: /execunittb
# ** Note: PASS: Test Case 191
#    Time: 3945 ns  Iteration: 0  Instance: /execunittb
# ** Note: PASS: Test Case 192
#    Time: 3950 ns  Iteration: 0  Instance: /execunittb
# ** Note: =====================================================
# >>>>>>>>>>>>>>>> Simulation Complete <<<<<<<<<<<<<<<<
# =====================================================
# Test cases passed: 192
# Test cases failed : 0
# 
#    Time: 3950 ns  Iteration: 0  Instance: /execunittb
# transcript off
# 0 ps
# 4147500 ps
