# End time: 16:50:30 on Dec 02,2025, Elapsed time: 0:01:32
# Errors: 4, Warnings: 1
# Model Technology ModelSim - Intel FPGA Edition vmap 2020.1 Lib Mapping Utility 2020.02 Feb 28 2020
# vmap work work 
# Modifying C:/ENSC350/FP/RISC-V-Execution-Unit/Simulation/FP.mpf
# vsim -quiet -t 100ps -gui -sdftyp "/ExecUnitTB/DUT=../Simulation/ModelSim/CombMux2_KS_Cyclone.sdo" work.Config_CombMux2_KS_Timing -GTIMING_MEASUREMENT=true 
# Start time: 16:50:32 on Dec 02,2025
# ** Warning: Design size of 174630 statements exceeds ModelSim-Intel FPGA Starter Edition recommended capacity.
# Expect performance to be adversely affected.
# ** Note: (vsim-3587) SDF Backannotation Successfully Completed.
#    Time: 0 ps  Iteration: 0  Instance: /execunittb File: ../Simulation/ExecUnitTB.vhd
# ** Warning: (vsim-WLF-5000) WLF file currently in use: vsim.wlf
#           File in use by: pius  Hostname: DESKTOP-1Q2BHL9  ProcessID: 1992
#           Attempting to use alternate WLF file "./wlftchqvx4".
# ** Warning: (vsim-WLF-5001) Could not open WLF file: vsim.wlf
#           Using alternate file: ./wlftchqvx4
# ** Note: (vsim-12125) Error and warning message counts have been reset to '0' because of 'restart'.
# ** Warning: Design size of 88246 statements exceeds ModelSim-Intel FPGA Starter Edition recommended capacity.
# Expect performance to be adversely affected.
# ** Note: (vsim-3587) SDF Backannotation Successfully Completed.
#    Time: 0 ps  Iteration: 0  Instance: /execunittb File: ../Simulation/ExecUnitTB.vhd
# run -all
# ** Note: =====================================================
# >>>>>>>>>>>>>>>> Starting Simulation <<<<<<<<<<<<<<<<
# =====================================================
# 
#    Time: 0 ps  Iteration: 0  Instance: /execunittb
# ** Note: PASS: Test Case 1
#    Time: 84200 ps  Iteration: 0  Instance: /execunittb
# ** Note: 
#       Y Propagation Delay: 24200 ps
#       Zero Propagation Delay: 16100 ps
#       AltB Propagation Delay: 16800 ps
#       AltBu Propagation Delay: 13000 ps
# 
#    Time: 84200 ps  Iteration: 0  Instance: /execunittb
# ** Note: PASS: Test Case 2
#    Time: 125300 ps  Iteration: 0  Instance: /execunittb
# ** Note: 
#       Y Propagation Delay: 21100 ps
#       Zero Propagation Delay: 0 ps
#       AltB Propagation Delay: 13200 ps
#       AltBu Propagation Delay: 0 ps
# 
#    Time: 125300 ps  Iteration: 0  Instance: /execunittb
# ** Note: PASS: Test Case 3
#    Time: 169500 ps  Iteration: 0  Instance: /execunittb
# ** Note: 
#       Y Propagation Delay: 24200 ps
#       Zero Propagation Delay: 0 ps
#       AltB Propagation Delay: 16400 ps
#       AltBu Propagation Delay: 12300 ps
# 
#    Time: 169500 ps  Iteration: 0  Instance: /execunittb
# ** Note: PASS: Test Case 4
#    Time: 211300 ps  Iteration: 0  Instance: /execunittb
# ** Note: 
#       Y Propagation Delay: 21800 ps
#       Zero Propagation Delay: 0 ps
#       AltB Propagation Delay: 16700 ps
#       AltBu Propagation Delay: 12600 ps
# 
#    Time: 211300 ps  Iteration: 0  Instance: /execunittb
# ** Note: PASS: Test Case 5
#    Time: 250900 ps  Iteration: 0  Instance: /execunittb
# ** Note: 
#       Y Propagation Delay: 19600 ps
#       Zero Propagation Delay: 0 ps
#       AltB Propagation Delay: 15800 ps
#       AltBu Propagation Delay: 12000 ps
# 
#    Time: 250900 ps  Iteration: 0  Instance: /execunittb
# ** Note: PASS: Test Case 6
#    Time: 295100 ps  Iteration: 0  Instance: /execunittb
# ** Note: 
#       Y Propagation Delay: 24200 ps
#       Zero Propagation Delay: 0 ps
#       AltB Propagation Delay: 15600 ps
#       AltBu Propagation Delay: 11800 ps
# 
#    Time: 295100 ps  Iteration: 0  Instance: /execunittb
# ** Note: PASS: Test Case 7
#    Time: 338500 ps  Iteration: 0  Instance: /execunittb
# ** Note: 
#       Y Propagation Delay: 23400 ps
#       Zero Propagation Delay: 0 ps
#       AltB Propagation Delay: 17300 ps
#       AltBu Propagation Delay: 13200 ps
# 
#    Time: 338500 ps  Iteration: 0  Instance: /execunittb
# ** Note: PASS: Test Case 8
#    Time: 382300 ps  Iteration: 0  Instance: /execunittb
# ** Note: 
#       Y Propagation Delay: 23800 ps
#       Zero Propagation Delay: 0 ps
#       AltB Propagation Delay: 14300 ps
#       AltBu Propagation Delay: 0 ps
# 
#    Time: 382300 ps  Iteration: 0  Instance: /execunittb
# ** Note: PASS: Test Case 9
#    Time: 424900 ps  Iteration: 0  Instance: /execunittb
# ** Note: 
#       Y Propagation Delay: 22600 ps
#       Zero Propagation Delay: 0 ps
#       AltB Propagation Delay: 13200 ps
#       AltBu Propagation Delay: 0 ps
# 
#    Time: 424900 ps  Iteration: 0  Instance: /execunittb
# ** Note: PASS: Test Case 10
#    Time: 468300 ps  Iteration: 0  Instance: /execunittb
# ** Note: 
#       Y Propagation Delay: 23400 ps
#       Zero Propagation Delay: 0 ps
#       AltB Propagation Delay: 13900 ps
#       AltBu Propagation Delay: 11700 ps
# 
#    Time: 468300 ps  Iteration: 0  Instance: /execunittb
# ** Note: PASS: Test Case 11
#    Time: 513 ns  Iteration: 0  Instance: /execunittb
# ** Note: 
#       Y Propagation Delay: 24700 ps
#       Zero Propagation Delay: 0 ps
#       AltB Propagation Delay: 16800 ps
#       AltBu Propagation Delay: 12700 ps
# 
#    Time: 513 ns  Iteration: 0  Instance: /execunittb
# ** Note: PASS: Test Case 12
#    Time: 557200 ps  Iteration: 0  Instance: /execunittb
# ** Note: 
#       Y Propagation Delay: 24200 ps
#       Zero Propagation Delay: 0 ps
#       AltB Propagation Delay: 15500 ps
#       AltBu Propagation Delay: 11700 ps
# 
#    Time: 557200 ps  Iteration: 0  Instance: /execunittb
# ** Note: PASS: Test Case 13
#    Time: 600300 ps  Iteration: 0  Instance: /execunittb
# ** Note: 
#       Y Propagation Delay: 23100 ps
#       Zero Propagation Delay: 0 ps
#       AltB Propagation Delay: 15500 ps
#       AltBu Propagation Delay: 11400 ps
# 
#    Time: 600300 ps  Iteration: 0  Instance: /execunittb
# ** Note: PASS: Test Case 14
#    Time: 642600 ps  Iteration: 0  Instance: /execunittb
# ** Note: 
#       Y Propagation Delay: 22300 ps
#       Zero Propagation Delay: 0 ps
#       AltB Propagation Delay: 15100 ps
#       AltBu Propagation Delay: 11300 ps
# 
#    Time: 642600 ps  Iteration: 0  Instance: /execunittb
# ** Note: PASS: Test Case 15
#    Time: 686300 ps  Iteration: 0  Instance: /execunittb
# ** Note: 
#       Y Propagation Delay: 23700 ps
#       Zero Propagation Delay: 0 ps
#       AltB Propagation Delay: 16300 ps
#       AltBu Propagation Delay: 12500 ps
# 
#    Time: 686300 ps  Iteration: 0  Instance: /execunittb
# ** Note: PASS: Test Case 16
#    Time: 728700 ps  Iteration: 0  Instance: /execunittb
# ** Note: 
#       Y Propagation Delay: 22400 ps
#       Zero Propagation Delay: 0 ps
#       AltB Propagation Delay: 13900 ps
#       AltBu Propagation Delay: 11800 ps
# 
#    Time: 728700 ps  Iteration: 0  Instance: /execunittb
# ** Note: PASS: Test Case 17
#    Time: 772900 ps  Iteration: 0  Instance: /execunittb
# ** Note: 
#       Y Propagation Delay: 24200 ps
#       Zero Propagation Delay: 0 ps
#       AltB Propagation Delay: 14300 ps
#       AltBu Propagation Delay: 12200 ps
# 
#    Time: 772900 ps  Iteration: 0  Instance: /execunittb
# ** Note: PASS: Test Case 18
#    Time: 816300 ps  Iteration: 0  Instance: /execunittb
# ** Note: 
#       Y Propagation Delay: 23400 ps
#       Zero Propagation Delay: 0 ps
#       AltB Propagation Delay: 15500 ps
#       AltBu Propagation Delay: 11400 ps
# 
#    Time: 816300 ps  Iteration: 0  Instance: /execunittb
# ** Note: PASS: Test Case 19
#    Time: 858300 ps  Iteration: 0  Instance: /execunittb
# ** Note: 
#       Y Propagation Delay: 22000 ps
#       Zero Propagation Delay: 0 ps
#       AltB Propagation Delay: 16000 ps
#       AltBu Propagation Delay: 12200 ps
# 
#    Time: 858300 ps  Iteration: 0  Instance: /execunittb
# ** Note: PASS: Test Case 20
#    Time: 900900 ps  Iteration: 0  Instance: /execunittb
# ** Note: 
#       Y Propagation Delay: 22600 ps
#       Zero Propagation Delay: 0 ps
#       AltB Propagation Delay: 16300 ps
#       AltBu Propagation Delay: 12500 ps
# 
#    Time: 900900 ps  Iteration: 0  Instance: /execunittb
# ** Note: PASS: Test Case 21
#    Time: 942600 ps  Iteration: 0  Instance: /execunittb
# ** Note: 
#       Y Propagation Delay: 21700 ps
#       Zero Propagation Delay: 0 ps
#       AltB Propagation Delay: 15200 ps
#       AltBu Propagation Delay: 12500 ps
# 
#    Time: 942600 ps  Iteration: 0  Instance: /execunittb
# ** Note: PASS: Test Case 22
#    Time: 986 ns  Iteration: 0  Instance: /execunittb
# ** Note: 
#       Y Propagation Delay: 23400 ps
#       Zero Propagation Delay: 0 ps
#       AltB Propagation Delay: 18500 ps
#       AltBu Propagation Delay: 14400 ps
# 
#    Time: 986 ns  Iteration: 0  Instance: /execunittb
# ** Note: PASS: Test Case 23
#    Time: 1027 ns  Iteration: 0  Instance: /execunittb
# ** Note: 
#       Y Propagation Delay: 21000 ps
#       Zero Propagation Delay: 0 ps
#       AltB Propagation Delay: 15500 ps
#       AltBu Propagation Delay: 11400 ps
# 
#    Time: 1027 ns  Iteration: 0  Instance: /execunittb
# ** Note: PASS: Test Case 24
#    Time: 1069700 ps  Iteration: 0  Instance: /execunittb
# ** Note: 
#       Y Propagation Delay: 22700 ps
#       Zero Propagation Delay: 0 ps
#       AltB Propagation Delay: 17200 ps
#       AltBu Propagation Delay: 13400 ps
# 
#    Time: 1069700 ps  Iteration: 0  Instance: /execunittb
# ** Note: PASS: Test Case 25
#    Time: 1111700 ps  Iteration: 0  Instance: /execunittb
# ** Note: 
#       Y Propagation Delay: 22000 ps
#       Zero Propagation Delay: 0 ps
#       AltB Propagation Delay: 16300 ps
#       AltBu Propagation Delay: 12500 ps
# 
#    Time: 1111700 ps  Iteration: 0  Instance: /execunittb
# ** Note: PASS: Test Case 26
#    Time: 1155600 ps  Iteration: 0  Instance: /execunittb
# ** Note: 
#       Y Propagation Delay: 23900 ps
#       Zero Propagation Delay: 0 ps
#       AltB Propagation Delay: 13900 ps
#       AltBu Propagation Delay: 0 ps
# 
#    Time: 1155600 ps  Iteration: 0  Instance: /execunittb
# ** Note: PASS: Test Case 27
#    Time: 1197700 ps  Iteration: 0  Instance: /execunittb
# ** Note: 
#       Y Propagation Delay: 22100 ps
#       Zero Propagation Delay: 0 ps
#       AltB Propagation Delay: 0 ps
#       AltBu Propagation Delay: 0 ps
# 
#    Time: 1197700 ps  Iteration: 0  Instance: /execunittb
# ** Note: PASS: Test Case 28
#    Time: 1239800 ps  Iteration: 0  Instance: /execunittb
# ** Note: 
#       Y Propagation Delay: 22100 ps
#       Zero Propagation Delay: 0 ps
#       AltB Propagation Delay: 13700 ps
#       AltBu Propagation Delay: 0 ps
# 
#    Time: 1239800 ps  Iteration: 0  Instance: /execunittb
# ** Note: PASS: Test Case 29
#    Time: 1283800 ps  Iteration: 0  Instance: /execunittb
# ** Note: 
#       Y Propagation Delay: 24000 ps
#       Zero Propagation Delay: 0 ps
#       AltB Propagation Delay: 17200 ps
#       AltBu Propagation Delay: 13400 ps
# 
#    Time: 1283800 ps  Iteration: 0  Instance: /execunittb
# ** Note: PASS: Test Case 30
#    Time: 1327600 ps  Iteration: 0  Instance: /execunittb
# ** Note: 
#       Y Propagation Delay: 23800 ps
#       Zero Propagation Delay: 0 ps
#       AltB Propagation Delay: 15900 ps
#       AltBu Propagation Delay: 12700 ps
# 
#    Time: 1327600 ps  Iteration: 0  Instance: /execunittb
# ** Note: PASS: Test Case 31
#    Time: 1371 ns  Iteration: 0  Instance: /execunittb
# ** Note: 
#       Y Propagation Delay: 23400 ps
#       Zero Propagation Delay: 0 ps
#       AltB Propagation Delay: 16200 ps
#       AltBu Propagation Delay: 12100 ps
# 
#    Time: 1371 ns  Iteration: 0  Instance: /execunittb
# ** Note: PASS: Test Case 32
#    Time: 1412100 ps  Iteration: 0  Instance: /execunittb
# ** Note: 
#       Y Propagation Delay: 21100 ps
#       Zero Propagation Delay: 0 ps
#       AltB Propagation Delay: 17000 ps
#       AltBu Propagation Delay: 13200 ps
# 
#    Time: 1412100 ps  Iteration: 0  Instance: /execunittb
# ** Note: PASS: Test Case 33
#    Time: 1455 ns  Iteration: 0  Instance: /execunittb
# ** Note: 
#       Y Propagation Delay: 22900 ps
#       Zero Propagation Delay: 0 ps
#       AltB Propagation Delay: 16800 ps
#       AltBu Propagation Delay: 12700 ps
# 
#    Time: 1455 ns  Iteration: 0  Instance: /execunittb
# ** Note: PASS: Test Case 34
#    Time: 1497300 ps  Iteration: 0  Instance: /execunittb
# ** Note: 
#       Y Propagation Delay: 22300 ps
#       Zero Propagation Delay: 0 ps
#       AltB Propagation Delay: 15800 ps
#       AltBu Propagation Delay: 11700 ps
# 
#    Time: 1497300 ps  Iteration: 0  Instance: /execunittb
# ** Note: PASS: Test Case 35
#    Time: 1538300 ps  Iteration: 0  Instance: /execunittb
# ** Note: 
#       Y Propagation Delay: 21000 ps
#       Zero Propagation Delay: 0 ps
#       AltB Propagation Delay: 15800 ps
#       AltBu Propagation Delay: 12000 ps
# 
#    Time: 1538300 ps  Iteration: 0  Instance: /execunittb
# ** Note: PASS: Test Case 36
#    Time: 1582500 ps  Iteration: 0  Instance: /execunittb
# ** Note: 
#       Y Propagation Delay: 24200 ps
#       Zero Propagation Delay: 0 ps
#       AltB Propagation Delay: 16300 ps
#       AltBu Propagation Delay: 12200 ps
# 
#    Time: 1582500 ps  Iteration: 0  Instance: /execunittb
# ** Note: PASS: Test Case 37
#    Time: 1625900 ps  Iteration: 0  Instance: /execunittb
# ** Note: 
#       Y Propagation Delay: 23400 ps
#       Zero Propagation Delay: 0 ps
#       AltB Propagation Delay: 17200 ps
#       AltBu Propagation Delay: 13400 ps
# 
#    Time: 1625900 ps  Iteration: 0  Instance: /execunittb
# ** Note: PASS: Test Case 38
#    Time: 1665300 ps  Iteration: 0  Instance: /execunittb
# ** Note: 
#       Y Propagation Delay: 19400 ps
#       Zero Propagation Delay: 0 ps
#       AltB Propagation Delay: 0 ps
#       AltBu Propagation Delay: 0 ps
# 
#    Time: 1665300 ps  Iteration: 0  Instance: /execunittb
# ** Note: PASS: Test Case 39
#    Time: 1709200 ps  Iteration: 0  Instance: /execunittb
# ** Note: 
#       Y Propagation Delay: 23900 ps
#       Zero Propagation Delay: 0 ps
#       AltB Propagation Delay: 16300 ps
#       AltBu Propagation Delay: 12200 ps
# 
#    Time: 1709200 ps  Iteration: 0  Instance: /execunittb
# ** Note: PASS: Test Case 40
#    Time: 1748600 ps  Iteration: 0  Instance: /execunittb
# ** Note: 
#       Y Propagation Delay: 19400 ps
#       Zero Propagation Delay: 0 ps
#       AltB Propagation Delay: 15900 ps
#       AltBu Propagation Delay: 12100 ps
# 
#    Time: 1748600 ps  Iteration: 0  Instance: /execunittb
# ** Note: PASS: Test Case 41
#    Time: 1789 ns  Iteration: 0  Instance: /execunittb
# ** Note: 
#       Y Propagation Delay: 20400 ps
#       Zero Propagation Delay: 0 ps
#       AltB Propagation Delay: 15900 ps
#       AltBu Propagation Delay: 11800 ps
# 
#    Time: 1789 ns  Iteration: 0  Instance: /execunittb
# ** Note: PASS: Test Case 42
#    Time: 1829500 ps  Iteration: 0  Instance: /execunittb
# ** Note: 
#       Y Propagation Delay: 20500 ps
#       Zero Propagation Delay: 0 ps
#       AltB Propagation Delay: 16700 ps
#       AltBu Propagation Delay: 12600 ps
# 
#    Time: 1829500 ps  Iteration: 0  Instance: /execunittb
# ** Note: PASS: Test Case 43
#    Time: 1873900 ps  Iteration: 0  Instance: /execunittb
# ** Note: 
#       Y Propagation Delay: 24400 ps
#       Zero Propagation Delay: 0 ps
#       AltB Propagation Delay: 15800 ps
#       AltBu Propagation Delay: 11700 ps
# 
#    Time: 1873900 ps  Iteration: 0  Instance: /execunittb
# ** Note: PASS: Test Case 44
#    Time: 1915300 ps  Iteration: 0  Instance: /execunittb
# ** Note: 
#       Y Propagation Delay: 21400 ps
#       Zero Propagation Delay: 0 ps
#       AltB Propagation Delay: 16000 ps
#       AltBu Propagation Delay: 12200 ps
# 
#    Time: 1915300 ps  Iteration: 0  Instance: /execunittb
# ** Note: PASS: Test Case 45
#    Time: 1957900 ps  Iteration: 0  Instance: /execunittb
# ** Note: 
#       Y Propagation Delay: 22600 ps
#       Zero Propagation Delay: 0 ps
#       AltB Propagation Delay: 13300 ps
#       AltBu Propagation Delay: 0 ps
# 
#    Time: 1957900 ps  Iteration: 0  Instance: /execunittb
# ** Note: PASS: Test Case 46
#    Time: 1998500 ps  Iteration: 0  Instance: /execunittb
# ** Note: 
#       Y Propagation Delay: 20600 ps
#       Zero Propagation Delay: 0 ps
#       AltB Propagation Delay: 15500 ps
#       AltBu Propagation Delay: 11700 ps
# 
#    Time: 1998500 ps  Iteration: 0  Instance: /execunittb
# ** Note: PASS: Test Case 47
#    Time: 2039800 ps  Iteration: 0  Instance: /execunittb
# ** Note: 
#       Y Propagation Delay: 21300 ps
#       Zero Propagation Delay: 0 ps
#       AltB Propagation Delay: 17700 ps
#       AltBu Propagation Delay: 13600 ps
# 
#    Time: 2039800 ps  Iteration: 0  Instance: /execunittb
# ** Note: PASS: Test Case 48
#    Time: 2083300 ps  Iteration: 0  Instance: /execunittb
# ** Note: 
#       Y Propagation Delay: 23500 ps
#       Zero Propagation Delay: 0 ps
#       AltB Propagation Delay: 15600 ps
#       AltBu Propagation Delay: 11800 ps
# 
#    Time: 2083300 ps  Iteration: 0  Instance: /execunittb
# ** Note: PASS: Test Case 49
#    Time: 2127300 ps  Iteration: 0  Instance: /execunittb
# ** Note: 
#       Y Propagation Delay: 24000 ps
#       Zero Propagation Delay: 0 ps
#       AltB Propagation Delay: 16000 ps
#       AltBu Propagation Delay: 12200 ps
# 
#    Time: 2127300 ps  Iteration: 0  Instance: /execunittb
# ** Note: PASS: Test Case 50
#    Time: 2169 ns  Iteration: 0  Instance: /execunittb
# ** Note: 
#       Y Propagation Delay: 21700 ps
#       Zero Propagation Delay: 0 ps
#       AltB Propagation Delay: 15600 ps
#       AltBu Propagation Delay: 11800 ps
# 
#    Time: 2169 ns  Iteration: 0  Instance: /execunittb
# ** Note: PASS: Test Case 51
#    Time: 2211600 ps  Iteration: 0  Instance: /execunittb
# ** Note: 
#       Y Propagation Delay: 22600 ps
#       Zero Propagation Delay: 0 ps
#       AltB Propagation Delay: 13200 ps
#       AltBu Propagation Delay: 0 ps
# 
#    Time: 2211600 ps  Iteration: 0  Instance: /execunittb
# ** Note: PASS: Test Case 52
#    Time: 2254800 ps  Iteration: 0  Instance: /execunittb
# ** Note: 
#       Y Propagation Delay: 23200 ps
#       Zero Propagation Delay: 0 ps
#       AltB Propagation Delay: 16700 ps
#       AltBu Propagation Delay: 12900 ps
# 
#    Time: 2254800 ps  Iteration: 0  Instance: /execunittb
# ** Note: PASS: Test Case 53
#    Time: 2297900 ps  Iteration: 0  Instance: /execunittb
# ** Note: 
#       Y Propagation Delay: 23100 ps
#       Zero Propagation Delay: 0 ps
#       AltB Propagation Delay: 15500 ps
#       AltBu Propagation Delay: 11700 ps
# 
#    Time: 2297900 ps  Iteration: 0  Instance: /execunittb
# ** Note: PASS: Test Case 54
#    Time: 2340500 ps  Iteration: 0  Instance: /execunittb
# ** Note: 
#       Y Propagation Delay: 22600 ps
#       Zero Propagation Delay: 0 ps
#       AltB Propagation Delay: 13300 ps
#       AltBu Propagation Delay: 0 ps
# 
#    Time: 2340500 ps  Iteration: 0  Instance: /execunittb
# ** Note: PASS: Test Case 55
#    Time: 2381700 ps  Iteration: 0  Instance: /execunittb
# ** Note: 
#       Y Propagation Delay: 21200 ps
#       Zero Propagation Delay: 0 ps
#       AltB Propagation Delay: 16800 ps
#       AltBu Propagation Delay: 12700 ps
# 
#    Time: 2381700 ps  Iteration: 0  Instance: /execunittb
# ** Note: PASS: Test Case 56
#    Time: 2424800 ps  Iteration: 0  Instance: /execunittb
# ** Note: 
#       Y Propagation Delay: 23100 ps
#       Zero Propagation Delay: 0 ps
#       AltB Propagation Delay: 16000 ps
#       AltBu Propagation Delay: 12200 ps
# 
#    Time: 2424800 ps  Iteration: 0  Instance: /execunittb
# ** Note: PASS: Test Case 57
#    Time: 2466300 ps  Iteration: 0  Instance: /execunittb
# ** Note: 
#       Y Propagation Delay: 21500 ps
#       Zero Propagation Delay: 0 ps
#       AltB Propagation Delay: 15900 ps
#       AltBu Propagation Delay: 12100 ps
# 
#    Time: 2466300 ps  Iteration: 0  Instance: /execunittb
# ** Note: PASS: Test Case 58
#    Time: 2511100 ps  Iteration: 0  Instance: /execunittb
# ** Note: 
#       Y Propagation Delay: 24800 ps
#       Zero Propagation Delay: 0 ps
#       AltB Propagation Delay: 0 ps
#       AltBu Propagation Delay: 0 ps
# 
#    Time: 2511100 ps  Iteration: 0  Instance: /execunittb
# ** Note: PASS: Test Case 59
#    Time: 2555100 ps  Iteration: 0  Instance: /execunittb
# ** Note: 
#       Y Propagation Delay: 24000 ps
#       Zero Propagation Delay: 0 ps
#       AltB Propagation Delay: 16400 ps
#       AltBu Propagation Delay: 12300 ps
# 
#    Time: 2555100 ps  Iteration: 0  Instance: /execunittb
# ** Note: PASS: Test Case 60
#    Time: 2597200 ps  Iteration: 0  Instance: /execunittb
# ** Note: 
#       Y Propagation Delay: 22100 ps
#       Zero Propagation Delay: 0 ps
#       AltB Propagation Delay: 16700 ps
#       AltBu Propagation Delay: 12600 ps
# 
#    Time: 2597200 ps  Iteration: 0  Instance: /execunittb
# ** Note: PASS: Test Case 61
#    Time: 2638100 ps  Iteration: 0  Instance: /execunittb
# ** Note: 
#       Y Propagation Delay: 20900 ps
#       Zero Propagation Delay: 0 ps
#       AltB Propagation Delay: 15600 ps
#       AltBu Propagation Delay: 11500 ps
# 
#    Time: 2638100 ps  Iteration: 0  Instance: /execunittb
# ** Note: PASS: Test Case 62
#    Time: 2681900 ps  Iteration: 0  Instance: /execunittb
# ** Note: 
#       Y Propagation Delay: 23800 ps
#       Zero Propagation Delay: 0 ps
#       AltB Propagation Delay: 17200 ps
#       AltBu Propagation Delay: 13400 ps
# 
#    Time: 2681900 ps  Iteration: 0  Instance: /execunittb
# ** Note: PASS: Test Case 63
#    Time: 2721100 ps  Iteration: 0  Instance: /execunittb
# ** Note: 
#       Y Propagation Delay: 19200 ps
#       Zero Propagation Delay: 0 ps
#       AltB Propagation Delay: 15200 ps
#       AltBu Propagation Delay: 11400 ps
# 
#    Time: 2721100 ps  Iteration: 0  Instance: /execunittb
# ** Note: PASS: Test Case 64
#    Time: 2763100 ps  Iteration: 0  Instance: /execunittb
# ** Note: 
#       Y Propagation Delay: 22000 ps
#       Zero Propagation Delay: 0 ps
#       AltB Propagation Delay: 0 ps
#       AltBu Propagation Delay: 0 ps
# 
#    Time: 2763100 ps  Iteration: 0  Instance: /execunittb
# ** Note: PASS: Test Case 65
#    Time: 2806600 ps  Iteration: 0  Instance: /execunittb
# ** Note: 
#       Y Propagation Delay: 23500 ps
#       Zero Propagation Delay: 0 ps
#       AltB Propagation Delay: 0 ps
#       AltBu Propagation Delay: 0 ps
# 
#    Time: 2806600 ps  Iteration: 0  Instance: /execunittb
# ** Note: PASS: Test Case 66
#    Time: 2848800 ps  Iteration: 0  Instance: /execunittb
# ** Note: 
#       Y Propagation Delay: 22200 ps
#       Zero Propagation Delay: 0 ps
#       AltB Propagation Delay: 0 ps
#       AltBu Propagation Delay: 0 ps
# 
#    Time: 2848800 ps  Iteration: 0  Instance: /execunittb
# ** Note: PASS: Test Case 67
#    Time: 2889800 ps  Iteration: 0  Instance: /execunittb
# ** Note: 
#       Y Propagation Delay: 21000 ps
#       Zero Propagation Delay: 0 ps
#       AltB Propagation Delay: 0 ps
#       AltBu Propagation Delay: 0 ps
# 
#    Time: 2889800 ps  Iteration: 0  Instance: /execunittb
# ** Note: PASS: Test Case 68
#    Time: 2930500 ps  Iteration: 0  Instance: /execunittb
# ** Note: 
#       Y Propagation Delay: 20700 ps
#       Zero Propagation Delay: 0 ps
#       AltB Propagation Delay: 15200 ps
#       AltBu Propagation Delay: 11400 ps
# 
#    Time: 2930500 ps  Iteration: 0  Instance: /execunittb
# ** Note: PASS: Test Case 69
#    Time: 2972900 ps  Iteration: 0  Instance: /execunittb
# ** Note: 
#       Y Propagation Delay: 22400 ps
#       Zero Propagation Delay: 0 ps
#       AltB Propagation Delay: 15500 ps
#       AltBu Propagation Delay: 11700 ps
# 
#    Time: 2972900 ps  Iteration: 0  Instance: /execunittb
# ** Note: PASS: Test Case 70
#    Time: 3013300 ps  Iteration: 0  Instance: /execunittb
# ** Note: 
#       Y Propagation Delay: 20400 ps
#       Zero Propagation Delay: 0 ps
#       AltB Propagation Delay: 16700 ps
#       AltBu Propagation Delay: 12900 ps
# 
#    Time: 3013300 ps  Iteration: 0  Instance: /execunittb
# ** Note: PASS: Test Case 71
#    Time: 3053700 ps  Iteration: 0  Instance: /execunittb
# ** Note: 
#       Y Propagation Delay: 20400 ps
#       Zero Propagation Delay: 0 ps
#       AltB Propagation Delay: 13500 ps
#       AltBu Propagation Delay: 0 ps
# 
#    Time: 3053700 ps  Iteration: 0  Instance: /execunittb
# ** Note: PASS: Test Case 72
#    Time: 3092 ns  Iteration: 0  Instance: /execunittb
# ** Note: 
#       Y Propagation Delay: 18300 ps
#       Zero Propagation Delay: 0 ps
#       AltB Propagation Delay: 15900 ps
#       AltBu Propagation Delay: 11800 ps
# 
#    Time: 3092 ns  Iteration: 0  Instance: /execunittb
# ** Note: PASS: Test Case 73
#    Time: 3135200 ps  Iteration: 0  Instance: /execunittb
# ** Note: 
#       Y Propagation Delay: 23200 ps
#       Zero Propagation Delay: 0 ps
#       AltB Propagation Delay: 16700 ps
#       AltBu Propagation Delay: 12600 ps
# 
#    Time: 3135200 ps  Iteration: 0  Instance: /execunittb
# ** Note: PASS: Test Case 74
#    Time: 3177700 ps  Iteration: 0  Instance: /execunittb
# ** Note: 
#       Y Propagation Delay: 22500 ps
#       Zero Propagation Delay: 0 ps
#       AltB Propagation Delay: 15600 ps
#       AltBu Propagation Delay: 11500 ps
# 
#    Time: 3177700 ps  Iteration: 0  Instance: /execunittb
# ** Note: PASS: Test Case 75
#    Time: 3221200 ps  Iteration: 0  Instance: /execunittb
# ** Note: 
#       Y Propagation Delay: 23500 ps
#       Zero Propagation Delay: 0 ps
#       AltB Propagation Delay: 0 ps
#       AltBu Propagation Delay: 0 ps
# 
#    Time: 3221200 ps  Iteration: 0  Instance: /execunittb
# ** Note: PASS: Test Case 76
#    Time: 3261 ns  Iteration: 0  Instance: /execunittb
# ** Note: 
#       Y Propagation Delay: 19800 ps
#       Zero Propagation Delay: 0 ps
#       AltB Propagation Delay: 17200 ps
#       AltBu Propagation Delay: 13100 ps
# 
#    Time: 3261 ns  Iteration: 0  Instance: /execunittb
# ** Note: PASS: Test Case 77
#    Time: 3302700 ps  Iteration: 0  Instance: /execunittb
# ** Note: 
#       Y Propagation Delay: 21700 ps
#       Zero Propagation Delay: 0 ps
#       AltB Propagation Delay: 15500 ps
#       AltBu Propagation Delay: 11400 ps
# 
#    Time: 3302700 ps  Iteration: 0  Instance: /execunittb
# ** Note: PASS: Test Case 78
#    Time: 3345100 ps  Iteration: 0  Instance: /execunittb
# ** Note: 
#       Y Propagation Delay: 22400 ps
#       Zero Propagation Delay: 0 ps
#       AltB Propagation Delay: 16400 ps
#       AltBu Propagation Delay: 12300 ps
# 
#    Time: 3345100 ps  Iteration: 0  Instance: /execunittb
# ** Note: PASS: Test Case 79
#    Time: 3389600 ps  Iteration: 0  Instance: /execunittb
# ** Note: 
#       Y Propagation Delay: 24500 ps
#       Zero Propagation Delay: 0 ps
#       AltB Propagation Delay: 15600 ps
#       AltBu Propagation Delay: 11500 ps
# 
#    Time: 3389600 ps  Iteration: 0  Instance: /execunittb
# ** Note: PASS: Test Case 80
#    Time: 3432100 ps  Iteration: 0  Instance: /execunittb
# ** Note: 
#       Y Propagation Delay: 22500 ps
#       Zero Propagation Delay: 0 ps
#       AltB Propagation Delay: 0 ps
#       AltBu Propagation Delay: 0 ps
# 
#    Time: 3432100 ps  Iteration: 0  Instance: /execunittb
# ** Note: PASS: Test Case 81
#    Time: 3468500 ps  Iteration: 0  Instance: /execunittb
# ** Note: 
#       Y Propagation Delay: 16400 ps
#       Zero Propagation Delay: 0 ps
#       AltB Propagation Delay: 15500 ps
#       AltBu Propagation Delay: 11700 ps
# 
#    Time: 3468500 ps  Iteration: 0  Instance: /execunittb
# ** Note: PASS: Test Case 82
#    Time: 3504600 ps  Iteration: 0  Instance: /execunittb
# ** Note: 
#       Y Propagation Delay: 16100 ps
#       Zero Propagation Delay: 0 ps
#       AltB Propagation Delay: 15500 ps
#       AltBu Propagation Delay: 11400 ps
# 
#    Time: 3504600 ps  Iteration: 0  Instance: /execunittb
# ** Note: PASS: Test Case 83
#    Time: 3542400 ps  Iteration: 0  Instance: /execunittb
# ** Note: 
#       Y Propagation Delay: 16400 ps
#       Zero Propagation Delay: 0 ps
#       AltB Propagation Delay: 17800 ps
#       AltBu Propagation Delay: 13700 ps
# 
#    Time: 3542400 ps  Iteration: 0  Instance: /execunittb
# ** Note: PASS: Test Case 84
#    Time: 3578500 ps  Iteration: 0  Instance: /execunittb
# ** Note: 
#       Y Propagation Delay: 16100 ps
#       Zero Propagation Delay: 0 ps
#       AltB Propagation Delay: 14500 ps
#       AltBu Propagation Delay: 0 ps
# 
#    Time: 3578500 ps  Iteration: 0  Instance: /execunittb
# ** Note: PASS: Test Case 85
#    Time: 3615500 ps  Iteration: 0  Instance: /execunittb
# ** Note: 
#       Y Propagation Delay: 17000 ps
#       Zero Propagation Delay: 0 ps
#       AltB Propagation Delay: 13900 ps
#       AltBu Propagation Delay: 12300 ps
# 
#    Time: 3615500 ps  Iteration: 0  Instance: /execunittb
# ** Note: PASS: Test Case 86
#    Time: 3652100 ps  Iteration: 0  Instance: /execunittb
# ** Note: 
#       Y Propagation Delay: 16600 ps
#       Zero Propagation Delay: 0 ps
#       AltB Propagation Delay: 16200 ps
#       AltBu Propagation Delay: 12100 ps
# 
#    Time: 3652100 ps  Iteration: 0  Instance: /execunittb
# ** Note: PASS: Test Case 87
#    Time: 3688500 ps  Iteration: 0  Instance: /execunittb
# ** Note: 
#       Y Propagation Delay: 16400 ps
#       Zero Propagation Delay: 0 ps
#       AltB Propagation Delay: 16100 ps
#       AltBu Propagation Delay: 12000 ps
# 
#    Time: 3688500 ps  Iteration: 0  Instance: /execunittb
# ** Note: PASS: Test Case 88
#    Time: 3726100 ps  Iteration: 0  Instance: /execunittb
# ** Note: 
#       Y Propagation Delay: 17600 ps
#       Zero Propagation Delay: 0 ps
#       AltB Propagation Delay: 0 ps
#       AltBu Propagation Delay: 0 ps
# 
#    Time: 3726100 ps  Iteration: 0  Instance: /execunittb
# ** Note: PASS: Test Case 89
#    Time: 3762900 ps  Iteration: 0  Instance: /execunittb
# ** Note: 
#       Y Propagation Delay: 16600 ps
#       Zero Propagation Delay: 0 ps
#       AltB Propagation Delay: 16800 ps
#       AltBu Propagation Delay: 12700 ps
# 
#    Time: 3762900 ps  Iteration: 0  Instance: /execunittb
# ** Note: PASS: Test Case 90
#    Time: 3800200 ps  Iteration: 0  Instance: /execunittb
# ** Note: 
#       Y Propagation Delay: 17300 ps
#       Zero Propagation Delay: 0 ps
#       AltB Propagation Delay: 15800 ps
#       AltBu Propagation Delay: 11700 ps
# 
#    Time: 3800200 ps  Iteration: 0  Instance: /execunittb
# ** Note: PASS: Test Case 91
#    Time: 3837 ns  Iteration: 0  Instance: /execunittb
# ** Note: 
#       Y Propagation Delay: 16800 ps
#       Zero Propagation Delay: 0 ps
#       AltB Propagation Delay: 16000 ps
#       AltBu Propagation Delay: 12200 ps
# 
#    Time: 3837 ns  Iteration: 0  Instance: /execunittb
# ** Note: PASS: Test Case 92
#    Time: 3874300 ps  Iteration: 0  Instance: /execunittb
# ** Note: 
#       Y Propagation Delay: 17300 ps
#       Zero Propagation Delay: 0 ps
#       AltB Propagation Delay: 13300 ps
#       AltBu Propagation Delay: 0 ps
# 
#    Time: 3874300 ps  Iteration: 0  Instance: /execunittb
# ** Note: PASS: Test Case 93
#    Time: 3910800 ps  Iteration: 0  Instance: /execunittb
# ** Note: 
#       Y Propagation Delay: 16500 ps
#       Zero Propagation Delay: 0 ps
#       AltB Propagation Delay: 16200 ps
#       AltBu Propagation Delay: 12100 ps
# 
#    Time: 3910800 ps  Iteration: 0  Instance: /execunittb
# ** Note: PASS: Test Case 94
#    Time: 3947600 ps  Iteration: 0  Instance: /execunittb
# ** Note: 
#       Y Propagation Delay: 16800 ps
#       Zero Propagation Delay: 0 ps
#       AltB Propagation Delay: 16500 ps
#       AltBu Propagation Delay: 12400 ps
# 
#    Time: 3947600 ps  Iteration: 0  Instance: /execunittb
# ** Note: PASS: Test Case 95
#    Time: 3984100 ps  Iteration: 0  Instance: /execunittb
# ** Note: 
#       Y Propagation Delay: 16500 ps
#       Zero Propagation Delay: 0 ps
#       AltB Propagation Delay: 15500 ps
#       AltBu Propagation Delay: 11400 ps
# 
#    Time: 3984100 ps  Iteration: 0  Instance: /execunittb
# ** Note: PASS: Test Case 96
#    Time: 4020800 ps  Iteration: 0  Instance: /execunittb
# ** Note: 
#       Y Propagation Delay: 16700 ps
#       Zero Propagation Delay: 0 ps
#       AltB Propagation Delay: 16600 ps
#       AltBu Propagation Delay: 12500 ps
# 
#    Time: 4020800 ps  Iteration: 0  Instance: /execunittb
# ** Note: PASS: Test Case 97
#    Time: 4058400 ps  Iteration: 0  Instance: /execunittb
# ** Note: 
#       Y Propagation Delay: 17600 ps
#       Zero Propagation Delay: 0 ps
#       AltB Propagation Delay: 15600 ps
#       AltBu Propagation Delay: 11500 ps
# 
#    Time: 4058400 ps  Iteration: 0  Instance: /execunittb
# ** Note: PASS: Test Case 98
#    Time: 4095400 ps  Iteration: 0  Instance: /execunittb
# ** Note: 
#       Y Propagation Delay: 16800 ps
#       Zero Propagation Delay: 0 ps
#       AltB Propagation Delay: 17000 ps
#       AltBu Propagation Delay: 13200 ps
# 
#    Time: 4095400 ps  Iteration: 0  Instance: /execunittb
# ** Note: PASS: Test Case 99
#    Time: 4131900 ps  Iteration: 0  Instance: /execunittb
# ** Note: 
#       Y Propagation Delay: 16500 ps
#       Zero Propagation Delay: 0 ps
#       AltB Propagation Delay: 16000 ps
#       AltBu Propagation Delay: 12200 ps
# 
#    Time: 4131900 ps  Iteration: 0  Instance: /execunittb
# ** Note: PASS: Test Case 100
#    Time: 4168 ns  Iteration: 0  Instance: /execunittb
# ** Note: 
#       Y Propagation Delay: 16100 ps
#       Zero Propagation Delay: 0 ps
#       AltB Propagation Delay: 15800 ps
#       AltBu Propagation Delay: 11700 ps
# 
#    Time: 4168 ns  Iteration: 0  Instance: /execunittb
# ** Note: PASS: Test Case 101
#    Time: 4205300 ps  Iteration: 0  Instance: /execunittb
# ** Note: 
#       Y Propagation Delay: 17300 ps
#       Zero Propagation Delay: 0 ps
#       AltB Propagation Delay: 15900 ps
#       AltBu Propagation Delay: 11800 ps
# 
#    Time: 4205300 ps  Iteration: 0  Instance: /execunittb
# ** Note: PASS: Test Case 102
#    Time: 4242400 ps  Iteration: 0  Instance: /execunittb
# ** Note: 
#       Y Propagation Delay: 17100 ps
#       Zero Propagation Delay: 0 ps
#       AltB Propagation Delay: 17100 ps
#       AltBu Propagation Delay: 13000 ps
# 
#    Time: 4242400 ps  Iteration: 0  Instance: /execunittb
# ** Note: PASS: Test Case 103
#    Time: 4278900 ps  Iteration: 0  Instance: /execunittb
# ** Note: 
#       Y Propagation Delay: 16500 ps
#       Zero Propagation Delay: 0 ps
#       AltB Propagation Delay: 15600 ps
#       AltBu Propagation Delay: 11500 ps
# 
#    Time: 4278900 ps  Iteration: 0  Instance: /execunittb
# ** Note: PASS: Test Case 104
#    Time: 4315600 ps  Iteration: 0  Instance: /execunittb
# ** Note: 
#       Y Propagation Delay: 16700 ps
#       Zero Propagation Delay: 0 ps
#       AltB Propagation Delay: 15500 ps
#       AltBu Propagation Delay: 11700 ps
# 
#    Time: 4315600 ps  Iteration: 0  Instance: /execunittb
# ** Note: PASS: Test Case 105
#    Time: 4351700 ps  Iteration: 0  Instance: /execunittb
# ** Note: 
#       Y Propagation Delay: 16100 ps
#       Zero Propagation Delay: 0 ps
#       AltB Propagation Delay: 14100 ps
#       AltBu Propagation Delay: 0 ps
# 
#    Time: 4351700 ps  Iteration: 0  Instance: /execunittb
# ** Note: PASS: Test Case 106
#    Time: 4388300 ps  Iteration: 0  Instance: /execunittb
# ** Note: 
#       Y Propagation Delay: 16600 ps
#       Zero Propagation Delay: 0 ps
#       AltB Propagation Delay: 15500 ps
#       AltBu Propagation Delay: 11400 ps
# 
#    Time: 4388300 ps  Iteration: 0  Instance: /execunittb
# ** Note: PASS: Test Case 107
#    Time: 4425900 ps  Iteration: 0  Instance: /execunittb
# ** Note: 
#       Y Propagation Delay: 17600 ps
#       Zero Propagation Delay: 0 ps
#       AltB Propagation Delay: 16600 ps
#       AltBu Propagation Delay: 12500 ps
# 
#    Time: 4425900 ps  Iteration: 0  Instance: /execunittb
# ** Note: PASS: Test Case 108
#    Time: 4462400 ps  Iteration: 0  Instance: /execunittb
# ** Note: 
#       Y Propagation Delay: 16500 ps
#       Zero Propagation Delay: 0 ps
#       AltB Propagation Delay: 13500 ps
#       AltBu Propagation Delay: 0 ps
# 
#    Time: 4462400 ps  Iteration: 0  Instance: /execunittb
# ** Note: PASS: Test Case 109
#    Time: 4499500 ps  Iteration: 0  Instance: /execunittb
# ** Note: 
#       Y Propagation Delay: 16700 ps
#       Zero Propagation Delay: 0 ps
#       AltB Propagation Delay: 17100 ps
#       AltBu Propagation Delay: 13000 ps
# 
#    Time: 4499500 ps  Iteration: 0  Instance: /execunittb
# ** Note: PASS: Test Case 110
#    Time: 4536100 ps  Iteration: 0  Instance: /execunittb
# ** Note: 
#       Y Propagation Delay: 16600 ps
#       Zero Propagation Delay: 0 ps
#       AltB Propagation Delay: 16200 ps
#       AltBu Propagation Delay: 12100 ps
# 
#    Time: 4536100 ps  Iteration: 0  Instance: /execunittb
# ** Note: PASS: Test Case 111
#    Time: 4573700 ps  Iteration: 0  Instance: /execunittb
# ** Note: 
#       Y Propagation Delay: 17600 ps
#       Zero Propagation Delay: 0 ps
#       AltB Propagation Delay: 16800 ps
#       AltBu Propagation Delay: 12700 ps
# 
#    Time: 4573700 ps  Iteration: 0  Instance: /execunittb
# ** Note: PASS: Test Case 112
#    Time: 4610200 ps  Iteration: 0  Instance: /execunittb
# ** Note: 
#       Y Propagation Delay: 16500 ps
#       Zero Propagation Delay: 0 ps
#       AltB Propagation Delay: 15500 ps
#       AltBu Propagation Delay: 11700 ps
# 
#    Time: 4610200 ps  Iteration: 0  Instance: /execunittb
# ** Note: PASS: Test Case 113
#    Time: 4646900 ps  Iteration: 0  Instance: /execunittb
# ** Note: 
#       Y Propagation Delay: 15400 ps
#       Zero Propagation Delay: 0 ps
#       AltB Propagation Delay: 16700 ps
#       AltBu Propagation Delay: 12900 ps
# 
#    Time: 4646900 ps  Iteration: 0  Instance: /execunittb
# ** Note: PASS: Test Case 114
#    Time: 4683300 ps  Iteration: 0  Instance: /execunittb
# ** Note: 
#       Y Propagation Delay: 16400 ps
#       Zero Propagation Delay: 0 ps
#       AltB Propagation Delay: 16200 ps
#       AltBu Propagation Delay: 12100 ps
# 
#    Time: 4683300 ps  Iteration: 0  Instance: /execunittb
# ** Note: PASS: Test Case 115
#    Time: 4720600 ps  Iteration: 0  Instance: /execunittb
# ** Note: 
#       Y Propagation Delay: 17300 ps
#       Zero Propagation Delay: 0 ps
#       AltB Propagation Delay: 16100 ps
#       AltBu Propagation Delay: 12300 ps
# 
#    Time: 4720600 ps  Iteration: 0  Instance: /execunittb
# ** Note: PASS: Test Case 116
#    Time: 4757400 ps  Iteration: 0  Instance: /execunittb
# ** Note: 
#       Y Propagation Delay: 16800 ps
#       Zero Propagation Delay: 0 ps
#       AltB Propagation Delay: 16300 ps
#       AltBu Propagation Delay: 12200 ps
# 
#    Time: 4757400 ps  Iteration: 0  Instance: /execunittb
# ** Note: PASS: Test Case 117
#    Time: 4795 ns  Iteration: 0  Instance: /execunittb
# ** Note: 
#       Y Propagation Delay: 17600 ps
#       Zero Propagation Delay: 0 ps
#       AltB Propagation Delay: 15500 ps
#       AltBu Propagation Delay: 11700 ps
# 
#    Time: 4795 ns  Iteration: 0  Instance: /execunittb
# ** Note: PASS: Test Case 118
#    Time: 4831700 ps  Iteration: 0  Instance: /execunittb
# ** Note: 
#       Y Propagation Delay: 16700 ps
#       Zero Propagation Delay: 0 ps
#       AltB Propagation Delay: 0 ps
#       AltBu Propagation Delay: 0 ps
# 
#    Time: 4831700 ps  Iteration: 0  Instance: /execunittb
# ** Note: PASS: Test Case 119
#    Time: 4868500 ps  Iteration: 0  Instance: /execunittb
# ** Note: 
#       Y Propagation Delay: 16800 ps
#       Zero Propagation Delay: 0 ps
#       AltB Propagation Delay: 0 ps
#       AltBu Propagation Delay: 0 ps
# 
#    Time: 4868500 ps  Iteration: 0  Instance: /execunittb
# ** Note: PASS: Test Case 120
#    Time: 4904800 ps  Iteration: 0  Instance: /execunittb
# ** Note: 
#       Y Propagation Delay: 16000 ps
#       Zero Propagation Delay: 0 ps
#       AltB Propagation Delay: 16300 ps
#       AltBu Propagation Delay: 12200 ps
# 
#    Time: 4904800 ps  Iteration: 0  Instance: /execunittb
# ** Note: PASS: Test Case 121
#    Time: 4943100 ps  Iteration: 0  Instance: /execunittb
# ** Note: 
#       Y Propagation Delay: 17300 ps
#       Zero Propagation Delay: 0 ps
#       AltB Propagation Delay: 18300 ps
#       AltBu Propagation Delay: 14500 ps
# 
#    Time: 4943100 ps  Iteration: 0  Instance: /execunittb
# ** Note: PASS: Test Case 122
#    Time: 4979700 ps  Iteration: 0  Instance: /execunittb
# ** Note: 
#       Y Propagation Delay: 15400 ps
#       Zero Propagation Delay: 0 ps
#       AltB Propagation Delay: 16600 ps
#       AltBu Propagation Delay: 12500 ps
# 
#    Time: 4979700 ps  Iteration: 0  Instance: /execunittb
# ** Note: PASS: Test Case 123
#    Time: 5015900 ps  Iteration: 0  Instance: /execunittb
# ** Note: 
#       Y Propagation Delay: 15700 ps
#       Zero Propagation Delay: 0 ps
#       AltB Propagation Delay: 16200 ps
#       AltBu Propagation Delay: 12100 ps
# 
#    Time: 5015900 ps  Iteration: 0  Instance: /execunittb
# ** Note: PASS: Test Case 124
#    Time: 5053100 ps  Iteration: 0  Instance: /execunittb
# ** Note: 
#       Y Propagation Delay: 15000 ps
#       Zero Propagation Delay: 0 ps
#       AltB Propagation Delay: 17200 ps
#       AltBu Propagation Delay: 13400 ps
# 
#    Time: 5053100 ps  Iteration: 0  Instance: /execunittb
# ** Note: PASS: Test Case 125
#    Time: 5088900 ps  Iteration: 0  Instance: /execunittb
# ** Note: 
#       Y Propagation Delay: 15300 ps
#       Zero Propagation Delay: 0 ps
#       AltB Propagation Delay: 15800 ps
#       AltBu Propagation Delay: 11700 ps
# 
#    Time: 5088900 ps  Iteration: 0  Instance: /execunittb
# ** Note: PASS: Test Case 126
#    Time: 5124800 ps  Iteration: 0  Instance: /execunittb
# ** Note: 
#       Y Propagation Delay: 15700 ps
#       Zero Propagation Delay: 0 ps
#       AltB Propagation Delay: 15900 ps
#       AltBu Propagation Delay: 11800 ps
# 
#    Time: 5124800 ps  Iteration: 0  Instance: /execunittb
# ** Note: PASS: Test Case 127
#    Time: 5161700 ps  Iteration: 0  Instance: /execunittb
# ** Note: 
#       Y Propagation Delay: 15100 ps
#       Zero Propagation Delay: 0 ps
#       AltB Propagation Delay: 16900 ps
#       AltBu Propagation Delay: 13100 ps
# 
#    Time: 5161700 ps  Iteration: 0  Instance: /execunittb
# ** Note: PASS: Test Case 128
#    Time: 5198900 ps  Iteration: 0  Instance: /execunittb
# ** Note: 
#       Y Propagation Delay: 15300 ps
#       Zero Propagation Delay: 0 ps
#       AltB Propagation Delay: 17200 ps
#       AltBu Propagation Delay: 13400 ps
# 
#    Time: 5198900 ps  Iteration: 0  Instance: /execunittb
# ** Note: PASS: Test Case 129
#    Time: 5234200 ps  Iteration: 0  Instance: /execunittb
# ** Note: 
#       Y Propagation Delay: 15300 ps
#       Zero Propagation Delay: 0 ps
#       AltB Propagation Delay: 0 ps
#       AltBu Propagation Delay: 0 ps
# 
#    Time: 5234200 ps  Iteration: 0  Instance: /execunittb
# ** Note: PASS: Test Case 130
#    Time: 5270900 ps  Iteration: 0  Instance: /execunittb
# ** Note: 
#       Y Propagation Delay: 15200 ps
#       Zero Propagation Delay: 0 ps
#       AltB Propagation Delay: 16700 ps
#       AltBu Propagation Delay: 12900 ps
# 
#    Time: 5270900 ps  Iteration: 0  Instance: /execunittb
# ** Note: PASS: Test Case 131
#    Time: 5306400 ps  Iteration: 0  Instance: /execunittb
# ** Note: 
#       Y Propagation Delay: 15100 ps
#       Zero Propagation Delay: 0 ps
#       AltB Propagation Delay: 15500 ps
#       AltBu Propagation Delay: 11700 ps
# 
#    Time: 5306400 ps  Iteration: 0  Instance: /execunittb
# ** Note: PASS: Test Case 132
#    Time: 5342100 ps  Iteration: 0  Instance: /execunittb
# ** Note: 
#       Y Propagation Delay: 15700 ps
#       Zero Propagation Delay: 0 ps
#       AltB Propagation Delay: 0 ps
#       AltBu Propagation Delay: 0 ps
# 
#    Time: 5342100 ps  Iteration: 0  Instance: /execunittb
# ** Note: PASS: Test Case 133
#    Time: 5377400 ps  Iteration: 0  Instance: /execunittb
# ** Note: 
#       Y Propagation Delay: 15300 ps
#       Zero Propagation Delay: 0 ps
#       AltB Propagation Delay: 0 ps
#       AltBu Propagation Delay: 0 ps
# 
#    Time: 5377400 ps  Iteration: 0  Instance: /execunittb
# ** Note: PASS: Test Case 134
#    Time: 5414600 ps  Iteration: 0  Instance: /execunittb
# ** Note: 
#       Y Propagation Delay: 14300 ps
#       Zero Propagation Delay: 0 ps
#       AltB Propagation Delay: 17200 ps
#       AltBu Propagation Delay: 13400 ps
# 
#    Time: 5414600 ps  Iteration: 0  Instance: /execunittb
# ** Note: PASS: Test Case 135
#    Time: 5450 ns  Iteration: 0  Instance: /execunittb
# ** Note: 
#       Y Propagation Delay: 15400 ps
#       Zero Propagation Delay: 0 ps
#       AltB Propagation Delay: 13200 ps
#       AltBu Propagation Delay: 0 ps
# 
#    Time: 5450 ns  Iteration: 0  Instance: /execunittb
# ** Note: PASS: Test Case 136
#    Time: 5485700 ps  Iteration: 0  Instance: /execunittb
# ** Note: 
#       Y Propagation Delay: 15700 ps
#       Zero Propagation Delay: 0 ps
#       AltB Propagation Delay: 15100 ps
#       AltBu Propagation Delay: 11300 ps
# 
#    Time: 5485700 ps  Iteration: 0  Instance: /execunittb
# ** Note: PASS: Test Case 137
#    Time: 5522 ns  Iteration: 0  Instance: /execunittb
# ** Note: 
#       Y Propagation Delay: 13700 ps
#       Zero Propagation Delay: 0 ps
#       AltB Propagation Delay: 16300 ps
#       AltBu Propagation Delay: 12200 ps
# 
#    Time: 5522 ns  Iteration: 0  Instance: /execunittb
# ** Note: PASS: Test Case 138
#    Time: 5558400 ps  Iteration: 0  Instance: /execunittb
# ** Note: 
#       Y Propagation Delay: 15300 ps
#       Zero Propagation Delay: 0 ps
#       AltB Propagation Delay: 16400 ps
#       AltBu Propagation Delay: 12600 ps
# 
#    Time: 5558400 ps  Iteration: 0  Instance: /execunittb
# ** Note: PASS: Test Case 139
#    Time: 5592900 ps  Iteration: 0  Instance: /execunittb
# ** Note: 
#       Y Propagation Delay: 14500 ps
#       Zero Propagation Delay: 0 ps
#       AltB Propagation Delay: 0 ps
#       AltBu Propagation Delay: 0 ps
# 
#    Time: 5592900 ps  Iteration: 0  Instance: /execunittb
# ** Note: PASS: Test Case 140
#    Time: 5628 ns  Iteration: 0  Instance: /execunittb
# ** Note: 
#       Y Propagation Delay: 15100 ps
#       Zero Propagation Delay: 0 ps
#       AltB Propagation Delay: 14500 ps
#       AltBu Propagation Delay: 0 ps
# 
#    Time: 5628 ns  Iteration: 0  Instance: /execunittb
# ** Note: PASS: Test Case 141
#    Time: 5663600 ps  Iteration: 0  Instance: /execunittb
# ** Note: 
#       Y Propagation Delay: 15600 ps
#       Zero Propagation Delay: 0 ps
#       AltB Propagation Delay: 15500 ps
#       AltBu Propagation Delay: 11700 ps
# 
#    Time: 5663600 ps  Iteration: 0  Instance: /execunittb
# ** Note: PASS: Test Case 142
#    Time: 5700200 ps  Iteration: 0  Instance: /execunittb
# ** Note: 
#       Y Propagation Delay: 15300 ps
#       Zero Propagation Delay: 0 ps
#       AltB Propagation Delay: 16600 ps
#       AltBu Propagation Delay: 12500 ps
# 
#    Time: 5700200 ps  Iteration: 0  Instance: /execunittb
# ** Note: PASS: Test Case 143
#    Time: 5734800 ps  Iteration: 0  Instance: /execunittb
# ** Note: 
#       Y Propagation Delay: 14600 ps
#       Zero Propagation Delay: 0 ps
#       AltB Propagation Delay: 13500 ps
#       AltBu Propagation Delay: 11800 ps
# 
#    Time: 5734800 ps  Iteration: 0  Instance: /execunittb
# ** Note: PASS: Test Case 144
#    Time: 5772 ns  Iteration: 0  Instance: /execunittb
# ** Note: 
#       Y Propagation Delay: 16000 ps
#       Zero Propagation Delay: 0 ps
#       AltB Propagation Delay: 17200 ps
#       AltBu Propagation Delay: 13400 ps
# 
#    Time: 5772 ns  Iteration: 0  Instance: /execunittb
# ** Note: PASS: Test Case 145
#    Time: 5806200 ps  Iteration: 0  Instance: /execunittb
# ** Note: 
#       Y Propagation Delay: 14200 ps
#       Zero Propagation Delay: 0 ps
#       AltB Propagation Delay: 13700 ps
#       AltBu Propagation Delay: 0 ps
# 
#    Time: 5806200 ps  Iteration: 0  Instance: /execunittb
# ** Note: PASS: Test Case 146
#    Time: 6106200 ps  Iteration: 0  Instance: /execunittb
# ** Note: 
#       Y Propagation Delay: 0 ps
#       Zero Propagation Delay: 0 ps
#       AltB Propagation Delay: 0 ps
#       AltBu Propagation Delay: 0 ps
# 
#    Time: 6106200 ps  Iteration: 0  Instance: /execunittb
# ** Note: PASS: Test Case 147
#    Time: 6406200 ps  Iteration: 0  Instance: /execunittb
# ** Note: 
#       Y Propagation Delay: 0 ps
#       Zero Propagation Delay: 0 ps
#       AltB Propagation Delay: 0 ps
#       AltBu Propagation Delay: 0 ps
# 
#    Time: 6406200 ps  Iteration: 0  Instance: /execunittb
# ** Note: PASS: Test Case 148
#    Time: 6440 ns  Iteration: 0  Instance: /execunittb
# ** Note: 
#       Y Propagation Delay: 13800 ps
#       Zero Propagation Delay: 0 ps
#       AltB Propagation Delay: 13500 ps
#       AltBu Propagation Delay: 0 ps
# 
#    Time: 6440 ns  Iteration: 0  Instance: /execunittb
# ** Note: PASS: Test Case 149
#    Time: 6740 ns  Iteration: 0  Instance: /execunittb
# ** Note: 
#       Y Propagation Delay: 0 ps
#       Zero Propagation Delay: 0 ps
#       AltB Propagation Delay: 0 ps
#       AltBu Propagation Delay: 0 ps
# 
#    Time: 6740 ns  Iteration: 0  Instance: /execunittb
# ** Note: PASS: Test Case 150
#    Time: 6775200 ps  Iteration: 0  Instance: /execunittb
# ** Note: 
#       Y Propagation Delay: 14200 ps
#       Zero Propagation Delay: 0 ps
#       AltB Propagation Delay: 15200 ps
#       AltBu Propagation Delay: 11400 ps
# 
#    Time: 6775200 ps  Iteration: 0  Instance: /execunittb
# ** Note: PASS: Test Case 151
#    Time: 6811 ns  Iteration: 0  Instance: /execunittb
# ** Note: 
#       Y Propagation Delay: 14600 ps
#       Zero Propagation Delay: 0 ps
#       AltB Propagation Delay: 15800 ps
#       AltBu Propagation Delay: 12000 ps
# 
#    Time: 6811 ns  Iteration: 0  Instance: /execunittb
# ** Note: PASS: Test Case 152
#    Time: 6844400 ps  Iteration: 0  Instance: /execunittb
# ** Note: 
#       Y Propagation Delay: 13400 ps
#       Zero Propagation Delay: 0 ps
#       AltB Propagation Delay: 13200 ps
#       AltBu Propagation Delay: 0 ps
# 
#    Time: 6844400 ps  Iteration: 0  Instance: /execunittb
# ** Note: PASS: Test Case 153
#    Time: 6879500 ps  Iteration: 0  Instance: /execunittb
# ** Note: 
#       Y Propagation Delay: 14100 ps
#       Zero Propagation Delay: 0 ps
#       AltB Propagation Delay: 15100 ps
#       AltBu Propagation Delay: 11300 ps
# 
#    Time: 6879500 ps  Iteration: 0  Instance: /execunittb
# ** Note: PASS: Test Case 154
#    Time: 6913200 ps  Iteration: 0  Instance: /execunittb
# ** Note: 
#       Y Propagation Delay: 13700 ps
#       Zero Propagation Delay: 0 ps
#       AltB Propagation Delay: 0 ps
#       AltBu Propagation Delay: 0 ps
# 
#    Time: 6913200 ps  Iteration: 0  Instance: /execunittb
# ** Note: PASS: Test Case 155
#    Time: 6948700 ps  Iteration: 0  Instance: /execunittb
# ** Note: 
#       Y Propagation Delay: 14000 ps
#       Zero Propagation Delay: 0 ps
#       AltB Propagation Delay: 15500 ps
#       AltBu Propagation Delay: 11400 ps
# 
#    Time: 6948700 ps  Iteration: 0  Instance: /execunittb
# ** Note: PASS: Test Case 156
#    Time: 6984500 ps  Iteration: 0  Instance: /execunittb
# ** Note: 
#       Y Propagation Delay: 14500 ps
#       Zero Propagation Delay: 0 ps
#       AltB Propagation Delay: 15800 ps
#       AltBu Propagation Delay: 11700 ps
# 
#    Time: 6984500 ps  Iteration: 0  Instance: /execunittb
# ** Note: PASS: Test Case 157
#    Time: 7284500 ps  Iteration: 0  Instance: /execunittb
# ** Note: 
#       Y Propagation Delay: 0 ps
#       Zero Propagation Delay: 0 ps
#       AltB Propagation Delay: 0 ps
#       AltBu Propagation Delay: 0 ps
# 
#    Time: 7284500 ps  Iteration: 0  Instance: /execunittb
# ** Note: PASS: Test Case 158
#    Time: 7320 ns  Iteration: 0  Instance: /execunittb
# ** Note: 
#       Y Propagation Delay: 0 ps
#       Zero Propagation Delay: 0 ps
#       AltB Propagation Delay: 15500 ps
#       AltBu Propagation Delay: 11400 ps
# 
#    Time: 7320 ns  Iteration: 0  Instance: /execunittb
# ** Note: PASS: Test Case 159
#    Time: 7357200 ps  Iteration: 0  Instance: /execunittb
# ** Note: 
#       Y Propagation Delay: 16000 ps
#       Zero Propagation Delay: 0 ps
#       AltB Propagation Delay: 17200 ps
#       AltBu Propagation Delay: 13400 ps
# 
#    Time: 7357200 ps  Iteration: 0  Instance: /execunittb
# ** Note: PASS: Test Case 160
#    Time: 7392300 ps  Iteration: 0  Instance: /execunittb
# ** Note: 
#       Y Propagation Delay: 14100 ps
#       Zero Propagation Delay: 0 ps
#       AltB Propagation Delay: 15100 ps
#       AltBu Propagation Delay: 11300 ps
# 
#    Time: 7392300 ps  Iteration: 0  Instance: /execunittb
# ** Note: PASS: Test Case 161
#    Time: 7427800 ps  Iteration: 0  Instance: /execunittb
# ** Note: 
#       Y Propagation Delay: 14000 ps
#       Zero Propagation Delay: 0 ps
#       AltB Propagation Delay: 15500 ps
#       AltBu Propagation Delay: 11400 ps
# 
#    Time: 7427800 ps  Iteration: 0  Instance: /execunittb
# ** Note: PASS: Test Case 162
#    Time: 7463600 ps  Iteration: 0  Instance: /execunittb
# ** Note: 
#       Y Propagation Delay: 14500 ps
#       Zero Propagation Delay: 0 ps
#       AltB Propagation Delay: 15800 ps
#       AltBu Propagation Delay: 11700 ps
# 
#    Time: 7463600 ps  Iteration: 0  Instance: /execunittb
# ** Note: PASS: Test Case 163
#    Time: 7499100 ps  Iteration: 0  Instance: /execunittb
# ** Note: 
#       Y Propagation Delay: 14000 ps
#       Zero Propagation Delay: 0 ps
#       AltB Propagation Delay: 15500 ps
#       AltBu Propagation Delay: 11400 ps
# 
#    Time: 7499100 ps  Iteration: 0  Instance: /execunittb
# ** Note: PASS: Test Case 164
#    Time: 7535800 ps  Iteration: 0  Instance: /execunittb
# ** Note: 
#       Y Propagation Delay: 15400 ps
#       Zero Propagation Delay: 0 ps
#       AltB Propagation Delay: 16700 ps
#       AltBu Propagation Delay: 12600 ps
# 
#    Time: 7535800 ps  Iteration: 0  Instance: /execunittb
# ** Note: PASS: Test Case 165
#    Time: 7573 ns  Iteration: 0  Instance: /execunittb
# ** Note: 
#       Y Propagation Delay: 16000 ps
#       Zero Propagation Delay: 0 ps
#       AltB Propagation Delay: 17200 ps
#       AltBu Propagation Delay: 13400 ps
# 
#    Time: 7573 ns  Iteration: 0  Instance: /execunittb
# ** Note: PASS: Test Case 166
#    Time: 7606800 ps  Iteration: 0  Instance: /execunittb
# ** Note: 
#       Y Propagation Delay: 13800 ps
#       Zero Propagation Delay: 0 ps
#       AltB Propagation Delay: 13200 ps
#       AltBu Propagation Delay: 0 ps
# 
#    Time: 7606800 ps  Iteration: 0  Instance: /execunittb
# ** Note: PASS: Test Case 167
#    Time: 7640300 ps  Iteration: 0  Instance: /execunittb
# ** Note: 
#       Y Propagation Delay: 0 ps
#       Zero Propagation Delay: 0 ps
#       AltB Propagation Delay: 13500 ps
#       AltBu Propagation Delay: 0 ps
# 
#    Time: 7640300 ps  Iteration: 0  Instance: /execunittb
# ** Note: PASS: Test Case 168
#    Time: 7676700 ps  Iteration: 0  Instance: /execunittb
# ** Note: 
#       Y Propagation Delay: 15100 ps
#       Zero Propagation Delay: 0 ps
#       AltB Propagation Delay: 16400 ps
#       AltBu Propagation Delay: 12300 ps
# 
#    Time: 7676700 ps  Iteration: 0  Instance: /execunittb
# ** Note: PASS: Test Case 169
#    Time: 7712200 ps  Iteration: 0  Instance: /execunittb
# ** Note: 
#       Y Propagation Delay: 14000 ps
#       Zero Propagation Delay: 0 ps
#       AltB Propagation Delay: 15500 ps
#       AltBu Propagation Delay: 11400 ps
# 
#    Time: 7712200 ps  Iteration: 0  Instance: /execunittb
# ** Note: PASS: Test Case 170
#    Time: 7748200 ps  Iteration: 0  Instance: /execunittb
# ** Note: 
#       Y Propagation Delay: 14800 ps
#       Zero Propagation Delay: 0 ps
#       AltB Propagation Delay: 16000 ps
#       AltBu Propagation Delay: 12200 ps
# 
#    Time: 7748200 ps  Iteration: 0  Instance: /execunittb
# ** Note: PASS: Test Case 171
#    Time: 7785400 ps  Iteration: 0  Instance: /execunittb
# ** Note: 
#       Y Propagation Delay: 16000 ps
#       Zero Propagation Delay: 0 ps
#       AltB Propagation Delay: 17200 ps
#       AltBu Propagation Delay: 13400 ps
# 
#    Time: 7785400 ps  Iteration: 0  Instance: /execunittb
# ** Note: PASS: Test Case 172
#    Time: 7820900 ps  Iteration: 0  Instance: /execunittb
# ** Note: 
#       Y Propagation Delay: 14500 ps
#       Zero Propagation Delay: 0 ps
#       AltB Propagation Delay: 15500 ps
#       AltBu Propagation Delay: 11700 ps
# 
#    Time: 7820900 ps  Iteration: 0  Instance: /execunittb
# ** Note: PASS: Test Case 173
#    Time: 8120900 ps  Iteration: 0  Instance: /execunittb
# ** Note: 
#       Y Propagation Delay: 0 ps
#       Zero Propagation Delay: 0 ps
#       AltB Propagation Delay: 0 ps
#       AltBu Propagation Delay: 0 ps
# 
#    Time: 8120900 ps  Iteration: 0  Instance: /execunittb
# ** Note: PASS: Test Case 174
#    Time: 8157 ns  Iteration: 0  Instance: /execunittb
# ** Note: 
#       Y Propagation Delay: 14600 ps
#       Zero Propagation Delay: 0 ps
#       AltB Propagation Delay: 16100 ps
#       AltBu Propagation Delay: 12000 ps
# 
#    Time: 8157 ns  Iteration: 0  Instance: /execunittb
# ** Note: PASS: Test Case 175
#    Time: 8193700 ps  Iteration: 0  Instance: /execunittb
# ** Note: 
#       Y Propagation Delay: 15500 ps
#       Zero Propagation Delay: 0 ps
#       AltB Propagation Delay: 16700 ps
#       AltBu Propagation Delay: 12900 ps
# 
#    Time: 8193700 ps  Iteration: 0  Instance: /execunittb
# ** Note: PASS: Test Case 176
#    Time: 8228900 ps  Iteration: 0  Instance: /execunittb
# ** Note: 
#       Y Propagation Delay: 14200 ps
#       Zero Propagation Delay: 0 ps
#       AltB Propagation Delay: 15200 ps
#       AltBu Propagation Delay: 11400 ps
# 
#    Time: 8228900 ps  Iteration: 0  Instance: /execunittb
# ** Note: PASS: Test Case 177
#    Time: 8528900 ps  Iteration: 0  Instance: /execunittb
# ** Note: 
#       Y Propagation Delay: 0 ps
#       Zero Propagation Delay: 0 ps
#       AltB Propagation Delay: 0 ps
#       AltBu Propagation Delay: 0 ps
# 
#    Time: 8528900 ps  Iteration: 0  Instance: /execunittb
# ** Note: PASS: Test Case 178
#    Time: 8565900 ps  Iteration: 0  Instance: /execunittb
# ** Note: 
#       Y Propagation Delay: 15800 ps
#       Zero Propagation Delay: 0 ps
#       AltB Propagation Delay: 17000 ps
#       AltBu Propagation Delay: 13200 ps
# 
#    Time: 8565900 ps  Iteration: 0  Instance: /execunittb
# ** Note: PASS: Test Case 179
#    Time: 8599100 ps  Iteration: 0  Instance: /execunittb
# ** Note: 
#       Y Propagation Delay: 0 ps
#       Zero Propagation Delay: 0 ps
#       AltB Propagation Delay: 13200 ps
#       AltBu Propagation Delay: 0 ps
# 
#    Time: 8599100 ps  Iteration: 0  Instance: /execunittb
# ** Note: PASS: Test Case 180
#    Time: 8635 ns  Iteration: 0  Instance: /execunittb
# ** Note: 
#       Y Propagation Delay: 14700 ps
#       Zero Propagation Delay: 0 ps
#       AltB Propagation Delay: 15900 ps
#       AltBu Propagation Delay: 12100 ps
# 
#    Time: 8635 ns  Iteration: 0  Instance: /execunittb
# ** Note: PASS: Test Case 181
#    Time: 8677700 ps  Iteration: 0  Instance: /execunittb
# ** Note: 
#       Y Propagation Delay: 22700 ps
#       Zero Propagation Delay: 0 ps
#       AltB Propagation Delay: 15600 ps
#       AltBu Propagation Delay: 11800 ps
# 
#    Time: 8677700 ps  Iteration: 0  Instance: /execunittb
# ** Note: PASS: Test Case 182
#    Time: 8720 ns  Iteration: 0  Instance: /execunittb
# ** Note: 
#       Y Propagation Delay: 22100 ps
#       Zero Propagation Delay: 22300 ps
#       AltB Propagation Delay: 20800 ps
#       AltBu Propagation Delay: 17000 ps
# 
#    Time: 8720 ns  Iteration: 0  Instance: /execunittb
# ** Note: PASS: Test Case 183
#    Time: 8760200 ps  Iteration: 0  Instance: /execunittb
# ** Note: 
#       Y Propagation Delay: 20200 ps
#       Zero Propagation Delay: 13000 ps
#       AltB Propagation Delay: 16400 ps
#       AltBu Propagation Delay: 12600 ps
# 
#    Time: 8760200 ps  Iteration: 0  Instance: /execunittb
# ** Note: PASS: Test Case 184
#    Time: 8802500 ps  Iteration: 0  Instance: /execunittb
# ** Note: 
#       Y Propagation Delay: 22100 ps
#       Zero Propagation Delay: 22300 ps
#       AltB Propagation Delay: 20800 ps
#       AltBu Propagation Delay: 17000 ps
# 
#    Time: 8802500 ps  Iteration: 0  Instance: /execunittb
# ** Note: PASS: Test Case 185
#    Time: 8845700 ps  Iteration: 0  Instance: /execunittb
# ** Note: 
#       Y Propagation Delay: 23200 ps
#       Zero Propagation Delay: 22600 ps
#       AltB Propagation Delay: 21800 ps
#       AltBu Propagation Delay: 18000 ps
# 
#    Time: 8845700 ps  Iteration: 0  Instance: /execunittb
# ** Note: PASS: Test Case 186
#    Time: 8888200 ps  Iteration: 0  Instance: /execunittb
# ** Note: 
#       Y Propagation Delay: 22100 ps
#       Zero Propagation Delay: 22500 ps
#       AltB Propagation Delay: 20300 ps
#       AltBu Propagation Delay: 16500 ps
# 
#    Time: 8888200 ps  Iteration: 0  Instance: /execunittb
# ** Note: PASS: Test Case 187
#    Time: 8931600 ps  Iteration: 0  Instance: /execunittb
# ** Note: 
#       Y Propagation Delay: 23400 ps
#       Zero Propagation Delay: 11600 ps
#       AltB Propagation Delay: 16000 ps
#       AltBu Propagation Delay: 12200 ps
# 
#    Time: 8931600 ps  Iteration: 0  Instance: /execunittb
# ** Note: PASS: Test Case 188
#    Time: 8974100 ps  Iteration: 0  Instance: /execunittb
# ** Note: 
#       Y Propagation Delay: 22100 ps
#       Zero Propagation Delay: 22500 ps
#       AltB Propagation Delay: 20800 ps
#       AltBu Propagation Delay: 17000 ps
# 
#    Time: 8974100 ps  Iteration: 0  Instance: /execunittb
# ** Note: PASS: Test Case 189
#    Time: 9016100 ps  Iteration: 0  Instance: /execunittb
# ** Note: 
#       Y Propagation Delay: 22000 ps
#       Zero Propagation Delay: 11600 ps
#       AltB Propagation Delay: 16600 ps
#       AltBu Propagation Delay: 12500 ps
# 
#    Time: 9016100 ps  Iteration: 0  Instance: /execunittb
# ** Note: PASS: Test Case 190
#    Time: 9058400 ps  Iteration: 0  Instance: /execunittb
# ** Note: 
#       Y Propagation Delay: 22100 ps
#       Zero Propagation Delay: 22300 ps
#       AltB Propagation Delay: 20800 ps
#       AltBu Propagation Delay: 17000 ps
# 
#    Time: 9058400 ps  Iteration: 0  Instance: /execunittb
# ** Note: PASS: Test Case 191
#    Time: 9101600 ps  Iteration: 0  Instance: /execunittb
# ** Note: 
#       Y Propagation Delay: 23200 ps
#       Zero Propagation Delay: 11900 ps
#       AltB Propagation Delay: 15600 ps
#       AltBu Propagation Delay: 12500 ps
# 
#    Time: 9101600 ps  Iteration: 0  Instance: /execunittb
# ** Note: PASS: Test Case 192
#    Time: 9144100 ps  Iteration: 0  Instance: /execunittb
# ** Note: 
#       Y Propagation Delay: 22100 ps
#       Zero Propagation Delay: 22500 ps
#       AltB Propagation Delay: 20300 ps
#       AltBu Propagation Delay: 16500 ps
# 
#    Time: 9144100 ps  Iteration: 0  Instance: /execunittb
# ** Note: =====================================================
# >>>>>>>>>>>>>>>> Simulation Complete <<<<<<<<<<<<<<<<
# =====================================================
# Test cases passed: 192
# Test cases failed : 0
# 
#    Time: 9144100 ps  Iteration: 0  Instance: /execunittb
# ** Note: The worst case propagation delay was 24800 ps in test case 58
# 
#    Time: 9144100 ps  Iteration: 0  Instance: /execunittb
# transcript off
# 0 ps
# 9601300 ps
