# End time: 15:28:07 on Dec 02,2025, Elapsed time: 0:00:56
# Errors: 0, Warnings: 2
# Model Technology ModelSim - Intel FPGA Edition vmap 2020.1 Lib Mapping Utility 2020.02 Feb 28 2020
# vmap work work 
# Modifying C:/ENSC350/FP/RISC-V-Execution-Unit/Simulation/FP.mpf
# vsim -quiet -t 100ps -gui -sdftyp "/ExecUnitTB/DUT=../Simulation/ModelSim/CombMux2_CarryS_Cyclone.sdo" work.Config_CombMux2_CarryS_Timing -GTIMING_MEASUREMENT=true 
# Start time: 15:28:08 on Dec 02,2025
# SDF 2020.1 Compiler 2020.02 Feb 28 2020
# 
# ** Warning: Design size of 121210 statements exceeds ModelSim-Intel FPGA Starter Edition recommended capacity.
# Expect performance to be adversely affected.
# ** Note: (vsim-3587) SDF Backannotation Successfully Completed.
#    Time: 0 ps  Iteration: 0  Instance: /execunittb File: ../Simulation/ExecUnitTB.vhd
# ** Warning: (vsim-WLF-5000) WLF file currently in use: vsim.wlf
#           File in use by: pius  Hostname: DESKTOP-1Q2BHL9  ProcessID: 1992
#           Attempting to use alternate WLF file "./wlftkkme1x".
# ** Warning: (vsim-WLF-5001) Could not open WLF file: vsim.wlf
#           Using alternate file: ./wlftkkme1x
# ** Note: (vsim-12125) Error and warning message counts have been reset to '0' because of 'restart'.
# ** Warning: Design size of 61280 statements exceeds ModelSim-Intel FPGA Starter Edition recommended capacity.
# Expect performance to be adversely affected.
# ** Note: (vsim-3587) SDF Backannotation Successfully Completed.
#    Time: 0 ps  Iteration: 0  Instance: /execunittb File: ../Simulation/ExecUnitTB.vhd
# run -all
# ** Note: =====================================================
# >>>>>>>>>>>>>>>> Starting Simulation <<<<<<<<<<<<<<<<
# =====================================================
# 
#    Time: 0 ps  Iteration: 0  Instance: /execunittb
# ** Note: PASS: Test Case 1
#    Time: 82400 ps  Iteration: 0  Instance: /execunittb
# ** Note: 
#       Y Propagation Delay: 22400 ps
#       Zero Propagation Delay: 16100 ps
#       AltB Propagation Delay: 13500 ps
#       AltBu Propagation Delay: 13800 ps
# 
#    Time: 82400 ps  Iteration: 0  Instance: /execunittb
# ** Note: PASS: Test Case 2
#    Time: 123100 ps  Iteration: 0  Instance: /execunittb
# ** Note: 
#       Y Propagation Delay: 20700 ps
#       Zero Propagation Delay: 0 ps
#       AltB Propagation Delay: 11800 ps
#       AltBu Propagation Delay: 0 ps
# 
#    Time: 123100 ps  Iteration: 0  Instance: /execunittb
# ** Note: PASS: Test Case 3
#    Time: 169800 ps  Iteration: 0  Instance: /execunittb
# ** Note: 
#       Y Propagation Delay: 26700 ps
#       Zero Propagation Delay: 0 ps
#       AltB Propagation Delay: 13700 ps
#       AltBu Propagation Delay: 13900 ps
# 
#    Time: 169800 ps  Iteration: 0  Instance: /execunittb
# ** Note: PASS: Test Case 4
#    Time: 212400 ps  Iteration: 0  Instance: /execunittb
# ** Note: 
#       Y Propagation Delay: 22600 ps
#       Zero Propagation Delay: 0 ps
#       AltB Propagation Delay: 15200 ps
#       AltBu Propagation Delay: 15200 ps
# 
#    Time: 212400 ps  Iteration: 0  Instance: /execunittb
# ** Note: PASS: Test Case 5
#    Time: 251100 ps  Iteration: 0  Instance: /execunittb
# ** Note: 
#       Y Propagation Delay: 18700 ps
#       Zero Propagation Delay: 0 ps
#       AltB Propagation Delay: 15300 ps
#       AltBu Propagation Delay: 15600 ps
# 
#    Time: 251100 ps  Iteration: 0  Instance: /execunittb
# ** Note: PASS: Test Case 6
#    Time: 289800 ps  Iteration: 0  Instance: /execunittb
# ** Note: 
#       Y Propagation Delay: 18700 ps
#       Zero Propagation Delay: 0 ps
#       AltB Propagation Delay: 13300 ps
#       AltBu Propagation Delay: 13400 ps
# 
#    Time: 289800 ps  Iteration: 0  Instance: /execunittb
# ** Note: PASS: Test Case 7
#    Time: 329600 ps  Iteration: 0  Instance: /execunittb
# ** Note: 
#       Y Propagation Delay: 19800 ps
#       Zero Propagation Delay: 0 ps
#       AltB Propagation Delay: 13300 ps
#       AltBu Propagation Delay: 13300 ps
# 
#    Time: 329600 ps  Iteration: 0  Instance: /execunittb
# ** Note: PASS: Test Case 8
#    Time: 369100 ps  Iteration: 0  Instance: /execunittb
# ** Note: 
#       Y Propagation Delay: 19500 ps
#       Zero Propagation Delay: 0 ps
#       AltB Propagation Delay: 13400 ps
#       AltBu Propagation Delay: 13500 ps
# 
#    Time: 369100 ps  Iteration: 0  Instance: /execunittb
# ** Note: PASS: Test Case 9
#    Time: 409 ns  Iteration: 0  Instance: /execunittb
# ** Note: 
#       Y Propagation Delay: 19900 ps
#       Zero Propagation Delay: 0 ps
#       AltB Propagation Delay: 11800 ps
#       AltBu Propagation Delay: 0 ps
# 
#    Time: 409 ns  Iteration: 0  Instance: /execunittb
# ** Note: PASS: Test Case 10
#    Time: 449700 ps  Iteration: 0  Instance: /execunittb
# ** Note: 
#       Y Propagation Delay: 20700 ps
#       Zero Propagation Delay: 0 ps
#       AltB Propagation Delay: 13200 ps
#       AltBu Propagation Delay: 13300 ps
# 
#    Time: 449700 ps  Iteration: 0  Instance: /execunittb
# ** Note: PASS: Test Case 11
#    Time: 489300 ps  Iteration: 0  Instance: /execunittb
# ** Note: 
#       Y Propagation Delay: 19600 ps
#       Zero Propagation Delay: 0 ps
#       AltB Propagation Delay: 13200 ps
#       AltBu Propagation Delay: 13400 ps
# 
#    Time: 489300 ps  Iteration: 0  Instance: /execunittb
# ** Note: PASS: Test Case 12
#    Time: 529300 ps  Iteration: 0  Instance: /execunittb
# ** Note: 
#       Y Propagation Delay: 20000 ps
#       Zero Propagation Delay: 0 ps
#       AltB Propagation Delay: 12900 ps
#       AltBu Propagation Delay: 13000 ps
# 
#    Time: 529300 ps  Iteration: 0  Instance: /execunittb
# ** Note: PASS: Test Case 13
#    Time: 570100 ps  Iteration: 0  Instance: /execunittb
# ** Note: 
#       Y Propagation Delay: 20800 ps
#       Zero Propagation Delay: 0 ps
#       AltB Propagation Delay: 13700 ps
#       AltBu Propagation Delay: 13900 ps
# 
#    Time: 570100 ps  Iteration: 0  Instance: /execunittb
# ** Note: PASS: Test Case 14
#    Time: 608400 ps  Iteration: 0  Instance: /execunittb
# ** Note: 
#       Y Propagation Delay: 18300 ps
#       Zero Propagation Delay: 0 ps
#       AltB Propagation Delay: 13300 ps
#       AltBu Propagation Delay: 13400 ps
# 
#    Time: 608400 ps  Iteration: 0  Instance: /execunittb
# ** Note: PASS: Test Case 15
#    Time: 647100 ps  Iteration: 0  Instance: /execunittb
# ** Note: 
#       Y Propagation Delay: 18700 ps
#       Zero Propagation Delay: 0 ps
#       AltB Propagation Delay: 13600 ps
#       AltBu Propagation Delay: 13700 ps
# 
#    Time: 647100 ps  Iteration: 0  Instance: /execunittb
# ** Note: PASS: Test Case 16
#    Time: 686900 ps  Iteration: 0  Instance: /execunittb
# ** Note: 
#       Y Propagation Delay: 19800 ps
#       Zero Propagation Delay: 0 ps
#       AltB Propagation Delay: 12200 ps
#       AltBu Propagation Delay: 0 ps
# 
#    Time: 686900 ps  Iteration: 0  Instance: /execunittb
# ** Note: PASS: Test Case 17
#    Time: 728900 ps  Iteration: 0  Instance: /execunittb
# ** Note: 
#       Y Propagation Delay: 22000 ps
#       Zero Propagation Delay: 0 ps
#       AltB Propagation Delay: 13500 ps
#       AltBu Propagation Delay: 13600 ps
# 
#    Time: 728900 ps  Iteration: 0  Instance: /execunittb
# ** Note: PASS: Test Case 18
#    Time: 767600 ps  Iteration: 0  Instance: /execunittb
# ** Note: 
#       Y Propagation Delay: 18700 ps
#       Zero Propagation Delay: 0 ps
#       AltB Propagation Delay: 13200 ps
#       AltBu Propagation Delay: 13400 ps
# 
#    Time: 767600 ps  Iteration: 0  Instance: /execunittb
# ** Note: PASS: Test Case 19
#    Time: 806800 ps  Iteration: 0  Instance: /execunittb
# ** Note: 
#       Y Propagation Delay: 19200 ps
#       Zero Propagation Delay: 0 ps
#       AltB Propagation Delay: 14500 ps
#       AltBu Propagation Delay: 14800 ps
# 
#    Time: 806800 ps  Iteration: 0  Instance: /execunittb
# ** Note: PASS: Test Case 20
#    Time: 844900 ps  Iteration: 0  Instance: /execunittb
# ** Note: 
#       Y Propagation Delay: 18100 ps
#       Zero Propagation Delay: 0 ps
#       AltB Propagation Delay: 15300 ps
#       AltBu Propagation Delay: 15600 ps
# 
#    Time: 844900 ps  Iteration: 0  Instance: /execunittb
# ** Note: PASS: Test Case 21
#    Time: 884600 ps  Iteration: 0  Instance: /execunittb
# ** Note: 
#       Y Propagation Delay: 19700 ps
#       Zero Propagation Delay: 0 ps
#       AltB Propagation Delay: 13800 ps
#       AltBu Propagation Delay: 13900 ps
# 
#    Time: 884600 ps  Iteration: 0  Instance: /execunittb
# ** Note: PASS: Test Case 22
#    Time: 924800 ps  Iteration: 0  Instance: /execunittb
# ** Note: 
#       Y Propagation Delay: 20200 ps
#       Zero Propagation Delay: 0 ps
#       AltB Propagation Delay: 14500 ps
#       AltBu Propagation Delay: 14500 ps
# 
#    Time: 924800 ps  Iteration: 0  Instance: /execunittb
# ** Note: PASS: Test Case 23
#    Time: 966600 ps  Iteration: 0  Instance: /execunittb
# ** Note: 
#       Y Propagation Delay: 21800 ps
#       Zero Propagation Delay: 0 ps
#       AltB Propagation Delay: 12900 ps
#       AltBu Propagation Delay: 13100 ps
# 
#    Time: 966600 ps  Iteration: 0  Instance: /execunittb
# ** Note: PASS: Test Case 24
#    Time: 1010 ns  Iteration: 0  Instance: /execunittb
# ** Note: 
#       Y Propagation Delay: 23400 ps
#       Zero Propagation Delay: 0 ps
#       AltB Propagation Delay: 13700 ps
#       AltBu Propagation Delay: 14000 ps
# 
#    Time: 1010 ns  Iteration: 0  Instance: /execunittb
# ** Note: PASS: Test Case 25
#    Time: 1051 ns  Iteration: 0  Instance: /execunittb
# ** Note: 
#       Y Propagation Delay: 21000 ps
#       Zero Propagation Delay: 0 ps
#       AltB Propagation Delay: 13100 ps
#       AltBu Propagation Delay: 13200 ps
# 
#    Time: 1051 ns  Iteration: 0  Instance: /execunittb
# ** Note: PASS: Test Case 26
#    Time: 1089800 ps  Iteration: 0  Instance: /execunittb
# ** Note: 
#       Y Propagation Delay: 18800 ps
#       Zero Propagation Delay: 0 ps
#       AltB Propagation Delay: 13200 ps
#       AltBu Propagation Delay: 13300 ps
# 
#    Time: 1089800 ps  Iteration: 0  Instance: /execunittb
# ** Note: PASS: Test Case 27
#    Time: 1132300 ps  Iteration: 0  Instance: /execunittb
# ** Note: 
#       Y Propagation Delay: 22500 ps
#       Zero Propagation Delay: 0 ps
#       AltB Propagation Delay: 0 ps
#       AltBu Propagation Delay: 0 ps
# 
#    Time: 1132300 ps  Iteration: 0  Instance: /execunittb
# ** Note: PASS: Test Case 28
#    Time: 1171900 ps  Iteration: 0  Instance: /execunittb
# ** Note: 
#       Y Propagation Delay: 19600 ps
#       Zero Propagation Delay: 0 ps
#       AltB Propagation Delay: 12800 ps
#       AltBu Propagation Delay: 0 ps
# 
#    Time: 1171900 ps  Iteration: 0  Instance: /execunittb
# ** Note: PASS: Test Case 29
#    Time: 1210700 ps  Iteration: 0  Instance: /execunittb
# ** Note: 
#       Y Propagation Delay: 18800 ps
#       Zero Propagation Delay: 0 ps
#       AltB Propagation Delay: 13200 ps
#       AltBu Propagation Delay: 13500 ps
# 
#    Time: 1210700 ps  Iteration: 0  Instance: /execunittb
# ** Note: PASS: Test Case 30
#    Time: 1250200 ps  Iteration: 0  Instance: /execunittb
# ** Note: 
#       Y Propagation Delay: 19500 ps
#       Zero Propagation Delay: 0 ps
#       AltB Propagation Delay: 13300 ps
#       AltBu Propagation Delay: 13400 ps
# 
#    Time: 1250200 ps  Iteration: 0  Instance: /execunittb
# ** Note: PASS: Test Case 31
#    Time: 1290400 ps  Iteration: 0  Instance: /execunittb
# ** Note: 
#       Y Propagation Delay: 20200 ps
#       Zero Propagation Delay: 0 ps
#       AltB Propagation Delay: 12800 ps
#       AltBu Propagation Delay: 13000 ps
# 
#    Time: 1290400 ps  Iteration: 0  Instance: /execunittb
# ** Note: PASS: Test Case 32
#    Time: 1330900 ps  Iteration: 0  Instance: /execunittb
# ** Note: 
#       Y Propagation Delay: 20500 ps
#       Zero Propagation Delay: 0 ps
#       AltB Propagation Delay: 15000 ps
#       AltBu Propagation Delay: 15300 ps
# 
#    Time: 1330900 ps  Iteration: 0  Instance: /execunittb
# ** Note: PASS: Test Case 33
#    Time: 1370600 ps  Iteration: 0  Instance: /execunittb
# ** Note: 
#       Y Propagation Delay: 19700 ps
#       Zero Propagation Delay: 0 ps
#       AltB Propagation Delay: 12000 ps
#       AltBu Propagation Delay: 0 ps
# 
#    Time: 1370600 ps  Iteration: 0  Instance: /execunittb
# ** Note: PASS: Test Case 34
#    Time: 1411300 ps  Iteration: 0  Instance: /execunittb
# ** Note: 
#       Y Propagation Delay: 20700 ps
#       Zero Propagation Delay: 0 ps
#       AltB Propagation Delay: 17200 ps
#       AltBu Propagation Delay: 17200 ps
# 
#    Time: 1411300 ps  Iteration: 0  Instance: /execunittb
# ** Note: PASS: Test Case 35
#    Time: 1449700 ps  Iteration: 0  Instance: /execunittb
# ** Note: 
#       Y Propagation Delay: 18400 ps
#       Zero Propagation Delay: 0 ps
#       AltB Propagation Delay: 15300 ps
#       AltBu Propagation Delay: 15600 ps
# 
#    Time: 1449700 ps  Iteration: 0  Instance: /execunittb
# ** Note: PASS: Test Case 36
#    Time: 1488 ns  Iteration: 0  Instance: /execunittb
# ** Note: 
#       Y Propagation Delay: 18300 ps
#       Zero Propagation Delay: 0 ps
#       AltB Propagation Delay: 12300 ps
#       AltBu Propagation Delay: 0 ps
# 
#    Time: 1488 ns  Iteration: 0  Instance: /execunittb
# ** Note: PASS: Test Case 37
#    Time: 1525400 ps  Iteration: 0  Instance: /execunittb
# ** Note: 
#       Y Propagation Delay: 17400 ps
#       Zero Propagation Delay: 0 ps
#       AltB Propagation Delay: 13600 ps
#       AltBu Propagation Delay: 13900 ps
# 
#    Time: 1525400 ps  Iteration: 0  Instance: /execunittb
# ** Note: PASS: Test Case 38
#    Time: 1563800 ps  Iteration: 0  Instance: /execunittb
# ** Note: 
#       Y Propagation Delay: 18400 ps
#       Zero Propagation Delay: 0 ps
#       AltB Propagation Delay: 0 ps
#       AltBu Propagation Delay: 0 ps
# 
#    Time: 1563800 ps  Iteration: 0  Instance: /execunittb
# ** Note: PASS: Test Case 39
#    Time: 1602600 ps  Iteration: 0  Instance: /execunittb
# ** Note: 
#       Y Propagation Delay: 18800 ps
#       Zero Propagation Delay: 0 ps
#       AltB Propagation Delay: 13700 ps
#       AltBu Propagation Delay: 13700 ps
# 
#    Time: 1602600 ps  Iteration: 0  Instance: /execunittb
# ** Note: PASS: Test Case 40
#    Time: 1642500 ps  Iteration: 0  Instance: /execunittb
# ** Note: 
#       Y Propagation Delay: 19900 ps
#       Zero Propagation Delay: 0 ps
#       AltB Propagation Delay: 13200 ps
#       AltBu Propagation Delay: 13500 ps
# 
#    Time: 1642500 ps  Iteration: 0  Instance: /execunittb
# ** Note: PASS: Test Case 41
#    Time: 1686300 ps  Iteration: 0  Instance: /execunittb
# ** Note: 
#       Y Propagation Delay: 23800 ps
#       Zero Propagation Delay: 0 ps
#       AltB Propagation Delay: 15500 ps
#       AltBu Propagation Delay: 15500 ps
# 
#    Time: 1686300 ps  Iteration: 0  Instance: /execunittb
# ** Note: PASS: Test Case 42
#    Time: 1730500 ps  Iteration: 0  Instance: /execunittb
# ** Note: 
#       Y Propagation Delay: 24200 ps
#       Zero Propagation Delay: 0 ps
#       AltB Propagation Delay: 13900 ps
#       AltBu Propagation Delay: 13900 ps
# 
#    Time: 1730500 ps  Iteration: 0  Instance: /execunittb
# ** Note: PASS: Test Case 43
#    Time: 1776700 ps  Iteration: 0  Instance: /execunittb
# ** Note: 
#       Y Propagation Delay: 26200 ps
#       Zero Propagation Delay: 0 ps
#       AltB Propagation Delay: 12300 ps
#       AltBu Propagation Delay: 0 ps
# 
#    Time: 1776700 ps  Iteration: 0  Instance: /execunittb
# ** Note: PASS: Test Case 44
#    Time: 1816800 ps  Iteration: 0  Instance: /execunittb
# ** Note: 
#       Y Propagation Delay: 20100 ps
#       Zero Propagation Delay: 0 ps
#       AltB Propagation Delay: 11700 ps
#       AltBu Propagation Delay: 13100 ps
# 
#    Time: 1816800 ps  Iteration: 0  Instance: /execunittb
# ** Note: PASS: Test Case 45
#    Time: 1858500 ps  Iteration: 0  Instance: /execunittb
# ** Note: 
#       Y Propagation Delay: 21700 ps
#       Zero Propagation Delay: 0 ps
#       AltB Propagation Delay: 12300 ps
#       AltBu Propagation Delay: 0 ps
# 
#    Time: 1858500 ps  Iteration: 0  Instance: /execunittb
# ** Note: PASS: Test Case 46
#    Time: 1900500 ps  Iteration: 0  Instance: /execunittb
# ** Note: 
#       Y Propagation Delay: 22000 ps
#       Zero Propagation Delay: 0 ps
#       AltB Propagation Delay: 13400 ps
#       AltBu Propagation Delay: 13500 ps
# 
#    Time: 1900500 ps  Iteration: 0  Instance: /execunittb
# ** Note: PASS: Test Case 47
#    Time: 1943100 ps  Iteration: 0  Instance: /execunittb
# ** Note: 
#       Y Propagation Delay: 22600 ps
#       Zero Propagation Delay: 0 ps
#       AltB Propagation Delay: 17800 ps
#       AltBu Propagation Delay: 17800 ps
# 
#    Time: 1943100 ps  Iteration: 0  Instance: /execunittb
# ** Note: PASS: Test Case 48
#    Time: 1989600 ps  Iteration: 0  Instance: /execunittb
# ** Note: 
#       Y Propagation Delay: 26500 ps
#       Zero Propagation Delay: 0 ps
#       AltB Propagation Delay: 12100 ps
#       AltBu Propagation Delay: 0 ps
# 
#    Time: 1989600 ps  Iteration: 0  Instance: /execunittb
# ** Note: PASS: Test Case 49
#    Time: 2034200 ps  Iteration: 0  Instance: /execunittb
# ** Note: 
#       Y Propagation Delay: 24600 ps
#       Zero Propagation Delay: 0 ps
#       AltB Propagation Delay: 13100 ps
#       AltBu Propagation Delay: 13400 ps
# 
#    Time: 2034200 ps  Iteration: 0  Instance: /execunittb
# ** Note: PASS: Test Case 50
#    Time: 2076400 ps  Iteration: 0  Instance: /execunittb
# ** Note: 
#       Y Propagation Delay: 22200 ps
#       Zero Propagation Delay: 0 ps
#       AltB Propagation Delay: 13600 ps
#       AltBu Propagation Delay: 13700 ps
# 
#    Time: 2076400 ps  Iteration: 0  Instance: /execunittb
# ** Note: PASS: Test Case 51
#    Time: 2118900 ps  Iteration: 0  Instance: /execunittb
# ** Note: 
#       Y Propagation Delay: 22500 ps
#       Zero Propagation Delay: 0 ps
#       AltB Propagation Delay: 11800 ps
#       AltBu Propagation Delay: 0 ps
# 
#    Time: 2118900 ps  Iteration: 0  Instance: /execunittb
# ** Note: PASS: Test Case 52
#    Time: 2160900 ps  Iteration: 0  Instance: /execunittb
# ** Note: 
#       Y Propagation Delay: 22000 ps
#       Zero Propagation Delay: 0 ps
#       AltB Propagation Delay: 13200 ps
#       AltBu Propagation Delay: 13500 ps
# 
#    Time: 2160900 ps  Iteration: 0  Instance: /execunittb
# ** Note: PASS: Test Case 53
#    Time: 2206700 ps  Iteration: 0  Instance: /execunittb
# ** Note: 
#       Y Propagation Delay: 25800 ps
#       Zero Propagation Delay: 0 ps
#       AltB Propagation Delay: 13400 ps
#       AltBu Propagation Delay: 13500 ps
# 
#    Time: 2206700 ps  Iteration: 0  Instance: /execunittb
# ** Note: PASS: Test Case 54
#    Time: 2247800 ps  Iteration: 0  Instance: /execunittb
# ** Note: 
#       Y Propagation Delay: 21100 ps
#       Zero Propagation Delay: 0 ps
#       AltB Propagation Delay: 15300 ps
#       AltBu Propagation Delay: 15300 ps
# 
#    Time: 2247800 ps  Iteration: 0  Instance: /execunittb
# ** Note: PASS: Test Case 55
#    Time: 2292 ns  Iteration: 0  Instance: /execunittb
# ** Note: 
#       Y Propagation Delay: 24200 ps
#       Zero Propagation Delay: 0 ps
#       AltB Propagation Delay: 16800 ps
#       AltBu Propagation Delay: 16800 ps
# 
#    Time: 2292 ns  Iteration: 0  Instance: /execunittb
# ** Note: PASS: Test Case 56
#    Time: 2336500 ps  Iteration: 0  Instance: /execunittb
# ** Note: 
#       Y Propagation Delay: 24500 ps
#       Zero Propagation Delay: 0 ps
#       AltB Propagation Delay: 16400 ps
#       AltBu Propagation Delay: 16700 ps
# 
#    Time: 2336500 ps  Iteration: 0  Instance: /execunittb
# ** Note: PASS: Test Case 57
#    Time: 2380800 ps  Iteration: 0  Instance: /execunittb
# ** Note: 
#       Y Propagation Delay: 24300 ps
#       Zero Propagation Delay: 0 ps
#       AltB Propagation Delay: 13600 ps
#       AltBu Propagation Delay: 13700 ps
# 
#    Time: 2380800 ps  Iteration: 0  Instance: /execunittb
# ** Note: PASS: Test Case 58
#    Time: 2425900 ps  Iteration: 0  Instance: /execunittb
# ** Note: 
#       Y Propagation Delay: 25100 ps
#       Zero Propagation Delay: 0 ps
#       AltB Propagation Delay: 0 ps
#       AltBu Propagation Delay: 0 ps
# 
#    Time: 2425900 ps  Iteration: 0  Instance: /execunittb
# ** Note: PASS: Test Case 59
#    Time: 2470 ns  Iteration: 0  Instance: /execunittb
# ** Note: 
#       Y Propagation Delay: 24100 ps
#       Zero Propagation Delay: 0 ps
#       AltB Propagation Delay: 13700 ps
#       AltBu Propagation Delay: 13700 ps
# 
#    Time: 2470 ns  Iteration: 0  Instance: /execunittb
# ** Note: PASS: Test Case 60
#    Time: 2513200 ps  Iteration: 0  Instance: /execunittb
# ** Note: 
#       Y Propagation Delay: 23200 ps
#       Zero Propagation Delay: 0 ps
#       AltB Propagation Delay: 13900 ps
#       AltBu Propagation Delay: 13900 ps
# 
#    Time: 2513200 ps  Iteration: 0  Instance: /execunittb
# ** Note: PASS: Test Case 61
#    Time: 2554600 ps  Iteration: 0  Instance: /execunittb
# ** Note: 
#       Y Propagation Delay: 21400 ps
#       Zero Propagation Delay: 0 ps
#       AltB Propagation Delay: 13200 ps
#       AltBu Propagation Delay: 13400 ps
# 
#    Time: 2554600 ps  Iteration: 0  Instance: /execunittb
# ** Note: PASS: Test Case 62
#    Time: 2598900 ps  Iteration: 0  Instance: /execunittb
# ** Note: 
#       Y Propagation Delay: 24300 ps
#       Zero Propagation Delay: 0 ps
#       AltB Propagation Delay: 14700 ps
#       AltBu Propagation Delay: 15000 ps
# 
#    Time: 2598900 ps  Iteration: 0  Instance: /execunittb
# ** Note: PASS: Test Case 63
#    Time: 2644400 ps  Iteration: 0  Instance: /execunittb
# ** Note: 
#       Y Propagation Delay: 25500 ps
#       Zero Propagation Delay: 0 ps
#       AltB Propagation Delay: 13800 ps
#       AltBu Propagation Delay: 13900 ps
# 
#    Time: 2644400 ps  Iteration: 0  Instance: /execunittb
# ** Note: PASS: Test Case 64
#    Time: 2686 ns  Iteration: 0  Instance: /execunittb
# ** Note: 
#       Y Propagation Delay: 21600 ps
#       Zero Propagation Delay: 0 ps
#       AltB Propagation Delay: 0 ps
#       AltBu Propagation Delay: 0 ps
# 
#    Time: 2686 ns  Iteration: 0  Instance: /execunittb
# ** Note: PASS: Test Case 65
#    Time: 2733100 ps  Iteration: 0  Instance: /execunittb
# ** Note: 
#       Y Propagation Delay: 27100 ps
#       Zero Propagation Delay: 0 ps
#       AltB Propagation Delay: 0 ps
#       AltBu Propagation Delay: 0 ps
# 
#    Time: 2733100 ps  Iteration: 0  Instance: /execunittb
# ** Note: PASS: Test Case 66
#    Time: 2776800 ps  Iteration: 0  Instance: /execunittb
# ** Note: 
#       Y Propagation Delay: 23700 ps
#       Zero Propagation Delay: 0 ps
#       AltB Propagation Delay: 0 ps
#       AltBu Propagation Delay: 0 ps
# 
#    Time: 2776800 ps  Iteration: 0  Instance: /execunittb
# ** Note: PASS: Test Case 67
#    Time: 2817300 ps  Iteration: 0  Instance: /execunittb
# ** Note: 
#       Y Propagation Delay: 20500 ps
#       Zero Propagation Delay: 0 ps
#       AltB Propagation Delay: 0 ps
#       AltBu Propagation Delay: 0 ps
# 
#    Time: 2817300 ps  Iteration: 0  Instance: /execunittb
# ** Note: PASS: Test Case 68
#    Time: 2862100 ps  Iteration: 0  Instance: /execunittb
# ** Note: 
#       Y Propagation Delay: 24800 ps
#       Zero Propagation Delay: 0 ps
#       AltB Propagation Delay: 12800 ps
#       AltBu Propagation Delay: 13100 ps
# 
#    Time: 2862100 ps  Iteration: 0  Instance: /execunittb
# ** Note: PASS: Test Case 69
#    Time: 2906100 ps  Iteration: 0  Instance: /execunittb
# ** Note: 
#       Y Propagation Delay: 24000 ps
#       Zero Propagation Delay: 0 ps
#       AltB Propagation Delay: 13400 ps
#       AltBu Propagation Delay: 13500 ps
# 
#    Time: 2906100 ps  Iteration: 0  Instance: /execunittb
# ** Note: PASS: Test Case 70
#    Time: 2947100 ps  Iteration: 0  Instance: /execunittb
# ** Note: 
#       Y Propagation Delay: 21000 ps
#       Zero Propagation Delay: 0 ps
#       AltB Propagation Delay: 12800 ps
#       AltBu Propagation Delay: 13100 ps
# 
#    Time: 2947100 ps  Iteration: 0  Instance: /execunittb
# ** Note: PASS: Test Case 71
#    Time: 2986200 ps  Iteration: 0  Instance: /execunittb
# ** Note: 
#       Y Propagation Delay: 19100 ps
#       Zero Propagation Delay: 0 ps
#       AltB Propagation Delay: 14700 ps
#       AltBu Propagation Delay: 15000 ps
# 
#    Time: 2986200 ps  Iteration: 0  Instance: /execunittb
# ** Note: PASS: Test Case 72
#    Time: 3025500 ps  Iteration: 0  Instance: /execunittb
# ** Note: 
#       Y Propagation Delay: 19300 ps
#       Zero Propagation Delay: 0 ps
#       AltB Propagation Delay: 15500 ps
#       AltBu Propagation Delay: 15500 ps
# 
#    Time: 3025500 ps  Iteration: 0  Instance: /execunittb
# ** Note: PASS: Test Case 73
#    Time: 3068900 ps  Iteration: 0  Instance: /execunittb
# ** Note: 
#       Y Propagation Delay: 23400 ps
#       Zero Propagation Delay: 0 ps
#       AltB Propagation Delay: 0 ps
#       AltBu Propagation Delay: 0 ps
# 
#    Time: 3068900 ps  Iteration: 0  Instance: /execunittb
# ** Note: PASS: Test Case 74
#    Time: 3110600 ps  Iteration: 0  Instance: /execunittb
# ** Note: 
#       Y Propagation Delay: 21700 ps
#       Zero Propagation Delay: 0 ps
#       AltB Propagation Delay: 13200 ps
#       AltBu Propagation Delay: 13400 ps
# 
#    Time: 3110600 ps  Iteration: 0  Instance: /execunittb
# ** Note: PASS: Test Case 75
#    Time: 3151800 ps  Iteration: 0  Instance: /execunittb
# ** Note: 
#       Y Propagation Delay: 21200 ps
#       Zero Propagation Delay: 0 ps
#       AltB Propagation Delay: 0 ps
#       AltBu Propagation Delay: 0 ps
# 
#    Time: 3151800 ps  Iteration: 0  Instance: /execunittb
# ** Note: PASS: Test Case 76
#    Time: 3192800 ps  Iteration: 0  Instance: /execunittb
# ** Note: 
#       Y Propagation Delay: 21000 ps
#       Zero Propagation Delay: 0 ps
#       AltB Propagation Delay: 15500 ps
#       AltBu Propagation Delay: 15500 ps
# 
#    Time: 3192800 ps  Iteration: 0  Instance: /execunittb
# ** Note: PASS: Test Case 77
#    Time: 3234700 ps  Iteration: 0  Instance: /execunittb
# ** Note: 
#       Y Propagation Delay: 21900 ps
#       Zero Propagation Delay: 0 ps
#       AltB Propagation Delay: 12900 ps
#       AltBu Propagation Delay: 13100 ps
# 
#    Time: 3234700 ps  Iteration: 0  Instance: /execunittb
# ** Note: PASS: Test Case 78
#    Time: 3280700 ps  Iteration: 0  Instance: /execunittb
# ** Note: 
#       Y Propagation Delay: 26000 ps
#       Zero Propagation Delay: 0 ps
#       AltB Propagation Delay: 13700 ps
#       AltBu Propagation Delay: 13700 ps
# 
#    Time: 3280700 ps  Iteration: 0  Instance: /execunittb
# ** Note: PASS: Test Case 79
#    Time: 3325800 ps  Iteration: 0  Instance: /execunittb
# ** Note: 
#       Y Propagation Delay: 25100 ps
#       Zero Propagation Delay: 0 ps
#       AltB Propagation Delay: 13200 ps
#       AltBu Propagation Delay: 13400 ps
# 
#    Time: 3325800 ps  Iteration: 0  Instance: /execunittb
# ** Note: PASS: Test Case 80
#    Time: 3367500 ps  Iteration: 0  Instance: /execunittb
# ** Note: 
#       Y Propagation Delay: 21700 ps
#       Zero Propagation Delay: 0 ps
#       AltB Propagation Delay: 0 ps
#       AltBu Propagation Delay: 0 ps
# 
#    Time: 3367500 ps  Iteration: 0  Instance: /execunittb
# ** Note: PASS: Test Case 81
#    Time: 3405100 ps  Iteration: 0  Instance: /execunittb
# ** Note: 
#       Y Propagation Delay: 17600 ps
#       Zero Propagation Delay: 0 ps
#       AltB Propagation Delay: 13800 ps
#       AltBu Propagation Delay: 13900 ps
# 
#    Time: 3405100 ps  Iteration: 0  Instance: /execunittb
# ** Note: PASS: Test Case 82
#    Time: 3442100 ps  Iteration: 0  Instance: /execunittb
# ** Note: 
#       Y Propagation Delay: 17000 ps
#       Zero Propagation Delay: 0 ps
#       AltB Propagation Delay: 13200 ps
#       AltBu Propagation Delay: 13400 ps
# 
#    Time: 3442100 ps  Iteration: 0  Instance: /execunittb
# ** Note: PASS: Test Case 83
#    Time: 3478900 ps  Iteration: 0  Instance: /execunittb
# ** Note: 
#       Y Propagation Delay: 15900 ps
#       Zero Propagation Delay: 0 ps
#       AltB Propagation Delay: 16800 ps
#       AltBu Propagation Delay: 16800 ps
# 
#    Time: 3478900 ps  Iteration: 0  Instance: /execunittb
# ** Note: PASS: Test Case 84
#    Time: 3515100 ps  Iteration: 0  Instance: /execunittb
# ** Note: 
#       Y Propagation Delay: 16200 ps
#       Zero Propagation Delay: 0 ps
#       AltB Propagation Delay: 12300 ps
#       AltBu Propagation Delay: 0 ps
# 
#    Time: 3515100 ps  Iteration: 0  Instance: /execunittb
# ** Note: PASS: Test Case 85
#    Time: 3550800 ps  Iteration: 0  Instance: /execunittb
# ** Note: 
#       Y Propagation Delay: 15700 ps
#       Zero Propagation Delay: 0 ps
#       AltB Propagation Delay: 11400 ps
#       AltBu Propagation Delay: 0 ps
# 
#    Time: 3550800 ps  Iteration: 0  Instance: /execunittb
# ** Note: PASS: Test Case 86
#    Time: 3588100 ps  Iteration: 0  Instance: /execunittb
# ** Note: 
#       Y Propagation Delay: 17300 ps
#       Zero Propagation Delay: 0 ps
#       AltB Propagation Delay: 13400 ps
#       AltBu Propagation Delay: 13400 ps
# 
#    Time: 3588100 ps  Iteration: 0  Instance: /execunittb
# ** Note: PASS: Test Case 87
#    Time: 3624800 ps  Iteration: 0  Instance: /execunittb
# ** Note: 
#       Y Propagation Delay: 16700 ps
#       Zero Propagation Delay: 0 ps
#       AltB Propagation Delay: 13300 ps
#       AltBu Propagation Delay: 13500 ps
# 
#    Time: 3624800 ps  Iteration: 0  Instance: /execunittb
# ** Note: PASS: Test Case 88
#    Time: 3662800 ps  Iteration: 0  Instance: /execunittb
# ** Note: 
#       Y Propagation Delay: 18000 ps
#       Zero Propagation Delay: 0 ps
#       AltB Propagation Delay: 0 ps
#       AltBu Propagation Delay: 0 ps
# 
#    Time: 3662800 ps  Iteration: 0  Instance: /execunittb
# ** Note: PASS: Test Case 89
#    Time: 3700100 ps  Iteration: 0  Instance: /execunittb
# ** Note: 
#       Y Propagation Delay: 17300 ps
#       Zero Propagation Delay: 0 ps
#       AltB Propagation Delay: 12300 ps
#       AltBu Propagation Delay: 0 ps
# 
#    Time: 3700100 ps  Iteration: 0  Instance: /execunittb
# ** Note: PASS: Test Case 90
#    Time: 3737800 ps  Iteration: 0  Instance: /execunittb
# ** Note: 
#       Y Propagation Delay: 17700 ps
#       Zero Propagation Delay: 0 ps
#       AltB Propagation Delay: 13500 ps
#       AltBu Propagation Delay: 13500 ps
# 
#    Time: 3737800 ps  Iteration: 0  Instance: /execunittb
# ** Note: PASS: Test Case 91
#    Time: 3774700 ps  Iteration: 0  Instance: /execunittb
# ** Note: 
#       Y Propagation Delay: 16900 ps
#       Zero Propagation Delay: 0 ps
#       AltB Propagation Delay: 14500 ps
#       AltBu Propagation Delay: 14800 ps
# 
#    Time: 3774700 ps  Iteration: 0  Instance: /execunittb
# ** Note: PASS: Test Case 92
#    Time: 3812500 ps  Iteration: 0  Instance: /execunittb
# ** Note: 
#       Y Propagation Delay: 17800 ps
#       Zero Propagation Delay: 0 ps
#       AltB Propagation Delay: 12300 ps
#       AltBu Propagation Delay: 0 ps
# 
#    Time: 3812500 ps  Iteration: 0  Instance: /execunittb
# ** Note: PASS: Test Case 93
#    Time: 3849900 ps  Iteration: 0  Instance: /execunittb
# ** Note: 
#       Y Propagation Delay: 17400 ps
#       Zero Propagation Delay: 0 ps
#       AltB Propagation Delay: 13000 ps
#       AltBu Propagation Delay: 13000 ps
# 
#    Time: 3849900 ps  Iteration: 0  Instance: /execunittb
# ** Note: PASS: Test Case 94
#    Time: 3887300 ps  Iteration: 0  Instance: /execunittb
# ** Note: 
#       Y Propagation Delay: 17400 ps
#       Zero Propagation Delay: 0 ps
#       AltB Propagation Delay: 12800 ps
#       AltBu Propagation Delay: 0 ps
# 
#    Time: 3887300 ps  Iteration: 0  Instance: /execunittb
# ** Note: PASS: Test Case 95
#    Time: 3924100 ps  Iteration: 0  Instance: /execunittb
# ** Note: 
#       Y Propagation Delay: 16800 ps
#       Zero Propagation Delay: 0 ps
#       AltB Propagation Delay: 12900 ps
#       AltBu Propagation Delay: 13100 ps
# 
#    Time: 3924100 ps  Iteration: 0  Instance: /execunittb
# ** Note: PASS: Test Case 96
#    Time: 3961 ns  Iteration: 0  Instance: /execunittb
# ** Note: 
#       Y Propagation Delay: 16900 ps
#       Zero Propagation Delay: 0 ps
#       AltB Propagation Delay: 13400 ps
#       AltBu Propagation Delay: 13400 ps
# 
#    Time: 3961 ns  Iteration: 0  Instance: /execunittb
# ** Note: PASS: Test Case 97
#    Time: 3999 ns  Iteration: 0  Instance: /execunittb
# ** Note: 
#       Y Propagation Delay: 18000 ps
#       Zero Propagation Delay: 0 ps
#       AltB Propagation Delay: 13200 ps
#       AltBu Propagation Delay: 13400 ps
# 
#    Time: 3999 ns  Iteration: 0  Instance: /execunittb
# ** Note: PASS: Test Case 98
#    Time: 4036400 ps  Iteration: 0  Instance: /execunittb
# ** Note: 
#       Y Propagation Delay: 17400 ps
#       Zero Propagation Delay: 0 ps
#       AltB Propagation Delay: 14600 ps
#       AltBu Propagation Delay: 14900 ps
# 
#    Time: 4036400 ps  Iteration: 0  Instance: /execunittb
# ** Note: PASS: Test Case 99
#    Time: 4073200 ps  Iteration: 0  Instance: /execunittb
# ** Note: 
#       Y Propagation Delay: 16800 ps
#       Zero Propagation Delay: 0 ps
#       AltB Propagation Delay: 0 ps
#       AltBu Propagation Delay: 0 ps
# 
#    Time: 4073200 ps  Iteration: 0  Instance: /execunittb
# ** Note: PASS: Test Case 100
#    Time: 4110300 ps  Iteration: 0  Instance: /execunittb
# ** Note: 
#       Y Propagation Delay: 17100 ps
#       Zero Propagation Delay: 0 ps
#       AltB Propagation Delay: 13700 ps
#       AltBu Propagation Delay: 13700 ps
# 
#    Time: 4110300 ps  Iteration: 0  Instance: /execunittb
# ** Note: PASS: Test Case 101
#    Time: 4148100 ps  Iteration: 0  Instance: /execunittb
# ** Note: 
#       Y Propagation Delay: 17800 ps
#       Zero Propagation Delay: 0 ps
#       AltB Propagation Delay: 13900 ps
#       AltBu Propagation Delay: 13900 ps
# 
#    Time: 4148100 ps  Iteration: 0  Instance: /execunittb
# ** Note: PASS: Test Case 102
#    Time: 4185600 ps  Iteration: 0  Instance: /execunittb
# ** Note: 
#       Y Propagation Delay: 17500 ps
#       Zero Propagation Delay: 0 ps
#       AltB Propagation Delay: 0 ps
#       AltBu Propagation Delay: 0 ps
# 
#    Time: 4185600 ps  Iteration: 0  Instance: /execunittb
# ** Note: PASS: Test Case 103
#    Time: 4222400 ps  Iteration: 0  Instance: /execunittb
# ** Note: 
#       Y Propagation Delay: 16800 ps
#       Zero Propagation Delay: 0 ps
#       AltB Propagation Delay: 13200 ps
#       AltBu Propagation Delay: 13400 ps
# 
#    Time: 4222400 ps  Iteration: 0  Instance: /execunittb
# ** Note: PASS: Test Case 104
#    Time: 4259500 ps  Iteration: 0  Instance: /execunittb
# ** Note: 
#       Y Propagation Delay: 17100 ps
#       Zero Propagation Delay: 0 ps
#       AltB Propagation Delay: 13600 ps
#       AltBu Propagation Delay: 13700 ps
# 
#    Time: 4259500 ps  Iteration: 0  Instance: /execunittb
# ** Note: PASS: Test Case 105
#    Time: 4295500 ps  Iteration: 0  Instance: /execunittb
# ** Note: 
#       Y Propagation Delay: 16000 ps
#       Zero Propagation Delay: 0 ps
#       AltB Propagation Delay: 11600 ps
#       AltBu Propagation Delay: 0 ps
# 
#    Time: 4295500 ps  Iteration: 0  Instance: /execunittb
# ** Note: PASS: Test Case 106
#    Time: 4332700 ps  Iteration: 0  Instance: /execunittb
# ** Note: 
#       Y Propagation Delay: 17200 ps
#       Zero Propagation Delay: 0 ps
#       AltB Propagation Delay: 12900 ps
#       AltBu Propagation Delay: 13100 ps
# 
#    Time: 4332700 ps  Iteration: 0  Instance: /execunittb
# ** Note: PASS: Test Case 107
#    Time: 4370700 ps  Iteration: 0  Instance: /execunittb
# ** Note: 
#       Y Propagation Delay: 18000 ps
#       Zero Propagation Delay: 0 ps
#       AltB Propagation Delay: 15600 ps
#       AltBu Propagation Delay: 15600 ps
# 
#    Time: 4370700 ps  Iteration: 0  Instance: /execunittb
# ** Note: PASS: Test Case 108
#    Time: 4407400 ps  Iteration: 0  Instance: /execunittb
# ** Note: 
#       Y Propagation Delay: 16700 ps
#       Zero Propagation Delay: 0 ps
#       AltB Propagation Delay: 12100 ps
#       AltBu Propagation Delay: 0 ps
# 
#    Time: 4407400 ps  Iteration: 0  Instance: /execunittb
# ** Note: PASS: Test Case 109
#    Time: 4443700 ps  Iteration: 0  Instance: /execunittb
# ** Note: 
#       Y Propagation Delay: 16300 ps
#       Zero Propagation Delay: 0 ps
#       AltB Propagation Delay: 13700 ps
#       AltBu Propagation Delay: 13700 ps
# 
#    Time: 4443700 ps  Iteration: 0  Instance: /execunittb
# ** Note: PASS: Test Case 110
#    Time: 4481100 ps  Iteration: 0  Instance: /execunittb
# ** Note: 
#       Y Propagation Delay: 17400 ps
#       Zero Propagation Delay: 0 ps
#       AltB Propagation Delay: 0 ps
#       AltBu Propagation Delay: 0 ps
# 
#    Time: 4481100 ps  Iteration: 0  Instance: /execunittb
# ** Note: PASS: Test Case 111
#    Time: 4519100 ps  Iteration: 0  Instance: /execunittb
# ** Note: 
#       Y Propagation Delay: 18000 ps
#       Zero Propagation Delay: 0 ps
#       AltB Propagation Delay: 13200 ps
#       AltBu Propagation Delay: 13400 ps
# 
#    Time: 4519100 ps  Iteration: 0  Instance: /execunittb
# ** Note: PASS: Test Case 112
#    Time: 4555900 ps  Iteration: 0  Instance: /execunittb
# ** Note: 
#       Y Propagation Delay: 16800 ps
#       Zero Propagation Delay: 0 ps
#       AltB Propagation Delay: 12900 ps
#       AltBu Propagation Delay: 13000 ps
# 
#    Time: 4555900 ps  Iteration: 0  Instance: /execunittb
# ** Note: PASS: Test Case 113
#    Time: 4590900 ps  Iteration: 0  Instance: /execunittb
# ** Note: 
#       Y Propagation Delay: 15000 ps
#       Zero Propagation Delay: 0 ps
#       AltB Propagation Delay: 13500 ps
#       AltBu Propagation Delay: 13800 ps
# 
#    Time: 4590900 ps  Iteration: 0  Instance: /execunittb
# ** Note: PASS: Test Case 114
#    Time: 4627900 ps  Iteration: 0  Instance: /execunittb
# ** Note: 
#       Y Propagation Delay: 17000 ps
#       Zero Propagation Delay: 0 ps
#       AltB Propagation Delay: 14700 ps
#       AltBu Propagation Delay: 14700 ps
# 
#    Time: 4627900 ps  Iteration: 0  Instance: /execunittb
# ** Note: PASS: Test Case 115
#    Time: 4665700 ps  Iteration: 0  Instance: /execunittb
# ** Note: 
#       Y Propagation Delay: 17800 ps
#       Zero Propagation Delay: 0 ps
#       AltB Propagation Delay: 12100 ps
#       AltBu Propagation Delay: 0 ps
# 
#    Time: 4665700 ps  Iteration: 0  Instance: /execunittb
# ** Note: PASS: Test Case 116
#    Time: 4701900 ps  Iteration: 0  Instance: /execunittb
# ** Note: 
#       Y Propagation Delay: 16200 ps
#       Zero Propagation Delay: 0 ps
#       AltB Propagation Delay: 13200 ps
#       AltBu Propagation Delay: 13400 ps
# 
#    Time: 4701900 ps  Iteration: 0  Instance: /execunittb
# ** Note: PASS: Test Case 117
#    Time: 4739900 ps  Iteration: 0  Instance: /execunittb
# ** Note: 
#       Y Propagation Delay: 18000 ps
#       Zero Propagation Delay: 0 ps
#       AltB Propagation Delay: 12900 ps
#       AltBu Propagation Delay: 13000 ps
# 
#    Time: 4739900 ps  Iteration: 0  Instance: /execunittb
# ** Note: PASS: Test Case 118
#    Time: 4776400 ps  Iteration: 0  Instance: /execunittb
# ** Note: 
#       Y Propagation Delay: 16500 ps
#       Zero Propagation Delay: 0 ps
#       AltB Propagation Delay: 0 ps
#       AltBu Propagation Delay: 0 ps
# 
#    Time: 4776400 ps  Iteration: 0  Instance: /execunittb
# ** Note: PASS: Test Case 119
#    Time: 4813300 ps  Iteration: 0  Instance: /execunittb
# ** Note: 
#       Y Propagation Delay: 16900 ps
#       Zero Propagation Delay: 0 ps
#       AltB Propagation Delay: 0 ps
#       AltBu Propagation Delay: 0 ps
# 
#    Time: 4813300 ps  Iteration: 0  Instance: /execunittb
# ** Note: PASS: Test Case 120
#    Time: 4849500 ps  Iteration: 0  Instance: /execunittb
# ** Note: 
#       Y Propagation Delay: 16200 ps
#       Zero Propagation Delay: 0 ps
#       AltB Propagation Delay: 12900 ps
#       AltBu Propagation Delay: 13100 ps
# 
#    Time: 4849500 ps  Iteration: 0  Instance: /execunittb
# ** Note: PASS: Test Case 121
#    Time: 4886800 ps  Iteration: 0  Instance: /execunittb
# ** Note: 
#       Y Propagation Delay: 17300 ps
#       Zero Propagation Delay: 0 ps
#       AltB Propagation Delay: 15300 ps
#       AltBu Propagation Delay: 15600 ps
# 
#    Time: 4886800 ps  Iteration: 0  Instance: /execunittb
# ** Note: PASS: Test Case 122
#    Time: 4921900 ps  Iteration: 0  Instance: /execunittb
# ** Note: 
#       Y Propagation Delay: 15100 ps
#       Zero Propagation Delay: 0 ps
#       AltB Propagation Delay: 12300 ps
#       AltBu Propagation Delay: 0 ps
# 
#    Time: 4921900 ps  Iteration: 0  Instance: /execunittb
# ** Note: PASS: Test Case 123
#    Time: 4958700 ps  Iteration: 0  Instance: /execunittb
# ** Note: 
#       Y Propagation Delay: 16800 ps
#       Zero Propagation Delay: 0 ps
#       AltB Propagation Delay: 13000 ps
#       AltBu Propagation Delay: 13000 ps
# 
#    Time: 4958700 ps  Iteration: 0  Instance: /execunittb
# ** Note: PASS: Test Case 124
#    Time: 4994100 ps  Iteration: 0  Instance: /execunittb
# ** Note: 
#       Y Propagation Delay: 15400 ps
#       Zero Propagation Delay: 0 ps
#       AltB Propagation Delay: 13700 ps
#       AltBu Propagation Delay: 14000 ps
# 
#    Time: 4994100 ps  Iteration: 0  Instance: /execunittb
# ** Note: PASS: Test Case 125
#    Time: 5030400 ps  Iteration: 0  Instance: /execunittb
# ** Note: 
#       Y Propagation Delay: 16300 ps
#       Zero Propagation Delay: 0 ps
#       AltB Propagation Delay: 13700 ps
#       AltBu Propagation Delay: 13700 ps
# 
#    Time: 5030400 ps  Iteration: 0  Instance: /execunittb
# ** Note: PASS: Test Case 126
#    Time: 5065400 ps  Iteration: 0  Instance: /execunittb
# ** Note: 
#       Y Propagation Delay: 15000 ps
#       Zero Propagation Delay: 0 ps
#       AltB Propagation Delay: 14900 ps
#       AltBu Propagation Delay: 14900 ps
# 
#    Time: 5065400 ps  Iteration: 0  Instance: /execunittb
# ** Note: PASS: Test Case 127
#    Time: 5100600 ps  Iteration: 0  Instance: /execunittb
# ** Note: 
#       Y Propagation Delay: 15200 ps
#       Zero Propagation Delay: 0 ps
#       AltB Propagation Delay: 11800 ps
#       AltBu Propagation Delay: 0 ps
# 
#    Time: 5100600 ps  Iteration: 0  Instance: /execunittb
# ** Note: PASS: Test Case 128
#    Time: 5137400 ps  Iteration: 0  Instance: /execunittb
# ** Note: 
#       Y Propagation Delay: 16800 ps
#       Zero Propagation Delay: 0 ps
#       AltB Propagation Delay: 12700 ps
#       AltBu Propagation Delay: 13500 ps
# 
#    Time: 5137400 ps  Iteration: 0  Instance: /execunittb
# ** Note: PASS: Test Case 129
#    Time: 5172600 ps  Iteration: 0  Instance: /execunittb
# ** Note: 
#       Y Propagation Delay: 15200 ps
#       Zero Propagation Delay: 0 ps
#       AltB Propagation Delay: 12200 ps
#       AltBu Propagation Delay: 0 ps
# 
#    Time: 5172600 ps  Iteration: 0  Instance: /execunittb
# ** Note: PASS: Test Case 130
#    Time: 5209 ns  Iteration: 0  Instance: /execunittb
# ** Note: 
#       Y Propagation Delay: 16400 ps
#       Zero Propagation Delay: 0 ps
#       AltB Propagation Delay: 16100 ps
#       AltBu Propagation Delay: 16400 ps
# 
#    Time: 5209 ns  Iteration: 0  Instance: /execunittb
# ** Note: PASS: Test Case 131
#    Time: 5245800 ps  Iteration: 0  Instance: /execunittb
# ** Note: 
#       Y Propagation Delay: 16800 ps
#       Zero Propagation Delay: 0 ps
#       AltB Propagation Delay: 13200 ps
#       AltBu Propagation Delay: 13300 ps
# 
#    Time: 5245800 ps  Iteration: 0  Instance: /execunittb
# ** Note: PASS: Test Case 132
#    Time: 5280800 ps  Iteration: 0  Instance: /execunittb
# ** Note: 
#       Y Propagation Delay: 15000 ps
#       Zero Propagation Delay: 0 ps
#       AltB Propagation Delay: 0 ps
#       AltBu Propagation Delay: 0 ps
# 
#    Time: 5280800 ps  Iteration: 0  Instance: /execunittb
# ** Note: PASS: Test Case 133
#    Time: 5317200 ps  Iteration: 0  Instance: /execunittb
# ** Note: 
#       Y Propagation Delay: 16400 ps
#       Zero Propagation Delay: 0 ps
#       AltB Propagation Delay: 0 ps
#       AltBu Propagation Delay: 0 ps
# 
#    Time: 5317200 ps  Iteration: 0  Instance: /execunittb
# ** Note: PASS: Test Case 134
#    Time: 5352600 ps  Iteration: 0  Instance: /execunittb
# ** Note: 
#       Y Propagation Delay: 15400 ps
#       Zero Propagation Delay: 0 ps
#       AltB Propagation Delay: 13700 ps
#       AltBu Propagation Delay: 14000 ps
# 
#    Time: 5352600 ps  Iteration: 0  Instance: /execunittb
# ** Note: PASS: Test Case 135
#    Time: 5387700 ps  Iteration: 0  Instance: /execunittb
# ** Note: 
#       Y Propagation Delay: 15100 ps
#       Zero Propagation Delay: 0 ps
#       AltB Propagation Delay: 11800 ps
#       AltBu Propagation Delay: 0 ps
# 
#    Time: 5387700 ps  Iteration: 0  Instance: /execunittb
# ** Note: PASS: Test Case 136
#    Time: 5424300 ps  Iteration: 0  Instance: /execunittb
# ** Note: 
#       Y Propagation Delay: 16600 ps
#       Zero Propagation Delay: 0 ps
#       AltB Propagation Delay: 13300 ps
#       AltBu Propagation Delay: 13400 ps
# 
#    Time: 5424300 ps  Iteration: 0  Instance: /execunittb
# ** Note: PASS: Test Case 137
#    Time: 5459400 ps  Iteration: 0  Instance: /execunittb
# ** Note: 
#       Y Propagation Delay: 15100 ps
#       Zero Propagation Delay: 0 ps
#       AltB Propagation Delay: 13200 ps
#       AltBu Propagation Delay: 13400 ps
# 
#    Time: 5459400 ps  Iteration: 0  Instance: /execunittb
# ** Note: PASS: Test Case 138
#    Time: 5494600 ps  Iteration: 0  Instance: /execunittb
# ** Note: 
#       Y Propagation Delay: 15200 ps
#       Zero Propagation Delay: 0 ps
#       AltB Propagation Delay: 11400 ps
#       AltBu Propagation Delay: 0 ps
# 
#    Time: 5494600 ps  Iteration: 0  Instance: /execunittb
# ** Note: PASS: Test Case 139
#    Time: 5529800 ps  Iteration: 0  Instance: /execunittb
# ** Note: 
#       Y Propagation Delay: 15200 ps
#       Zero Propagation Delay: 0 ps
#       AltB Propagation Delay: 13600 ps
#       AltBu Propagation Delay: 13900 ps
# 
#    Time: 5529800 ps  Iteration: 0  Instance: /execunittb
# ** Note: PASS: Test Case 140
#    Time: 5566200 ps  Iteration: 0  Instance: /execunittb
# ** Note: 
#       Y Propagation Delay: 16400 ps
#       Zero Propagation Delay: 0 ps
#       AltB Propagation Delay: 12300 ps
#       AltBu Propagation Delay: 0 ps
# 
#    Time: 5566200 ps  Iteration: 0  Instance: /execunittb
# ** Note: PASS: Test Case 141
#    Time: 5603300 ps  Iteration: 0  Instance: /execunittb
# ** Note: 
#       Y Propagation Delay: 17100 ps
#       Zero Propagation Delay: 0 ps
#       AltB Propagation Delay: 12800 ps
#       AltBu Propagation Delay: 12900 ps
# 
#    Time: 5603300 ps  Iteration: 0  Instance: /execunittb
# ** Note: PASS: Test Case 142
#    Time: 5636400 ps  Iteration: 0  Instance: /execunittb
# ** Note: 
#       Y Propagation Delay: 13100 ps
#       Zero Propagation Delay: 0 ps
#       AltB Propagation Delay: 11800 ps
#       AltBu Propagation Delay: 0 ps
# 
#    Time: 5636400 ps  Iteration: 0  Instance: /execunittb
# ** Note: PASS: Test Case 143
#    Time: 5669800 ps  Iteration: 0  Instance: /execunittb
# ** Note: 
#       Y Propagation Delay: 13400 ps
#       Zero Propagation Delay: 0 ps
#       AltB Propagation Delay: 12100 ps
#       AltBu Propagation Delay: 0 ps
# 
#    Time: 5669800 ps  Iteration: 0  Instance: /execunittb
# ** Note: PASS: Test Case 144
#    Time: 5704700 ps  Iteration: 0  Instance: /execunittb
# ** Note: 
#       Y Propagation Delay: 14900 ps
#       Zero Propagation Delay: 0 ps
#       AltB Propagation Delay: 13700 ps
#       AltBu Propagation Delay: 14000 ps
# 
#    Time: 5704700 ps  Iteration: 0  Instance: /execunittb
# ** Note: PASS: Test Case 145
#    Time: 5738900 ps  Iteration: 0  Instance: /execunittb
# ** Note: 
#       Y Propagation Delay: 14200 ps
#       Zero Propagation Delay: 0 ps
#       AltB Propagation Delay: 12800 ps
#       AltBu Propagation Delay: 0 ps
# 
#    Time: 5738900 ps  Iteration: 0  Instance: /execunittb
# ** Note: PASS: Test Case 146
#    Time: 6038900 ps  Iteration: 0  Instance: /execunittb
# ** Note: 
#       Y Propagation Delay: 0 ps
#       Zero Propagation Delay: 0 ps
#       AltB Propagation Delay: 0 ps
#       AltBu Propagation Delay: 0 ps
# 
#    Time: 6038900 ps  Iteration: 0  Instance: /execunittb
# ** Note: PASS: Test Case 147
#    Time: 6338900 ps  Iteration: 0  Instance: /execunittb
# ** Note: 
#       Y Propagation Delay: 0 ps
#       Zero Propagation Delay: 0 ps
#       AltB Propagation Delay: 0 ps
#       AltBu Propagation Delay: 0 ps
# 
#    Time: 6338900 ps  Iteration: 0  Instance: /execunittb
# ** Note: PASS: Test Case 148
#    Time: 6372300 ps  Iteration: 0  Instance: /execunittb
# ** Note: 
#       Y Propagation Delay: 13400 ps
#       Zero Propagation Delay: 0 ps
#       AltB Propagation Delay: 12100 ps
#       AltBu Propagation Delay: 0 ps
# 
#    Time: 6372300 ps  Iteration: 0  Instance: /execunittb
# ** Note: PASS: Test Case 149
#    Time: 6672300 ps  Iteration: 0  Instance: /execunittb
# ** Note: 
#       Y Propagation Delay: 0 ps
#       Zero Propagation Delay: 0 ps
#       AltB Propagation Delay: 0 ps
#       AltBu Propagation Delay: 0 ps
# 
#    Time: 6672300 ps  Iteration: 0  Instance: /execunittb
# ** Note: PASS: Test Case 150
#    Time: 6706700 ps  Iteration: 0  Instance: /execunittb
# ** Note: 
#       Y Propagation Delay: 14400 ps
#       Zero Propagation Delay: 0 ps
#       AltB Propagation Delay: 13300 ps
#       AltBu Propagation Delay: 13400 ps
# 
#    Time: 6706700 ps  Iteration: 0  Instance: /execunittb
# ** Note: PASS: Test Case 151
#    Time: 6742400 ps  Iteration: 0  Instance: /execunittb
# ** Note: 
#       Y Propagation Delay: 15700 ps
#       Zero Propagation Delay: 0 ps
#       AltB Propagation Delay: 14500 ps
#       AltBu Propagation Delay: 14800 ps
# 
#    Time: 6742400 ps  Iteration: 0  Instance: /execunittb
# ** Note: PASS: Test Case 152
#    Time: 6775500 ps  Iteration: 0  Instance: /execunittb
# ** Note: 
#       Y Propagation Delay: 13100 ps
#       Zero Propagation Delay: 0 ps
#       AltB Propagation Delay: 11800 ps
#       AltBu Propagation Delay: 0 ps
# 
#    Time: 6775500 ps  Iteration: 0  Instance: /execunittb
# ** Note: PASS: Test Case 153
#    Time: 6809900 ps  Iteration: 0  Instance: /execunittb
# ** Note: 
#       Y Propagation Delay: 14400 ps
#       Zero Propagation Delay: 0 ps
#       AltB Propagation Delay: 13300 ps
#       AltBu Propagation Delay: 13400 ps
# 
#    Time: 6809900 ps  Iteration: 0  Instance: /execunittb
# ** Note: PASS: Test Case 154
#    Time: 6843600 ps  Iteration: 0  Instance: /execunittb
# ** Note: 
#       Y Propagation Delay: 13700 ps
#       Zero Propagation Delay: 0 ps
#       AltB Propagation Delay: 0 ps
#       AltBu Propagation Delay: 0 ps
# 
#    Time: 6843600 ps  Iteration: 0  Instance: /execunittb
# ** Note: PASS: Test Case 155
#    Time: 6878400 ps  Iteration: 0  Instance: /execunittb
# ** Note: 
#       Y Propagation Delay: 14800 ps
#       Zero Propagation Delay: 0 ps
#       AltB Propagation Delay: 13700 ps
#       AltBu Propagation Delay: 13900 ps
# 
#    Time: 6878400 ps  Iteration: 0  Instance: /execunittb
# ** Note: PASS: Test Case 156
#    Time: 6914600 ps  Iteration: 0  Instance: /execunittb
# ** Note: 
#       Y Propagation Delay: 16200 ps
#       Zero Propagation Delay: 0 ps
#       AltB Propagation Delay: 15200 ps
#       AltBu Propagation Delay: 15200 ps
# 
#    Time: 6914600 ps  Iteration: 0  Instance: /execunittb
# ** Note: PASS: Test Case 157
#    Time: 6949 ns  Iteration: 0  Instance: /execunittb
# ** Note: 
#       Y Propagation Delay: 14400 ps
#       Zero Propagation Delay: 0 ps
#       AltB Propagation Delay: 13400 ps
#       AltBu Propagation Delay: 13400 ps
# 
#    Time: 6949 ns  Iteration: 0  Instance: /execunittb
# ** Note: PASS: Test Case 158
#    Time: 6983800 ps  Iteration: 0  Instance: /execunittb
# ** Note: 
#       Y Propagation Delay: 14800 ps
#       Zero Propagation Delay: 0 ps
#       AltB Propagation Delay: 13700 ps
#       AltBu Propagation Delay: 13900 ps
# 
#    Time: 6983800 ps  Iteration: 0  Instance: /execunittb
# ** Note: PASS: Test Case 159
#    Time: 7017200 ps  Iteration: 0  Instance: /execunittb
# ** Note: 
#       Y Propagation Delay: 13400 ps
#       Zero Propagation Delay: 0 ps
#       AltB Propagation Delay: 12100 ps
#       AltBu Propagation Delay: 0 ps
# 
#    Time: 7017200 ps  Iteration: 0  Instance: /execunittb
# ** Note: PASS: Test Case 160
#    Time: 7051600 ps  Iteration: 0  Instance: /execunittb
# ** Note: 
#       Y Propagation Delay: 14400 ps
#       Zero Propagation Delay: 0 ps
#       AltB Propagation Delay: 13300 ps
#       AltBu Propagation Delay: 13400 ps
# 
#    Time: 7051600 ps  Iteration: 0  Instance: /execunittb
# ** Note: PASS: Test Case 161
#    Time: 7085400 ps  Iteration: 0  Instance: /execunittb
# ** Note: 
#       Y Propagation Delay: 13800 ps
#       Zero Propagation Delay: 0 ps
#       AltB Propagation Delay: 12900 ps
#       AltBu Propagation Delay: 13100 ps
# 
#    Time: 7085400 ps  Iteration: 0  Instance: /execunittb
# ** Note: PASS: Test Case 162
#    Time: 7119900 ps  Iteration: 0  Instance: /execunittb
# ** Note: 
#       Y Propagation Delay: 14500 ps
#       Zero Propagation Delay: 0 ps
#       AltB Propagation Delay: 13500 ps
#       AltBu Propagation Delay: 13500 ps
# 
#    Time: 7119900 ps  Iteration: 0  Instance: /execunittb
# ** Note: PASS: Test Case 163
#    Time: 7153900 ps  Iteration: 0  Instance: /execunittb
# ** Note: 
#       Y Propagation Delay: 14000 ps
#       Zero Propagation Delay: 0 ps
#       AltB Propagation Delay: 12900 ps
#       AltBu Propagation Delay: 13100 ps
# 
#    Time: 7153900 ps  Iteration: 0  Instance: /execunittb
# ** Note: PASS: Test Case 164
#    Time: 7188300 ps  Iteration: 0  Instance: /execunittb
# ** Note: 
#       Y Propagation Delay: 14400 ps
#       Zero Propagation Delay: 0 ps
#       AltB Propagation Delay: 13400 ps
#       AltBu Propagation Delay: 13400 ps
# 
#    Time: 7188300 ps  Iteration: 0  Instance: /execunittb
# ** Note: PASS: Test Case 165
#    Time: 7223200 ps  Iteration: 0  Instance: /execunittb
# ** Note: 
#       Y Propagation Delay: 14900 ps
#       Zero Propagation Delay: 0 ps
#       AltB Propagation Delay: 13700 ps
#       AltBu Propagation Delay: 14000 ps
# 
#    Time: 7223200 ps  Iteration: 0  Instance: /execunittb
# ** Note: PASS: Test Case 166
#    Time: 7256900 ps  Iteration: 0  Instance: /execunittb
# ** Note: 
#       Y Propagation Delay: 13700 ps
#       Zero Propagation Delay: 0 ps
#       AltB Propagation Delay: 11800 ps
#       AltBu Propagation Delay: 0 ps
# 
#    Time: 7256900 ps  Iteration: 0  Instance: /execunittb
# ** Note: PASS: Test Case 167
#    Time: 7289 ns  Iteration: 0  Instance: /execunittb
# ** Note: 
#       Y Propagation Delay: 0 ps
#       Zero Propagation Delay: 0 ps
#       AltB Propagation Delay: 12100 ps
#       AltBu Propagation Delay: 0 ps
# 
#    Time: 7289 ns  Iteration: 0  Instance: /execunittb
# ** Note: PASS: Test Case 168
#    Time: 7323700 ps  Iteration: 0  Instance: /execunittb
# ** Note: 
#       Y Propagation Delay: 14700 ps
#       Zero Propagation Delay: 0 ps
#       AltB Propagation Delay: 13700 ps
#       AltBu Propagation Delay: 13700 ps
# 
#    Time: 7323700 ps  Iteration: 0  Instance: /execunittb
# ** Note: PASS: Test Case 169
#    Time: 7357700 ps  Iteration: 0  Instance: /execunittb
# ** Note: 
#       Y Propagation Delay: 14000 ps
#       Zero Propagation Delay: 0 ps
#       AltB Propagation Delay: 12900 ps
#       AltBu Propagation Delay: 13100 ps
# 
#    Time: 7357700 ps  Iteration: 0  Instance: /execunittb
# ** Note: PASS: Test Case 170
#    Time: 7391100 ps  Iteration: 0  Instance: /execunittb
# ** Note: 
#       Y Propagation Delay: 13400 ps
#       Zero Propagation Delay: 0 ps
#       AltB Propagation Delay: 12100 ps
#       AltBu Propagation Delay: 0 ps
# 
#    Time: 7391100 ps  Iteration: 0  Instance: /execunittb
# ** Note: PASS: Test Case 171
#    Time: 7423300 ps  Iteration: 0  Instance: /execunittb
# ** Note: 
#       Y Propagation Delay: 0 ps
#       Zero Propagation Delay: 0 ps
#       AltB Propagation Delay: 12200 ps
#       AltBu Propagation Delay: 0 ps
# 
#    Time: 7423300 ps  Iteration: 0  Instance: /execunittb
# ** Note: PASS: Test Case 172
#    Time: 7457800 ps  Iteration: 0  Instance: /execunittb
# ** Note: 
#       Y Propagation Delay: 14500 ps
#       Zero Propagation Delay: 0 ps
#       AltB Propagation Delay: 13400 ps
#       AltBu Propagation Delay: 13500 ps
# 
#    Time: 7457800 ps  Iteration: 0  Instance: /execunittb
# ** Note: PASS: Test Case 173
#    Time: 7757800 ps  Iteration: 0  Instance: /execunittb
# ** Note: 
#       Y Propagation Delay: 0 ps
#       Zero Propagation Delay: 0 ps
#       AltB Propagation Delay: 0 ps
#       AltBu Propagation Delay: 0 ps
# 
#    Time: 7757800 ps  Iteration: 0  Instance: /execunittb
# ** Note: PASS: Test Case 174
#    Time: 7792600 ps  Iteration: 0  Instance: /execunittb
# ** Note: 
#       Y Propagation Delay: 14800 ps
#       Zero Propagation Delay: 0 ps
#       AltB Propagation Delay: 13700 ps
#       AltBu Propagation Delay: 13900 ps
# 
#    Time: 7792600 ps  Iteration: 0  Instance: /execunittb
# ** Note: PASS: Test Case 175
#    Time: 7827500 ps  Iteration: 0  Instance: /execunittb
# ** Note: 
#       Y Propagation Delay: 14900 ps
#       Zero Propagation Delay: 0 ps
#       AltB Propagation Delay: 13700 ps
#       AltBu Propagation Delay: 14000 ps
# 
#    Time: 7827500 ps  Iteration: 0  Instance: /execunittb
# ** Note: PASS: Test Case 176
#    Time: 7861900 ps  Iteration: 0  Instance: /execunittb
# ** Note: 
#       Y Propagation Delay: 14400 ps
#       Zero Propagation Delay: 0 ps
#       AltB Propagation Delay: 13300 ps
#       AltBu Propagation Delay: 13400 ps
# 
#    Time: 7861900 ps  Iteration: 0  Instance: /execunittb
# ** Note: PASS: Test Case 177
#    Time: 8161900 ps  Iteration: 0  Instance: /execunittb
# ** Note: 
#       Y Propagation Delay: 0 ps
#       Zero Propagation Delay: 0 ps
#       AltB Propagation Delay: 0 ps
#       AltBu Propagation Delay: 0 ps
# 
#    Time: 8161900 ps  Iteration: 0  Instance: /execunittb
# ** Note: PASS: Test Case 178
#    Time: 8196600 ps  Iteration: 0  Instance: /execunittb
# ** Note: 
#       Y Propagation Delay: 14700 ps
#       Zero Propagation Delay: 0 ps
#       AltB Propagation Delay: 13500 ps
#       AltBu Propagation Delay: 13800 ps
# 
#    Time: 8196600 ps  Iteration: 0  Instance: /execunittb
# ** Note: PASS: Test Case 179
#    Time: 8228400 ps  Iteration: 0  Instance: /execunittb
# ** Note: 
#       Y Propagation Delay: 0 ps
#       Zero Propagation Delay: 0 ps
#       AltB Propagation Delay: 11800 ps
#       AltBu Propagation Delay: 0 ps
# 
#    Time: 8228400 ps  Iteration: 0  Instance: /execunittb
# ** Note: PASS: Test Case 180
#    Time: 8260500 ps  Iteration: 0  Instance: /execunittb
# ** Note: 
#       Y Propagation Delay: 0 ps
#       Zero Propagation Delay: 0 ps
#       AltB Propagation Delay: 12100 ps
#       AltBu Propagation Delay: 0 ps
# 
#    Time: 8260500 ps  Iteration: 0  Instance: /execunittb
# ** Note: PASS: Test Case 181
#    Time: 8299600 ps  Iteration: 0  Instance: /execunittb
# ** Note: 
#       Y Propagation Delay: 19100 ps
#       Zero Propagation Delay: 0 ps
#       AltB Propagation Delay: 13300 ps
#       AltBu Propagation Delay: 13400 ps
# 
#    Time: 8299600 ps  Iteration: 0  Instance: /execunittb
# ** Note: PASS: Test Case 182
#    Time: 8352500 ps  Iteration: 0  Instance: /execunittb
# ** Note: 
#       Y Propagation Delay: 32200 ps
#       Zero Propagation Delay: 32900 ps
#       AltB Propagation Delay: 23400 ps
#       AltBu Propagation Delay: 23700 ps
# 
#    Time: 8352500 ps  Iteration: 0  Instance: /execunittb
# ** Note: PASS: Test Case 183
#    Time: 8390500 ps  Iteration: 0  Instance: /execunittb
# ** Note: 
#       Y Propagation Delay: 18000 ps
#       Zero Propagation Delay: 13400 ps
#       AltB Propagation Delay: 13300 ps
#       AltBu Propagation Delay: 13400 ps
# 
#    Time: 8390500 ps  Iteration: 0  Instance: /execunittb
# ** Note: PASS: Test Case 184
#    Time: 8442800 ps  Iteration: 0  Instance: /execunittb
# ** Note: 
#       Y Propagation Delay: 31600 ps
#       Zero Propagation Delay: 32300 ps
#       AltB Propagation Delay: 22800 ps
#       AltBu Propagation Delay: 23100 ps
# 
#    Time: 8442800 ps  Iteration: 0  Instance: /execunittb
# ** Note: PASS: Test Case 185
#    Time: 8489700 ps  Iteration: 0  Instance: /execunittb
# ** Note: 
#       Y Propagation Delay: 22500 ps
#       Zero Propagation Delay: 26900 ps
#       AltB Propagation Delay: 0 ps
#       AltBu Propagation Delay: 0 ps
# 
#    Time: 8489700 ps  Iteration: 0  Instance: /execunittb
# ** Note: PASS: Test Case 186
#    Time: 8528500 ps  Iteration: 0  Instance: /execunittb
# ** Note: 
#       Y Propagation Delay: 16200 ps
#       Zero Propagation Delay: 18800 ps
#       AltB Propagation Delay: 12200 ps
#       AltBu Propagation Delay: 0 ps
# 
#    Time: 8528500 ps  Iteration: 0  Instance: /execunittb
# ** Note: PASS: Test Case 187
#    Time: 8566500 ps  Iteration: 0  Instance: /execunittb
# ** Note: 
#       Y Propagation Delay: 18000 ps
#       Zero Propagation Delay: 13900 ps
#       AltB Propagation Delay: 13600 ps
#       AltBu Propagation Delay: 13700 ps
# 
#    Time: 8566500 ps  Iteration: 0  Instance: /execunittb
# ** Note: PASS: Test Case 188
#    Time: 8614400 ps  Iteration: 0  Instance: /execunittb
# ** Note: 
#       Y Propagation Delay: 27200 ps
#       Zero Propagation Delay: 27900 ps
#       AltB Propagation Delay: 18400 ps
#       AltBu Propagation Delay: 18700 ps
# 
#    Time: 8614400 ps  Iteration: 0  Instance: /execunittb
# ** Note: PASS: Test Case 189
#    Time: 8652600 ps  Iteration: 0  Instance: /execunittb
# ** Note: 
#       Y Propagation Delay: 18200 ps
#       Zero Propagation Delay: 13400 ps
#       AltB Propagation Delay: 13700 ps
#       AltBu Propagation Delay: 13700 ps
# 
#    Time: 8652600 ps  Iteration: 0  Instance: /execunittb
# ** Note: PASS: Test Case 190
#    Time: 8705500 ps  Iteration: 0  Instance: /execunittb
# ** Note: 
#       Y Propagation Delay: 32200 ps
#       Zero Propagation Delay: 32900 ps
#       AltB Propagation Delay: 23400 ps
#       AltBu Propagation Delay: 23700 ps
# 
#    Time: 8705500 ps  Iteration: 0  Instance: /execunittb
# ** Note: PASS: Test Case 191
#    Time: 8751600 ps  Iteration: 0  Instance: /execunittb
# ** Note: 
#       Y Propagation Delay: 26100 ps
#       Zero Propagation Delay: 14100 ps
#       AltB Propagation Delay: 13800 ps
#       AltBu Propagation Delay: 13900 ps
# 
#    Time: 8751600 ps  Iteration: 0  Instance: /execunittb
# ** Note: PASS: Test Case 192
#    Time: 8790400 ps  Iteration: 0  Instance: /execunittb
# ** Note: 
#       Y Propagation Delay: 16200 ps
#       Zero Propagation Delay: 18800 ps
#       AltB Propagation Delay: 12700 ps
#       AltBu Propagation Delay: 13000 ps
# 
#    Time: 8790400 ps  Iteration: 0  Instance: /execunittb
# ** Note: =====================================================
# >>>>>>>>>>>>>>>> Simulation Complete <<<<<<<<<<<<<<<<
# =====================================================
# Test cases passed: 192
# Test cases failed : 0
# 
#    Time: 8790400 ps  Iteration: 0  Instance: /execunittb
# ** Note: The worst case propagation delay was 32900 ps in test case 182
# 
#    Time: 8790400 ps  Iteration: 0  Instance: /execunittb
# transcript off
# 0 ps
# 9229900 ps
