# End time: 15:24:17 on Dec 02,2025, Elapsed time: 0:01:13
# Errors: 0, Warnings: 2
# Model Technology ModelSim - Intel FPGA Edition vmap 2020.1 Lib Mapping Utility 2020.02 Feb 28 2020
# vmap work work 
# Modifying C:/ENSC350/FP/RISC-V-Execution-Unit/Simulation/FP.mpf
# vsim -quiet -t 100ps -gui -sdftyp "/ExecUnitTB/DUT=../Simulation/ModelSim/SepMux4_CarryS_Arria.sdo" work.Config_SepMux4_CarryS_Timing -GTIMING_MEASUREMENT=true 
# Start time: 15:24:18 on Dec 02,2025
# SDF 2020.1 Compiler 2020.02 Feb 28 2020
# 
# ** Warning: Design size of 224712 statements exceeds ModelSim-Intel FPGA Starter Edition recommended capacity.
# Expect performance to be adversely affected.
# ** Note: (vsim-3587) SDF Backannotation Successfully Completed.
#    Time: 0 ps  Iteration: 0  Instance: /execunittb File: ../Simulation/ExecUnitTB.vhd
# ** Warning: (vsim-WLF-5000) WLF file currently in use: vsim.wlf
#           File in use by: pius  Hostname: DESKTOP-1Q2BHL9  ProcessID: 1992
#           Attempting to use alternate WLF file "./wlftnx2303".
# ** Warning: (vsim-WLF-5001) Could not open WLF file: vsim.wlf
#           Using alternate file: ./wlftnx2303
# ** Note: (vsim-12125) Error and warning message counts have been reset to '0' because of 'restart'.
# ** Warning: Design size of 113030 statements exceeds ModelSim-Intel FPGA Starter Edition recommended capacity.
# Expect performance to be adversely affected.
# ** Note: (vsim-3587) SDF Backannotation Successfully Completed.
#    Time: 0 ps  Iteration: 0  Instance: /execunittb File: ../Simulation/ExecUnitTB.vhd
# run -all
# ** Note: =====================================================
# >>>>>>>>>>>>>>>> Starting Simulation <<<<<<<<<<<<<<<<
# =====================================================
# 
#    Time: 0 ps  Iteration: 0  Instance: /execunittb
# ** Note: PASS: Test Case 1
#    Time: 77900 ps  Iteration: 0  Instance: /execunittb
# ** Note: 
#       Y Propagation Delay: 17900 ps
#       Zero Propagation Delay: 14000 ps
#       AltB Propagation Delay: 13700 ps
#       AltBu Propagation Delay: 13600 ps
# 
#    Time: 77900 ps  Iteration: 0  Instance: /execunittb
# ** Note: PASS: Test Case 2
#    Time: 117200 ps  Iteration: 0  Instance: /execunittb
# ** Note: 
#       Y Propagation Delay: 19300 ps
#       Zero Propagation Delay: 0 ps
#       AltB Propagation Delay: 12300 ps
#       AltBu Propagation Delay: 13200 ps
# 
#    Time: 117200 ps  Iteration: 0  Instance: /execunittb
# ** Note: PASS: Test Case 3
#    Time: 158600 ps  Iteration: 0  Instance: /execunittb
# ** Note: 
#       Y Propagation Delay: 21400 ps
#       Zero Propagation Delay: 0 ps
#       AltB Propagation Delay: 13100 ps
#       AltBu Propagation Delay: 13000 ps
# 
#    Time: 158600 ps  Iteration: 0  Instance: /execunittb
# ** Note: PASS: Test Case 4
#    Time: 197300 ps  Iteration: 0  Instance: /execunittb
# ** Note: 
#       Y Propagation Delay: 18700 ps
#       Zero Propagation Delay: 0 ps
#       AltB Propagation Delay: 12900 ps
#       AltBu Propagation Delay: 12900 ps
# 
#    Time: 197300 ps  Iteration: 0  Instance: /execunittb
# ** Note: PASS: Test Case 5
#    Time: 235 ns  Iteration: 0  Instance: /execunittb
# ** Note: 
#       Y Propagation Delay: 17700 ps
#       Zero Propagation Delay: 0 ps
#       AltB Propagation Delay: 13900 ps
#       AltBu Propagation Delay: 13800 ps
# 
#    Time: 235 ns  Iteration: 0  Instance: /execunittb
# ** Note: PASS: Test Case 6
#    Time: 271700 ps  Iteration: 0  Instance: /execunittb
# ** Note: 
#       Y Propagation Delay: 16700 ps
#       Zero Propagation Delay: 0 ps
#       AltB Propagation Delay: 0 ps
#       AltBu Propagation Delay: 11700 ps
# 
#    Time: 271700 ps  Iteration: 0  Instance: /execunittb
# ** Note: PASS: Test Case 7
#    Time: 309500 ps  Iteration: 0  Instance: /execunittb
# ** Note: 
#       Y Propagation Delay: 17800 ps
#       Zero Propagation Delay: 0 ps
#       AltB Propagation Delay: 13800 ps
#       AltBu Propagation Delay: 13800 ps
# 
#    Time: 309500 ps  Iteration: 0  Instance: /execunittb
# ** Note: PASS: Test Case 8
#    Time: 346600 ps  Iteration: 0  Instance: /execunittb
# ** Note: 
#       Y Propagation Delay: 17100 ps
#       Zero Propagation Delay: 0 ps
#       AltB Propagation Delay: 13000 ps
#       AltBu Propagation Delay: 12900 ps
# 
#    Time: 346600 ps  Iteration: 0  Instance: /execunittb
# ** Note: PASS: Test Case 9
#    Time: 383 ns  Iteration: 0  Instance: /execunittb
# ** Note: 
#       Y Propagation Delay: 16400 ps
#       Zero Propagation Delay: 0 ps
#       AltB Propagation Delay: 13200 ps
#       AltBu Propagation Delay: 0 ps
# 
#    Time: 383 ns  Iteration: 0  Instance: /execunittb
# ** Note: PASS: Test Case 10
#    Time: 420100 ps  Iteration: 0  Instance: /execunittb
# ** Note: 
#       Y Propagation Delay: 17100 ps
#       Zero Propagation Delay: 0 ps
#       AltB Propagation Delay: 12600 ps
#       AltBu Propagation Delay: 13200 ps
# 
#    Time: 420100 ps  Iteration: 0  Instance: /execunittb
# ** Note: PASS: Test Case 11
#    Time: 457800 ps  Iteration: 0  Instance: /execunittb
# ** Note: 
#       Y Propagation Delay: 17700 ps
#       Zero Propagation Delay: 0 ps
#       AltB Propagation Delay: 11800 ps
#       AltBu Propagation Delay: 13200 ps
# 
#    Time: 457800 ps  Iteration: 0  Instance: /execunittb
# ** Note: PASS: Test Case 12
#    Time: 494600 ps  Iteration: 0  Instance: /execunittb
# ** Note: 
#       Y Propagation Delay: 16800 ps
#       Zero Propagation Delay: 0 ps
#       AltB Propagation Delay: 12200 ps
#       AltBu Propagation Delay: 13200 ps
# 
#    Time: 494600 ps  Iteration: 0  Instance: /execunittb
# ** Note: PASS: Test Case 13
#    Time: 531900 ps  Iteration: 0  Instance: /execunittb
# ** Note: 
#       Y Propagation Delay: 17300 ps
#       Zero Propagation Delay: 0 ps
#       AltB Propagation Delay: 12600 ps
#       AltBu Propagation Delay: 13200 ps
# 
#    Time: 531900 ps  Iteration: 0  Instance: /execunittb
# ** Note: PASS: Test Case 14
#    Time: 569900 ps  Iteration: 0  Instance: /execunittb
# ** Note: 
#       Y Propagation Delay: 18000 ps
#       Zero Propagation Delay: 0 ps
#       AltB Propagation Delay: 13000 ps
#       AltBu Propagation Delay: 12900 ps
# 
#    Time: 569900 ps  Iteration: 0  Instance: /execunittb
# ** Note: PASS: Test Case 15
#    Time: 607600 ps  Iteration: 0  Instance: /execunittb
# ** Note: 
#       Y Propagation Delay: 17700 ps
#       Zero Propagation Delay: 0 ps
#       AltB Propagation Delay: 12500 ps
#       AltBu Propagation Delay: 12200 ps
# 
#    Time: 607600 ps  Iteration: 0  Instance: /execunittb
# ** Note: PASS: Test Case 16
#    Time: 645 ns  Iteration: 0  Instance: /execunittb
# ** Note: 
#       Y Propagation Delay: 17400 ps
#       Zero Propagation Delay: 0 ps
#       AltB Propagation Delay: 12900 ps
#       AltBu Propagation Delay: 12900 ps
# 
#    Time: 645 ns  Iteration: 0  Instance: /execunittb
# ** Note: PASS: Test Case 17
#    Time: 684500 ps  Iteration: 0  Instance: /execunittb
# ** Note: 
#       Y Propagation Delay: 19500 ps
#       Zero Propagation Delay: 0 ps
#       AltB Propagation Delay: 12500 ps
#       AltBu Propagation Delay: 12200 ps
# 
#    Time: 684500 ps  Iteration: 0  Instance: /execunittb
# ** Note: PASS: Test Case 18
#    Time: 721300 ps  Iteration: 0  Instance: /execunittb
# ** Note: 
#       Y Propagation Delay: 16800 ps
#       Zero Propagation Delay: 0 ps
#       AltB Propagation Delay: 12600 ps
#       AltBu Propagation Delay: 13200 ps
# 
#    Time: 721300 ps  Iteration: 0  Instance: /execunittb
# ** Note: PASS: Test Case 19
#    Time: 759500 ps  Iteration: 0  Instance: /execunittb
# ** Note: 
#       Y Propagation Delay: 18200 ps
#       Zero Propagation Delay: 0 ps
#       AltB Propagation Delay: 13700 ps
#       AltBu Propagation Delay: 13400 ps
# 
#    Time: 759500 ps  Iteration: 0  Instance: /execunittb
# ** Note: PASS: Test Case 20
#    Time: 795900 ps  Iteration: 0  Instance: /execunittb
# ** Note: 
#       Y Propagation Delay: 16400 ps
#       Zero Propagation Delay: 0 ps
#       AltB Propagation Delay: 13900 ps
#       AltBu Propagation Delay: 13600 ps
# 
#    Time: 795900 ps  Iteration: 0  Instance: /execunittb
# ** Note: PASS: Test Case 21
#    Time: 834500 ps  Iteration: 0  Instance: /execunittb
# ** Note: 
#       Y Propagation Delay: 18600 ps
#       Zero Propagation Delay: 0 ps
#       AltB Propagation Delay: 12600 ps
#       AltBu Propagation Delay: 13200 ps
# 
#    Time: 834500 ps  Iteration: 0  Instance: /execunittb
# ** Note: PASS: Test Case 22
#    Time: 871800 ps  Iteration: 0  Instance: /execunittb
# ** Note: 
#       Y Propagation Delay: 17300 ps
#       Zero Propagation Delay: 0 ps
#       AltB Propagation Delay: 13500 ps
#       AltBu Propagation Delay: 13500 ps
# 
#    Time: 871800 ps  Iteration: 0  Instance: /execunittb
# ** Note: PASS: Test Case 23
#    Time: 910 ns  Iteration: 0  Instance: /execunittb
# ** Note: 
#       Y Propagation Delay: 18200 ps
#       Zero Propagation Delay: 0 ps
#       AltB Propagation Delay: 0 ps
#       AltBu Propagation Delay: 13200 ps
# 
#    Time: 910 ns  Iteration: 0  Instance: /execunittb
# ** Note: PASS: Test Case 24
#    Time: 952500 ps  Iteration: 0  Instance: /execunittb
# ** Note: 
#       Y Propagation Delay: 22500 ps
#       Zero Propagation Delay: 0 ps
#       AltB Propagation Delay: 13700 ps
#       AltBu Propagation Delay: 13600 ps
# 
#    Time: 952500 ps  Iteration: 0  Instance: /execunittb
# ** Note: PASS: Test Case 25
#    Time: 989100 ps  Iteration: 0  Instance: /execunittb
# ** Note: 
#       Y Propagation Delay: 16600 ps
#       Zero Propagation Delay: 0 ps
#       AltB Propagation Delay: 0 ps
#       AltBu Propagation Delay: 11700 ps
# 
#    Time: 989100 ps  Iteration: 0  Instance: /execunittb
# ** Note: PASS: Test Case 26
#    Time: 1025900 ps  Iteration: 0  Instance: /execunittb
# ** Note: 
#       Y Propagation Delay: 16800 ps
#       Zero Propagation Delay: 0 ps
#       AltB Propagation Delay: 12900 ps
#       AltBu Propagation Delay: 12900 ps
# 
#    Time: 1025900 ps  Iteration: 0  Instance: /execunittb
# ** Note: PASS: Test Case 27
#    Time: 1063900 ps  Iteration: 0  Instance: /execunittb
# ** Note: 
#       Y Propagation Delay: 18000 ps
#       Zero Propagation Delay: 0 ps
#       AltB Propagation Delay: 0 ps
#       AltBu Propagation Delay: 0 ps
# 
#    Time: 1063900 ps  Iteration: 0  Instance: /execunittb
# ** Note: PASS: Test Case 28
#    Time: 1102600 ps  Iteration: 0  Instance: /execunittb
# ** Note: 
#       Y Propagation Delay: 18700 ps
#       Zero Propagation Delay: 0 ps
#       AltB Propagation Delay: 12600 ps
#       AltBu Propagation Delay: 0 ps
# 
#    Time: 1102600 ps  Iteration: 0  Instance: /execunittb
# ** Note: PASS: Test Case 29
#    Time: 1140700 ps  Iteration: 0  Instance: /execunittb
# ** Note: 
#       Y Propagation Delay: 18100 ps
#       Zero Propagation Delay: 0 ps
#       AltB Propagation Delay: 12500 ps
#       AltBu Propagation Delay: 12400 ps
# 
#    Time: 1140700 ps  Iteration: 0  Instance: /execunittb
# ** Note: PASS: Test Case 30
#    Time: 1178800 ps  Iteration: 0  Instance: /execunittb
# ** Note: 
#       Y Propagation Delay: 18100 ps
#       Zero Propagation Delay: 0 ps
#       AltB Propagation Delay: 0 ps
#       AltBu Propagation Delay: 11700 ps
# 
#    Time: 1178800 ps  Iteration: 0  Instance: /execunittb
# ** Note: PASS: Test Case 31
#    Time: 1217500 ps  Iteration: 0  Instance: /execunittb
# ** Note: 
#       Y Propagation Delay: 18700 ps
#       Zero Propagation Delay: 0 ps
#       AltB Propagation Delay: 12100 ps
#       AltBu Propagation Delay: 13200 ps
# 
#    Time: 1217500 ps  Iteration: 0  Instance: /execunittb
# ** Note: PASS: Test Case 32
#    Time: 1256500 ps  Iteration: 0  Instance: /execunittb
# ** Note: 
#       Y Propagation Delay: 19000 ps
#       Zero Propagation Delay: 0 ps
#       AltB Propagation Delay: 14800 ps
#       AltBu Propagation Delay: 14700 ps
# 
#    Time: 1256500 ps  Iteration: 0  Instance: /execunittb
# ** Note: PASS: Test Case 33
#    Time: 1292700 ps  Iteration: 0  Instance: /execunittb
# ** Note: 
#       Y Propagation Delay: 16200 ps
#       Zero Propagation Delay: 0 ps
#       AltB Propagation Delay: 11600 ps
#       AltBu Propagation Delay: 0 ps
# 
#    Time: 1292700 ps  Iteration: 0  Instance: /execunittb
# ** Note: PASS: Test Case 34
#    Time: 1330600 ps  Iteration: 0  Instance: /execunittb
# ** Note: 
#       Y Propagation Delay: 17900 ps
#       Zero Propagation Delay: 0 ps
#       AltB Propagation Delay: 15500 ps
#       AltBu Propagation Delay: 15500 ps
# 
#    Time: 1330600 ps  Iteration: 0  Instance: /execunittb
# ** Note: PASS: Test Case 35
#    Time: 1367700 ps  Iteration: 0  Instance: /execunittb
# ** Note: 
#       Y Propagation Delay: 17100 ps
#       Zero Propagation Delay: 0 ps
#       AltB Propagation Delay: 13900 ps
#       AltBu Propagation Delay: 13800 ps
# 
#    Time: 1367700 ps  Iteration: 0  Instance: /execunittb
# ** Note: PASS: Test Case 36
#    Time: 1404300 ps  Iteration: 0  Instance: /execunittb
# ** Note: 
#       Y Propagation Delay: 16600 ps
#       Zero Propagation Delay: 0 ps
#       AltB Propagation Delay: 12600 ps
#       AltBu Propagation Delay: 13000 ps
# 
#    Time: 1404300 ps  Iteration: 0  Instance: /execunittb
# ** Note: PASS: Test Case 37
#    Time: 1440600 ps  Iteration: 0  Instance: /execunittb
# ** Note: 
#       Y Propagation Delay: 16300 ps
#       Zero Propagation Delay: 0 ps
#       AltB Propagation Delay: 13100 ps
#       AltBu Propagation Delay: 0 ps
# 
#    Time: 1440600 ps  Iteration: 0  Instance: /execunittb
# ** Note: PASS: Test Case 38
#    Time: 1477100 ps  Iteration: 0  Instance: /execunittb
# ** Note: 
#       Y Propagation Delay: 16500 ps
#       Zero Propagation Delay: 0 ps
#       AltB Propagation Delay: 0 ps
#       AltBu Propagation Delay: 0 ps
# 
#    Time: 1477100 ps  Iteration: 0  Instance: /execunittb
# ** Note: PASS: Test Case 39
#    Time: 1513100 ps  Iteration: 0  Instance: /execunittb
# ** Note: 
#       Y Propagation Delay: 16000 ps
#       Zero Propagation Delay: 0 ps
#       AltB Propagation Delay: 13200 ps
#       AltBu Propagation Delay: 11700 ps
# 
#    Time: 1513100 ps  Iteration: 0  Instance: /execunittb
# ** Note: PASS: Test Case 40
#    Time: 1550600 ps  Iteration: 0  Instance: /execunittb
# ** Note: 
#       Y Propagation Delay: 17500 ps
#       Zero Propagation Delay: 0 ps
#       AltB Propagation Delay: 13700 ps
#       AltBu Propagation Delay: 13400 ps
# 
#    Time: 1550600 ps  Iteration: 0  Instance: /execunittb
# ** Note: PASS: Test Case 41
#    Time: 1588400 ps  Iteration: 0  Instance: /execunittb
# ** Note: 
#       Y Propagation Delay: 17800 ps
#       Zero Propagation Delay: 0 ps
#       AltB Propagation Delay: 13800 ps
#       AltBu Propagation Delay: 13800 ps
# 
#    Time: 1588400 ps  Iteration: 0  Instance: /execunittb
# ** Note: PASS: Test Case 42
#    Time: 1626700 ps  Iteration: 0  Instance: /execunittb
# ** Note: 
#       Y Propagation Delay: 18300 ps
#       Zero Propagation Delay: 0 ps
#       AltB Propagation Delay: 13200 ps
#       AltBu Propagation Delay: 0 ps
# 
#    Time: 1626700 ps  Iteration: 0  Instance: /execunittb
# ** Note: PASS: Test Case 43
#    Time: 1665100 ps  Iteration: 0  Instance: /execunittb
# ** Note: 
#       Y Propagation Delay: 18400 ps
#       Zero Propagation Delay: 0 ps
#       AltB Propagation Delay: 13100 ps
#       AltBu Propagation Delay: 13200 ps
# 
#    Time: 1665100 ps  Iteration: 0  Instance: /execunittb
# ** Note: PASS: Test Case 44
#    Time: 1702800 ps  Iteration: 0  Instance: /execunittb
# ** Note: 
#       Y Propagation Delay: 17700 ps
#       Zero Propagation Delay: 0 ps
#       AltB Propagation Delay: 13700 ps
#       AltBu Propagation Delay: 13400 ps
# 
#    Time: 1702800 ps  Iteration: 0  Instance: /execunittb
# ** Note: PASS: Test Case 45
#    Time: 1740300 ps  Iteration: 0  Instance: /execunittb
# ** Note: 
#       Y Propagation Delay: 17500 ps
#       Zero Propagation Delay: 0 ps
#       AltB Propagation Delay: 12500 ps
#       AltBu Propagation Delay: 0 ps
# 
#    Time: 1740300 ps  Iteration: 0  Instance: /execunittb
# ** Note: PASS: Test Case 46
#    Time: 1778400 ps  Iteration: 0  Instance: /execunittb
# ** Note: 
#       Y Propagation Delay: 18100 ps
#       Zero Propagation Delay: 0 ps
#       AltB Propagation Delay: 13000 ps
#       AltBu Propagation Delay: 12900 ps
# 
#    Time: 1778400 ps  Iteration: 0  Instance: /execunittb
# ** Note: PASS: Test Case 47
#    Time: 1815800 ps  Iteration: 0  Instance: /execunittb
# ** Note: 
#       Y Propagation Delay: 17400 ps
#       Zero Propagation Delay: 0 ps
#       AltB Propagation Delay: 17300 ps
#       AltBu Propagation Delay: 17300 ps
# 
#    Time: 1815800 ps  Iteration: 0  Instance: /execunittb
# ** Note: PASS: Test Case 48
#    Time: 1853700 ps  Iteration: 0  Instance: /execunittb
# ** Note: 
#       Y Propagation Delay: 17900 ps
#       Zero Propagation Delay: 0 ps
#       AltB Propagation Delay: 12400 ps
#       AltBu Propagation Delay: 13200 ps
# 
#    Time: 1853700 ps  Iteration: 0  Instance: /execunittb
# ** Note: PASS: Test Case 49
#    Time: 1890400 ps  Iteration: 0  Instance: /execunittb
# ** Note: 
#       Y Propagation Delay: 16700 ps
#       Zero Propagation Delay: 0 ps
#       AltB Propagation Delay: 13700 ps
#       AltBu Propagation Delay: 13600 ps
# 
#    Time: 1890400 ps  Iteration: 0  Instance: /execunittb
# ** Note: PASS: Test Case 50
#    Time: 1928600 ps  Iteration: 0  Instance: /execunittb
# ** Note: 
#       Y Propagation Delay: 18200 ps
#       Zero Propagation Delay: 0 ps
#       AltB Propagation Delay: 12500 ps
#       AltBu Propagation Delay: 12300 ps
# 
#    Time: 1928600 ps  Iteration: 0  Instance: /execunittb
# ** Note: PASS: Test Case 51
#    Time: 1966300 ps  Iteration: 0  Instance: /execunittb
# ** Note: 
#       Y Propagation Delay: 17700 ps
#       Zero Propagation Delay: 0 ps
#       AltB Propagation Delay: 13200 ps
#       AltBu Propagation Delay: 0 ps
# 
#    Time: 1966300 ps  Iteration: 0  Instance: /execunittb
# ** Note: PASS: Test Case 52
#    Time: 2005700 ps  Iteration: 0  Instance: /execunittb
# ** Note: 
#       Y Propagation Delay: 19400 ps
#       Zero Propagation Delay: 0 ps
#       AltB Propagation Delay: 13700 ps
#       AltBu Propagation Delay: 13400 ps
# 
#    Time: 2005700 ps  Iteration: 0  Instance: /execunittb
# ** Note: PASS: Test Case 53
#    Time: 2043300 ps  Iteration: 0  Instance: /execunittb
# ** Note: 
#       Y Propagation Delay: 17600 ps
#       Zero Propagation Delay: 0 ps
#       AltB Propagation Delay: 12800 ps
#       AltBu Propagation Delay: 13200 ps
# 
#    Time: 2043300 ps  Iteration: 0  Instance: /execunittb
# ** Note: PASS: Test Case 54
#    Time: 2080200 ps  Iteration: 0  Instance: /execunittb
# ** Note: 
#       Y Propagation Delay: 16900 ps
#       Zero Propagation Delay: 0 ps
#       AltB Propagation Delay: 13900 ps
#       AltBu Propagation Delay: 13900 ps
# 
#    Time: 2080200 ps  Iteration: 0  Instance: /execunittb
# ** Note: PASS: Test Case 55
#    Time: 2117900 ps  Iteration: 0  Instance: /execunittb
# ** Note: 
#       Y Propagation Delay: 17700 ps
#       Zero Propagation Delay: 0 ps
#       AltB Propagation Delay: 15800 ps
#       AltBu Propagation Delay: 15800 ps
# 
#    Time: 2117900 ps  Iteration: 0  Instance: /execunittb
# ** Note: PASS: Test Case 56
#    Time: 2155800 ps  Iteration: 0  Instance: /execunittb
# ** Note: 
#       Y Propagation Delay: 17900 ps
#       Zero Propagation Delay: 0 ps
#       AltB Propagation Delay: 15500 ps
#       AltBu Propagation Delay: 15400 ps
# 
#    Time: 2155800 ps  Iteration: 0  Instance: /execunittb
# ** Note: PASS: Test Case 57
#    Time: 2192800 ps  Iteration: 0  Instance: /execunittb
# ** Note: 
#       Y Propagation Delay: 17000 ps
#       Zero Propagation Delay: 0 ps
#       AltB Propagation Delay: 12900 ps
#       AltBu Propagation Delay: 12900 ps
# 
#    Time: 2192800 ps  Iteration: 0  Instance: /execunittb
# ** Note: PASS: Test Case 58
#    Time: 2229600 ps  Iteration: 0  Instance: /execunittb
# ** Note: 
#       Y Propagation Delay: 16800 ps
#       Zero Propagation Delay: 0 ps
#       AltB Propagation Delay: 0 ps
#       AltBu Propagation Delay: 0 ps
# 
#    Time: 2229600 ps  Iteration: 0  Instance: /execunittb
# ** Note: PASS: Test Case 59
#    Time: 2267100 ps  Iteration: 0  Instance: /execunittb
# ** Note: 
#       Y Propagation Delay: 17500 ps
#       Zero Propagation Delay: 0 ps
#       AltB Propagation Delay: 13500 ps
#       AltBu Propagation Delay: 13500 ps
# 
#    Time: 2267100 ps  Iteration: 0  Instance: /execunittb
# ** Note: PASS: Test Case 60
#    Time: 2305600 ps  Iteration: 0  Instance: /execunittb
# ** Note: 
#       Y Propagation Delay: 18500 ps
#       Zero Propagation Delay: 0 ps
#       AltB Propagation Delay: 13200 ps
#       AltBu Propagation Delay: 0 ps
# 
#    Time: 2305600 ps  Iteration: 0  Instance: /execunittb
# ** Note: PASS: Test Case 61
#    Time: 2343500 ps  Iteration: 0  Instance: /execunittb
# ** Note: 
#       Y Propagation Delay: 17900 ps
#       Zero Propagation Delay: 0 ps
#       AltB Propagation Delay: 12500 ps
#       AltBu Propagation Delay: 12300 ps
# 
#    Time: 2343500 ps  Iteration: 0  Instance: /execunittb
# ** Note: PASS: Test Case 62
#    Time: 2380 ns  Iteration: 0  Instance: /execunittb
# ** Note: 
#       Y Propagation Delay: 16500 ps
#       Zero Propagation Delay: 0 ps
#       AltB Propagation Delay: 14800 ps
#       AltBu Propagation Delay: 14700 ps
# 
#    Time: 2380 ns  Iteration: 0  Instance: /execunittb
# ** Note: PASS: Test Case 63
#    Time: 2418100 ps  Iteration: 0  Instance: /execunittb
# ** Note: 
#       Y Propagation Delay: 18100 ps
#       Zero Propagation Delay: 0 ps
#       AltB Propagation Delay: 12500 ps
#       AltBu Propagation Delay: 12300 ps
# 
#    Time: 2418100 ps  Iteration: 0  Instance: /execunittb
# ** Note: PASS: Test Case 64
#    Time: 2455800 ps  Iteration: 0  Instance: /execunittb
# ** Note: 
#       Y Propagation Delay: 17700 ps
#       Zero Propagation Delay: 0 ps
#       AltB Propagation Delay: 0 ps
#       AltBu Propagation Delay: 0 ps
# 
#    Time: 2455800 ps  Iteration: 0  Instance: /execunittb
# ** Note: PASS: Test Case 65
#    Time: 2494300 ps  Iteration: 0  Instance: /execunittb
# ** Note: 
#       Y Propagation Delay: 18500 ps
#       Zero Propagation Delay: 0 ps
#       AltB Propagation Delay: 0 ps
#       AltBu Propagation Delay: 0 ps
# 
#    Time: 2494300 ps  Iteration: 0  Instance: /execunittb
# ** Note: PASS: Test Case 66
#    Time: 2533500 ps  Iteration: 0  Instance: /execunittb
# ** Note: 
#       Y Propagation Delay: 19200 ps
#       Zero Propagation Delay: 0 ps
#       AltB Propagation Delay: 0 ps
#       AltBu Propagation Delay: 0 ps
# 
#    Time: 2533500 ps  Iteration: 0  Instance: /execunittb
# ** Note: PASS: Test Case 67
#    Time: 2571600 ps  Iteration: 0  Instance: /execunittb
# ** Note: 
#       Y Propagation Delay: 18100 ps
#       Zero Propagation Delay: 0 ps
#       AltB Propagation Delay: 0 ps
#       AltBu Propagation Delay: 0 ps
# 
#    Time: 2571600 ps  Iteration: 0  Instance: /execunittb
# ** Note: PASS: Test Case 68
#    Time: 2608200 ps  Iteration: 0  Instance: /execunittb
# ** Note: 
#       Y Propagation Delay: 16600 ps
#       Zero Propagation Delay: 0 ps
#       AltB Propagation Delay: 0 ps
#       AltBu Propagation Delay: 13200 ps
# 
#    Time: 2608200 ps  Iteration: 0  Instance: /execunittb
# ** Note: PASS: Test Case 69
#    Time: 2646500 ps  Iteration: 0  Instance: /execunittb
# ** Note: 
#       Y Propagation Delay: 18300 ps
#       Zero Propagation Delay: 0 ps
#       AltB Propagation Delay: 13000 ps
#       AltBu Propagation Delay: 12300 ps
# 
#    Time: 2646500 ps  Iteration: 0  Instance: /execunittb
# ** Note: PASS: Test Case 70
#    Time: 2684200 ps  Iteration: 0  Instance: /execunittb
# ** Note: 
#       Y Propagation Delay: 17700 ps
#       Zero Propagation Delay: 0 ps
#       AltB Propagation Delay: 0 ps
#       AltBu Propagation Delay: 13200 ps
# 
#    Time: 2684200 ps  Iteration: 0  Instance: /execunittb
# ** Note: PASS: Test Case 71
#    Time: 2720800 ps  Iteration: 0  Instance: /execunittb
# ** Note: 
#       Y Propagation Delay: 16600 ps
#       Zero Propagation Delay: 0 ps
#       AltB Propagation Delay: 13900 ps
#       AltBu Propagation Delay: 13800 ps
# 
#    Time: 2720800 ps  Iteration: 0  Instance: /execunittb
# ** Note: PASS: Test Case 72
#    Time: 2757800 ps  Iteration: 0  Instance: /execunittb
# ** Note: 
#       Y Propagation Delay: 17000 ps
#       Zero Propagation Delay: 0 ps
#       AltB Propagation Delay: 13500 ps
#       AltBu Propagation Delay: 13500 ps
# 
#    Time: 2757800 ps  Iteration: 0  Instance: /execunittb
# ** Note: PASS: Test Case 73
#    Time: 2796 ns  Iteration: 0  Instance: /execunittb
# ** Note: 
#       Y Propagation Delay: 18200 ps
#       Zero Propagation Delay: 0 ps
#       AltB Propagation Delay: 0 ps
#       AltBu Propagation Delay: 0 ps
# 
#    Time: 2796 ns  Iteration: 0  Instance: /execunittb
# ** Note: PASS: Test Case 74
#    Time: 2834300 ps  Iteration: 0  Instance: /execunittb
# ** Note: 
#       Y Propagation Delay: 18300 ps
#       Zero Propagation Delay: 0 ps
#       AltB Propagation Delay: 13100 ps
#       AltBu Propagation Delay: 13000 ps
# 
#    Time: 2834300 ps  Iteration: 0  Instance: /execunittb
# ** Note: PASS: Test Case 75
#    Time: 2871500 ps  Iteration: 0  Instance: /execunittb
# ** Note: 
#       Y Propagation Delay: 17200 ps
#       Zero Propagation Delay: 0 ps
#       AltB Propagation Delay: 0 ps
#       AltBu Propagation Delay: 0 ps
# 
#    Time: 2871500 ps  Iteration: 0  Instance: /execunittb
# ** Note: PASS: Test Case 76
#    Time: 2907700 ps  Iteration: 0  Instance: /execunittb
# ** Note: 
#       Y Propagation Delay: 16200 ps
#       Zero Propagation Delay: 0 ps
#       AltB Propagation Delay: 0 ps
#       AltBu Propagation Delay: 13200 ps
# 
#    Time: 2907700 ps  Iteration: 0  Instance: /execunittb
# ** Note: PASS: Test Case 77
#    Time: 2945900 ps  Iteration: 0  Instance: /execunittb
# ** Note: 
#       Y Propagation Delay: 18200 ps
#       Zero Propagation Delay: 0 ps
#       AltB Propagation Delay: 13100 ps
#       AltBu Propagation Delay: 12300 ps
# 
#    Time: 2945900 ps  Iteration: 0  Instance: /execunittb
# ** Note: PASS: Test Case 78
#    Time: 2983700 ps  Iteration: 0  Instance: /execunittb
# ** Note: 
#       Y Propagation Delay: 17800 ps
#       Zero Propagation Delay: 0 ps
#       AltB Propagation Delay: 12900 ps
#       AltBu Propagation Delay: 12900 ps
# 
#    Time: 2983700 ps  Iteration: 0  Instance: /execunittb
# ** Note: PASS: Test Case 79
#    Time: 3021200 ps  Iteration: 0  Instance: /execunittb
# ** Note: 
#       Y Propagation Delay: 17500 ps
#       Zero Propagation Delay: 0 ps
#       AltB Propagation Delay: 13100 ps
#       AltBu Propagation Delay: 13000 ps
# 
#    Time: 3021200 ps  Iteration: 0  Instance: /execunittb
# ** Note: PASS: Test Case 80
#    Time: 3059200 ps  Iteration: 0  Instance: /execunittb
# ** Note: 
#       Y Propagation Delay: 18000 ps
#       Zero Propagation Delay: 0 ps
#       AltB Propagation Delay: 0 ps
#       AltBu Propagation Delay: 0 ps
# 
#    Time: 3059200 ps  Iteration: 0  Instance: /execunittb
# ** Note: PASS: Test Case 81
#    Time: 3094300 ps  Iteration: 0  Instance: /execunittb
# ** Note: 
#       Y Propagation Delay: 15100 ps
#       Zero Propagation Delay: 0 ps
#       AltB Propagation Delay: 12600 ps
#       AltBu Propagation Delay: 13200 ps
# 
#    Time: 3094300 ps  Iteration: 0  Instance: /execunittb
# ** Note: PASS: Test Case 82
#    Time: 3128300 ps  Iteration: 0  Instance: /execunittb
# ** Note: 
#       Y Propagation Delay: 14000 ps
#       Zero Propagation Delay: 0 ps
#       AltB Propagation Delay: 12600 ps
#       AltBu Propagation Delay: 13200 ps
# 
#    Time: 3128300 ps  Iteration: 0  Instance: /execunittb
# ** Note: PASS: Test Case 83
#    Time: 3163800 ps  Iteration: 0  Instance: /execunittb
# ** Note: 
#       Y Propagation Delay: 14500 ps
#       Zero Propagation Delay: 0 ps
#       AltB Propagation Delay: 15500 ps
#       AltBu Propagation Delay: 15500 ps
# 
#    Time: 3163800 ps  Iteration: 0  Instance: /execunittb
# ** Note: PASS: Test Case 84
#    Time: 3198500 ps  Iteration: 0  Instance: /execunittb
# ** Note: 
#       Y Propagation Delay: 14700 ps
#       Zero Propagation Delay: 0 ps
#       AltB Propagation Delay: 12600 ps
#       AltBu Propagation Delay: 12200 ps
# 
#    Time: 3198500 ps  Iteration: 0  Instance: /execunittb
# ** Note: PASS: Test Case 85
#    Time: 3232800 ps  Iteration: 0  Instance: /execunittb
# ** Note: 
#       Y Propagation Delay: 14300 ps
#       Zero Propagation Delay: 0 ps
#       AltB Propagation Delay: 11500 ps
#       AltBu Propagation Delay: 0 ps
# 
#    Time: 3232800 ps  Iteration: 0  Instance: /execunittb
# ** Note: PASS: Test Case 86
#    Time: 3267 ns  Iteration: 0  Instance: /execunittb
# ** Note: 
#       Y Propagation Delay: 14200 ps
#       Zero Propagation Delay: 0 ps
#       AltB Propagation Delay: 13200 ps
#       AltBu Propagation Delay: 0 ps
# 
#    Time: 3267 ns  Iteration: 0  Instance: /execunittb
# ** Note: PASS: Test Case 87
#    Time: 3300900 ps  Iteration: 0  Instance: /execunittb
# ** Note: 
#       Y Propagation Delay: 13900 ps
#       Zero Propagation Delay: 0 ps
#       AltB Propagation Delay: 0 ps
#       AltBu Propagation Delay: 12400 ps
# 
#    Time: 3300900 ps  Iteration: 0  Instance: /execunittb
# ** Note: PASS: Test Case 88
#    Time: 3335600 ps  Iteration: 0  Instance: /execunittb
# ** Note: 
#       Y Propagation Delay: 14700 ps
#       Zero Propagation Delay: 0 ps
#       AltB Propagation Delay: 0 ps
#       AltBu Propagation Delay: 0 ps
# 
#    Time: 3335600 ps  Iteration: 0  Instance: /execunittb
# ** Note: PASS: Test Case 89
#    Time: 3370300 ps  Iteration: 0  Instance: /execunittb
# ** Note: 
#       Y Propagation Delay: 14700 ps
#       Zero Propagation Delay: 0 ps
#       AltB Propagation Delay: 12500 ps
#       AltBu Propagation Delay: 0 ps
# 
#    Time: 3370300 ps  Iteration: 0  Instance: /execunittb
# ** Note: PASS: Test Case 90
#    Time: 3405200 ps  Iteration: 0  Instance: /execunittb
# ** Note: 
#       Y Propagation Delay: 14900 ps
#       Zero Propagation Delay: 0 ps
#       AltB Propagation Delay: 0 ps
#       AltBu Propagation Delay: 13200 ps
# 
#    Time: 3405200 ps  Iteration: 0  Instance: /execunittb
# ** Note: PASS: Test Case 91
#    Time: 3439700 ps  Iteration: 0  Instance: /execunittb
# ** Note: 
#       Y Propagation Delay: 14500 ps
#       Zero Propagation Delay: 0 ps
#       AltB Propagation Delay: 13700 ps
#       AltBu Propagation Delay: 13400 ps
# 
#    Time: 3439700 ps  Iteration: 0  Instance: /execunittb
# ** Note: PASS: Test Case 92
#    Time: 3474700 ps  Iteration: 0  Instance: /execunittb
# ** Note: 
#       Y Propagation Delay: 15000 ps
#       Zero Propagation Delay: 0 ps
#       AltB Propagation Delay: 12500 ps
#       AltBu Propagation Delay: 0 ps
# 
#    Time: 3474700 ps  Iteration: 0  Instance: /execunittb
# ** Note: PASS: Test Case 93
#    Time: 3508500 ps  Iteration: 0  Instance: /execunittb
# ** Note: 
#       Y Propagation Delay: 13800 ps
#       Zero Propagation Delay: 0 ps
#       AltB Propagation Delay: 11700 ps
#       AltBu Propagation Delay: 11600 ps
# 
#    Time: 3508500 ps  Iteration: 0  Instance: /execunittb
# ** Note: PASS: Test Case 94
#    Time: 3543500 ps  Iteration: 0  Instance: /execunittb
# ** Note: 
#       Y Propagation Delay: 15000 ps
#       Zero Propagation Delay: 0 ps
#       AltB Propagation Delay: 13100 ps
#       AltBu Propagation Delay: 13200 ps
# 
#    Time: 3543500 ps  Iteration: 0  Instance: /execunittb
# ** Note: PASS: Test Case 95
#    Time: 3578200 ps  Iteration: 0  Instance: /execunittb
# ** Note: 
#       Y Propagation Delay: 14700 ps
#       Zero Propagation Delay: 0 ps
#       AltB Propagation Delay: 0 ps
#       AltBu Propagation Delay: 13200 ps
# 
#    Time: 3578200 ps  Iteration: 0  Instance: /execunittb
# ** Note: PASS: Test Case 96
#    Time: 3612300 ps  Iteration: 0  Instance: /execunittb
# ** Note: 
#       Y Propagation Delay: 14100 ps
#       Zero Propagation Delay: 0 ps
#       AltB Propagation Delay: 13500 ps
#       AltBu Propagation Delay: 13500 ps
# 
#    Time: 3612300 ps  Iteration: 0  Instance: /execunittb
# ** Note: PASS: Test Case 97
#    Time: 3646500 ps  Iteration: 0  Instance: /execunittb
# ** Note: 
#       Y Propagation Delay: 14200 ps
#       Zero Propagation Delay: 0 ps
#       AltB Propagation Delay: 12500 ps
#       AltBu Propagation Delay: 12300 ps
# 
#    Time: 3646500 ps  Iteration: 0  Instance: /execunittb
# ** Note: PASS: Test Case 98
#    Time: 3681300 ps  Iteration: 0  Instance: /execunittb
# ** Note: 
#       Y Propagation Delay: 14300 ps
#       Zero Propagation Delay: 0 ps
#       AltB Propagation Delay: 14800 ps
#       AltBu Propagation Delay: 14600 ps
# 
#    Time: 3681300 ps  Iteration: 0  Instance: /execunittb
# ** Note: PASS: Test Case 99
#    Time: 3715900 ps  Iteration: 0  Instance: /execunittb
# ** Note: 
#       Y Propagation Delay: 14600 ps
#       Zero Propagation Delay: 0 ps
#       AltB Propagation Delay: 0 ps
#       AltBu Propagation Delay: 0 ps
# 
#    Time: 3715900 ps  Iteration: 0  Instance: /execunittb
# ** Note: PASS: Test Case 100
#    Time: 3749400 ps  Iteration: 0  Instance: /execunittb
# ** Note: 
#       Y Propagation Delay: 13200 ps
#       Zero Propagation Delay: 0 ps
#       AltB Propagation Delay: 13500 ps
#       AltBu Propagation Delay: 13500 ps
# 
#    Time: 3749400 ps  Iteration: 0  Instance: /execunittb
# ** Note: PASS: Test Case 101
#    Time: 3784400 ps  Iteration: 0  Instance: /execunittb
# ** Note: 
#       Y Propagation Delay: 15000 ps
#       Zero Propagation Delay: 0 ps
#       AltB Propagation Delay: 13200 ps
#       AltBu Propagation Delay: 0 ps
# 
#    Time: 3784400 ps  Iteration: 0  Instance: /execunittb
# ** Note: PASS: Test Case 102
#    Time: 3819100 ps  Iteration: 0  Instance: /execunittb
# ** Note: 
#       Y Propagation Delay: 14700 ps
#       Zero Propagation Delay: 0 ps
#       AltB Propagation Delay: 0 ps
#       AltBu Propagation Delay: 0 ps
# 
#    Time: 3819100 ps  Iteration: 0  Instance: /execunittb
# ** Note: PASS: Test Case 103
#    Time: 3853200 ps  Iteration: 0  Instance: /execunittb
# ** Note: 
#       Y Propagation Delay: 14100 ps
#       Zero Propagation Delay: 0 ps
#       AltB Propagation Delay: 12500 ps
#       AltBu Propagation Delay: 12300 ps
# 
#    Time: 3853200 ps  Iteration: 0  Instance: /execunittb
# ** Note: PASS: Test Case 104
#    Time: 3887700 ps  Iteration: 0  Instance: /execunittb
# ** Note: 
#       Y Propagation Delay: 14500 ps
#       Zero Propagation Delay: 0 ps
#       AltB Propagation Delay: 13000 ps
#       AltBu Propagation Delay: 12900 ps
# 
#    Time: 3887700 ps  Iteration: 0  Instance: /execunittb
# ** Note: PASS: Test Case 105
#    Time: 3922400 ps  Iteration: 0  Instance: /execunittb
# ** Note: 
#       Y Propagation Delay: 14700 ps
#       Zero Propagation Delay: 0 ps
#       AltB Propagation Delay: 11700 ps
#       AltBu Propagation Delay: 0 ps
# 
#    Time: 3922400 ps  Iteration: 0  Instance: /execunittb
# ** Note: PASS: Test Case 106
#    Time: 3957 ns  Iteration: 0  Instance: /execunittb
# ** Note: 
#       Y Propagation Delay: 14600 ps
#       Zero Propagation Delay: 0 ps
#       AltB Propagation Delay: 0 ps
#       AltBu Propagation Delay: 13200 ps
# 
#    Time: 3957 ns  Iteration: 0  Instance: /execunittb
# ** Note: PASS: Test Case 107
#    Time: 3991600 ps  Iteration: 0  Instance: /execunittb
# ** Note: 
#       Y Propagation Delay: 14300 ps
#       Zero Propagation Delay: 0 ps
#       AltB Propagation Delay: 14600 ps
#       AltBu Propagation Delay: 14600 ps
# 
#    Time: 3991600 ps  Iteration: 0  Instance: /execunittb
# ** Note: PASS: Test Case 108
#    Time: 4025700 ps  Iteration: 0  Instance: /execunittb
# ** Note: 
#       Y Propagation Delay: 14100 ps
#       Zero Propagation Delay: 0 ps
#       AltB Propagation Delay: 13000 ps
#       AltBu Propagation Delay: 0 ps
# 
#    Time: 4025700 ps  Iteration: 0  Instance: /execunittb
# ** Note: PASS: Test Case 109
#    Time: 4060500 ps  Iteration: 0  Instance: /execunittb
# ** Note: 
#       Y Propagation Delay: 14800 ps
#       Zero Propagation Delay: 0 ps
#       AltB Propagation Delay: 13500 ps
#       AltBu Propagation Delay: 13500 ps
# 
#    Time: 4060500 ps  Iteration: 0  Instance: /execunittb
# ** Note: PASS: Test Case 110
#    Time: 4095500 ps  Iteration: 0  Instance: /execunittb
# ** Note: 
#       Y Propagation Delay: 15000 ps
#       Zero Propagation Delay: 0 ps
#       AltB Propagation Delay: 13200 ps
#       AltBu Propagation Delay: 0 ps
# 
#    Time: 4095500 ps  Iteration: 0  Instance: /execunittb
# ** Note: PASS: Test Case 111
#    Time: 4130300 ps  Iteration: 0  Instance: /execunittb
# ** Note: 
#       Y Propagation Delay: 14800 ps
#       Zero Propagation Delay: 0 ps
#       AltB Propagation Delay: 11900 ps
#       AltBu Propagation Delay: 11800 ps
# 
#    Time: 4130300 ps  Iteration: 0  Instance: /execunittb
# ** Note: PASS: Test Case 112
#    Time: 4164900 ps  Iteration: 0  Instance: /execunittb
# ** Note: 
#       Y Propagation Delay: 14600 ps
#       Zero Propagation Delay: 0 ps
#       AltB Propagation Delay: 12900 ps
#       AltBu Propagation Delay: 13200 ps
# 
#    Time: 4164900 ps  Iteration: 0  Instance: /execunittb
# ** Note: PASS: Test Case 113
#    Time: 4198500 ps  Iteration: 0  Instance: /execunittb
# ** Note: 
#       Y Propagation Delay: 13600 ps
#       Zero Propagation Delay: 0 ps
#       AltB Propagation Delay: 12300 ps
#       AltBu Propagation Delay: 12200 ps
# 
#    Time: 4198500 ps  Iteration: 0  Instance: /execunittb
# ** Note: PASS: Test Case 114
#    Time: 4232400 ps  Iteration: 0  Instance: /execunittb
# ** Note: 
#       Y Propagation Delay: 13900 ps
#       Zero Propagation Delay: 0 ps
#       AltB Propagation Delay: 13200 ps
#       AltBu Propagation Delay: 11600 ps
# 
#    Time: 4232400 ps  Iteration: 0  Instance: /execunittb
# ** Note: PASS: Test Case 115
#    Time: 4266700 ps  Iteration: 0  Instance: /execunittb
# ** Note: 
#       Y Propagation Delay: 14300 ps
#       Zero Propagation Delay: 0 ps
#       AltB Propagation Delay: 12800 ps
#       AltBu Propagation Delay: 13200 ps
# 
#    Time: 4266700 ps  Iteration: 0  Instance: /execunittb
# ** Note: PASS: Test Case 116
#    Time: 4301 ns  Iteration: 0  Instance: /execunittb
# ** Note: 
#       Y Propagation Delay: 14300 ps
#       Zero Propagation Delay: 0 ps
#       AltB Propagation Delay: 11800 ps
#       AltBu Propagation Delay: 13200 ps
# 
#    Time: 4301 ns  Iteration: 0  Instance: /execunittb
# ** Note: PASS: Test Case 117
#    Time: 4335200 ps  Iteration: 0  Instance: /execunittb
# ** Note: 
#       Y Propagation Delay: 14200 ps
#       Zero Propagation Delay: 0 ps
#       AltB Propagation Delay: 12800 ps
#       AltBu Propagation Delay: 13200 ps
# 
#    Time: 4335200 ps  Iteration: 0  Instance: /execunittb
# ** Note: PASS: Test Case 118
#    Time: 4369100 ps  Iteration: 0  Instance: /execunittb
# ** Note: 
#       Y Propagation Delay: 13900 ps
#       Zero Propagation Delay: 0 ps
#       AltB Propagation Delay: 0 ps
#       AltBu Propagation Delay: 0 ps
# 
#    Time: 4369100 ps  Iteration: 0  Instance: /execunittb
# ** Note: PASS: Test Case 119
#    Time: 4404100 ps  Iteration: 0  Instance: /execunittb
# ** Note: 
#       Y Propagation Delay: 15000 ps
#       Zero Propagation Delay: 0 ps
#       AltB Propagation Delay: 0 ps
#       AltBu Propagation Delay: 0 ps
# 
#    Time: 4404100 ps  Iteration: 0  Instance: /execunittb
# ** Note: PASS: Test Case 120
#    Time: 4438300 ps  Iteration: 0  Instance: /execunittb
# ** Note: 
#       Y Propagation Delay: 14200 ps
#       Zero Propagation Delay: 0 ps
#       AltB Propagation Delay: 12800 ps
#       AltBu Propagation Delay: 13100 ps
# 
#    Time: 4438300 ps  Iteration: 0  Instance: /execunittb
# ** Note: PASS: Test Case 121
#    Time: 4473100 ps  Iteration: 0  Instance: /execunittb
# ** Note: 
#       Y Propagation Delay: 14800 ps
#       Zero Propagation Delay: 0 ps
#       AltB Propagation Delay: 14100 ps
#       AltBu Propagation Delay: 14000 ps
# 
#    Time: 4473100 ps  Iteration: 0  Instance: /execunittb
# ** Note: PASS: Test Case 122
#    Time: 4506900 ps  Iteration: 0  Instance: /execunittb
# ** Note: 
#       Y Propagation Delay: 13800 ps
#       Zero Propagation Delay: 0 ps
#       AltB Propagation Delay: 12600 ps
#       AltBu Propagation Delay: 13100 ps
# 
#    Time: 4506900 ps  Iteration: 0  Instance: /execunittb
# ** Note: PASS: Test Case 123
#    Time: 4542 ns  Iteration: 0  Instance: /execunittb
# ** Note: 
#       Y Propagation Delay: 15100 ps
#       Zero Propagation Delay: 0 ps
#       AltB Propagation Delay: 11700 ps
#       AltBu Propagation Delay: 11600 ps
# 
#    Time: 4542 ns  Iteration: 0  Instance: /execunittb
# ** Note: PASS: Test Case 124
#    Time: 4576800 ps  Iteration: 0  Instance: /execunittb
# ** Note: 
#       Y Propagation Delay: 14800 ps
#       Zero Propagation Delay: 0 ps
#       AltB Propagation Delay: 13700 ps
#       AltBu Propagation Delay: 13500 ps
# 
#    Time: 4576800 ps  Iteration: 0  Instance: /execunittb
# ** Note: PASS: Test Case 125
#    Time: 4610300 ps  Iteration: 0  Instance: /execunittb
# ** Note: 
#       Y Propagation Delay: 13500 ps
#       Zero Propagation Delay: 0 ps
#       AltB Propagation Delay: 13500 ps
#       AltBu Propagation Delay: 13500 ps
# 
#    Time: 4610300 ps  Iteration: 0  Instance: /execunittb
# ** Note: PASS: Test Case 126
#    Time: 4645400 ps  Iteration: 0  Instance: /execunittb
# ** Note: 
#       Y Propagation Delay: 15100 ps
#       Zero Propagation Delay: 0 ps
#       AltB Propagation Delay: 12600 ps
#       AltBu Propagation Delay: 0 ps
# 
#    Time: 4645400 ps  Iteration: 0  Instance: /execunittb
# ** Note: PASS: Test Case 127
#    Time: 4678700 ps  Iteration: 0  Instance: /execunittb
# ** Note: 
#       Y Propagation Delay: 13300 ps
#       Zero Propagation Delay: 0 ps
#       AltB Propagation Delay: 11600 ps
#       AltBu Propagation Delay: 0 ps
# 
#    Time: 4678700 ps  Iteration: 0  Instance: /execunittb
# ** Note: PASS: Test Case 128
#    Time: 4712500 ps  Iteration: 0  Instance: /execunittb
# ** Note: 
#       Y Propagation Delay: 13800 ps
#       Zero Propagation Delay: 0 ps
#       AltB Propagation Delay: 12500 ps
#       AltBu Propagation Delay: 12400 ps
# 
#    Time: 4712500 ps  Iteration: 0  Instance: /execunittb
# ** Note: PASS: Test Case 129
#    Time: 4747200 ps  Iteration: 0  Instance: /execunittb
# ** Note: 
#       Y Propagation Delay: 14700 ps
#       Zero Propagation Delay: 0 ps
#       AltB Propagation Delay: 12900 ps
#       AltBu Propagation Delay: 13200 ps
# 
#    Time: 4747200 ps  Iteration: 0  Instance: /execunittb
# ** Note: PASS: Test Case 130
#    Time: 4782100 ps  Iteration: 0  Instance: /execunittb
# ** Note: 
#       Y Propagation Delay: 13300 ps
#       Zero Propagation Delay: 0 ps
#       AltB Propagation Delay: 14900 ps
#       AltBu Propagation Delay: 14800 ps
# 
#    Time: 4782100 ps  Iteration: 0  Instance: /execunittb
# ** Note: PASS: Test Case 131
#    Time: 4815400 ps  Iteration: 0  Instance: /execunittb
# ** Note: 
#       Y Propagation Delay: 13300 ps
#       Zero Propagation Delay: 0 ps
#       AltB Propagation Delay: 13000 ps
#       AltBu Propagation Delay: 12900 ps
# 
#    Time: 4815400 ps  Iteration: 0  Instance: /execunittb
# ** Note: PASS: Test Case 132
#    Time: 4848900 ps  Iteration: 0  Instance: /execunittb
# ** Note: 
#       Y Propagation Delay: 13500 ps
#       Zero Propagation Delay: 0 ps
#       AltB Propagation Delay: 0 ps
#       AltBu Propagation Delay: 0 ps
# 
#    Time: 4848900 ps  Iteration: 0  Instance: /execunittb
# ** Note: PASS: Test Case 133
#    Time: 4883800 ps  Iteration: 0  Instance: /execunittb
# ** Note: 
#       Y Propagation Delay: 14900 ps
#       Zero Propagation Delay: 0 ps
#       AltB Propagation Delay: 0 ps
#       AltBu Propagation Delay: 0 ps
# 
#    Time: 4883800 ps  Iteration: 0  Instance: /execunittb
# ** Note: PASS: Test Case 134
#    Time: 4918500 ps  Iteration: 0  Instance: /execunittb
# ** Note: 
#       Y Propagation Delay: 14700 ps
#       Zero Propagation Delay: 0 ps
#       AltB Propagation Delay: 13100 ps
#       AltBu Propagation Delay: 13000 ps
# 
#    Time: 4918500 ps  Iteration: 0  Instance: /execunittb
# ** Note: PASS: Test Case 135
#    Time: 4953500 ps  Iteration: 0  Instance: /execunittb
# ** Note: 
#       Y Propagation Delay: 15000 ps
#       Zero Propagation Delay: 0 ps
#       AltB Propagation Delay: 12200 ps
#       AltBu Propagation Delay: 13200 ps
# 
#    Time: 4953500 ps  Iteration: 0  Instance: /execunittb
# ** Note: PASS: Test Case 136
#    Time: 4988100 ps  Iteration: 0  Instance: /execunittb
# ** Note: 
#       Y Propagation Delay: 14600 ps
#       Zero Propagation Delay: 0 ps
#       AltB Propagation Delay: 12600 ps
#       AltBu Propagation Delay: 13200 ps
# 
#    Time: 4988100 ps  Iteration: 0  Instance: /execunittb
# ** Note: PASS: Test Case 137
#    Time: 5021500 ps  Iteration: 0  Instance: /execunittb
# ** Note: 
#       Y Propagation Delay: 13400 ps
#       Zero Propagation Delay: 0 ps
#       AltB Propagation Delay: 11800 ps
#       AltBu Propagation Delay: 13200 ps
# 
#    Time: 5021500 ps  Iteration: 0  Instance: /execunittb
# ** Note: PASS: Test Case 138
#    Time: 5056300 ps  Iteration: 0  Instance: /execunittb
# ** Note: 
#       Y Propagation Delay: 14800 ps
#       Zero Propagation Delay: 0 ps
#       AltB Propagation Delay: 11700 ps
#       AltBu Propagation Delay: 0 ps
# 
#    Time: 5056300 ps  Iteration: 0  Instance: /execunittb
# ** Note: PASS: Test Case 139
#    Time: 5091400 ps  Iteration: 0  Instance: /execunittb
# ** Note: 
#       Y Propagation Delay: 15100 ps
#       Zero Propagation Delay: 0 ps
#       AltB Propagation Delay: 13100 ps
#       AltBu Propagation Delay: 0 ps
# 
#    Time: 5091400 ps  Iteration: 0  Instance: /execunittb
# ** Note: PASS: Test Case 140
#    Time: 5124800 ps  Iteration: 0  Instance: /execunittb
# ** Note: 
#       Y Propagation Delay: 13400 ps
#       Zero Propagation Delay: 0 ps
#       AltB Propagation Delay: 12600 ps
#       AltBu Propagation Delay: 13200 ps
# 
#    Time: 5124800 ps  Iteration: 0  Instance: /execunittb
# ** Note: PASS: Test Case 141
#    Time: 5158400 ps  Iteration: 0  Instance: /execunittb
# ** Note: 
#       Y Propagation Delay: 13600 ps
#       Zero Propagation Delay: 0 ps
#       AltB Propagation Delay: 12200 ps
#       AltBu Propagation Delay: 13200 ps
# 
#    Time: 5158400 ps  Iteration: 0  Instance: /execunittb
# ** Note: PASS: Test Case 142
#    Time: 5193 ns  Iteration: 0  Instance: /execunittb
# ** Note: 
#       Y Propagation Delay: 14600 ps
#       Zero Propagation Delay: 0 ps
#       AltB Propagation Delay: 13200 ps
#       AltBu Propagation Delay: 0 ps
# 
#    Time: 5193 ns  Iteration: 0  Instance: /execunittb
# ** Note: PASS: Test Case 143
#    Time: 5227300 ps  Iteration: 0  Instance: /execunittb
# ** Note: 
#       Y Propagation Delay: 14300 ps
#       Zero Propagation Delay: 0 ps
#       AltB Propagation Delay: 13000 ps
#       AltBu Propagation Delay: 0 ps
# 
#    Time: 5227300 ps  Iteration: 0  Instance: /execunittb
# ** Note: PASS: Test Case 144
#    Time: 5261600 ps  Iteration: 0  Instance: /execunittb
# ** Note: 
#       Y Propagation Delay: 14300 ps
#       Zero Propagation Delay: 0 ps
#       AltB Propagation Delay: 0 ps
#       AltBu Propagation Delay: 13200 ps
# 
#    Time: 5261600 ps  Iteration: 0  Instance: /execunittb
# ** Note: PASS: Test Case 145
#    Time: 5295500 ps  Iteration: 0  Instance: /execunittb
# ** Note: 
#       Y Propagation Delay: 13900 ps
#       Zero Propagation Delay: 0 ps
#       AltB Propagation Delay: 12500 ps
#       AltBu Propagation Delay: 0 ps
# 
#    Time: 5295500 ps  Iteration: 0  Instance: /execunittb
# ** Note: PASS: Test Case 146
#    Time: 5595500 ps  Iteration: 0  Instance: /execunittb
# ** Note: 
#       Y Propagation Delay: 0 ps
#       Zero Propagation Delay: 0 ps
#       AltB Propagation Delay: 0 ps
#       AltBu Propagation Delay: 0 ps
# 
#    Time: 5595500 ps  Iteration: 0  Instance: /execunittb
# ** Note: PASS: Test Case 147
#    Time: 5895500 ps  Iteration: 0  Instance: /execunittb
# ** Note: 
#       Y Propagation Delay: 0 ps
#       Zero Propagation Delay: 0 ps
#       AltB Propagation Delay: 0 ps
#       AltBu Propagation Delay: 0 ps
# 
#    Time: 5895500 ps  Iteration: 0  Instance: /execunittb
# ** Note: PASS: Test Case 148
#    Time: 5928600 ps  Iteration: 0  Instance: /execunittb
# ** Note: 
#       Y Propagation Delay: 12700 ps
#       Zero Propagation Delay: 0 ps
#       AltB Propagation Delay: 13100 ps
#       AltBu Propagation Delay: 0 ps
# 
#    Time: 5928600 ps  Iteration: 0  Instance: /execunittb
# ** Note: PASS: Test Case 149
#    Time: 6228600 ps  Iteration: 0  Instance: /execunittb
# ** Note: 
#       Y Propagation Delay: 0 ps
#       Zero Propagation Delay: 0 ps
#       AltB Propagation Delay: 0 ps
#       AltBu Propagation Delay: 0 ps
# 
#    Time: 6228600 ps  Iteration: 0  Instance: /execunittb
# ** Note: PASS: Test Case 150
#    Time: 6262600 ps  Iteration: 0  Instance: /execunittb
# ** Note: 
#       Y Propagation Delay: 14000 ps
#       Zero Propagation Delay: 0 ps
#       AltB Propagation Delay: 12900 ps
#       AltBu Propagation Delay: 12900 ps
# 
#    Time: 6262600 ps  Iteration: 0  Instance: /execunittb
# ** Note: PASS: Test Case 151
#    Time: 6296700 ps  Iteration: 0  Instance: /execunittb
# ** Note: 
#       Y Propagation Delay: 14100 ps
#       Zero Propagation Delay: 0 ps
#       AltB Propagation Delay: 13100 ps
#       AltBu Propagation Delay: 13000 ps
# 
#    Time: 6296700 ps  Iteration: 0  Instance: /execunittb
# ** Note: PASS: Test Case 152
#    Time: 6330100 ps  Iteration: 0  Instance: /execunittb
# ** Note: 
#       Y Propagation Delay: 13400 ps
#       Zero Propagation Delay: 0 ps
#       AltB Propagation Delay: 12200 ps
#       AltBu Propagation Delay: 13200 ps
# 
#    Time: 6330100 ps  Iteration: 0  Instance: /execunittb
# ** Note: PASS: Test Case 153
#    Time: 6364 ns  Iteration: 0  Instance: /execunittb
# ** Note: 
#       Y Propagation Delay: 13900 ps
#       Zero Propagation Delay: 0 ps
#       AltB Propagation Delay: 13000 ps
#       AltBu Propagation Delay: 12900 ps
# 
#    Time: 6364 ns  Iteration: 0  Instance: /execunittb
# ** Note: PASS: Test Case 154
#    Time: 6396800 ps  Iteration: 0  Instance: /execunittb
# ** Note: 
#       Y Propagation Delay: 12800 ps
#       Zero Propagation Delay: 0 ps
#       AltB Propagation Delay: 0 ps
#       AltBu Propagation Delay: 0 ps
# 
#    Time: 6396800 ps  Iteration: 0  Instance: /execunittb
# ** Note: PASS: Test Case 155
#    Time: 6431100 ps  Iteration: 0  Instance: /execunittb
# ** Note: 
#       Y Propagation Delay: 14300 ps
#       Zero Propagation Delay: 0 ps
#       AltB Propagation Delay: 12600 ps
#       AltBu Propagation Delay: 13200 ps
# 
#    Time: 6431100 ps  Iteration: 0  Instance: /execunittb
# ** Note: PASS: Test Case 156
#    Time: 6466100 ps  Iteration: 0  Instance: /execunittb
# ** Note: 
#       Y Propagation Delay: 15000 ps
#       Zero Propagation Delay: 0 ps
#       AltB Propagation Delay: 13800 ps
#       AltBu Propagation Delay: 13800 ps
# 
#    Time: 6466100 ps  Iteration: 0  Instance: /execunittb
# ** Note: PASS: Test Case 157
#    Time: 6499300 ps  Iteration: 0  Instance: /execunittb
# ** Note: 
#       Y Propagation Delay: 0 ps
#       Zero Propagation Delay: 0 ps
#       AltB Propagation Delay: 13200 ps
#       AltBu Propagation Delay: 0 ps
# 
#    Time: 6499300 ps  Iteration: 0  Instance: /execunittb
# ** Note: PASS: Test Case 158
#    Time: 6533500 ps  Iteration: 0  Instance: /execunittb
# ** Note: 
#       Y Propagation Delay: 14200 ps
#       Zero Propagation Delay: 0 ps
#       AltB Propagation Delay: 13100 ps
#       AltBu Propagation Delay: 13000 ps
# 
#    Time: 6533500 ps  Iteration: 0  Instance: /execunittb
# ** Note: PASS: Test Case 159
#    Time: 6568200 ps  Iteration: 0  Instance: /execunittb
# ** Note: 
#       Y Propagation Delay: 14700 ps
#       Zero Propagation Delay: 0 ps
#       AltB Propagation Delay: 13700 ps
#       AltBu Propagation Delay: 13600 ps
# 
#    Time: 6568200 ps  Iteration: 0  Instance: /execunittb
# ** Note: PASS: Test Case 160
#    Time: 6602300 ps  Iteration: 0  Instance: /execunittb
# ** Note: 
#       Y Propagation Delay: 14100 ps
#       Zero Propagation Delay: 0 ps
#       AltB Propagation Delay: 12900 ps
#       AltBu Propagation Delay: 12900 ps
# 
#    Time: 6602300 ps  Iteration: 0  Instance: /execunittb
# ** Note: PASS: Test Case 161
#    Time: 6636400 ps  Iteration: 0  Instance: /execunittb
# ** Note: 
#       Y Propagation Delay: 14100 ps
#       Zero Propagation Delay: 0 ps
#       AltB Propagation Delay: 12600 ps
#       AltBu Propagation Delay: 13000 ps
# 
#    Time: 6636400 ps  Iteration: 0  Instance: /execunittb
# ** Note: PASS: Test Case 162
#    Time: 6671100 ps  Iteration: 0  Instance: /execunittb
# ** Note: 
#       Y Propagation Delay: 14700 ps
#       Zero Propagation Delay: 0 ps
#       AltB Propagation Delay: 13500 ps
#       AltBu Propagation Delay: 13500 ps
# 
#    Time: 6671100 ps  Iteration: 0  Instance: /execunittb
# ** Note: PASS: Test Case 163
#    Time: 6704600 ps  Iteration: 0  Instance: /execunittb
# ** Note: 
#       Y Propagation Delay: 13500 ps
#       Zero Propagation Delay: 0 ps
#       AltB Propagation Delay: 13100 ps
#       AltBu Propagation Delay: 12400 ps
# 
#    Time: 6704600 ps  Iteration: 0  Instance: /execunittb
# ** Note: PASS: Test Case 164
#    Time: 6738700 ps  Iteration: 0  Instance: /execunittb
# ** Note: 
#       Y Propagation Delay: 14100 ps
#       Zero Propagation Delay: 0 ps
#       AltB Propagation Delay: 12900 ps
#       AltBu Propagation Delay: 12900 ps
# 
#    Time: 6738700 ps  Iteration: 0  Instance: /execunittb
# ** Note: PASS: Test Case 165
#    Time: 6773100 ps  Iteration: 0  Instance: /execunittb
# ** Note: 
#       Y Propagation Delay: 14400 ps
#       Zero Propagation Delay: 0 ps
#       AltB Propagation Delay: 13100 ps
#       AltBu Propagation Delay: 12400 ps
# 
#    Time: 6773100 ps  Iteration: 0  Instance: /execunittb
# ** Note: PASS: Test Case 166
#    Time: 6806200 ps  Iteration: 0  Instance: /execunittb
# ** Note: 
#       Y Propagation Delay: 0 ps
#       Zero Propagation Delay: 0 ps
#       AltB Propagation Delay: 13100 ps
#       AltBu Propagation Delay: 0 ps
# 
#    Time: 6806200 ps  Iteration: 0  Instance: /execunittb
# ** Note: PASS: Test Case 167
#    Time: 6839300 ps  Iteration: 0  Instance: /execunittb
# ** Note: 
#       Y Propagation Delay: 0 ps
#       Zero Propagation Delay: 0 ps
#       AltB Propagation Delay: 13100 ps
#       AltBu Propagation Delay: 0 ps
# 
#    Time: 6839300 ps  Iteration: 0  Instance: /execunittb
# ** Note: PASS: Test Case 168
#    Time: 6874 ns  Iteration: 0  Instance: /execunittb
# ** Note: 
#       Y Propagation Delay: 14700 ps
#       Zero Propagation Delay: 0 ps
#       AltB Propagation Delay: 13500 ps
#       AltBu Propagation Delay: 13500 ps
# 
#    Time: 6874 ns  Iteration: 0  Instance: /execunittb
# ** Note: PASS: Test Case 169
#    Time: 6907200 ps  Iteration: 0  Instance: /execunittb
# ** Note: 
#       Y Propagation Delay: 0 ps
#       Zero Propagation Delay: 0 ps
#       AltB Propagation Delay: 0 ps
#       AltBu Propagation Delay: 13200 ps
# 
#    Time: 6907200 ps  Iteration: 0  Instance: /execunittb
# ** Note: PASS: Test Case 170
#    Time: 6941900 ps  Iteration: 0  Instance: /execunittb
# ** Note: 
#       Y Propagation Delay: 14700 ps
#       Zero Propagation Delay: 0 ps
#       AltB Propagation Delay: 13700 ps
#       AltBu Propagation Delay: 13600 ps
# 
#    Time: 6941900 ps  Iteration: 0  Instance: /execunittb
# ** Note: PASS: Test Case 171
#    Time: 6975900 ps  Iteration: 0  Instance: /execunittb
# ** Note: 
#       Y Propagation Delay: 14000 ps
#       Zero Propagation Delay: 0 ps
#       AltB Propagation Delay: 12900 ps
#       AltBu Propagation Delay: 13200 ps
# 
#    Time: 6975900 ps  Iteration: 0  Instance: /execunittb
# ** Note: PASS: Test Case 172
#    Time: 7009100 ps  Iteration: 0  Instance: /execunittb
# ** Note: 
#       Y Propagation Delay: 0 ps
#       Zero Propagation Delay: 0 ps
#       AltB Propagation Delay: 0 ps
#       AltBu Propagation Delay: 13200 ps
# 
#    Time: 7009100 ps  Iteration: 0  Instance: /execunittb
# ** Note: PASS: Test Case 173
#    Time: 7309100 ps  Iteration: 0  Instance: /execunittb
# ** Note: 
#       Y Propagation Delay: 0 ps
#       Zero Propagation Delay: 0 ps
#       AltB Propagation Delay: 0 ps
#       AltBu Propagation Delay: 0 ps
# 
#    Time: 7309100 ps  Iteration: 0  Instance: /execunittb
# ** Note: PASS: Test Case 174
#    Time: 7343400 ps  Iteration: 0  Instance: /execunittb
# ** Note: 
#       Y Propagation Delay: 14300 ps
#       Zero Propagation Delay: 0 ps
#       AltB Propagation Delay: 12600 ps
#       AltBu Propagation Delay: 13200 ps
# 
#    Time: 7343400 ps  Iteration: 0  Instance: /execunittb
# ** Note: PASS: Test Case 175
#    Time: 7377800 ps  Iteration: 0  Instance: /execunittb
# ** Note: 
#       Y Propagation Delay: 14400 ps
#       Zero Propagation Delay: 0 ps
#       AltB Propagation Delay: 13100 ps
#       AltBu Propagation Delay: 0 ps
# 
#    Time: 7377800 ps  Iteration: 0  Instance: /execunittb
# ** Note: PASS: Test Case 176
#    Time: 7411600 ps  Iteration: 0  Instance: /execunittb
# ** Note: 
#       Y Propagation Delay: 13800 ps
#       Zero Propagation Delay: 0 ps
#       AltB Propagation Delay: 12500 ps
#       AltBu Propagation Delay: 12200 ps
# 
#    Time: 7411600 ps  Iteration: 0  Instance: /execunittb
# ** Note: PASS: Test Case 177
#    Time: 7711600 ps  Iteration: 0  Instance: /execunittb
# ** Note: 
#       Y Propagation Delay: 0 ps
#       Zero Propagation Delay: 0 ps
#       AltB Propagation Delay: 0 ps
#       AltBu Propagation Delay: 0 ps
# 
#    Time: 7711600 ps  Iteration: 0  Instance: /execunittb
# ** Note: PASS: Test Case 178
#    Time: 7745700 ps  Iteration: 0  Instance: /execunittb
# ** Note: 
#       Y Propagation Delay: 14100 ps
#       Zero Propagation Delay: 0 ps
#       AltB Propagation Delay: 13100 ps
#       AltBu Propagation Delay: 13000 ps
# 
#    Time: 7745700 ps  Iteration: 0  Instance: /execunittb
# ** Note: PASS: Test Case 179
#    Time: 7780 ns  Iteration: 0  Instance: /execunittb
# ** Note: 
#       Y Propagation Delay: 14300 ps
#       Zero Propagation Delay: 0 ps
#       AltB Propagation Delay: 12200 ps
#       AltBu Propagation Delay: 13200 ps
# 
#    Time: 7780 ns  Iteration: 0  Instance: /execunittb
# ** Note: PASS: Test Case 180
#    Time: 7814700 ps  Iteration: 0  Instance: /execunittb
# ** Note: 
#       Y Propagation Delay: 14700 ps
#       Zero Propagation Delay: 0 ps
#       AltB Propagation Delay: 13700 ps
#       AltBu Propagation Delay: 13600 ps
# 
#    Time: 7814700 ps  Iteration: 0  Instance: /execunittb
# ** Note: PASS: Test Case 181
#    Time: 7851100 ps  Iteration: 0  Instance: /execunittb
# ** Note: 
#       Y Propagation Delay: 16400 ps
#       Zero Propagation Delay: 0 ps
#       AltB Propagation Delay: 0 ps
#       AltBu Propagation Delay: 11700 ps
# 
#    Time: 7851100 ps  Iteration: 0  Instance: /execunittb
# ** Note: PASS: Test Case 182
#    Time: 7899600 ps  Iteration: 0  Instance: /execunittb
# ** Note: 
#       Y Propagation Delay: 25000 ps
#       Zero Propagation Delay: 28500 ps
#       AltB Propagation Delay: 19100 ps
#       AltBu Propagation Delay: 18800 ps
# 
#    Time: 7899600 ps  Iteration: 0  Instance: /execunittb
# ** Note: PASS: Test Case 183
#    Time: 7937100 ps  Iteration: 0  Instance: /execunittb
# ** Note: 
#       Y Propagation Delay: 16400 ps
#       Zero Propagation Delay: 17500 ps
#       AltB Propagation Delay: 12100 ps
#       AltBu Propagation Delay: 12200 ps
# 
#    Time: 7937100 ps  Iteration: 0  Instance: /execunittb
# ** Note: PASS: Test Case 184
#    Time: 7985 ns  Iteration: 0  Instance: /execunittb
# ** Note: 
#       Y Propagation Delay: 25000 ps
#       Zero Propagation Delay: 27900 ps
#       AltB Propagation Delay: 19100 ps
#       AltBu Propagation Delay: 18800 ps
# 
#    Time: 7985 ns  Iteration: 0  Instance: /execunittb
# ** Note: PASS: Test Case 185
#    Time: 8033200 ps  Iteration: 0  Instance: /execunittb
# ** Note: 
#       Y Propagation Delay: 20800 ps
#       Zero Propagation Delay: 28200 ps
#       AltB Propagation Delay: 14400 ps
#       AltBu Propagation Delay: 14100 ps
# 
#    Time: 8033200 ps  Iteration: 0  Instance: /execunittb
# ** Note: PASS: Test Case 186
#    Time: 8079500 ps  Iteration: 0  Instance: /execunittb
# ** Note: 
#       Y Propagation Delay: 15700 ps
#       Zero Propagation Delay: 26300 ps
#       AltB Propagation Delay: 12600 ps
#       AltBu Propagation Delay: 0 ps
# 
#    Time: 8079500 ps  Iteration: 0  Instance: /execunittb
# ** Note: PASS: Test Case 187
#    Time: 8115300 ps  Iteration: 0  Instance: /execunittb
# ** Note: 
#       Y Propagation Delay: 15800 ps
#       Zero Propagation Delay: 11900 ps
#       AltB Propagation Delay: 12600 ps
#       AltBu Propagation Delay: 13200 ps
# 
#    Time: 8115300 ps  Iteration: 0  Instance: /execunittb
# ** Note: PASS: Test Case 188
#    Time: 8161600 ps  Iteration: 0  Instance: /execunittb
# ** Note: 
#       Y Propagation Delay: 21600 ps
#       Zero Propagation Delay: 26300 ps
#       AltB Propagation Delay: 15700 ps
#       AltBu Propagation Delay: 15400 ps
# 
#    Time: 8161600 ps  Iteration: 0  Instance: /execunittb
# ** Note: PASS: Test Case 189
#    Time: 8198 ns  Iteration: 0  Instance: /execunittb
# ** Note: 
#       Y Propagation Delay: 16400 ps
#       Zero Propagation Delay: 12600 ps
#       AltB Propagation Delay: 13200 ps
#       AltBu Propagation Delay: 12200 ps
# 
#    Time: 8198 ns  Iteration: 0  Instance: /execunittb
# ** Note: PASS: Test Case 190
#    Time: 8246500 ps  Iteration: 0  Instance: /execunittb
# ** Note: 
#       Y Propagation Delay: 25000 ps
#       Zero Propagation Delay: 28500 ps
#       AltB Propagation Delay: 19100 ps
#       AltBu Propagation Delay: 18800 ps
# 
#    Time: 8246500 ps  Iteration: 0  Instance: /execunittb
# ** Note: PASS: Test Case 191
#    Time: 8291200 ps  Iteration: 0  Instance: /execunittb
# ** Note: 
#       Y Propagation Delay: 24700 ps
#       Zero Propagation Delay: 11800 ps
#       AltB Propagation Delay: 13000 ps
#       AltBu Propagation Delay: 12900 ps
# 
#    Time: 8291200 ps  Iteration: 0  Instance: /execunittb
# ** Note: PASS: Test Case 192
#    Time: 8337500 ps  Iteration: 0  Instance: /execunittb
# ** Note: 
#       Y Propagation Delay: 15600 ps
#       Zero Propagation Delay: 26300 ps
#       AltB Propagation Delay: 0 ps
#       AltBu Propagation Delay: 11700 ps
# 
#    Time: 8337500 ps  Iteration: 0  Instance: /execunittb
# ** Note: =====================================================
# >>>>>>>>>>>>>>>> Simulation Complete <<<<<<<<<<<<<<<<
# =====================================================
# Test cases passed: 192
# Test cases failed : 0
# 
#    Time: 8337500 ps  Iteration: 0  Instance: /execunittb
# ** Note: The worst case propagation delay was 28500 ps in test case 182
# 
#    Time: 8337500 ps  Iteration: 0  Instance: /execunittb
# transcript off
# 0 ps
# 8754400 ps
