# End time: 07:36:36 on Dec 02,2025, Elapsed time: 1:21:45
# Errors: 0, Warnings: 2
# Model Technology ModelSim - Intel FPGA Edition vmap 2020.1 Lib Mapping Utility 2020.02 Feb 28 2020
# vmap work work 
# Modifying C:/Users/taylo/OneDrive/Desktop/ENSC350/FP/Simulation/FP.mpf
# vsim -quiet -t 100ps -gui -sdftyp "/ExecUnitTB/DUT=../Simulation/ModelSim/SepMux2_KS_Arria.sdo" work.Config_SepMux2_KS_Timing -GTIMING_MEASUREMENT=true 
# Start time: 07:36:38 on Dec 02,2025
# SDF 2020.1 Compiler 2020.02 Feb 28 2020
# 
# ** Warning: Design size of 288956 statements exceeds ModelSim-Intel FPGA Starter Edition recommended capacity.
# Expect performance to be adversely affected.
# ** Note: (vsim-3587) SDF Backannotation Successfully Completed.
#    Time: 0 ps  Iteration: 0  Instance: /execunittb File: ../Simulation/ExecUnitTB.vhd
# ** Warning: (vsim-WLF-5000) WLF file currently in use: vsim.wlf
#           File in use by: pius  Hostname: DESKTOP-1Q2BHL9  ProcessID: 1992
#           Attempting to use alternate WLF file "./wlftbm84fw".
# ** Warning: (vsim-WLF-5001) Could not open WLF file: vsim.wlf
#           Using alternate file: ./wlftbm84fw
# ** Note: (vsim-12125) Error and warning message counts have been reset to '0' because of 'restart'.
# ** Warning: Design size of 145304 statements exceeds ModelSim-Intel FPGA Starter Edition recommended capacity.
# Expect performance to be adversely affected.
# ** Note: (vsim-3587) SDF Backannotation Successfully Completed.
#    Time: 0 ps  Iteration: 0  Instance: /execunittb File: ../Simulation/ExecUnitTB.vhd
# run -all
# ** Note: =====================================================
# >>>>>>>>>>>>>>>> Starting Simulation <<<<<<<<<<<<<<<<
# =====================================================
# 
#    Time: 0 ps  Iteration: 0  Instance: /execunittb
# ** Note: PASS: Test Case 1
#    Time: 66900 ps  Iteration: 0  Instance: /execunittb
# ** Note: 
#       Y Propagation Delay: 21900 ps
#       Zero Propagation Delay: 15300 ps
#       AltB Propagation Delay: 12700 ps
#       AltBu Propagation Delay: 12200 ps
# 
#    Time: 66900 ps  Iteration: 0  Instance: /execunittb
# ** Note: PASS: Test Case 2
#    Time: 91400 ps  Iteration: 0  Instance: /execunittb
# ** Note: 
#       Y Propagation Delay: 19500 ps
#       Zero Propagation Delay: 0 ps
#       AltB Propagation Delay: 13200 ps
#       AltBu Propagation Delay: 12700 ps
# 
#    Time: 91400 ps  Iteration: 0  Instance: /execunittb
# ** Note: PASS: Test Case 3
#    Time: 118900 ps  Iteration: 0  Instance: /execunittb
# ** Note: 
#       Y Propagation Delay: 22500 ps
#       Zero Propagation Delay: 0 ps
#       AltB Propagation Delay: 0 ps
#       AltBu Propagation Delay: 0 ps
# 
#    Time: 118900 ps  Iteration: 0  Instance: /execunittb
# ** Note: PASS: Test Case 4
#    Time: 142600 ps  Iteration: 0  Instance: /execunittb
# ** Note: 
#       Y Propagation Delay: 18700 ps
#       Zero Propagation Delay: 0 ps
#       AltB Propagation Delay: 0 ps
#       AltBu Propagation Delay: 11200 ps
# 
#    Time: 142600 ps  Iteration: 0  Instance: /execunittb
# ** Note: PASS: Test Case 5
#    Time: 165400 ps  Iteration: 0  Instance: /execunittb
# ** Note: 
#       Y Propagation Delay: 17800 ps
#       Zero Propagation Delay: 0 ps
#       AltB Propagation Delay: 13400 ps
#       AltBu Propagation Delay: 12900 ps
# 
#    Time: 165400 ps  Iteration: 0  Instance: /execunittb
# ** Note: PASS: Test Case 6
#    Time: 192600 ps  Iteration: 0  Instance: /execunittb
# ** Note: 
#       Y Propagation Delay: 22200 ps
#       Zero Propagation Delay: 0 ps
#       AltB Propagation Delay: 0 ps
#       AltBu Propagation Delay: 11200 ps
# 
#    Time: 192600 ps  Iteration: 0  Instance: /execunittb
# ** Note: PASS: Test Case 7
#    Time: 219700 ps  Iteration: 0  Instance: /execunittb
# ** Note: 
#       Y Propagation Delay: 22100 ps
#       Zero Propagation Delay: 0 ps
#       AltB Propagation Delay: 13600 ps
#       AltBu Propagation Delay: 13200 ps
# 
#    Time: 219700 ps  Iteration: 0  Instance: /execunittb
# ** Note: PASS: Test Case 8
#    Time: 246600 ps  Iteration: 0  Instance: /execunittb
# ** Note: 
#       Y Propagation Delay: 21900 ps
#       Zero Propagation Delay: 0 ps
#       AltB Propagation Delay: 13000 ps
#       AltBu Propagation Delay: 12000 ps
# 
#    Time: 246600 ps  Iteration: 0  Instance: /execunittb
# ** Note: PASS: Test Case 9
#    Time: 272800 ps  Iteration: 0  Instance: /execunittb
# ** Note: 
#       Y Propagation Delay: 21200 ps
#       Zero Propagation Delay: 0 ps
#       AltB Propagation Delay: 13000 ps
#       AltBu Propagation Delay: 0 ps
# 
#    Time: 272800 ps  Iteration: 0  Instance: /execunittb
# ** Note: PASS: Test Case 10
#    Time: 297 ns  Iteration: 0  Instance: /execunittb
# ** Note: 
#       Y Propagation Delay: 19200 ps
#       Zero Propagation Delay: 0 ps
#       AltB Propagation Delay: 13000 ps
#       AltBu Propagation Delay: 12100 ps
# 
#    Time: 297 ns  Iteration: 0  Instance: /execunittb
# ** Note: PASS: Test Case 11
#    Time: 325300 ps  Iteration: 0  Instance: /execunittb
# ** Note: 
#       Y Propagation Delay: 23300 ps
#       Zero Propagation Delay: 0 ps
#       AltB Propagation Delay: 11700 ps
#       AltBu Propagation Delay: 12200 ps
# 
#    Time: 325300 ps  Iteration: 0  Instance: /execunittb
# ** Note: PASS: Test Case 12
#    Time: 352 ns  Iteration: 0  Instance: /execunittb
# ** Note: 
#       Y Propagation Delay: 21700 ps
#       Zero Propagation Delay: 0 ps
#       AltB Propagation Delay: 13100 ps
#       AltBu Propagation Delay: 12700 ps
# 
#    Time: 352 ns  Iteration: 0  Instance: /execunittb
# ** Note: PASS: Test Case 13
#    Time: 377400 ps  Iteration: 0  Instance: /execunittb
# ** Note: 
#       Y Propagation Delay: 20400 ps
#       Zero Propagation Delay: 0 ps
#       AltB Propagation Delay: 13200 ps
#       AltBu Propagation Delay: 12700 ps
# 
#    Time: 377400 ps  Iteration: 0  Instance: /execunittb
# ** Note: PASS: Test Case 14
#    Time: 401600 ps  Iteration: 0  Instance: /execunittb
# ** Note: 
#       Y Propagation Delay: 19200 ps
#       Zero Propagation Delay: 0 ps
#       AltB Propagation Delay: 13100 ps
#       AltBu Propagation Delay: 12700 ps
# 
#    Time: 401600 ps  Iteration: 0  Instance: /execunittb
# ** Note: PASS: Test Case 15
#    Time: 426600 ps  Iteration: 0  Instance: /execunittb
# ** Note: 
#       Y Propagation Delay: 20000 ps
#       Zero Propagation Delay: 0 ps
#       AltB Propagation Delay: 0 ps
#       AltBu Propagation Delay: 0 ps
# 
#    Time: 426600 ps  Iteration: 0  Instance: /execunittb
# ** Note: PASS: Test Case 16
#    Time: 453 ns  Iteration: 0  Instance: /execunittb
# ** Note: 
#       Y Propagation Delay: 21400 ps
#       Zero Propagation Delay: 0 ps
#       AltB Propagation Delay: 0 ps
#       AltBu Propagation Delay: 0 ps
# 
#    Time: 453 ns  Iteration: 0  Instance: /execunittb
# ** Note: PASS: Test Case 17
#    Time: 480200 ps  Iteration: 0  Instance: /execunittb
# ** Note: 
#       Y Propagation Delay: 22200 ps
#       Zero Propagation Delay: 0 ps
#       AltB Propagation Delay: 0 ps
#       AltBu Propagation Delay: 0 ps
# 
#    Time: 480200 ps  Iteration: 0  Instance: /execunittb
# ** Note: PASS: Test Case 18
#    Time: 507 ns  Iteration: 0  Instance: /execunittb
# ** Note: 
#       Y Propagation Delay: 21800 ps
#       Zero Propagation Delay: 0 ps
#       AltB Propagation Delay: 13200 ps
#       AltBu Propagation Delay: 12700 ps
# 
#    Time: 507 ns  Iteration: 0  Instance: /execunittb
# ** Note: PASS: Test Case 19
#    Time: 530600 ps  Iteration: 0  Instance: /execunittb
# ** Note: 
#       Y Propagation Delay: 18600 ps
#       Zero Propagation Delay: 0 ps
#       AltB Propagation Delay: 12700 ps
#       AltBu Propagation Delay: 12200 ps
# 
#    Time: 530600 ps  Iteration: 0  Instance: /execunittb
# ** Note: PASS: Test Case 20
#    Time: 556600 ps  Iteration: 0  Instance: /execunittb
# ** Note: 
#       Y Propagation Delay: 21000 ps
#       Zero Propagation Delay: 0 ps
#       AltB Propagation Delay: 13400 ps
#       AltBu Propagation Delay: 12900 ps
# 
#    Time: 556600 ps  Iteration: 0  Instance: /execunittb
# ** Note: PASS: Test Case 21
#    Time: 583100 ps  Iteration: 0  Instance: /execunittb
# ** Note: 
#       Y Propagation Delay: 21500 ps
#       Zero Propagation Delay: 0 ps
#       AltB Propagation Delay: 13100 ps
#       AltBu Propagation Delay: 12700 ps
# 
#    Time: 583100 ps  Iteration: 0  Instance: /execunittb
# ** Note: PASS: Test Case 22
#    Time: 609400 ps  Iteration: 0  Instance: /execunittb
# ** Note: 
#       Y Propagation Delay: 21300 ps
#       Zero Propagation Delay: 0 ps
#       AltB Propagation Delay: 16300 ps
#       AltBu Propagation Delay: 15900 ps
# 
#    Time: 609400 ps  Iteration: 0  Instance: /execunittb
# ** Note: PASS: Test Case 23
#    Time: 632500 ps  Iteration: 0  Instance: /execunittb
# ** Note: 
#       Y Propagation Delay: 18100 ps
#       Zero Propagation Delay: 0 ps
#       AltB Propagation Delay: 0 ps
#       AltBu Propagation Delay: 12400 ps
# 
#    Time: 632500 ps  Iteration: 0  Instance: /execunittb
# ** Note: PASS: Test Case 24
#    Time: 657300 ps  Iteration: 0  Instance: /execunittb
# ** Note: 
#       Y Propagation Delay: 19800 ps
#       Zero Propagation Delay: 0 ps
#       AltB Propagation Delay: 13000 ps
#       AltBu Propagation Delay: 0 ps
# 
#    Time: 657300 ps  Iteration: 0  Instance: /execunittb
# ** Note: PASS: Test Case 25
#    Time: 681600 ps  Iteration: 0  Instance: /execunittb
# ** Note: 
#       Y Propagation Delay: 19300 ps
#       Zero Propagation Delay: 0 ps
#       AltB Propagation Delay: 11800 ps
#       AltBu Propagation Delay: 11400 ps
# 
#    Time: 681600 ps  Iteration: 0  Instance: /execunittb
# ** Note: PASS: Test Case 26
#    Time: 706100 ps  Iteration: 0  Instance: /execunittb
# ** Note: 
#       Y Propagation Delay: 19500 ps
#       Zero Propagation Delay: 0 ps
#       AltB Propagation Delay: 0 ps
#       AltBu Propagation Delay: 0 ps
# 
#    Time: 706100 ps  Iteration: 0  Instance: /execunittb
# ** Note: PASS: Test Case 27
#    Time: 730400 ps  Iteration: 0  Instance: /execunittb
# ** Note: 
#       Y Propagation Delay: 19300 ps
#       Zero Propagation Delay: 0 ps
#       AltB Propagation Delay: 0 ps
#       AltBu Propagation Delay: 0 ps
# 
#    Time: 730400 ps  Iteration: 0  Instance: /execunittb
# ** Note: PASS: Test Case 28
#    Time: 753900 ps  Iteration: 0  Instance: /execunittb
# ** Note: 
#       Y Propagation Delay: 18500 ps
#       Zero Propagation Delay: 0 ps
#       AltB Propagation Delay: 11600 ps
#       AltBu Propagation Delay: 11400 ps
# 
#    Time: 753900 ps  Iteration: 0  Instance: /execunittb
# ** Note: PASS: Test Case 29
#    Time: 778 ns  Iteration: 0  Instance: /execunittb
# ** Note: 
#       Y Propagation Delay: 19100 ps
#       Zero Propagation Delay: 0 ps
#       AltB Propagation Delay: 12000 ps
#       AltBu Propagation Delay: 11500 ps
# 
#    Time: 778 ns  Iteration: 0  Instance: /execunittb
# ** Note: PASS: Test Case 30
#    Time: 804200 ps  Iteration: 0  Instance: /execunittb
# ** Note: 
#       Y Propagation Delay: 21200 ps
#       Zero Propagation Delay: 0 ps
#       AltB Propagation Delay: 0 ps
#       AltBu Propagation Delay: 11200 ps
# 
#    Time: 804200 ps  Iteration: 0  Instance: /execunittb
# ** Note: PASS: Test Case 31
#    Time: 830500 ps  Iteration: 0  Instance: /execunittb
# ** Note: 
#       Y Propagation Delay: 21300 ps
#       Zero Propagation Delay: 0 ps
#       AltB Propagation Delay: 13200 ps
#       AltBu Propagation Delay: 12700 ps
# 
#    Time: 830500 ps  Iteration: 0  Instance: /execunittb
# ** Note: PASS: Test Case 32
#    Time: 854200 ps  Iteration: 0  Instance: /execunittb
# ** Note: 
#       Y Propagation Delay: 18700 ps
#       Zero Propagation Delay: 0 ps
#       AltB Propagation Delay: 12900 ps
#       AltBu Propagation Delay: 12400 ps
# 
#    Time: 854200 ps  Iteration: 0  Instance: /execunittb
# ** Note: PASS: Test Case 33
#    Time: 878700 ps  Iteration: 0  Instance: /execunittb
# ** Note: 
#       Y Propagation Delay: 19500 ps
#       Zero Propagation Delay: 0 ps
#       AltB Propagation Delay: 11700 ps
#       AltBu Propagation Delay: 0 ps
# 
#    Time: 878700 ps  Iteration: 0  Instance: /execunittb
# ** Note: PASS: Test Case 34
#    Time: 902900 ps  Iteration: 0  Instance: /execunittb
# ** Note: 
#       Y Propagation Delay: 19200 ps
#       Zero Propagation Delay: 0 ps
#       AltB Propagation Delay: 15000 ps
#       AltBu Propagation Delay: 14600 ps
# 
#    Time: 902900 ps  Iteration: 0  Instance: /execunittb
# ** Note: PASS: Test Case 35
#    Time: 927800 ps  Iteration: 0  Instance: /execunittb
# ** Note: 
#       Y Propagation Delay: 19900 ps
#       Zero Propagation Delay: 0 ps
#       AltB Propagation Delay: 13400 ps
#       AltBu Propagation Delay: 12900 ps
# 
#    Time: 927800 ps  Iteration: 0  Instance: /execunittb
# ** Note: PASS: Test Case 36
#    Time: 954100 ps  Iteration: 0  Instance: /execunittb
# ** Note: 
#       Y Propagation Delay: 21300 ps
#       Zero Propagation Delay: 0 ps
#       AltB Propagation Delay: 13000 ps
#       AltBu Propagation Delay: 11400 ps
# 
#    Time: 954100 ps  Iteration: 0  Instance: /execunittb
# ** Note: PASS: Test Case 37
#    Time: 980800 ps  Iteration: 0  Instance: /execunittb
# ** Note: 
#       Y Propagation Delay: 21700 ps
#       Zero Propagation Delay: 0 ps
#       AltB Propagation Delay: 13000 ps
#       AltBu Propagation Delay: 0 ps
# 
#    Time: 980800 ps  Iteration: 0  Instance: /execunittb
# ** Note: PASS: Test Case 38
#    Time: 1004400 ps  Iteration: 0  Instance: /execunittb
# ** Note: 
#       Y Propagation Delay: 18600 ps
#       Zero Propagation Delay: 0 ps
#       AltB Propagation Delay: 0 ps
#       AltBu Propagation Delay: 0 ps
# 
#    Time: 1004400 ps  Iteration: 0  Instance: /execunittb
# ** Note: PASS: Test Case 39
#    Time: 1031200 ps  Iteration: 0  Instance: /execunittb
# ** Note: 
#       Y Propagation Delay: 21800 ps
#       Zero Propagation Delay: 0 ps
#       AltB Propagation Delay: 13000 ps
#       AltBu Propagation Delay: 11200 ps
# 
#    Time: 1031200 ps  Iteration: 0  Instance: /execunittb
# ** Note: PASS: Test Case 40
#    Time: 1054300 ps  Iteration: 0  Instance: /execunittb
# ** Note: 
#       Y Propagation Delay: 18100 ps
#       Zero Propagation Delay: 0 ps
#       AltB Propagation Delay: 13000 ps
#       AltBu Propagation Delay: 11200 ps
# 
#    Time: 1054300 ps  Iteration: 0  Instance: /execunittb
# ** Note: PASS: Test Case 41
#    Time: 1079800 ps  Iteration: 0  Instance: /execunittb
# ** Note: 
#       Y Propagation Delay: 20500 ps
#       Zero Propagation Delay: 0 ps
#       AltB Propagation Delay: 12500 ps
#       AltBu Propagation Delay: 13000 ps
# 
#    Time: 1079800 ps  Iteration: 0  Instance: /execunittb
# ** Note: PASS: Test Case 42
#    Time: 1104100 ps  Iteration: 0  Instance: /execunittb
# ** Note: 
#       Y Propagation Delay: 19300 ps
#       Zero Propagation Delay: 0 ps
#       AltB Propagation Delay: 13000 ps
#       AltBu Propagation Delay: 0 ps
# 
#    Time: 1104100 ps  Iteration: 0  Instance: /execunittb
# ** Note: PASS: Test Case 43
#    Time: 1129800 ps  Iteration: 0  Instance: /execunittb
# ** Note: 
#       Y Propagation Delay: 20700 ps
#       Zero Propagation Delay: 0 ps
#       AltB Propagation Delay: 13100 ps
#       AltBu Propagation Delay: 12700 ps
# 
#    Time: 1129800 ps  Iteration: 0  Instance: /execunittb
# ** Note: PASS: Test Case 44
#    Time: 1155300 ps  Iteration: 0  Instance: /execunittb
# ** Note: 
#       Y Propagation Delay: 20500 ps
#       Zero Propagation Delay: 0 ps
#       AltB Propagation Delay: 13200 ps
#       AltBu Propagation Delay: 12700 ps
# 
#    Time: 1155300 ps  Iteration: 0  Instance: /execunittb
# ** Note: PASS: Test Case 45
#    Time: 1178800 ps  Iteration: 0  Instance: /execunittb
# ** Note: 
#       Y Propagation Delay: 18500 ps
#       Zero Propagation Delay: 0 ps
#       AltB Propagation Delay: 11500 ps
#       AltBu Propagation Delay: 0 ps
# 
#    Time: 1178800 ps  Iteration: 0  Instance: /execunittb
# ** Note: PASS: Test Case 46
#    Time: 1202600 ps  Iteration: 0  Instance: /execunittb
# ** Note: 
#       Y Propagation Delay: 18800 ps
#       Zero Propagation Delay: 0 ps
#       AltB Propagation Delay: 13000 ps
#       AltBu Propagation Delay: 11300 ps
# 
#    Time: 1202600 ps  Iteration: 0  Instance: /execunittb
# ** Note: PASS: Test Case 47
#    Time: 1227900 ps  Iteration: 0  Instance: /execunittb
# ** Note: 
#       Y Propagation Delay: 20300 ps
#       Zero Propagation Delay: 0 ps
#       AltB Propagation Delay: 15000 ps
#       AltBu Propagation Delay: 14600 ps
# 
#    Time: 1227900 ps  Iteration: 0  Instance: /execunittb
# ** Note: PASS: Test Case 48
#    Time: 1254100 ps  Iteration: 0  Instance: /execunittb
# ** Note: 
#       Y Propagation Delay: 21200 ps
#       Zero Propagation Delay: 0 ps
#       AltB Propagation Delay: 13100 ps
#       AltBu Propagation Delay: 12700 ps
# 
#    Time: 1254100 ps  Iteration: 0  Instance: /execunittb
# ** Note: PASS: Test Case 49
#    Time: 1276300 ps  Iteration: 0  Instance: /execunittb
# ** Note: 
#       Y Propagation Delay: 17200 ps
#       Zero Propagation Delay: 0 ps
#       AltB Propagation Delay: 12700 ps
#       AltBu Propagation Delay: 12200 ps
# 
#    Time: 1276300 ps  Iteration: 0  Instance: /execunittb
# ** Note: PASS: Test Case 50
#    Time: 1300600 ps  Iteration: 0  Instance: /execunittb
# ** Note: 
#       Y Propagation Delay: 19300 ps
#       Zero Propagation Delay: 0 ps
#       AltB Propagation Delay: 11600 ps
#       AltBu Propagation Delay: 11200 ps
# 
#    Time: 1300600 ps  Iteration: 0  Instance: /execunittb
# ** Note: PASS: Test Case 51
#    Time: 1323400 ps  Iteration: 0  Instance: /execunittb
# ** Note: 
#       Y Propagation Delay: 17800 ps
#       Zero Propagation Delay: 0 ps
#       AltB Propagation Delay: 13000 ps
#       AltBu Propagation Delay: 0 ps
# 
#    Time: 1323400 ps  Iteration: 0  Instance: /execunittb
# ** Note: PASS: Test Case 52
#    Time: 1347400 ps  Iteration: 0  Instance: /execunittb
# ** Note: 
#       Y Propagation Delay: 19000 ps
#       Zero Propagation Delay: 0 ps
#       AltB Propagation Delay: 12700 ps
#       AltBu Propagation Delay: 12200 ps
# 
#    Time: 1347400 ps  Iteration: 0  Instance: /execunittb
# ** Note: PASS: Test Case 53
#    Time: 1372800 ps  Iteration: 0  Instance: /execunittb
# ** Note: 
#       Y Propagation Delay: 20400 ps
#       Zero Propagation Delay: 0 ps
#       AltB Propagation Delay: 13000 ps
#       AltBu Propagation Delay: 12000 ps
# 
#    Time: 1372800 ps  Iteration: 0  Instance: /execunittb
# ** Note: PASS: Test Case 54
#    Time: 1396200 ps  Iteration: 0  Instance: /execunittb
# ** Note: 
#       Y Propagation Delay: 18400 ps
#       Zero Propagation Delay: 0 ps
#       AltB Propagation Delay: 13100 ps
#       AltBu Propagation Delay: 12700 ps
# 
#    Time: 1396200 ps  Iteration: 0  Instance: /execunittb
# ** Note: PASS: Test Case 55
#    Time: 1423800 ps  Iteration: 0  Instance: /execunittb
# ** Note: 
#       Y Propagation Delay: 22600 ps
#       Zero Propagation Delay: 0 ps
#       AltB Propagation Delay: 16300 ps
#       AltBu Propagation Delay: 15900 ps
# 
#    Time: 1423800 ps  Iteration: 0  Instance: /execunittb
# ** Note: PASS: Test Case 56
#    Time: 1448400 ps  Iteration: 0  Instance: /execunittb
# ** Note: 
#       Y Propagation Delay: 19600 ps
#       Zero Propagation Delay: 0 ps
#       AltB Propagation Delay: 14700 ps
#       AltBu Propagation Delay: 14200 ps
# 
#    Time: 1448400 ps  Iteration: 0  Instance: /execunittb
# ** Note: PASS: Test Case 57
#    Time: 1472400 ps  Iteration: 0  Instance: /execunittb
# ** Note: 
#       Y Propagation Delay: 19000 ps
#       Zero Propagation Delay: 0 ps
#       AltB Propagation Delay: 11600 ps
#       AltBu Propagation Delay: 11200 ps
# 
#    Time: 1472400 ps  Iteration: 0  Instance: /execunittb
# ** Note: PASS: Test Case 58
#    Time: 1495 ns  Iteration: 0  Instance: /execunittb
# ** Note: 
#       Y Propagation Delay: 17600 ps
#       Zero Propagation Delay: 0 ps
#       AltB Propagation Delay: 0 ps
#       AltBu Propagation Delay: 0 ps
# 
#    Time: 1495 ns  Iteration: 0  Instance: /execunittb
# ** Note: PASS: Test Case 59
#    Time: 1517800 ps  Iteration: 0  Instance: /execunittb
# ** Note: 
#       Y Propagation Delay: 17800 ps
#       Zero Propagation Delay: 0 ps
#       AltB Propagation Delay: 12500 ps
#       AltBu Propagation Delay: 12100 ps
# 
#    Time: 1517800 ps  Iteration: 0  Instance: /execunittb
# ** Note: PASS: Test Case 60
#    Time: 1542200 ps  Iteration: 0  Instance: /execunittb
# ** Note: 
#       Y Propagation Delay: 19400 ps
#       Zero Propagation Delay: 0 ps
#       AltB Propagation Delay: 13000 ps
#       AltBu Propagation Delay: 0 ps
# 
#    Time: 1542200 ps  Iteration: 0  Instance: /execunittb
# ** Note: PASS: Test Case 61
#    Time: 1565800 ps  Iteration: 0  Instance: /execunittb
# ** Note: 
#       Y Propagation Delay: 18600 ps
#       Zero Propagation Delay: 0 ps
#       AltB Propagation Delay: 11700 ps
#       AltBu Propagation Delay: 11200 ps
# 
#    Time: 1565800 ps  Iteration: 0  Instance: /execunittb
# ** Note: PASS: Test Case 62
#    Time: 1587300 ps  Iteration: 0  Instance: /execunittb
# ** Note: 
#       Y Propagation Delay: 16500 ps
#       Zero Propagation Delay: 0 ps
#       AltB Propagation Delay: 13700 ps
#       AltBu Propagation Delay: 13200 ps
# 
#    Time: 1587300 ps  Iteration: 0  Instance: /execunittb
# ** Note: PASS: Test Case 63
#    Time: 1612500 ps  Iteration: 0  Instance: /execunittb
# ** Note: 
#       Y Propagation Delay: 20200 ps
#       Zero Propagation Delay: 0 ps
#       AltB Propagation Delay: 11600 ps
#       AltBu Propagation Delay: 11200 ps
# 
#    Time: 1612500 ps  Iteration: 0  Instance: /execunittb
# ** Note: PASS: Test Case 64
#    Time: 1635500 ps  Iteration: 0  Instance: /execunittb
# ** Note: 
#       Y Propagation Delay: 18000 ps
#       Zero Propagation Delay: 0 ps
#       AltB Propagation Delay: 0 ps
#       AltBu Propagation Delay: 0 ps
# 
#    Time: 1635500 ps  Iteration: 0  Instance: /execunittb
# ** Note: PASS: Test Case 65
#    Time: 1662 ns  Iteration: 0  Instance: /execunittb
# ** Note: 
#       Y Propagation Delay: 21500 ps
#       Zero Propagation Delay: 0 ps
#       AltB Propagation Delay: 0 ps
#       AltBu Propagation Delay: 0 ps
# 
#    Time: 1662 ns  Iteration: 0  Instance: /execunittb
# ** Note: PASS: Test Case 66
#    Time: 1686900 ps  Iteration: 0  Instance: /execunittb
# ** Note: 
#       Y Propagation Delay: 19900 ps
#       Zero Propagation Delay: 0 ps
#       AltB Propagation Delay: 0 ps
#       AltBu Propagation Delay: 0 ps
# 
#    Time: 1686900 ps  Iteration: 0  Instance: /execunittb
# ** Note: PASS: Test Case 67
#    Time: 1710400 ps  Iteration: 0  Instance: /execunittb
# ** Note: 
#       Y Propagation Delay: 18500 ps
#       Zero Propagation Delay: 0 ps
#       AltB Propagation Delay: 0 ps
#       AltBu Propagation Delay: 0 ps
# 
#    Time: 1710400 ps  Iteration: 0  Instance: /execunittb
# ** Note: PASS: Test Case 68
#    Time: 1735 ns  Iteration: 0  Instance: /execunittb
# ** Note: 
#       Y Propagation Delay: 19600 ps
#       Zero Propagation Delay: 0 ps
#       AltB Propagation Delay: 0 ps
#       AltBu Propagation Delay: 12400 ps
# 
#    Time: 1735 ns  Iteration: 0  Instance: /execunittb
# ** Note: PASS: Test Case 69
#    Time: 1761100 ps  Iteration: 0  Instance: /execunittb
# ** Note: 
#       Y Propagation Delay: 21100 ps
#       Zero Propagation Delay: 0 ps
#       AltB Propagation Delay: 13000 ps
#       AltBu Propagation Delay: 12000 ps
# 
#    Time: 1761100 ps  Iteration: 0  Instance: /execunittb
# ** Note: PASS: Test Case 70
#    Time: 1784600 ps  Iteration: 0  Instance: /execunittb
# ** Note: 
#       Y Propagation Delay: 18500 ps
#       Zero Propagation Delay: 0 ps
#       AltB Propagation Delay: 13200 ps
#       AltBu Propagation Delay: 12700 ps
# 
#    Time: 1784600 ps  Iteration: 0  Instance: /execunittb
# ** Note: PASS: Test Case 71
#    Time: 1808400 ps  Iteration: 0  Instance: /execunittb
# ** Note: 
#       Y Propagation Delay: 18800 ps
#       Zero Propagation Delay: 0 ps
#       AltB Propagation Delay: 13700 ps
#       AltBu Propagation Delay: 13200 ps
# 
#    Time: 1808400 ps  Iteration: 0  Instance: /execunittb
# ** Note: PASS: Test Case 72
#    Time: 1831300 ps  Iteration: 0  Instance: /execunittb
# ** Note: 
#       Y Propagation Delay: 17900 ps
#       Zero Propagation Delay: 0 ps
#       AltB Propagation Delay: 13600 ps
#       AltBu Propagation Delay: 13200 ps
# 
#    Time: 1831300 ps  Iteration: 0  Instance: /execunittb
# ** Note: PASS: Test Case 73
#    Time: 1857300 ps  Iteration: 0  Instance: /execunittb
# ** Note: 
#       Y Propagation Delay: 21000 ps
#       Zero Propagation Delay: 0 ps
#       AltB Propagation Delay: 0 ps
#       AltBu Propagation Delay: 0 ps
# 
#    Time: 1857300 ps  Iteration: 0  Instance: /execunittb
# ** Note: PASS: Test Case 74
#    Time: 1881900 ps  Iteration: 0  Instance: /execunittb
# ** Note: 
#       Y Propagation Delay: 19600 ps
#       Zero Propagation Delay: 0 ps
#       AltB Propagation Delay: 11700 ps
#       AltBu Propagation Delay: 11200 ps
# 
#    Time: 1881900 ps  Iteration: 0  Instance: /execunittb
# ** Note: PASS: Test Case 75
#    Time: 1905600 ps  Iteration: 0  Instance: /execunittb
# ** Note: 
#       Y Propagation Delay: 18700 ps
#       Zero Propagation Delay: 0 ps
#       AltB Propagation Delay: 0 ps
#       AltBu Propagation Delay: 0 ps
# 
#    Time: 1905600 ps  Iteration: 0  Instance: /execunittb
# ** Note: PASS: Test Case 76
#    Time: 1929700 ps  Iteration: 0  Instance: /execunittb
# ** Note: 
#       Y Propagation Delay: 19100 ps
#       Zero Propagation Delay: 0 ps
#       AltB Propagation Delay: 13600 ps
#       AltBu Propagation Delay: 13200 ps
# 
#    Time: 1929700 ps  Iteration: 0  Instance: /execunittb
# ** Note: PASS: Test Case 77
#    Time: 1953700 ps  Iteration: 0  Instance: /execunittb
# ** Note: 
#       Y Propagation Delay: 19000 ps
#       Zero Propagation Delay: 0 ps
#       AltB Propagation Delay: 13000 ps
#       AltBu Propagation Delay: 11800 ps
# 
#    Time: 1953700 ps  Iteration: 0  Instance: /execunittb
# ** Note: PASS: Test Case 78
#    Time: 1977200 ps  Iteration: 0  Instance: /execunittb
# ** Note: 
#       Y Propagation Delay: 18500 ps
#       Zero Propagation Delay: 0 ps
#       AltB Propagation Delay: 12400 ps
#       AltBu Propagation Delay: 12000 ps
# 
#    Time: 1977200 ps  Iteration: 0  Instance: /execunittb
# ** Note: PASS: Test Case 79
#    Time: 2001400 ps  Iteration: 0  Instance: /execunittb
# ** Note: 
#       Y Propagation Delay: 19200 ps
#       Zero Propagation Delay: 0 ps
#       AltB Propagation Delay: 11700 ps
#       AltBu Propagation Delay: 11200 ps
# 
#    Time: 2001400 ps  Iteration: 0  Instance: /execunittb
# ** Note: PASS: Test Case 80
#    Time: 2025500 ps  Iteration: 0  Instance: /execunittb
# ** Note: 
#       Y Propagation Delay: 19100 ps
#       Zero Propagation Delay: 0 ps
#       AltB Propagation Delay: 0 ps
#       AltBu Propagation Delay: 0 ps
# 
#    Time: 2025500 ps  Iteration: 0  Instance: /execunittb
# ** Note: PASS: Test Case 81
#    Time: 2048200 ps  Iteration: 0  Instance: /execunittb
# ** Note: 
#       Y Propagation Delay: 17700 ps
#       Zero Propagation Delay: 0 ps
#       AltB Propagation Delay: 13000 ps
#       AltBu Propagation Delay: 12100 ps
# 
#    Time: 2048200 ps  Iteration: 0  Instance: /execunittb
# ** Note: PASS: Test Case 82
#    Time: 2069600 ps  Iteration: 0  Instance: /execunittb
# ** Note: 
#       Y Propagation Delay: 16400 ps
#       Zero Propagation Delay: 0 ps
#       AltB Propagation Delay: 11600 ps
#       AltBu Propagation Delay: 12500 ps
# 
#    Time: 2069600 ps  Iteration: 0  Instance: /execunittb
# ** Note: PASS: Test Case 83
#    Time: 2091100 ps  Iteration: 0  Instance: /execunittb
# ** Note: 
#       Y Propagation Delay: 16500 ps
#       Zero Propagation Delay: 0 ps
#       AltB Propagation Delay: 16500 ps
#       AltBu Propagation Delay: 16100 ps
# 
#    Time: 2091100 ps  Iteration: 0  Instance: /execunittb
# ** Note: PASS: Test Case 84
#    Time: 2112200 ps  Iteration: 0  Instance: /execunittb
# ** Note: 
#       Y Propagation Delay: 16100 ps
#       Zero Propagation Delay: 0 ps
#       AltB Propagation Delay: 0 ps
#       AltBu Propagation Delay: 0 ps
# 
#    Time: 2112200 ps  Iteration: 0  Instance: /execunittb
# ** Note: PASS: Test Case 85
#    Time: 2133100 ps  Iteration: 0  Instance: /execunittb
# ** Note: 
#       Y Propagation Delay: 15900 ps
#       Zero Propagation Delay: 0 ps
#       AltB Propagation Delay: 11600 ps
#       AltBu Propagation Delay: 0 ps
# 
#    Time: 2133100 ps  Iteration: 0  Instance: /execunittb
# ** Note: PASS: Test Case 86
#    Time: 2153600 ps  Iteration: 0  Instance: /execunittb
# ** Note: 
#       Y Propagation Delay: 15500 ps
#       Zero Propagation Delay: 0 ps
#       AltB Propagation Delay: 13000 ps
#       AltBu Propagation Delay: 0 ps
# 
#    Time: 2153600 ps  Iteration: 0  Instance: /execunittb
# ** Note: PASS: Test Case 87
#    Time: 2172500 ps  Iteration: 0  Instance: /execunittb
# ** Note: 
#       Y Propagation Delay: 13900 ps
#       Zero Propagation Delay: 0 ps
#       AltB Propagation Delay: 11700 ps
#       AltBu Propagation Delay: 11200 ps
# 
#    Time: 2172500 ps  Iteration: 0  Instance: /execunittb
# ** Note: PASS: Test Case 88
#    Time: 2195200 ps  Iteration: 0  Instance: /execunittb
# ** Note: 
#       Y Propagation Delay: 17700 ps
#       Zero Propagation Delay: 0 ps
#       AltB Propagation Delay: 0 ps
#       AltBu Propagation Delay: 0 ps
# 
#    Time: 2195200 ps  Iteration: 0  Instance: /execunittb
# ** Note: PASS: Test Case 89
#    Time: 2217900 ps  Iteration: 0  Instance: /execunittb
# ** Note: 
#       Y Propagation Delay: 17700 ps
#       Zero Propagation Delay: 0 ps
#       AltB Propagation Delay: 0 ps
#       AltBu Propagation Delay: 0 ps
# 
#    Time: 2217900 ps  Iteration: 0  Instance: /execunittb
# ** Note: PASS: Test Case 90
#    Time: 2238800 ps  Iteration: 0  Instance: /execunittb
# ** Note: 
#       Y Propagation Delay: 15900 ps
#       Zero Propagation Delay: 0 ps
#       AltB Propagation Delay: 13100 ps
#       AltBu Propagation Delay: 12700 ps
# 
#    Time: 2238800 ps  Iteration: 0  Instance: /execunittb
# ** Note: PASS: Test Case 91
#    Time: 2261500 ps  Iteration: 0  Instance: /execunittb
# ** Note: 
#       Y Propagation Delay: 17700 ps
#       Zero Propagation Delay: 0 ps
#       AltB Propagation Delay: 13200 ps
#       AltBu Propagation Delay: 12700 ps
# 
#    Time: 2261500 ps  Iteration: 0  Instance: /execunittb
# ** Note: PASS: Test Case 92
#    Time: 2284200 ps  Iteration: 0  Instance: /execunittb
# ** Note: 
#       Y Propagation Delay: 17700 ps
#       Zero Propagation Delay: 0 ps
#       AltB Propagation Delay: 11500 ps
#       AltBu Propagation Delay: 0 ps
# 
#    Time: 2284200 ps  Iteration: 0  Instance: /execunittb
# ** Note: PASS: Test Case 93
#    Time: 2305100 ps  Iteration: 0  Instance: /execunittb
# ** Note: 
#       Y Propagation Delay: 15900 ps
#       Zero Propagation Delay: 0 ps
#       AltB Propagation Delay: 0 ps
#       AltBu Propagation Delay: 11200 ps
# 
#    Time: 2305100 ps  Iteration: 0  Instance: /execunittb
# ** Note: PASS: Test Case 94
#    Time: 2327700 ps  Iteration: 0  Instance: /execunittb
# ** Note: 
#       Y Propagation Delay: 17600 ps
#       Zero Propagation Delay: 0 ps
#       AltB Propagation Delay: 11700 ps
#       AltBu Propagation Delay: 12500 ps
# 
#    Time: 2327700 ps  Iteration: 0  Instance: /execunittb
# ** Note: PASS: Test Case 95
#    Time: 2349300 ps  Iteration: 0  Instance: /execunittb
# ** Note: 
#       Y Propagation Delay: 16600 ps
#       Zero Propagation Delay: 0 ps
#       AltB Propagation Delay: 13200 ps
#       AltBu Propagation Delay: 12700 ps
# 
#    Time: 2349300 ps  Iteration: 0  Instance: /execunittb
# ** Note: PASS: Test Case 96
#    Time: 2368300 ps  Iteration: 0  Instance: /execunittb
# ** Note: 
#       Y Propagation Delay: 14000 ps
#       Zero Propagation Delay: 0 ps
#       AltB Propagation Delay: 12500 ps
#       AltBu Propagation Delay: 12100 ps
# 
#    Time: 2368300 ps  Iteration: 0  Instance: /execunittb
# ** Note: PASS: Test Case 97
#    Time: 2390900 ps  Iteration: 0  Instance: /execunittb
# ** Note: 
#       Y Propagation Delay: 17600 ps
#       Zero Propagation Delay: 0 ps
#       AltB Propagation Delay: 11700 ps
#       AltBu Propagation Delay: 11200 ps
# 
#    Time: 2390900 ps  Iteration: 0  Instance: /execunittb
# ** Note: PASS: Test Case 98
#    Time: 2413600 ps  Iteration: 0  Instance: /execunittb
# ** Note: 
#       Y Propagation Delay: 17700 ps
#       Zero Propagation Delay: 0 ps
#       AltB Propagation Delay: 13400 ps
#       AltBu Propagation Delay: 12900 ps
# 
#    Time: 2413600 ps  Iteration: 0  Instance: /execunittb
# ** Note: PASS: Test Case 99
#    Time: 2433200 ps  Iteration: 0  Instance: /execunittb
# ** Note: 
#       Y Propagation Delay: 14600 ps
#       Zero Propagation Delay: 0 ps
#       AltB Propagation Delay: 0 ps
#       AltBu Propagation Delay: 0 ps
# 
#    Time: 2433200 ps  Iteration: 0  Instance: /execunittb
# ** Note: PASS: Test Case 100
#    Time: 2452400 ps  Iteration: 0  Instance: /execunittb
# ** Note: 
#       Y Propagation Delay: 14200 ps
#       Zero Propagation Delay: 0 ps
#       AltB Propagation Delay: 13100 ps
#       AltBu Propagation Delay: 12700 ps
# 
#    Time: 2452400 ps  Iteration: 0  Instance: /execunittb
# ** Note: PASS: Test Case 101
#    Time: 2475100 ps  Iteration: 0  Instance: /execunittb
# ** Note: 
#       Y Propagation Delay: 17700 ps
#       Zero Propagation Delay: 0 ps
#       AltB Propagation Delay: 13000 ps
#       AltBu Propagation Delay: 0 ps
# 
#    Time: 2475100 ps  Iteration: 0  Instance: /execunittb
# ** Note: PASS: Test Case 102
#    Time: 2497800 ps  Iteration: 0  Instance: /execunittb
# ** Note: 
#       Y Propagation Delay: 17700 ps
#       Zero Propagation Delay: 0 ps
#       AltB Propagation Delay: 0 ps
#       AltBu Propagation Delay: 0 ps
# 
#    Time: 2497800 ps  Iteration: 0  Instance: /execunittb
# ** Note: PASS: Test Case 103
#    Time: 2518700 ps  Iteration: 0  Instance: /execunittb
# ** Note: 
#       Y Propagation Delay: 15900 ps
#       Zero Propagation Delay: 0 ps
#       AltB Propagation Delay: 11700 ps
#       AltBu Propagation Delay: 11200 ps
# 
#    Time: 2518700 ps  Iteration: 0  Instance: /execunittb
# ** Note: PASS: Test Case 104
#    Time: 2540200 ps  Iteration: 0  Instance: /execunittb
# ** Note: 
#       Y Propagation Delay: 16500 ps
#       Zero Propagation Delay: 0 ps
#       AltB Propagation Delay: 13000 ps
#       AltBu Propagation Delay: 12000 ps
# 
#    Time: 2540200 ps  Iteration: 0  Instance: /execunittb
# ** Note: PASS: Test Case 105
#    Time: 2560100 ps  Iteration: 0  Instance: /execunittb
# ** Note: 
#       Y Propagation Delay: 14900 ps
#       Zero Propagation Delay: 0 ps
#       AltB Propagation Delay: 11600 ps
#       AltBu Propagation Delay: 0 ps
# 
#    Time: 2560100 ps  Iteration: 0  Instance: /execunittb
# ** Note: PASS: Test Case 106
#    Time: 2581700 ps  Iteration: 0  Instance: /execunittb
# ** Note: 
#       Y Propagation Delay: 16600 ps
#       Zero Propagation Delay: 0 ps
#       AltB Propagation Delay: 13200 ps
#       AltBu Propagation Delay: 12700 ps
# 
#    Time: 2581700 ps  Iteration: 0  Instance: /execunittb
# ** Note: PASS: Test Case 107
#    Time: 2604300 ps  Iteration: 0  Instance: /execunittb
# ** Note: 
#       Y Propagation Delay: 17600 ps
#       Zero Propagation Delay: 0 ps
#       AltB Propagation Delay: 13400 ps
#       AltBu Propagation Delay: 13000 ps
# 
#    Time: 2604300 ps  Iteration: 0  Instance: /execunittb
# ** Note: PASS: Test Case 108
#    Time: 2625600 ps  Iteration: 0  Instance: /execunittb
# ** Note: 
#       Y Propagation Delay: 16300 ps
#       Zero Propagation Delay: 0 ps
#       AltB Propagation Delay: 13100 ps
#       AltBu Propagation Delay: 12700 ps
# 
#    Time: 2625600 ps  Iteration: 0  Instance: /execunittb
# ** Note: PASS: Test Case 109
#    Time: 2647 ns  Iteration: 0  Instance: /execunittb
# ** Note: 
#       Y Propagation Delay: 16400 ps
#       Zero Propagation Delay: 0 ps
#       AltB Propagation Delay: 12500 ps
#       AltBu Propagation Delay: 12100 ps
# 
#    Time: 2647 ns  Iteration: 0  Instance: /execunittb
# ** Note: PASS: Test Case 110
#    Time: 2667700 ps  Iteration: 0  Instance: /execunittb
# ** Note: 
#       Y Propagation Delay: 15700 ps
#       Zero Propagation Delay: 0 ps
#       AltB Propagation Delay: 13000 ps
#       AltBu Propagation Delay: 0 ps
# 
#    Time: 2667700 ps  Iteration: 0  Instance: /execunittb
# ** Note: PASS: Test Case 111
#    Time: 2690400 ps  Iteration: 0  Instance: /execunittb
# ** Note: 
#       Y Propagation Delay: 17700 ps
#       Zero Propagation Delay: 0 ps
#       AltB Propagation Delay: 0 ps
#       AltBu Propagation Delay: 11100 ps
# 
#    Time: 2690400 ps  Iteration: 0  Instance: /execunittb
# ** Note: PASS: Test Case 112
#    Time: 2713100 ps  Iteration: 0  Instance: /execunittb
# ** Note: 
#       Y Propagation Delay: 17700 ps
#       Zero Propagation Delay: 0 ps
#       AltB Propagation Delay: 13000 ps
#       AltBu Propagation Delay: 12100 ps
# 
#    Time: 2713100 ps  Iteration: 0  Instance: /execunittb
# ** Note: PASS: Test Case 113
#    Time: 2733 ns  Iteration: 0  Instance: /execunittb
# ** Note: 
#       Y Propagation Delay: 14900 ps
#       Zero Propagation Delay: 0 ps
#       AltB Propagation Delay: 11900 ps
#       AltBu Propagation Delay: 11400 ps
# 
#    Time: 2733 ns  Iteration: 0  Instance: /execunittb
# ** Note: PASS: Test Case 114
#    Time: 2752100 ps  Iteration: 0  Instance: /execunittb
# ** Note: 
#       Y Propagation Delay: 14100 ps
#       Zero Propagation Delay: 0 ps
#       AltB Propagation Delay: 13000 ps
#       AltBu Propagation Delay: 11200 ps
# 
#    Time: 2752100 ps  Iteration: 0  Instance: /execunittb
# ** Note: PASS: Test Case 115
#    Time: 2773400 ps  Iteration: 0  Instance: /execunittb
# ** Note: 
#       Y Propagation Delay: 16300 ps
#       Zero Propagation Delay: 0 ps
#       AltB Propagation Delay: 13000 ps
#       AltBu Propagation Delay: 0 ps
# 
#    Time: 2773400 ps  Iteration: 0  Instance: /execunittb
# ** Note: PASS: Test Case 116
#    Time: 2796100 ps  Iteration: 0  Instance: /execunittb
# ** Note: 
#       Y Propagation Delay: 17700 ps
#       Zero Propagation Delay: 0 ps
#       AltB Propagation Delay: 11700 ps
#       AltBu Propagation Delay: 12200 ps
# 
#    Time: 2796100 ps  Iteration: 0  Instance: /execunittb
# ** Note: PASS: Test Case 117
#    Time: 2818800 ps  Iteration: 0  Instance: /execunittb
# ** Note: 
#       Y Propagation Delay: 17700 ps
#       Zero Propagation Delay: 0 ps
#       AltB Propagation Delay: 13100 ps
#       AltBu Propagation Delay: 12700 ps
# 
#    Time: 2818800 ps  Iteration: 0  Instance: /execunittb
# ** Note: PASS: Test Case 118
#    Time: 2838600 ps  Iteration: 0  Instance: /execunittb
# ** Note: 
#       Y Propagation Delay: 14800 ps
#       Zero Propagation Delay: 0 ps
#       AltB Propagation Delay: 0 ps
#       AltBu Propagation Delay: 0 ps
# 
#    Time: 2838600 ps  Iteration: 0  Instance: /execunittb
# ** Note: PASS: Test Case 119
#    Time: 2861200 ps  Iteration: 0  Instance: /execunittb
# ** Note: 
#       Y Propagation Delay: 17600 ps
#       Zero Propagation Delay: 0 ps
#       AltB Propagation Delay: 0 ps
#       AltBu Propagation Delay: 0 ps
# 
#    Time: 2861200 ps  Iteration: 0  Instance: /execunittb
# ** Note: PASS: Test Case 120
#    Time: 2882500 ps  Iteration: 0  Instance: /execunittb
# ** Note: 
#       Y Propagation Delay: 16300 ps
#       Zero Propagation Delay: 0 ps
#       AltB Propagation Delay: 11700 ps
#       AltBu Propagation Delay: 12200 ps
# 
#    Time: 2882500 ps  Iteration: 0  Instance: /execunittb
# ** Note: PASS: Test Case 121
#    Time: 2904100 ps  Iteration: 0  Instance: /execunittb
# ** Note: 
#       Y Propagation Delay: 16600 ps
#       Zero Propagation Delay: 0 ps
#       AltB Propagation Delay: 13700 ps
#       AltBu Propagation Delay: 13200 ps
# 
#    Time: 2904100 ps  Iteration: 0  Instance: /execunittb
# ** Note: PASS: Test Case 122
#    Time: 2922800 ps  Iteration: 0  Instance: /execunittb
# ** Note: 
#       Y Propagation Delay: 13700 ps
#       Zero Propagation Delay: 0 ps
#       AltB Propagation Delay: 13200 ps
#       AltBu Propagation Delay: 12700 ps
# 
#    Time: 2922800 ps  Iteration: 0  Instance: /execunittb
# ** Note: PASS: Test Case 123
#    Time: 2943300 ps  Iteration: 0  Instance: /execunittb
# ** Note: 
#       Y Propagation Delay: 15500 ps
#       Zero Propagation Delay: 0 ps
#       AltB Propagation Delay: 0 ps
#       AltBu Propagation Delay: 11200 ps
# 
#    Time: 2943300 ps  Iteration: 0  Instance: /execunittb
# ** Note: PASS: Test Case 124
#    Time: 2961700 ps  Iteration: 0  Instance: /execunittb
# ** Note: 
#       Y Propagation Delay: 13400 ps
#       Zero Propagation Delay: 0 ps
#       AltB Propagation Delay: 12700 ps
#       AltBu Propagation Delay: 12200 ps
# 
#    Time: 2961700 ps  Iteration: 0  Instance: /execunittb
# ** Note: PASS: Test Case 125
#    Time: 2982200 ps  Iteration: 0  Instance: /execunittb
# ** Note: 
#       Y Propagation Delay: 15500 ps
#       Zero Propagation Delay: 0 ps
#       AltB Propagation Delay: 13100 ps
#       AltBu Propagation Delay: 12700 ps
# 
#    Time: 2982200 ps  Iteration: 0  Instance: /execunittb
# ** Note: PASS: Test Case 126
#    Time: 3002700 ps  Iteration: 0  Instance: /execunittb
# ** Note: 
#       Y Propagation Delay: 15500 ps
#       Zero Propagation Delay: 0 ps
#       AltB Propagation Delay: 11800 ps
#       AltBu Propagation Delay: 11400 ps
# 
#    Time: 3002700 ps  Iteration: 0  Instance: /execunittb
# ** Note: PASS: Test Case 127
#    Time: 3021800 ps  Iteration: 0  Instance: /execunittb
# ** Note: 
#       Y Propagation Delay: 14100 ps
#       Zero Propagation Delay: 0 ps
#       AltB Propagation Delay: 11700 ps
#       AltBu Propagation Delay: 0 ps
# 
#    Time: 3021800 ps  Iteration: 0  Instance: /execunittb
# ** Note: PASS: Test Case 128
#    Time: 3042300 ps  Iteration: 0  Instance: /execunittb
# ** Note: 
#       Y Propagation Delay: 15500 ps
#       Zero Propagation Delay: 0 ps
#       AltB Propagation Delay: 12700 ps
#       AltBu Propagation Delay: 12200 ps
# 
#    Time: 3042300 ps  Iteration: 0  Instance: /execunittb
# ** Note: PASS: Test Case 129
#    Time: 3061400 ps  Iteration: 0  Instance: /execunittb
# ** Note: 
#       Y Propagation Delay: 14100 ps
#       Zero Propagation Delay: 0 ps
#       AltB Propagation Delay: 13200 ps
#       AltBu Propagation Delay: 12700 ps
# 
#    Time: 3061400 ps  Iteration: 0  Instance: /execunittb
# ** Note: PASS: Test Case 130
#    Time: 3081300 ps  Iteration: 0  Instance: /execunittb
# ** Note: 
#       Y Propagation Delay: 13400 ps
#       Zero Propagation Delay: 0 ps
#       AltB Propagation Delay: 14900 ps
#       AltBu Propagation Delay: 14400 ps
# 
#    Time: 3081300 ps  Iteration: 0  Instance: /execunittb
# ** Note: PASS: Test Case 131
#    Time: 3099700 ps  Iteration: 0  Instance: /execunittb
# ** Note: 
#       Y Propagation Delay: 13400 ps
#       Zero Propagation Delay: 0 ps
#       AltB Propagation Delay: 13000 ps
#       AltBu Propagation Delay: 11200 ps
# 
#    Time: 3099700 ps  Iteration: 0  Instance: /execunittb
# ** Note: PASS: Test Case 132
#    Time: 3120200 ps  Iteration: 0  Instance: /execunittb
# ** Note: 
#       Y Propagation Delay: 15500 ps
#       Zero Propagation Delay: 0 ps
#       AltB Propagation Delay: 0 ps
#       AltBu Propagation Delay: 0 ps
# 
#    Time: 3120200 ps  Iteration: 0  Instance: /execunittb
# ** Note: PASS: Test Case 133
#    Time: 3140700 ps  Iteration: 0  Instance: /execunittb
# ** Note: 
#       Y Propagation Delay: 15500 ps
#       Zero Propagation Delay: 0 ps
#       AltB Propagation Delay: 0 ps
#       AltBu Propagation Delay: 0 ps
# 
#    Time: 3140700 ps  Iteration: 0  Instance: /execunittb
# ** Note: PASS: Test Case 134
#    Time: 3159600 ps  Iteration: 0  Instance: /execunittb
# ** Note: 
#       Y Propagation Delay: 13900 ps
#       Zero Propagation Delay: 0 ps
#       AltB Propagation Delay: 12400 ps
#       AltBu Propagation Delay: 11900 ps
# 
#    Time: 3159600 ps  Iteration: 0  Instance: /execunittb
# ** Note: PASS: Test Case 135
#    Time: 3178300 ps  Iteration: 0  Instance: /execunittb
# ** Note: 
#       Y Propagation Delay: 13700 ps
#       Zero Propagation Delay: 0 ps
#       AltB Propagation Delay: 13200 ps
#       AltBu Propagation Delay: 12700 ps
# 
#    Time: 3178300 ps  Iteration: 0  Instance: /execunittb
# ** Note: PASS: Test Case 136
#    Time: 3198800 ps  Iteration: 0  Instance: /execunittb
# ** Note: 
#       Y Propagation Delay: 15500 ps
#       Zero Propagation Delay: 0 ps
#       AltB Propagation Delay: 13100 ps
#       AltBu Propagation Delay: 12700 ps
# 
#    Time: 3198800 ps  Iteration: 0  Instance: /execunittb
# ** Note: PASS: Test Case 137
#    Time: 3218500 ps  Iteration: 0  Instance: /execunittb
# ** Note: 
#       Y Propagation Delay: 14700 ps
#       Zero Propagation Delay: 0 ps
#       AltB Propagation Delay: 11700 ps
#       AltBu Propagation Delay: 12200 ps
# 
#    Time: 3218500 ps  Iteration: 0  Instance: /execunittb
# ** Note: PASS: Test Case 138
#    Time: 3239 ns  Iteration: 0  Instance: /execunittb
# ** Note: 
#       Y Propagation Delay: 15500 ps
#       Zero Propagation Delay: 0 ps
#       AltB Propagation Delay: 11600 ps
#       AltBu Propagation Delay: 0 ps
# 
#    Time: 3239 ns  Iteration: 0  Instance: /execunittb
# ** Note: PASS: Test Case 139
#    Time: 3258100 ps  Iteration: 0  Instance: /execunittb
# ** Note: 
#       Y Propagation Delay: 14100 ps
#       Zero Propagation Delay: 0 ps
#       AltB Propagation Delay: 13000 ps
#       AltBu Propagation Delay: 0 ps
# 
#    Time: 3258100 ps  Iteration: 0  Instance: /execunittb
# ** Note: PASS: Test Case 140
#    Time: 3277900 ps  Iteration: 0  Instance: /execunittb
# ** Note: 
#       Y Propagation Delay: 14800 ps
#       Zero Propagation Delay: 0 ps
#       AltB Propagation Delay: 13000 ps
#       AltBu Propagation Delay: 11700 ps
# 
#    Time: 3277900 ps  Iteration: 0  Instance: /execunittb
# ** Note: PASS: Test Case 141
#    Time: 3300300 ps  Iteration: 0  Instance: /execunittb
# ** Note: 
#       Y Propagation Delay: 17400 ps
#       Zero Propagation Delay: 0 ps
#       AltB Propagation Delay: 13000 ps
#       AltBu Propagation Delay: 12100 ps
# 
#    Time: 3300300 ps  Iteration: 0  Instance: /execunittb
# ** Note: PASS: Test Case 142
#    Time: 3318700 ps  Iteration: 0  Instance: /execunittb
# ** Note: 
#       Y Propagation Delay: 13400 ps
#       Zero Propagation Delay: 0 ps
#       AltB Propagation Delay: 13000 ps
#       AltBu Propagation Delay: 0 ps
# 
#    Time: 3318700 ps  Iteration: 0  Instance: /execunittb
# ** Note: PASS: Test Case 143
#    Time: 3337100 ps  Iteration: 0  Instance: /execunittb
# ** Note: 
#       Y Propagation Delay: 13400 ps
#       Zero Propagation Delay: 0 ps
#       AltB Propagation Delay: 13000 ps
#       AltBu Propagation Delay: 0 ps
# 
#    Time: 3337100 ps  Iteration: 0  Instance: /execunittb
# ** Note: PASS: Test Case 144
#    Time: 3356100 ps  Iteration: 0  Instance: /execunittb
# ** Note: 
#       Y Propagation Delay: 14000 ps
#       Zero Propagation Delay: 0 ps
#       AltB Propagation Delay: 13200 ps
#       AltBu Propagation Delay: 12700 ps
# 
#    Time: 3356100 ps  Iteration: 0  Instance: /execunittb
# ** Note: PASS: Test Case 145
#    Time: 3373 ns  Iteration: 0  Instance: /execunittb
# ** Note: 
#       Y Propagation Delay: 11900 ps
#       Zero Propagation Delay: 0 ps
#       AltB Propagation Delay: 11500 ps
#       AltBu Propagation Delay: 0 ps
# 
#    Time: 3373 ns  Iteration: 0  Instance: /execunittb
# ** Note: PASS: Test Case 146
#    Time: 3673 ns  Iteration: 0  Instance: /execunittb
# ** Note: 
#       Y Propagation Delay: 0 ps
#       Zero Propagation Delay: 0 ps
#       AltB Propagation Delay: 0 ps
#       AltBu Propagation Delay: 0 ps
# 
#    Time: 3673 ns  Iteration: 0  Instance: /execunittb
# ** Note: PASS: Test Case 147
#    Time: 3973 ns  Iteration: 0  Instance: /execunittb
# ** Note: 
#       Y Propagation Delay: 0 ps
#       Zero Propagation Delay: 0 ps
#       AltB Propagation Delay: 0 ps
#       AltBu Propagation Delay: 0 ps
# 
#    Time: 3973 ns  Iteration: 0  Instance: /execunittb
# ** Note: PASS: Test Case 148
#    Time: 3991 ns  Iteration: 0  Instance: /execunittb
# ** Note: 
#       Y Propagation Delay: 11300 ps
#       Zero Propagation Delay: 0 ps
#       AltB Propagation Delay: 13000 ps
#       AltBu Propagation Delay: 0 ps
# 
#    Time: 3991 ns  Iteration: 0  Instance: /execunittb
# ** Note: PASS: Test Case 149
#    Time: 4291 ns  Iteration: 0  Instance: /execunittb
# ** Note: 
#       Y Propagation Delay: 0 ps
#       Zero Propagation Delay: 0 ps
#       AltB Propagation Delay: 0 ps
#       AltBu Propagation Delay: 0 ps
# 
#    Time: 4291 ns  Iteration: 0  Instance: /execunittb
# ** Note: PASS: Test Case 150
#    Time: 4308400 ps  Iteration: 0  Instance: /execunittb
# ** Note: 
#       Y Propagation Delay: 12400 ps
#       Zero Propagation Delay: 0 ps
#       AltB Propagation Delay: 11600 ps
#       AltBu Propagation Delay: 11200 ps
# 
#    Time: 4308400 ps  Iteration: 0  Instance: /execunittb
# ** Note: PASS: Test Case 151
#    Time: 4327700 ps  Iteration: 0  Instance: /execunittb
# ** Note: 
#       Y Propagation Delay: 14300 ps
#       Zero Propagation Delay: 0 ps
#       AltB Propagation Delay: 13500 ps
#       AltBu Propagation Delay: 13000 ps
# 
#    Time: 4327700 ps  Iteration: 0  Instance: /execunittb
# ** Note: PASS: Test Case 152
#    Time: 4345200 ps  Iteration: 0  Instance: /execunittb
# ** Note: 
#       Y Propagation Delay: 12500 ps
#       Zero Propagation Delay: 0 ps
#       AltB Propagation Delay: 11800 ps
#       AltBu Propagation Delay: 12200 ps
# 
#    Time: 4345200 ps  Iteration: 0  Instance: /execunittb
# ** Note: PASS: Test Case 153
#    Time: 4363600 ps  Iteration: 0  Instance: /execunittb
# ** Note: 
#       Y Propagation Delay: 13400 ps
#       Zero Propagation Delay: 0 ps
#       AltB Propagation Delay: 13000 ps
#       AltBu Propagation Delay: 11200 ps
# 
#    Time: 4363600 ps  Iteration: 0  Instance: /execunittb
# ** Note: PASS: Test Case 154
#    Time: 4379800 ps  Iteration: 0  Instance: /execunittb
# ** Note: 
#       Y Propagation Delay: 11200 ps
#       Zero Propagation Delay: 0 ps
#       AltB Propagation Delay: 0 ps
#       AltBu Propagation Delay: 0 ps
# 
#    Time: 4379800 ps  Iteration: 0  Instance: /execunittb
# ** Note: PASS: Test Case 155
#    Time: 4398500 ps  Iteration: 0  Instance: /execunittb
# ** Note: 
#       Y Propagation Delay: 13700 ps
#       Zero Propagation Delay: 0 ps
#       AltB Propagation Delay: 12300 ps
#       AltBu Propagation Delay: 12400 ps
# 
#    Time: 4398500 ps  Iteration: 0  Instance: /execunittb
# ** Note: PASS: Test Case 156
#    Time: 4417300 ps  Iteration: 0  Instance: /execunittb
# ** Note: 
#       Y Propagation Delay: 13800 ps
#       Zero Propagation Delay: 0 ps
#       AltB Propagation Delay: 13100 ps
#       AltBu Propagation Delay: 12700 ps
# 
#    Time: 4417300 ps  Iteration: 0  Instance: /execunittb
# ** Note: PASS: Test Case 157
#    Time: 4435300 ps  Iteration: 0  Instance: /execunittb
# ** Note: 
#       Y Propagation Delay: 0 ps
#       Zero Propagation Delay: 0 ps
#       AltB Propagation Delay: 13000 ps
#       AltBu Propagation Delay: 0 ps
# 
#    Time: 4435300 ps  Iteration: 0  Instance: /execunittb
# ** Note: PASS: Test Case 158
#    Time: 4452700 ps  Iteration: 0  Instance: /execunittb
# ** Note: 
#       Y Propagation Delay: 12400 ps
#       Zero Propagation Delay: 0 ps
#       AltB Propagation Delay: 11700 ps
#       AltBu Propagation Delay: 11200 ps
# 
#    Time: 4452700 ps  Iteration: 0  Instance: /execunittb
# ** Note: PASS: Test Case 159
#    Time: 4471100 ps  Iteration: 0  Instance: /execunittb
# ** Note: 
#       Y Propagation Delay: 13400 ps
#       Zero Propagation Delay: 0 ps
#       AltB Propagation Delay: 13000 ps
#       AltBu Propagation Delay: 0 ps
# 
#    Time: 4471100 ps  Iteration: 0  Instance: /execunittb
# ** Note: PASS: Test Case 160
#    Time: 4488400 ps  Iteration: 0  Instance: /execunittb
# ** Note: 
#       Y Propagation Delay: 12300 ps
#       Zero Propagation Delay: 0 ps
#       AltB Propagation Delay: 11600 ps
#       AltBu Propagation Delay: 11200 ps
# 
#    Time: 4488400 ps  Iteration: 0  Instance: /execunittb
# ** Note: PASS: Test Case 161
#    Time: 4507200 ps  Iteration: 0  Instance: /execunittb
# ** Note: 
#       Y Propagation Delay: 13800 ps
#       Zero Propagation Delay: 0 ps
#       AltB Propagation Delay: 12300 ps
#       AltBu Propagation Delay: 12500 ps
# 
#    Time: 4507200 ps  Iteration: 0  Instance: /execunittb
# ** Note: PASS: Test Case 162
#    Time: 4526 ns  Iteration: 0  Instance: /execunittb
# ** Note: 
#       Y Propagation Delay: 13800 ps
#       Zero Propagation Delay: 0 ps
#       AltB Propagation Delay: 13100 ps
#       AltBu Propagation Delay: 12700 ps
# 
#    Time: 4526 ns  Iteration: 0  Instance: /execunittb
# ** Note: PASS: Test Case 163
#    Time: 4544 ns  Iteration: 0  Instance: /execunittb
# ** Note: 
#       Y Propagation Delay: 12800 ps
#       Zero Propagation Delay: 0 ps
#       AltB Propagation Delay: 13000 ps
#       AltBu Propagation Delay: 11500 ps
# 
#    Time: 4544 ns  Iteration: 0  Instance: /execunittb
# ** Note: PASS: Test Case 164
#    Time: 4562 ns  Iteration: 0  Instance: /execunittb
# ** Note: 
#       Y Propagation Delay: 13000 ps
#       Zero Propagation Delay: 0 ps
#       AltB Propagation Delay: 12300 ps
#       AltBu Propagation Delay: 11900 ps
# 
#    Time: 4562 ns  Iteration: 0  Instance: /execunittb
# ** Note: PASS: Test Case 165
#    Time: 4580400 ps  Iteration: 0  Instance: /execunittb
# ** Note: 
#       Y Propagation Delay: 13400 ps
#       Zero Propagation Delay: 0 ps
#       AltB Propagation Delay: 13000 ps
#       AltBu Propagation Delay: 11200 ps
# 
#    Time: 4580400 ps  Iteration: 0  Instance: /execunittb
# ** Note: PASS: Test Case 166
#    Time: 4598400 ps  Iteration: 0  Instance: /execunittb
# ** Note: 
#       Y Propagation Delay: 0 ps
#       Zero Propagation Delay: 0 ps
#       AltB Propagation Delay: 13000 ps
#       AltBu Propagation Delay: 0 ps
# 
#    Time: 4598400 ps  Iteration: 0  Instance: /execunittb
# ** Note: PASS: Test Case 167
#    Time: 4616400 ps  Iteration: 0  Instance: /execunittb
# ** Note: 
#       Y Propagation Delay: 0 ps
#       Zero Propagation Delay: 0 ps
#       AltB Propagation Delay: 13000 ps
#       AltBu Propagation Delay: 0 ps
# 
#    Time: 4616400 ps  Iteration: 0  Instance: /execunittb
# ** Note: PASS: Test Case 168
#    Time: 4634600 ps  Iteration: 0  Instance: /execunittb
# ** Note: 
#       Y Propagation Delay: 13200 ps
#       Zero Propagation Delay: 0 ps
#       AltB Propagation Delay: 12500 ps
#       AltBu Propagation Delay: 12100 ps
# 
#    Time: 4634600 ps  Iteration: 0  Instance: /execunittb
# ** Note: PASS: Test Case 169
#    Time: 4653200 ps  Iteration: 0  Instance: /execunittb
# ** Note: 
#       Y Propagation Delay: 13600 ps
#       Zero Propagation Delay: 0 ps
#       AltB Propagation Delay: 0 ps
#       AltBu Propagation Delay: 12400 ps
# 
#    Time: 4653200 ps  Iteration: 0  Instance: /execunittb
# ** Note: PASS: Test Case 170
#    Time: 4671200 ps  Iteration: 0  Instance: /execunittb
# ** Note: 
#       Y Propagation Delay: 11300 ps
#       Zero Propagation Delay: 0 ps
#       AltB Propagation Delay: 13000 ps
#       AltBu Propagation Delay: 0 ps
# 
#    Time: 4671200 ps  Iteration: 0  Instance: /execunittb
# ** Note: PASS: Test Case 171
#    Time: 4690200 ps  Iteration: 0  Instance: /execunittb
# ** Note: 
#       Y Propagation Delay: 14000 ps
#       Zero Propagation Delay: 0 ps
#       AltB Propagation Delay: 13200 ps
#       AltBu Propagation Delay: 12700 ps
# 
#    Time: 4690200 ps  Iteration: 0  Instance: /execunittb
# ** Note: PASS: Test Case 172
#    Time: 4708600 ps  Iteration: 0  Instance: /execunittb
# ** Note: 
#       Y Propagation Delay: 13400 ps
#       Zero Propagation Delay: 0 ps
#       AltB Propagation Delay: 13000 ps
#       AltBu Propagation Delay: 12100 ps
# 
#    Time: 4708600 ps  Iteration: 0  Instance: /execunittb
# ** Note: PASS: Test Case 173
#    Time: 5008600 ps  Iteration: 0  Instance: /execunittb
# ** Note: 
#       Y Propagation Delay: 0 ps
#       Zero Propagation Delay: 0 ps
#       AltB Propagation Delay: 0 ps
#       AltBu Propagation Delay: 0 ps
# 
#    Time: 5008600 ps  Iteration: 0  Instance: /execunittb
# ** Note: PASS: Test Case 174
#    Time: 5027600 ps  Iteration: 0  Instance: /execunittb
# ** Note: 
#       Y Propagation Delay: 14000 ps
#       Zero Propagation Delay: 0 ps
#       AltB Propagation Delay: 13200 ps
#       AltBu Propagation Delay: 12700 ps
# 
#    Time: 5027600 ps  Iteration: 0  Instance: /execunittb
# ** Note: PASS: Test Case 175
#    Time: 5046 ns  Iteration: 0  Instance: /execunittb
# ** Note: 
#       Y Propagation Delay: 13400 ps
#       Zero Propagation Delay: 0 ps
#       AltB Propagation Delay: 13000 ps
#       AltBu Propagation Delay: 0 ps
# 
#    Time: 5046 ns  Iteration: 0  Instance: /execunittb
# ** Note: PASS: Test Case 176
#    Time: 5063400 ps  Iteration: 0  Instance: /execunittb
# ** Note: 
#       Y Propagation Delay: 12400 ps
#       Zero Propagation Delay: 0 ps
#       AltB Propagation Delay: 11600 ps
#       AltBu Propagation Delay: 11200 ps
# 
#    Time: 5063400 ps  Iteration: 0  Instance: /execunittb
# ** Note: PASS: Test Case 177
#    Time: 5363400 ps  Iteration: 0  Instance: /execunittb
# ** Note: 
#       Y Propagation Delay: 0 ps
#       Zero Propagation Delay: 0 ps
#       AltB Propagation Delay: 0 ps
#       AltBu Propagation Delay: 0 ps
# 
#    Time: 5363400 ps  Iteration: 0  Instance: /execunittb
# ** Note: PASS: Test Case 178
#    Time: 5381 ns  Iteration: 0  Instance: /execunittb
# ** Note: 
#       Y Propagation Delay: 12600 ps
#       Zero Propagation Delay: 0 ps
#       AltB Propagation Delay: 11800 ps
#       AltBu Propagation Delay: 11300 ps
# 
#    Time: 5381 ns  Iteration: 0  Instance: /execunittb
# ** Note: PASS: Test Case 179
#    Time: 5400 ns  Iteration: 0  Instance: /execunittb
# ** Note: 
#       Y Propagation Delay: 14000 ps
#       Zero Propagation Delay: 0 ps
#       AltB Propagation Delay: 13200 ps
#       AltBu Propagation Delay: 12700 ps
# 
#    Time: 5400 ns  Iteration: 0  Instance: /execunittb
# ** Note: PASS: Test Case 180
#    Time: 5419500 ps  Iteration: 0  Instance: /execunittb
# ** Note: 
#       Y Propagation Delay: 14500 ps
#       Zero Propagation Delay: 0 ps
#       AltB Propagation Delay: 13700 ps
#       AltBu Propagation Delay: 13200 ps
# 
#    Time: 5419500 ps  Iteration: 0  Instance: /execunittb
# ** Note: PASS: Test Case 181
#    Time: 5445200 ps  Iteration: 0  Instance: /execunittb
# ** Note: 
#       Y Propagation Delay: 20700 ps
#       Zero Propagation Delay: 0 ps
#       AltB Propagation Delay: 0 ps
#       AltBu Propagation Delay: 11200 ps
# 
#    Time: 5445200 ps  Iteration: 0  Instance: /execunittb
# ** Note: PASS: Test Case 182
#    Time: 5473500 ps  Iteration: 0  Instance: /execunittb
# ** Note: 
#       Y Propagation Delay: 23300 ps
#       Zero Propagation Delay: 21300 ps
#       AltB Propagation Delay: 18400 ps
#       AltBu Propagation Delay: 17900 ps
# 
#    Time: 5473500 ps  Iteration: 0  Instance: /execunittb
# ** Note: PASS: Test Case 183
#    Time: 5496 ns  Iteration: 0  Instance: /execunittb
# ** Note: 
#       Y Propagation Delay: 17500 ps
#       Zero Propagation Delay: 13300 ps
#       AltB Propagation Delay: 0 ps
#       AltBu Propagation Delay: 11200 ps
# 
#    Time: 5496 ns  Iteration: 0  Instance: /execunittb
# ** Note: PASS: Test Case 184
#    Time: 5524300 ps  Iteration: 0  Instance: /execunittb
# ** Note: 
#       Y Propagation Delay: 23300 ps
#       Zero Propagation Delay: 21300 ps
#       AltB Propagation Delay: 18400 ps
#       AltBu Propagation Delay: 17900 ps
# 
#    Time: 5524300 ps  Iteration: 0  Instance: /execunittb
# ** Note: PASS: Test Case 185
#    Time: 5553 ns  Iteration: 0  Instance: /execunittb
# ** Note: 
#       Y Propagation Delay: 23700 ps
#       Zero Propagation Delay: 20900 ps
#       AltB Propagation Delay: 19000 ps
#       AltBu Propagation Delay: 18500 ps
# 
#    Time: 5553 ns  Iteration: 0  Instance: /execunittb
# ** Note: PASS: Test Case 186
#    Time: 5581900 ps  Iteration: 0  Instance: /execunittb
# ** Note: 
#       Y Propagation Delay: 23900 ps
#       Zero Propagation Delay: 21400 ps
#       AltB Propagation Delay: 18400 ps
#       AltBu Propagation Delay: 17900 ps
# 
#    Time: 5581900 ps  Iteration: 0  Instance: /execunittb
# ** Note: PASS: Test Case 187
#    Time: 5607400 ps  Iteration: 0  Instance: /execunittb
# ** Note: 
#       Y Propagation Delay: 20500 ps
#       Zero Propagation Delay: 13300 ps
#       AltB Propagation Delay: 13000 ps
#       AltBu Propagation Delay: 12100 ps
# 
#    Time: 5607400 ps  Iteration: 0  Instance: /execunittb
# ** Note: PASS: Test Case 188
#    Time: 5636300 ps  Iteration: 0  Instance: /execunittb
# ** Note: 
#       Y Propagation Delay: 23900 ps
#       Zero Propagation Delay: 21300 ps
#       AltB Propagation Delay: 18400 ps
#       AltBu Propagation Delay: 17900 ps
# 
#    Time: 5636300 ps  Iteration: 0  Instance: /execunittb
# ** Note: PASS: Test Case 189
#    Time: 5658700 ps  Iteration: 0  Instance: /execunittb
# ** Note: 
#       Y Propagation Delay: 17400 ps
#       Zero Propagation Delay: 12500 ps
#       AltB Propagation Delay: 13000 ps
#       AltBu Propagation Delay: 11200 ps
# 
#    Time: 5658700 ps  Iteration: 0  Instance: /execunittb
# ** Note: PASS: Test Case 190
#    Time: 5687 ns  Iteration: 0  Instance: /execunittb
# ** Note: 
#       Y Propagation Delay: 23300 ps
#       Zero Propagation Delay: 21300 ps
#       AltB Propagation Delay: 18400 ps
#       AltBu Propagation Delay: 17900 ps
# 
#    Time: 5687 ns  Iteration: 0  Instance: /execunittb
# ** Note: PASS: Test Case 191
#    Time: 5715700 ps  Iteration: 0  Instance: /execunittb
# ** Note: 
#       Y Propagation Delay: 23700 ps
#       Zero Propagation Delay: 12400 ps
#       AltB Propagation Delay: 13000 ps
#       AltBu Propagation Delay: 12300 ps
# 
#    Time: 5715700 ps  Iteration: 0  Instance: /execunittb
# ** Note: PASS: Test Case 192
#    Time: 5744600 ps  Iteration: 0  Instance: /execunittb
# ** Note: 
#       Y Propagation Delay: 23900 ps
#       Zero Propagation Delay: 21400 ps
#       AltB Propagation Delay: 18400 ps
#       AltBu Propagation Delay: 17900 ps
# 
#    Time: 5744600 ps  Iteration: 0  Instance: /execunittb
# ** Note: =====================================================
# >>>>>>>>>>>>>>>> Simulation Complete <<<<<<<<<<<<<<<<
# =====================================================
# Test cases passed: 192
# Test cases failed : 0
# 
#    Time: 5744600 ps  Iteration: 0  Instance: /execunittb
# ** Note: The worst case propagation delay was 23900 ps in test case 186
# 
#    Time: 5744600 ps  Iteration: 0  Instance: /execunittb
# transcript off
# 0 ps
# 6031800 ps
