# End time: 15:07:35 on Dec 02,2025, Elapsed time: 0:01:48
# Errors: 0, Warnings: 2
# Model Technology ModelSim - Intel FPGA Edition vmap 2020.1 Lib Mapping Utility 2020.02 Feb 28 2020
# vmap work work 
# Modifying C:/ENSC350/FP/RISC-V-Execution-Unit/Simulation/FP.mpf
# vsim -quiet -t 100ps -gui -sdftyp "/ExecUnitTB/DUT=../Simulation/ModelSim/SepMux4_KS_Cyclone.sdo" work.Config_SepMux4_KS_Timing -GTIMING_MEASUREMENT=true 
# Start time: 15:07:36 on Dec 02,2025
# SDF 2020.1 Compiler 2020.02 Feb 28 2020
# 
# ** Warning: Design size of 227042 statements exceeds ModelSim-Intel FPGA Starter Edition recommended capacity.
# Expect performance to be adversely affected.
# ** Note: (vsim-3587) SDF Backannotation Successfully Completed.
#    Time: 0 ps  Iteration: 0  Instance: /execunittb File: ../Simulation/ExecUnitTB.vhd
# ** Warning: (vsim-WLF-5000) WLF file currently in use: vsim.wlf
#           File in use by: pius  Hostname: DESKTOP-1Q2BHL9  ProcessID: 1992
#           Attempting to use alternate WLF file "./wlftd3a5v7".
# ** Warning: (vsim-WLF-5001) Could not open WLF file: vsim.wlf
#           Using alternate file: ./wlftd3a5v7
# ** Note: (vsim-12125) Error and warning message counts have been reset to '0' because of 'restart'.
# ** Warning: Design size of 114696 statements exceeds ModelSim-Intel FPGA Starter Edition recommended capacity.
# Expect performance to be adversely affected.
# ** Note: (vsim-3587) SDF Backannotation Successfully Completed.
#    Time: 0 ps  Iteration: 0  Instance: /execunittb File: ../Simulation/ExecUnitTB.vhd
# run -all
# ** Note: =====================================================
# >>>>>>>>>>>>>>>> Starting Simulation <<<<<<<<<<<<<<<<
# =====================================================
# 
#    Time: 0 ps  Iteration: 0  Instance: /execunittb
# ** Note: PASS: Test Case 1
#    Time: 85100 ps  Iteration: 0  Instance: /execunittb
# ** Note: 
#       Y Propagation Delay: 25100 ps
#       Zero Propagation Delay: 16000 ps
#       AltB Propagation Delay: 12400 ps
#       AltBu Propagation Delay: 11700 ps
# 
#    Time: 85100 ps  Iteration: 0  Instance: /execunittb
# ** Note: PASS: Test Case 2
#    Time: 127800 ps  Iteration: 0  Instance: /execunittb
# ** Note: 
#       Y Propagation Delay: 22700 ps
#       Zero Propagation Delay: 0 ps
#       AltB Propagation Delay: 11700 ps
#       AltBu Propagation Delay: 0 ps
# 
#    Time: 127800 ps  Iteration: 0  Instance: /execunittb
# ** Note: PASS: Test Case 3
#    Time: 173 ns  Iteration: 0  Instance: /execunittb
# ** Note: 
#       Y Propagation Delay: 25200 ps
#       Zero Propagation Delay: 0 ps
#       AltB Propagation Delay: 11600 ps
#       AltBu Propagation Delay: 10700 ps
# 
#    Time: 173 ns  Iteration: 0  Instance: /execunittb
# ** Note: PASS: Test Case 4
#    Time: 216100 ps  Iteration: 0  Instance: /execunittb
# ** Note: 
#       Y Propagation Delay: 23100 ps
#       Zero Propagation Delay: 0 ps
#       AltB Propagation Delay: 13700 ps
#       AltBu Propagation Delay: 12800 ps
# 
#    Time: 216100 ps  Iteration: 0  Instance: /execunittb
# ** Note: PASS: Test Case 5
#    Time: 259200 ps  Iteration: 0  Instance: /execunittb
# ** Note: 
#       Y Propagation Delay: 23100 ps
#       Zero Propagation Delay: 0 ps
#       AltB Propagation Delay: 12900 ps
#       AltBu Propagation Delay: 12100 ps
# 
#    Time: 259200 ps  Iteration: 0  Instance: /execunittb
# ** Note: PASS: Test Case 6
#    Time: 304 ns  Iteration: 0  Instance: /execunittb
# ** Note: 
#       Y Propagation Delay: 24800 ps
#       Zero Propagation Delay: 0 ps
#       AltB Propagation Delay: 0 ps
#       AltBu Propagation Delay: 11400 ps
# 
#    Time: 304 ns  Iteration: 0  Instance: /execunittb
# ** Note: PASS: Test Case 7
#    Time: 348200 ps  Iteration: 0  Instance: /execunittb
# ** Note: 
#       Y Propagation Delay: 24200 ps
#       Zero Propagation Delay: 0 ps
#       AltB Propagation Delay: 13600 ps
#       AltBu Propagation Delay: 12700 ps
# 
#    Time: 348200 ps  Iteration: 0  Instance: /execunittb
# ** Note: PASS: Test Case 8
#    Time: 393 ns  Iteration: 0  Instance: /execunittb
# ** Note: 
#       Y Propagation Delay: 24800 ps
#       Zero Propagation Delay: 0 ps
#       AltB Propagation Delay: 11700 ps
#       AltBu Propagation Delay: 10900 ps
# 
#    Time: 393 ns  Iteration: 0  Instance: /execunittb
# ** Note: PASS: Test Case 9
#    Time: 436500 ps  Iteration: 0  Instance: /execunittb
# ** Note: 
#       Y Propagation Delay: 23500 ps
#       Zero Propagation Delay: 0 ps
#       AltB Propagation Delay: 11700 ps
#       AltBu Propagation Delay: 0 ps
# 
#    Time: 436500 ps  Iteration: 0  Instance: /execunittb
# ** Note: PASS: Test Case 10
#    Time: 479700 ps  Iteration: 0  Instance: /execunittb
# ** Note: 
#       Y Propagation Delay: 23200 ps
#       Zero Propagation Delay: 0 ps
#       AltB Propagation Delay: 12100 ps
#       AltBu Propagation Delay: 10900 ps
# 
#    Time: 479700 ps  Iteration: 0  Instance: /execunittb
# ** Note: PASS: Test Case 11
#    Time: 525300 ps  Iteration: 0  Instance: /execunittb
# ** Note: 
#       Y Propagation Delay: 25600 ps
#       Zero Propagation Delay: 0 ps
#       AltB Propagation Delay: 12300 ps
#       AltBu Propagation Delay: 11100 ps
# 
#    Time: 525300 ps  Iteration: 0  Instance: /execunittb
# ** Note: PASS: Test Case 12
#    Time: 570500 ps  Iteration: 0  Instance: /execunittb
# ** Note: 
#       Y Propagation Delay: 25200 ps
#       Zero Propagation Delay: 0 ps
#       AltB Propagation Delay: 12100 ps
#       AltBu Propagation Delay: 10400 ps
# 
#    Time: 570500 ps  Iteration: 0  Instance: /execunittb
# ** Note: PASS: Test Case 13
#    Time: 614600 ps  Iteration: 0  Instance: /execunittb
# ** Note: 
#       Y Propagation Delay: 24100 ps
#       Zero Propagation Delay: 0 ps
#       AltB Propagation Delay: 11800 ps
#       AltBu Propagation Delay: 10500 ps
# 
#    Time: 614600 ps  Iteration: 0  Instance: /execunittb
# ** Note: PASS: Test Case 14
#    Time: 657100 ps  Iteration: 0  Instance: /execunittb
# ** Note: 
#       Y Propagation Delay: 22500 ps
#       Zero Propagation Delay: 0 ps
#       AltB Propagation Delay: 12100 ps
#       AltBu Propagation Delay: 10000 ps
# 
#    Time: 657100 ps  Iteration: 0  Instance: /execunittb
# ** Note: PASS: Test Case 15
#    Time: 700200 ps  Iteration: 0  Instance: /execunittb
# ** Note: 
#       Y Propagation Delay: 23100 ps
#       Zero Propagation Delay: 0 ps
#       AltB Propagation Delay: 12200 ps
#       AltBu Propagation Delay: 11000 ps
# 
#    Time: 700200 ps  Iteration: 0  Instance: /execunittb
# ** Note: PASS: Test Case 16
#    Time: 742600 ps  Iteration: 0  Instance: /execunittb
# ** Note: 
#       Y Propagation Delay: 22400 ps
#       Zero Propagation Delay: 0 ps
#       AltB Propagation Delay: 11600 ps
#       AltBu Propagation Delay: 0 ps
# 
#    Time: 742600 ps  Iteration: 0  Instance: /execunittb
# ** Note: PASS: Test Case 17
#    Time: 787400 ps  Iteration: 0  Instance: /execunittb
# ** Note: 
#       Y Propagation Delay: 24800 ps
#       Zero Propagation Delay: 0 ps
#       AltB Propagation Delay: 12200 ps
#       AltBu Propagation Delay: 11000 ps
# 
#    Time: 787400 ps  Iteration: 0  Instance: /execunittb
# ** Note: PASS: Test Case 18
#    Time: 831700 ps  Iteration: 0  Instance: /execunittb
# ** Note: 
#       Y Propagation Delay: 24300 ps
#       Zero Propagation Delay: 0 ps
#       AltB Propagation Delay: 11700 ps
#       AltBu Propagation Delay: 10500 ps
# 
#    Time: 831700 ps  Iteration: 0  Instance: /execunittb
# ** Note: PASS: Test Case 19
#    Time: 874400 ps  Iteration: 0  Instance: /execunittb
# ** Note: 
#       Y Propagation Delay: 22700 ps
#       Zero Propagation Delay: 0 ps
#       AltB Propagation Delay: 12600 ps
#       AltBu Propagation Delay: 11800 ps
# 
#    Time: 874400 ps  Iteration: 0  Instance: /execunittb
# ** Note: PASS: Test Case 20
#    Time: 917400 ps  Iteration: 0  Instance: /execunittb
# ** Note: 
#       Y Propagation Delay: 23000 ps
#       Zero Propagation Delay: 0 ps
#       AltB Propagation Delay: 11200 ps
#       AltBu Propagation Delay: 11100 ps
# 
#    Time: 917400 ps  Iteration: 0  Instance: /execunittb
# ** Note: PASS: Test Case 21
#    Time: 960600 ps  Iteration: 0  Instance: /execunittb
# ** Note: 
#       Y Propagation Delay: 23200 ps
#       Zero Propagation Delay: 0 ps
#       AltB Propagation Delay: 11700 ps
#       AltBu Propagation Delay: 10900 ps
# 
#    Time: 960600 ps  Iteration: 0  Instance: /execunittb
# ** Note: PASS: Test Case 22
#    Time: 1003 ns  Iteration: 0  Instance: /execunittb
# ** Note: 
#       Y Propagation Delay: 22400 ps
#       Zero Propagation Delay: 0 ps
#       AltB Propagation Delay: 14800 ps
#       AltBu Propagation Delay: 13900 ps
# 
#    Time: 1003 ns  Iteration: 0  Instance: /execunittb
# ** Note: PASS: Test Case 23
#    Time: 1046600 ps  Iteration: 0  Instance: /execunittb
# ** Note: 
#       Y Propagation Delay: 23600 ps
#       Zero Propagation Delay: 0 ps
#       AltB Propagation Delay: 11700 ps
#       AltBu Propagation Delay: 10500 ps
# 
#    Time: 1046600 ps  Iteration: 0  Instance: /execunittb
# ** Note: PASS: Test Case 24
#    Time: 1089300 ps  Iteration: 0  Instance: /execunittb
# ** Note: 
#       Y Propagation Delay: 22700 ps
#       Zero Propagation Delay: 0 ps
#       AltB Propagation Delay: 11700 ps
#       AltBu Propagation Delay: 11300 ps
# 
#    Time: 1089300 ps  Iteration: 0  Instance: /execunittb
# ** Note: PASS: Test Case 25
#    Time: 1132200 ps  Iteration: 0  Instance: /execunittb
# ** Note: 
#       Y Propagation Delay: 22900 ps
#       Zero Propagation Delay: 0 ps
#       AltB Propagation Delay: 12200 ps
#       AltBu Propagation Delay: 10700 ps
# 
#    Time: 1132200 ps  Iteration: 0  Instance: /execunittb
# ** Note: PASS: Test Case 26
#    Time: 1177300 ps  Iteration: 0  Instance: /execunittb
# ** Note: 
#       Y Propagation Delay: 25100 ps
#       Zero Propagation Delay: 0 ps
#       AltB Propagation Delay: 0 ps
#       AltBu Propagation Delay: 10800 ps
# 
#    Time: 1177300 ps  Iteration: 0  Instance: /execunittb
# ** Note: PASS: Test Case 27
#    Time: 1219700 ps  Iteration: 0  Instance: /execunittb
# ** Note: 
#       Y Propagation Delay: 22400 ps
#       Zero Propagation Delay: 0 ps
#       AltB Propagation Delay: 0 ps
#       AltBu Propagation Delay: 0 ps
# 
#    Time: 1219700 ps  Iteration: 0  Instance: /execunittb
# ** Note: PASS: Test Case 28
#    Time: 1262400 ps  Iteration: 0  Instance: /execunittb
# ** Note: 
#       Y Propagation Delay: 22700 ps
#       Zero Propagation Delay: 0 ps
#       AltB Propagation Delay: 11900 ps
#       AltBu Propagation Delay: 0 ps
# 
#    Time: 1262400 ps  Iteration: 0  Instance: /execunittb
# ** Note: PASS: Test Case 29
#    Time: 1306700 ps  Iteration: 0  Instance: /execunittb
# ** Note: 
#       Y Propagation Delay: 24300 ps
#       Zero Propagation Delay: 0 ps
#       AltB Propagation Delay: 12000 ps
#       AltBu Propagation Delay: 11300 ps
# 
#    Time: 1306700 ps  Iteration: 0  Instance: /execunittb
# ** Note: PASS: Test Case 30
#    Time: 1350700 ps  Iteration: 0  Instance: /execunittb
# ** Note: 
#       Y Propagation Delay: 24000 ps
#       Zero Propagation Delay: 0 ps
#       AltB Propagation Delay: 0 ps
#       AltBu Propagation Delay: 11400 ps
# 
#    Time: 1350700 ps  Iteration: 0  Instance: /execunittb
# ** Note: PASS: Test Case 31
#    Time: 1393600 ps  Iteration: 0  Instance: /execunittb
# ** Note: 
#       Y Propagation Delay: 22900 ps
#       Zero Propagation Delay: 0 ps
#       AltB Propagation Delay: 11400 ps
#       AltBu Propagation Delay: 10500 ps
# 
#    Time: 1393600 ps  Iteration: 0  Instance: /execunittb
# ** Note: PASS: Test Case 32
#    Time: 1437200 ps  Iteration: 0  Instance: /execunittb
# ** Note: 
#       Y Propagation Delay: 23600 ps
#       Zero Propagation Delay: 0 ps
#       AltB Propagation Delay: 15300 ps
#       AltBu Propagation Delay: 14500 ps
# 
#    Time: 1437200 ps  Iteration: 0  Instance: /execunittb
# ** Note: PASS: Test Case 33
#    Time: 1480700 ps  Iteration: 0  Instance: /execunittb
# ** Note: 
#       Y Propagation Delay: 23500 ps
#       Zero Propagation Delay: 0 ps
#       AltB Propagation Delay: 12300 ps
#       AltBu Propagation Delay: 0 ps
# 
#    Time: 1480700 ps  Iteration: 0  Instance: /execunittb
# ** Note: PASS: Test Case 34
#    Time: 1524200 ps  Iteration: 0  Instance: /execunittb
# ** Note: 
#       Y Propagation Delay: 23500 ps
#       Zero Propagation Delay: 0 ps
#       AltB Propagation Delay: 15100 ps
#       AltBu Propagation Delay: 14200 ps
# 
#    Time: 1524200 ps  Iteration: 0  Instance: /execunittb
# ** Note: PASS: Test Case 35
#    Time: 1567100 ps  Iteration: 0  Instance: /execunittb
# ** Note: 
#       Y Propagation Delay: 22900 ps
#       Zero Propagation Delay: 0 ps
#       AltB Propagation Delay: 12900 ps
#       AltBu Propagation Delay: 12100 ps
# 
#    Time: 1567100 ps  Iteration: 0  Instance: /execunittb
# ** Note: PASS: Test Case 36
#    Time: 1611900 ps  Iteration: 0  Instance: /execunittb
# ** Note: 
#       Y Propagation Delay: 24800 ps
#       Zero Propagation Delay: 0 ps
#       AltB Propagation Delay: 12300 ps
#       AltBu Propagation Delay: 11100 ps
# 
#    Time: 1611900 ps  Iteration: 0  Instance: /execunittb
# ** Note: PASS: Test Case 37
#    Time: 1654400 ps  Iteration: 0  Instance: /execunittb
# ** Note: 
#       Y Propagation Delay: 22500 ps
#       Zero Propagation Delay: 0 ps
#       AltB Propagation Delay: 12000 ps
#       AltBu Propagation Delay: 11300 ps
# 
#    Time: 1654400 ps  Iteration: 0  Instance: /execunittb
# ** Note: PASS: Test Case 38
#    Time: 1697 ns  Iteration: 0  Instance: /execunittb
# ** Note: 
#       Y Propagation Delay: 22600 ps
#       Zero Propagation Delay: 0 ps
#       AltB Propagation Delay: 0 ps
#       AltBu Propagation Delay: 0 ps
# 
#    Time: 1697 ns  Iteration: 0  Instance: /execunittb
# ** Note: PASS: Test Case 39
#    Time: 1741700 ps  Iteration: 0  Instance: /execunittb
# ** Note: 
#       Y Propagation Delay: 24700 ps
#       Zero Propagation Delay: 0 ps
#       AltB Propagation Delay: 12700 ps
#       AltBu Propagation Delay: 11700 ps
# 
#    Time: 1741700 ps  Iteration: 0  Instance: /execunittb
# ** Note: PASS: Test Case 40
#    Time: 1783700 ps  Iteration: 0  Instance: /execunittb
# ** Note: 
#       Y Propagation Delay: 22000 ps
#       Zero Propagation Delay: 0 ps
#       AltB Propagation Delay: 11700 ps
#       AltBu Propagation Delay: 11300 ps
# 
#    Time: 1783700 ps  Iteration: 0  Instance: /execunittb
# ** Note: PASS: Test Case 41
#    Time: 1825700 ps  Iteration: 0  Instance: /execunittb
# ** Note: 
#       Y Propagation Delay: 22000 ps
#       Zero Propagation Delay: 0 ps
#       AltB Propagation Delay: 12900 ps
#       AltBu Propagation Delay: 11900 ps
# 
#    Time: 1825700 ps  Iteration: 0  Instance: /execunittb
# ** Note: PASS: Test Case 42
#    Time: 1867800 ps  Iteration: 0  Instance: /execunittb
# ** Note: 
#       Y Propagation Delay: 22100 ps
#       Zero Propagation Delay: 0 ps
#       AltB Propagation Delay: 11900 ps
#       AltBu Propagation Delay: 0 ps
# 
#    Time: 1867800 ps  Iteration: 0  Instance: /execunittb
# ** Note: PASS: Test Case 43
#    Time: 1910 ns  Iteration: 0  Instance: /execunittb
# ** Note: 
#       Y Propagation Delay: 22200 ps
#       Zero Propagation Delay: 0 ps
#       AltB Propagation Delay: 12200 ps
#       AltBu Propagation Delay: 10900 ps
# 
#    Time: 1910 ns  Iteration: 0  Instance: /execunittb
# ** Note: PASS: Test Case 44
#    Time: 1952700 ps  Iteration: 0  Instance: /execunittb
# ** Note: 
#       Y Propagation Delay: 22700 ps
#       Zero Propagation Delay: 0 ps
#       AltB Propagation Delay: 12000 ps
#       AltBu Propagation Delay: 11200 ps
# 
#    Time: 1952700 ps  Iteration: 0  Instance: /execunittb
# ** Note: PASS: Test Case 45
#    Time: 1996 ns  Iteration: 0  Instance: /execunittb
# ** Note: 
#       Y Propagation Delay: 23300 ps
#       Zero Propagation Delay: 0 ps
#       AltB Propagation Delay: 11100 ps
#       AltBu Propagation Delay: 0 ps
# 
#    Time: 1996 ns  Iteration: 0  Instance: /execunittb
# ** Note: PASS: Test Case 46
#    Time: 2040200 ps  Iteration: 0  Instance: /execunittb
# ** Note: 
#       Y Propagation Delay: 24200 ps
#       Zero Propagation Delay: 0 ps
#       AltB Propagation Delay: 12100 ps
#       AltBu Propagation Delay: 10500 ps
# 
#    Time: 2040200 ps  Iteration: 0  Instance: /execunittb
# ** Note: PASS: Test Case 47
#    Time: 2082500 ps  Iteration: 0  Instance: /execunittb
# ** Note: 
#       Y Propagation Delay: 22300 ps
#       Zero Propagation Delay: 0 ps
#       AltB Propagation Delay: 14800 ps
#       AltBu Propagation Delay: 13900 ps
# 
#    Time: 2082500 ps  Iteration: 0  Instance: /execunittb
# ** Note: PASS: Test Case 48
#    Time: 2125900 ps  Iteration: 0  Instance: /execunittb
# ** Note: 
#       Y Propagation Delay: 23400 ps
#       Zero Propagation Delay: 0 ps
#       AltB Propagation Delay: 12100 ps
#       AltBu Propagation Delay: 10900 ps
# 
#    Time: 2125900 ps  Iteration: 0  Instance: /execunittb
# ** Note: PASS: Test Case 49
#    Time: 2167600 ps  Iteration: 0  Instance: /execunittb
# ** Note: 
#       Y Propagation Delay: 21700 ps
#       Zero Propagation Delay: 0 ps
#       AltB Propagation Delay: 0 ps
#       AltBu Propagation Delay: 11400 ps
# 
#    Time: 2167600 ps  Iteration: 0  Instance: /execunittb
# ** Note: PASS: Test Case 50
#    Time: 2211900 ps  Iteration: 0  Instance: /execunittb
# ** Note: 
#       Y Propagation Delay: 24300 ps
#       Zero Propagation Delay: 0 ps
#       AltB Propagation Delay: 11700 ps
#       AltBu Propagation Delay: 10500 ps
# 
#    Time: 2211900 ps  Iteration: 0  Instance: /execunittb
# ** Note: PASS: Test Case 51
#    Time: 2253600 ps  Iteration: 0  Instance: /execunittb
# ** Note: 
#       Y Propagation Delay: 21700 ps
#       Zero Propagation Delay: 0 ps
#       AltB Propagation Delay: 11700 ps
#       AltBu Propagation Delay: 0 ps
# 
#    Time: 2253600 ps  Iteration: 0  Instance: /execunittb
# ** Note: PASS: Test Case 52
#    Time: 2298 ns  Iteration: 0  Instance: /execunittb
# ** Note: 
#       Y Propagation Delay: 24400 ps
#       Zero Propagation Delay: 0 ps
#       AltB Propagation Delay: 11400 ps
#       AltBu Propagation Delay: 11400 ps
# 
#    Time: 2298 ns  Iteration: 0  Instance: /execunittb
# ** Note: PASS: Test Case 53
#    Time: 2340500 ps  Iteration: 0  Instance: /execunittb
# ** Note: 
#       Y Propagation Delay: 22500 ps
#       Zero Propagation Delay: 0 ps
#       AltB Propagation Delay: 12100 ps
#       AltBu Propagation Delay: 10900 ps
# 
#    Time: 2340500 ps  Iteration: 0  Instance: /execunittb
# ** Note: PASS: Test Case 54
#    Time: 2381200 ps  Iteration: 0  Instance: /execunittb
# ** Note: 
#       Y Propagation Delay: 20700 ps
#       Zero Propagation Delay: 0 ps
#       AltB Propagation Delay: 14300 ps
#       AltBu Propagation Delay: 13400 ps
# 
#    Time: 2381200 ps  Iteration: 0  Instance: /execunittb
# ** Note: PASS: Test Case 55
#    Time: 2422 ns  Iteration: 0  Instance: /execunittb
# ** Note: 
#       Y Propagation Delay: 20800 ps
#       Zero Propagation Delay: 0 ps
#       AltB Propagation Delay: 13600 ps
#       AltBu Propagation Delay: 12700 ps
# 
#    Time: 2422 ns  Iteration: 0  Instance: /execunittb
# ** Note: PASS: Test Case 56
#    Time: 2463900 ps  Iteration: 0  Instance: /execunittb
# ** Note: 
#       Y Propagation Delay: 21900 ps
#       Zero Propagation Delay: 0 ps
#       AltB Propagation Delay: 14700 ps
#       AltBu Propagation Delay: 13900 ps
# 
#    Time: 2463900 ps  Iteration: 0  Instance: /execunittb
# ** Note: PASS: Test Case 57
#    Time: 2507300 ps  Iteration: 0  Instance: /execunittb
# ** Note: 
#       Y Propagation Delay: 23400 ps
#       Zero Propagation Delay: 0 ps
#       AltB Propagation Delay: 0 ps
#       AltBu Propagation Delay: 10900 ps
# 
#    Time: 2507300 ps  Iteration: 0  Instance: /execunittb
# ** Note: PASS: Test Case 58
#    Time: 2548700 ps  Iteration: 0  Instance: /execunittb
# ** Note: 
#       Y Propagation Delay: 21400 ps
#       Zero Propagation Delay: 0 ps
#       AltB Propagation Delay: 0 ps
#       AltBu Propagation Delay: 0 ps
# 
#    Time: 2548700 ps  Iteration: 0  Instance: /execunittb
# ** Note: PASS: Test Case 59
#    Time: 2592600 ps  Iteration: 0  Instance: /execunittb
# ** Note: 
#       Y Propagation Delay: 23900 ps
#       Zero Propagation Delay: 0 ps
#       AltB Propagation Delay: 12900 ps
#       AltBu Propagation Delay: 11900 ps
# 
#    Time: 2592600 ps  Iteration: 0  Instance: /execunittb
# ** Note: PASS: Test Case 60
#    Time: 2635700 ps  Iteration: 0  Instance: /execunittb
# ** Note: 
#       Y Propagation Delay: 23100 ps
#       Zero Propagation Delay: 0 ps
#       AltB Propagation Delay: 11900 ps
#       AltBu Propagation Delay: 0 ps
# 
#    Time: 2635700 ps  Iteration: 0  Instance: /execunittb
# ** Note: PASS: Test Case 61
#    Time: 2678500 ps  Iteration: 0  Instance: /execunittb
# ** Note: 
#       Y Propagation Delay: 22800 ps
#       Zero Propagation Delay: 0 ps
#       AltB Propagation Delay: 0 ps
#       AltBu Propagation Delay: 10200 ps
# 
#    Time: 2678500 ps  Iteration: 0  Instance: /execunittb
# ** Note: PASS: Test Case 62
#    Time: 2722100 ps  Iteration: 0  Instance: /execunittb
# ** Note: 
#       Y Propagation Delay: 23600 ps
#       Zero Propagation Delay: 0 ps
#       AltB Propagation Delay: 13500 ps
#       AltBu Propagation Delay: 12700 ps
# 
#    Time: 2722100 ps  Iteration: 0  Instance: /execunittb
# ** Note: PASS: Test Case 63
#    Time: 2763600 ps  Iteration: 0  Instance: /execunittb
# ** Note: 
#       Y Propagation Delay: 21500 ps
#       Zero Propagation Delay: 0 ps
#       AltB Propagation Delay: 0 ps
#       AltBu Propagation Delay: 10900 ps
# 
#    Time: 2763600 ps  Iteration: 0  Instance: /execunittb
# ** Note: PASS: Test Case 64
#    Time: 2807400 ps  Iteration: 0  Instance: /execunittb
# ** Note: 
#       Y Propagation Delay: 23800 ps
#       Zero Propagation Delay: 0 ps
#       AltB Propagation Delay: 0 ps
#       AltBu Propagation Delay: 0 ps
# 
#    Time: 2807400 ps  Iteration: 0  Instance: /execunittb
# ** Note: PASS: Test Case 65
#    Time: 2851900 ps  Iteration: 0  Instance: /execunittb
# ** Note: 
#       Y Propagation Delay: 24500 ps
#       Zero Propagation Delay: 0 ps
#       AltB Propagation Delay: 0 ps
#       AltBu Propagation Delay: 0 ps
# 
#    Time: 2851900 ps  Iteration: 0  Instance: /execunittb
# ** Note: PASS: Test Case 66
#    Time: 2895900 ps  Iteration: 0  Instance: /execunittb
# ** Note: 
#       Y Propagation Delay: 24000 ps
#       Zero Propagation Delay: 0 ps
#       AltB Propagation Delay: 0 ps
#       AltBu Propagation Delay: 0 ps
# 
#    Time: 2895900 ps  Iteration: 0  Instance: /execunittb
# ** Note: PASS: Test Case 67
#    Time: 2937200 ps  Iteration: 0  Instance: /execunittb
# ** Note: 
#       Y Propagation Delay: 21300 ps
#       Zero Propagation Delay: 0 ps
#       AltB Propagation Delay: 0 ps
#       AltBu Propagation Delay: 0 ps
# 
#    Time: 2937200 ps  Iteration: 0  Instance: /execunittb
# ** Note: PASS: Test Case 68
#    Time: 2981300 ps  Iteration: 0  Instance: /execunittb
# ** Note: 
#       Y Propagation Delay: 24100 ps
#       Zero Propagation Delay: 0 ps
#       AltB Propagation Delay: 11600 ps
#       AltBu Propagation Delay: 10500 ps
# 
#    Time: 2981300 ps  Iteration: 0  Instance: /execunittb
# ** Note: PASS: Test Case 69
#    Time: 3023500 ps  Iteration: 0  Instance: /execunittb
# ** Note: 
#       Y Propagation Delay: 22200 ps
#       Zero Propagation Delay: 0 ps
#       AltB Propagation Delay: 12100 ps
#       AltBu Propagation Delay: 10900 ps
# 
#    Time: 3023500 ps  Iteration: 0  Instance: /execunittb
# ** Note: PASS: Test Case 70
#    Time: 3065600 ps  Iteration: 0  Instance: /execunittb
# ** Note: 
#       Y Propagation Delay: 22100 ps
#       Zero Propagation Delay: 0 ps
#       AltB Propagation Delay: 0 ps
#       AltBu Propagation Delay: 10800 ps
# 
#    Time: 3065600 ps  Iteration: 0  Instance: /execunittb
# ** Note: PASS: Test Case 71
#    Time: 3108 ns  Iteration: 0  Instance: /execunittb
# ** Note: 
#       Y Propagation Delay: 22400 ps
#       Zero Propagation Delay: 0 ps
#       AltB Propagation Delay: 12600 ps
#       AltBu Propagation Delay: 11800 ps
# 
#    Time: 3108 ns  Iteration: 0  Instance: /execunittb
# ** Note: PASS: Test Case 72
#    Time: 3148600 ps  Iteration: 0  Instance: /execunittb
# ** Note: 
#       Y Propagation Delay: 20600 ps
#       Zero Propagation Delay: 0 ps
#       AltB Propagation Delay: 12900 ps
#       AltBu Propagation Delay: 11900 ps
# 
#    Time: 3148600 ps  Iteration: 0  Instance: /execunittb
# ** Note: PASS: Test Case 73
#    Time: 3190900 ps  Iteration: 0  Instance: /execunittb
# ** Note: 
#       Y Propagation Delay: 22300 ps
#       Zero Propagation Delay: 0 ps
#       AltB Propagation Delay: 0 ps
#       AltBu Propagation Delay: 0 ps
# 
#    Time: 3190900 ps  Iteration: 0  Instance: /execunittb
# ** Note: PASS: Test Case 74
#    Time: 3235400 ps  Iteration: 0  Instance: /execunittb
# ** Note: 
#       Y Propagation Delay: 24500 ps
#       Zero Propagation Delay: 0 ps
#       AltB Propagation Delay: 0 ps
#       AltBu Propagation Delay: 10200 ps
# 
#    Time: 3235400 ps  Iteration: 0  Instance: /execunittb
# ** Note: PASS: Test Case 75
#    Time: 3277800 ps  Iteration: 0  Instance: /execunittb
# ** Note: 
#       Y Propagation Delay: 22400 ps
#       Zero Propagation Delay: 0 ps
#       AltB Propagation Delay: 0 ps
#       AltBu Propagation Delay: 0 ps
# 
#    Time: 3277800 ps  Iteration: 0  Instance: /execunittb
# ** Note: PASS: Test Case 76
#    Time: 3319400 ps  Iteration: 0  Instance: /execunittb
# ** Note: 
#       Y Propagation Delay: 21600 ps
#       Zero Propagation Delay: 0 ps
#       AltB Propagation Delay: 0 ps
#       AltBu Propagation Delay: 11200 ps
# 
#    Time: 3319400 ps  Iteration: 0  Instance: /execunittb
# ** Note: PASS: Test Case 77
#    Time: 3365100 ps  Iteration: 0  Instance: /execunittb
# ** Note: 
#       Y Propagation Delay: 25700 ps
#       Zero Propagation Delay: 0 ps
#       AltB Propagation Delay: 11700 ps
#       AltBu Propagation Delay: 10500 ps
# 
#    Time: 3365100 ps  Iteration: 0  Instance: /execunittb
# ** Note: PASS: Test Case 78
#    Time: 3406700 ps  Iteration: 0  Instance: /execunittb
# ** Note: 
#       Y Propagation Delay: 21600 ps
#       Zero Propagation Delay: 0 ps
#       AltB Propagation Delay: 12200 ps
#       AltBu Propagation Delay: 11200 ps
# 
#    Time: 3406700 ps  Iteration: 0  Instance: /execunittb
# ** Note: PASS: Test Case 79
#    Time: 3449800 ps  Iteration: 0  Instance: /execunittb
# ** Note: 
#       Y Propagation Delay: 23100 ps
#       Zero Propagation Delay: 0 ps
#       AltB Propagation Delay: 0 ps
#       AltBu Propagation Delay: 10200 ps
# 
#    Time: 3449800 ps  Iteration: 0  Instance: /execunittb
# ** Note: PASS: Test Case 80
#    Time: 3493 ns  Iteration: 0  Instance: /execunittb
# ** Note: 
#       Y Propagation Delay: 23200 ps
#       Zero Propagation Delay: 0 ps
#       AltB Propagation Delay: 0 ps
#       AltBu Propagation Delay: 0 ps
# 
#    Time: 3493 ns  Iteration: 0  Instance: /execunittb
# ** Note: PASS: Test Case 81
#    Time: 3531800 ps  Iteration: 0  Instance: /execunittb
# ** Note: 
#       Y Propagation Delay: 18800 ps
#       Zero Propagation Delay: 0 ps
#       AltB Propagation Delay: 12100 ps
#       AltBu Propagation Delay: 10900 ps
# 
#    Time: 3531800 ps  Iteration: 0  Instance: /execunittb
# ** Note: PASS: Test Case 82
#    Time: 3568700 ps  Iteration: 0  Instance: /execunittb
# ** Note: 
#       Y Propagation Delay: 16900 ps
#       Zero Propagation Delay: 0 ps
#       AltB Propagation Delay: 11700 ps
#       AltBu Propagation Delay: 10500 ps
# 
#    Time: 3568700 ps  Iteration: 0  Instance: /execunittb
# ** Note: PASS: Test Case 83
#    Time: 3607500 ps  Iteration: 0  Instance: /execunittb
# ** Note: 
#       Y Propagation Delay: 18800 ps
#       Zero Propagation Delay: 0 ps
#       AltB Propagation Delay: 12900 ps
#       AltBu Propagation Delay: 11900 ps
# 
#    Time: 3607500 ps  Iteration: 0  Instance: /execunittb
# ** Note: PASS: Test Case 84
#    Time: 3643500 ps  Iteration: 0  Instance: /execunittb
# ** Note: 
#       Y Propagation Delay: 16000 ps
#       Zero Propagation Delay: 0 ps
#       AltB Propagation Delay: 12300 ps
#       AltBu Propagation Delay: 0 ps
# 
#    Time: 3643500 ps  Iteration: 0  Instance: /execunittb
# ** Note: PASS: Test Case 85
#    Time: 3682200 ps  Iteration: 0  Instance: /execunittb
# ** Note: 
#       Y Propagation Delay: 18700 ps
#       Zero Propagation Delay: 0 ps
#       AltB Propagation Delay: 11600 ps
#       AltBu Propagation Delay: 0 ps
# 
#    Time: 3682200 ps  Iteration: 0  Instance: /execunittb
# ** Note: PASS: Test Case 86
#    Time: 3720300 ps  Iteration: 0  Instance: /execunittb
# ** Note: 
#       Y Propagation Delay: 18100 ps
#       Zero Propagation Delay: 0 ps
#       AltB Propagation Delay: 11700 ps
#       AltBu Propagation Delay: 0 ps
# 
#    Time: 3720300 ps  Iteration: 0  Instance: /execunittb
# ** Note: PASS: Test Case 87
#    Time: 3757200 ps  Iteration: 0  Instance: /execunittb
# ** Note: 
#       Y Propagation Delay: 16900 ps
#       Zero Propagation Delay: 0 ps
#       AltB Propagation Delay: 0 ps
#       AltBu Propagation Delay: 10700 ps
# 
#    Time: 3757200 ps  Iteration: 0  Instance: /execunittb
# ** Note: PASS: Test Case 88
#    Time: 3795600 ps  Iteration: 0  Instance: /execunittb
# ** Note: 
#       Y Propagation Delay: 18400 ps
#       Zero Propagation Delay: 0 ps
#       AltB Propagation Delay: 0 ps
#       AltBu Propagation Delay: 0 ps
# 
#    Time: 3795600 ps  Iteration: 0  Instance: /execunittb
# ** Note: PASS: Test Case 89
#    Time: 3833700 ps  Iteration: 0  Instance: /execunittb
# ** Note: 
#       Y Propagation Delay: 18100 ps
#       Zero Propagation Delay: 0 ps
#       AltB Propagation Delay: 12300 ps
#       AltBu Propagation Delay: 10500 ps
# 
#    Time: 3833700 ps  Iteration: 0  Instance: /execunittb
# ** Note: PASS: Test Case 90
#    Time: 3872100 ps  Iteration: 0  Instance: /execunittb
# ** Note: 
#       Y Propagation Delay: 18400 ps
#       Zero Propagation Delay: 0 ps
#       AltB Propagation Delay: 12200 ps
#       AltBu Propagation Delay: 10900 ps
# 
#    Time: 3872100 ps  Iteration: 0  Instance: /execunittb
# ** Note: PASS: Test Case 91
#    Time: 3910200 ps  Iteration: 0  Instance: /execunittb
# ** Note: 
#       Y Propagation Delay: 18100 ps
#       Zero Propagation Delay: 0 ps
#       AltB Propagation Delay: 12400 ps
#       AltBu Propagation Delay: 11600 ps
# 
#    Time: 3910200 ps  Iteration: 0  Instance: /execunittb
# ** Note: PASS: Test Case 92
#    Time: 3948900 ps  Iteration: 0  Instance: /execunittb
# ** Note: 
#       Y Propagation Delay: 18700 ps
#       Zero Propagation Delay: 0 ps
#       AltB Propagation Delay: 11100 ps
#       AltBu Propagation Delay: 0 ps
# 
#    Time: 3948900 ps  Iteration: 0  Instance: /execunittb
# ** Note: PASS: Test Case 93
#    Time: 3987200 ps  Iteration: 0  Instance: /execunittb
# ** Note: 
#       Y Propagation Delay: 18300 ps
#       Zero Propagation Delay: 0 ps
#       AltB Propagation Delay: 11700 ps
#       AltBu Propagation Delay: 10400 ps
# 
#    Time: 3987200 ps  Iteration: 0  Instance: /execunittb
# ** Note: PASS: Test Case 94
#    Time: 4024100 ps  Iteration: 0  Instance: /execunittb
# ** Note: 
#       Y Propagation Delay: 16900 ps
#       Zero Propagation Delay: 0 ps
#       AltB Propagation Delay: 12200 ps
#       AltBu Propagation Delay: 10900 ps
# 
#    Time: 4024100 ps  Iteration: 0  Instance: /execunittb
# ** Note: PASS: Test Case 95
#    Time: 4062 ns  Iteration: 0  Instance: /execunittb
# ** Note: 
#       Y Propagation Delay: 17900 ps
#       Zero Propagation Delay: 0 ps
#       AltB Propagation Delay: 11700 ps
#       AltBu Propagation Delay: 10500 ps
# 
#    Time: 4062 ns  Iteration: 0  Instance: /execunittb
# ** Note: PASS: Test Case 96
#    Time: 4098900 ps  Iteration: 0  Instance: /execunittb
# ** Note: 
#       Y Propagation Delay: 16900 ps
#       Zero Propagation Delay: 0 ps
#       AltB Propagation Delay: 12700 ps
#       AltBu Propagation Delay: 11700 ps
# 
#    Time: 4098900 ps  Iteration: 0  Instance: /execunittb
# ** Note: PASS: Test Case 97
#    Time: 4138 ns  Iteration: 0  Instance: /execunittb
# ** Note: 
#       Y Propagation Delay: 19100 ps
#       Zero Propagation Delay: 0 ps
#       AltB Propagation Delay: 0 ps
#       AltBu Propagation Delay: 10200 ps
# 
#    Time: 4138 ns  Iteration: 0  Instance: /execunittb
# ** Note: PASS: Test Case 98
#    Time: 4176100 ps  Iteration: 0  Instance: /execunittb
# ** Note: 
#       Y Propagation Delay: 18100 ps
#       Zero Propagation Delay: 0 ps
#       AltB Propagation Delay: 13000 ps
#       AltBu Propagation Delay: 12200 ps
# 
#    Time: 4176100 ps  Iteration: 0  Instance: /execunittb
# ** Note: PASS: Test Case 99
#    Time: 4214100 ps  Iteration: 0  Instance: /execunittb
# ** Note: 
#       Y Propagation Delay: 18000 ps
#       Zero Propagation Delay: 0 ps
#       AltB Propagation Delay: 0 ps
#       AltBu Propagation Delay: 11400 ps
# 
#    Time: 4214100 ps  Iteration: 0  Instance: /execunittb
# ** Note: PASS: Test Case 100
#    Time: 4251900 ps  Iteration: 0  Instance: /execunittb
# ** Note: 
#       Y Propagation Delay: 17800 ps
#       Zero Propagation Delay: 0 ps
#       AltB Propagation Delay: 12700 ps
#       AltBu Propagation Delay: 11700 ps
# 
#    Time: 4251900 ps  Iteration: 0  Instance: /execunittb
# ** Note: PASS: Test Case 101
#    Time: 4291 ns  Iteration: 0  Instance: /execunittb
# ** Note: 
#       Y Propagation Delay: 19100 ps
#       Zero Propagation Delay: 0 ps
#       AltB Propagation Delay: 11900 ps
#       AltBu Propagation Delay: 0 ps
# 
#    Time: 4291 ns  Iteration: 0  Instance: /execunittb
# ** Note: PASS: Test Case 102
#    Time: 4327600 ps  Iteration: 0  Instance: /execunittb
# ** Note: 
#       Y Propagation Delay: 16600 ps
#       Zero Propagation Delay: 0 ps
#       AltB Propagation Delay: 0 ps
#       AltBu Propagation Delay: 0 ps
# 
#    Time: 4327600 ps  Iteration: 0  Instance: /execunittb
# ** Note: PASS: Test Case 103
#    Time: 4366200 ps  Iteration: 0  Instance: /execunittb
# ** Note: 
#       Y Propagation Delay: 18600 ps
#       Zero Propagation Delay: 0 ps
#       AltB Propagation Delay: 0 ps
#       AltBu Propagation Delay: 10200 ps
# 
#    Time: 4366200 ps  Iteration: 0  Instance: /execunittb
# ** Note: PASS: Test Case 104
#    Time: 4404300 ps  Iteration: 0  Instance: /execunittb
# ** Note: 
#       Y Propagation Delay: 18100 ps
#       Zero Propagation Delay: 0 ps
#       AltB Propagation Delay: 12100 ps
#       AltBu Propagation Delay: 10900 ps
# 
#    Time: 4404300 ps  Iteration: 0  Instance: /execunittb
# ** Note: PASS: Test Case 105
#    Time: 4440300 ps  Iteration: 0  Instance: /execunittb
# ** Note: 
#       Y Propagation Delay: 16000 ps
#       Zero Propagation Delay: 0 ps
#       AltB Propagation Delay: 11700 ps
#       AltBu Propagation Delay: 0 ps
# 
#    Time: 4440300 ps  Iteration: 0  Instance: /execunittb
# ** Note: PASS: Test Case 106
#    Time: 4478900 ps  Iteration: 0  Instance: /execunittb
# ** Note: 
#       Y Propagation Delay: 18600 ps
#       Zero Propagation Delay: 0 ps
#       AltB Propagation Delay: 11700 ps
#       AltBu Propagation Delay: 10500 ps
# 
#    Time: 4478900 ps  Iteration: 0  Instance: /execunittb
# ** Note: PASS: Test Case 107
#    Time: 4517 ns  Iteration: 0  Instance: /execunittb
# ** Note: 
#       Y Propagation Delay: 18100 ps
#       Zero Propagation Delay: 0 ps
#       AltB Propagation Delay: 13000 ps
#       AltBu Propagation Delay: 12100 ps
# 
#    Time: 4517 ns  Iteration: 0  Instance: /execunittb
# ** Note: PASS: Test Case 108
#    Time: 4554700 ps  Iteration: 0  Instance: /execunittb
# ** Note: 
#       Y Propagation Delay: 17700 ps
#       Zero Propagation Delay: 0 ps
#       AltB Propagation Delay: 12100 ps
#       AltBu Propagation Delay: 0 ps
# 
#    Time: 4554700 ps  Iteration: 0  Instance: /execunittb
# ** Note: PASS: Test Case 109
#    Time: 4591400 ps  Iteration: 0  Instance: /execunittb
# ** Note: 
#       Y Propagation Delay: 16700 ps
#       Zero Propagation Delay: 0 ps
#       AltB Propagation Delay: 12700 ps
#       AltBu Propagation Delay: 11800 ps
# 
#    Time: 4591400 ps  Iteration: 0  Instance: /execunittb
# ** Note: PASS: Test Case 110
#    Time: 4631100 ps  Iteration: 0  Instance: /execunittb
# ** Note: 
#       Y Propagation Delay: 19700 ps
#       Zero Propagation Delay: 0 ps
#       AltB Propagation Delay: 11900 ps
#       AltBu Propagation Delay: 11000 ps
# 
#    Time: 4631100 ps  Iteration: 0  Instance: /execunittb
# ** Note: PASS: Test Case 111
#    Time: 4670100 ps  Iteration: 0  Instance: /execunittb
# ** Note: 
#       Y Propagation Delay: 19000 ps
#       Zero Propagation Delay: 0 ps
#       AltB Propagation Delay: 12300 ps
#       AltBu Propagation Delay: 11100 ps
# 
#    Time: 4670100 ps  Iteration: 0  Instance: /execunittb
# ** Note: PASS: Test Case 112
#    Time: 4709900 ps  Iteration: 0  Instance: /execunittb
# ** Note: 
#       Y Propagation Delay: 19800 ps
#       Zero Propagation Delay: 0 ps
#       AltB Propagation Delay: 12100 ps
#       AltBu Propagation Delay: 10900 ps
# 
#    Time: 4709900 ps  Iteration: 0  Instance: /execunittb
# ** Note: PASS: Test Case 113
#    Time: 4745600 ps  Iteration: 0  Instance: /execunittb
# ** Note: 
#       Y Propagation Delay: 15700 ps
#       Zero Propagation Delay: 0 ps
#       AltB Propagation Delay: 0 ps
#       AltBu Propagation Delay: 11500 ps
# 
#    Time: 4745600 ps  Iteration: 0  Instance: /execunittb
# ** Note: PASS: Test Case 114
#    Time: 4783700 ps  Iteration: 0  Instance: /execunittb
# ** Note: 
#       Y Propagation Delay: 18100 ps
#       Zero Propagation Delay: 0 ps
#       AltB Propagation Delay: 14000 ps
#       AltBu Propagation Delay: 13100 ps
# 
#    Time: 4783700 ps  Iteration: 0  Instance: /execunittb
# ** Note: PASS: Test Case 115
#    Time: 4822800 ps  Iteration: 0  Instance: /execunittb
# ** Note: 
#       Y Propagation Delay: 19100 ps
#       Zero Propagation Delay: 0 ps
#       AltB Propagation Delay: 12100 ps
#       AltBu Propagation Delay: 0 ps
# 
#    Time: 4822800 ps  Iteration: 0  Instance: /execunittb
# ** Note: PASS: Test Case 116
#    Time: 4859300 ps  Iteration: 0  Instance: /execunittb
# ** Note: 
#       Y Propagation Delay: 16500 ps
#       Zero Propagation Delay: 0 ps
#       AltB Propagation Delay: 12300 ps
#       AltBu Propagation Delay: 11100 ps
# 
#    Time: 4859300 ps  Iteration: 0  Instance: /execunittb
# ** Note: PASS: Test Case 117
#    Time: 4897700 ps  Iteration: 0  Instance: /execunittb
# ** Note: 
#       Y Propagation Delay: 18400 ps
#       Zero Propagation Delay: 0 ps
#       AltB Propagation Delay: 12100 ps
#       AltBu Propagation Delay: 10900 ps
# 
#    Time: 4897700 ps  Iteration: 0  Instance: /execunittb
# ** Note: PASS: Test Case 118
#    Time: 4936 ns  Iteration: 0  Instance: /execunittb
# ** Note: 
#       Y Propagation Delay: 18300 ps
#       Zero Propagation Delay: 0 ps
#       AltB Propagation Delay: 0 ps
#       AltBu Propagation Delay: 0 ps
# 
#    Time: 4936 ns  Iteration: 0  Instance: /execunittb
# ** Note: PASS: Test Case 119
#    Time: 4974100 ps  Iteration: 0  Instance: /execunittb
# ** Note: 
#       Y Propagation Delay: 18100 ps
#       Zero Propagation Delay: 0 ps
#       AltB Propagation Delay: 0 ps
#       AltBu Propagation Delay: 0 ps
# 
#    Time: 4974100 ps  Iteration: 0  Instance: /execunittb
# ** Note: PASS: Test Case 120
#    Time: 5011 ns  Iteration: 0  Instance: /execunittb
# ** Note: 
#       Y Propagation Delay: 16900 ps
#       Zero Propagation Delay: 0 ps
#       AltB Propagation Delay: 12300 ps
#       AltBu Propagation Delay: 11100 ps
# 
#    Time: 5011 ns  Iteration: 0  Instance: /execunittb
# ** Note: PASS: Test Case 121
#    Time: 5050800 ps  Iteration: 0  Instance: /execunittb
# ** Note: 
#       Y Propagation Delay: 19800 ps
#       Zero Propagation Delay: 0 ps
#       AltB Propagation Delay: 12900 ps
#       AltBu Propagation Delay: 12100 ps
# 
#    Time: 5050800 ps  Iteration: 0  Instance: /execunittb
# ** Note: PASS: Test Case 122
#    Time: 5085 ns  Iteration: 0  Instance: /execunittb
# ** Note: 
#       Y Propagation Delay: 14200 ps
#       Zero Propagation Delay: 0 ps
#       AltB Propagation Delay: 12300 ps
#       AltBu Propagation Delay: 10800 ps
# 
#    Time: 5085 ns  Iteration: 0  Instance: /execunittb
# ** Note: PASS: Test Case 123
#    Time: 5123600 ps  Iteration: 0  Instance: /execunittb
# ** Note: 
#       Y Propagation Delay: 18600 ps
#       Zero Propagation Delay: 0 ps
#       AltB Propagation Delay: 11700 ps
#       AltBu Propagation Delay: 10400 ps
# 
#    Time: 5123600 ps  Iteration: 0  Instance: /execunittb
# ** Note: PASS: Test Case 124
#    Time: 5158800 ps  Iteration: 0  Instance: /execunittb
# ** Note: 
#       Y Propagation Delay: 15200 ps
#       Zero Propagation Delay: 0 ps
#       AltB Propagation Delay: 12000 ps
#       AltBu Propagation Delay: 11300 ps
# 
#    Time: 5158800 ps  Iteration: 0  Instance: /execunittb
# ** Note: PASS: Test Case 125
#    Time: 5197100 ps  Iteration: 0  Instance: /execunittb
# ** Note: 
#       Y Propagation Delay: 18300 ps
#       Zero Propagation Delay: 0 ps
#       AltB Propagation Delay: 12700 ps
#       AltBu Propagation Delay: 11700 ps
# 
#    Time: 5197100 ps  Iteration: 0  Instance: /execunittb
# ** Note: PASS: Test Case 126
#    Time: 5235700 ps  Iteration: 0  Instance: /execunittb
# ** Note: 
#       Y Propagation Delay: 18600 ps
#       Zero Propagation Delay: 0 ps
#       AltB Propagation Delay: 12500 ps
#       AltBu Propagation Delay: 11600 ps
# 
#    Time: 5235700 ps  Iteration: 0  Instance: /execunittb
# ** Note: PASS: Test Case 127
#    Time: 5270600 ps  Iteration: 0  Instance: /execunittb
# ** Note: 
#       Y Propagation Delay: 14900 ps
#       Zero Propagation Delay: 0 ps
#       AltB Propagation Delay: 12200 ps
#       AltBu Propagation Delay: 0 ps
# 
#    Time: 5270600 ps  Iteration: 0  Instance: /execunittb
# ** Note: PASS: Test Case 128
#    Time: 5308900 ps  Iteration: 0  Instance: /execunittb
# ** Note: 
#       Y Propagation Delay: 18300 ps
#       Zero Propagation Delay: 0 ps
#       AltB Propagation Delay: 12000 ps
#       AltBu Propagation Delay: 11300 ps
# 
#    Time: 5308900 ps  Iteration: 0  Instance: /execunittb
# ** Note: PASS: Test Case 129
#    Time: 5343400 ps  Iteration: 0  Instance: /execunittb
# ** Note: 
#       Y Propagation Delay: 14500 ps
#       Zero Propagation Delay: 0 ps
#       AltB Propagation Delay: 11600 ps
#       AltBu Propagation Delay: 10500 ps
# 
#    Time: 5343400 ps  Iteration: 0  Instance: /execunittb
# ** Note: PASS: Test Case 130
#    Time: 5378300 ps  Iteration: 0  Instance: /execunittb
# ** Note: 
#       Y Propagation Delay: 14900 ps
#       Zero Propagation Delay: 0 ps
#       AltB Propagation Delay: 14900 ps
#       AltBu Propagation Delay: 14100 ps
# 
#    Time: 5378300 ps  Iteration: 0  Instance: /execunittb
# ** Note: PASS: Test Case 131
#    Time: 5412200 ps  Iteration: 0  Instance: /execunittb
# ** Note: 
#       Y Propagation Delay: 13900 ps
#       Zero Propagation Delay: 0 ps
#       AltB Propagation Delay: 12100 ps
#       AltBu Propagation Delay: 11000 ps
# 
#    Time: 5412200 ps  Iteration: 0  Instance: /execunittb
# ** Note: PASS: Test Case 132
#    Time: 5450800 ps  Iteration: 0  Instance: /execunittb
# ** Note: 
#       Y Propagation Delay: 18600 ps
#       Zero Propagation Delay: 0 ps
#       AltB Propagation Delay: 0 ps
#       AltBu Propagation Delay: 0 ps
# 
#    Time: 5450800 ps  Iteration: 0  Instance: /execunittb
# ** Note: PASS: Test Case 133
#    Time: 5489100 ps  Iteration: 0  Instance: /execunittb
# ** Note: 
#       Y Propagation Delay: 18300 ps
#       Zero Propagation Delay: 0 ps
#       AltB Propagation Delay: 0 ps
#       AltBu Propagation Delay: 0 ps
# 
#    Time: 5489100 ps  Iteration: 0  Instance: /execunittb
# ** Note: PASS: Test Case 134
#    Time: 5523700 ps  Iteration: 0  Instance: /execunittb
# ** Note: 
#       Y Propagation Delay: 14600 ps
#       Zero Propagation Delay: 0 ps
#       AltB Propagation Delay: 12000 ps
#       AltBu Propagation Delay: 11300 ps
# 
#    Time: 5523700 ps  Iteration: 0  Instance: /execunittb
# ** Note: PASS: Test Case 135
#    Time: 5558900 ps  Iteration: 0  Instance: /execunittb
# ** Note: 
#       Y Propagation Delay: 15200 ps
#       Zero Propagation Delay: 0 ps
#       AltB Propagation Delay: 11700 ps
#       AltBu Propagation Delay: 0 ps
# 
#    Time: 5558900 ps  Iteration: 0  Instance: /execunittb
# ** Note: PASS: Test Case 136
#    Time: 5597500 ps  Iteration: 0  Instance: /execunittb
# ** Note: 
#       Y Propagation Delay: 18600 ps
#       Zero Propagation Delay: 0 ps
#       AltB Propagation Delay: 11900 ps
#       AltBu Propagation Delay: 11300 ps
# 
#    Time: 5597500 ps  Iteration: 0  Instance: /execunittb
# ** Note: PASS: Test Case 137
#    Time: 5631800 ps  Iteration: 0  Instance: /execunittb
# ** Note: 
#       Y Propagation Delay: 14300 ps
#       Zero Propagation Delay: 0 ps
#       AltB Propagation Delay: 12300 ps
#       AltBu Propagation Delay: 11100 ps
# 
#    Time: 5631800 ps  Iteration: 0  Instance: /execunittb
# ** Note: PASS: Test Case 138
#    Time: 5670100 ps  Iteration: 0  Instance: /execunittb
# ** Note: 
#       Y Propagation Delay: 18300 ps
#       Zero Propagation Delay: 0 ps
#       AltB Propagation Delay: 11200 ps
#       AltBu Propagation Delay: 11100 ps
# 
#    Time: 5670100 ps  Iteration: 0  Instance: /execunittb
# ** Note: PASS: Test Case 139
#    Time: 5704400 ps  Iteration: 0  Instance: /execunittb
# ** Note: 
#       Y Propagation Delay: 14300 ps
#       Zero Propagation Delay: 0 ps
#       AltB Propagation Delay: 12100 ps
#       AltBu Propagation Delay: 0 ps
# 
#    Time: 5704400 ps  Iteration: 0  Instance: /execunittb
# ** Note: PASS: Test Case 140
#    Time: 5739600 ps  Iteration: 0  Instance: /execunittb
# ** Note: 
#       Y Propagation Delay: 15200 ps
#       Zero Propagation Delay: 0 ps
#       AltB Propagation Delay: 12300 ps
#       AltBu Propagation Delay: 10500 ps
# 
#    Time: 5739600 ps  Iteration: 0  Instance: /execunittb
# ** Note: PASS: Test Case 141
#    Time: 5777900 ps  Iteration: 0  Instance: /execunittb
# ** Note: 
#       Y Propagation Delay: 18300 ps
#       Zero Propagation Delay: 0 ps
#       AltB Propagation Delay: 12100 ps
#       AltBu Propagation Delay: 10400 ps
# 
#    Time: 5777900 ps  Iteration: 0  Instance: /execunittb
# ** Note: PASS: Test Case 142
#    Time: 5810300 ps  Iteration: 0  Instance: /execunittb
# ** Note: 
#       Y Propagation Delay: 12400 ps
#       Zero Propagation Delay: 0 ps
#       AltB Propagation Delay: 11700 ps
#       AltBu Propagation Delay: 0 ps
# 
#    Time: 5810300 ps  Iteration: 0  Instance: /execunittb
# ** Note: PASS: Test Case 143
#    Time: 5843 ns  Iteration: 0  Instance: /execunittb
# ** Note: 
#       Y Propagation Delay: 12700 ps
#       Zero Propagation Delay: 0 ps
#       AltB Propagation Delay: 12000 ps
#       AltBu Propagation Delay: 11300 ps
# 
#    Time: 5843 ns  Iteration: 0  Instance: /execunittb
# ** Note: PASS: Test Case 144
#    Time: 5876400 ps  Iteration: 0  Instance: /execunittb
# ** Note: 
#       Y Propagation Delay: 13400 ps
#       Zero Propagation Delay: 0 ps
#       AltB Propagation Delay: 12000 ps
#       AltBu Propagation Delay: 11300 ps
# 
#    Time: 5876400 ps  Iteration: 0  Instance: /execunittb
# ** Note: PASS: Test Case 145
#    Time: 5908900 ps  Iteration: 0  Instance: /execunittb
# ** Note: 
#       Y Propagation Delay: 12500 ps
#       Zero Propagation Delay: 0 ps
#       AltB Propagation Delay: 11800 ps
#       AltBu Propagation Delay: 0 ps
# 
#    Time: 5908900 ps  Iteration: 0  Instance: /execunittb
# ** Note: PASS: Test Case 146
#    Time: 6208900 ps  Iteration: 0  Instance: /execunittb
# ** Note: 
#       Y Propagation Delay: 0 ps
#       Zero Propagation Delay: 0 ps
#       AltB Propagation Delay: 0 ps
#       AltBu Propagation Delay: 0 ps
# 
#    Time: 6208900 ps  Iteration: 0  Instance: /execunittb
# ** Note: PASS: Test Case 147
#    Time: 6508900 ps  Iteration: 0  Instance: /execunittb
# ** Note: 
#       Y Propagation Delay: 0 ps
#       Zero Propagation Delay: 0 ps
#       AltB Propagation Delay: 0 ps
#       AltBu Propagation Delay: 0 ps
# 
#    Time: 6508900 ps  Iteration: 0  Instance: /execunittb
# ** Note: PASS: Test Case 148
#    Time: 6541 ns  Iteration: 0  Instance: /execunittb
# ** Note: 
#       Y Propagation Delay: 11900 ps
#       Zero Propagation Delay: 0 ps
#       AltB Propagation Delay: 12100 ps
#       AltBu Propagation Delay: 0 ps
# 
#    Time: 6541 ns  Iteration: 0  Instance: /execunittb
# ** Note: PASS: Test Case 149
#    Time: 6841 ns  Iteration: 0  Instance: /execunittb
# ** Note: 
#       Y Propagation Delay: 0 ps
#       Zero Propagation Delay: 0 ps
#       AltB Propagation Delay: 0 ps
#       AltBu Propagation Delay: 0 ps
# 
#    Time: 6841 ns  Iteration: 0  Instance: /execunittb
# ** Note: PASS: Test Case 150
#    Time: 6873500 ps  Iteration: 0  Instance: /execunittb
# ** Note: 
#       Y Propagation Delay: 12500 ps
#       Zero Propagation Delay: 0 ps
#       AltB Propagation Delay: 0 ps
#       AltBu Propagation Delay: 10400 ps
# 
#    Time: 6873500 ps  Iteration: 0  Instance: /execunittb
# ** Note: PASS: Test Case 151
#    Time: 6906300 ps  Iteration: 0  Instance: /execunittb
# ** Note: 
#       Y Propagation Delay: 12800 ps
#       Zero Propagation Delay: 0 ps
#       AltB Propagation Delay: 11800 ps
#       AltBu Propagation Delay: 10700 ps
# 
#    Time: 6906300 ps  Iteration: 0  Instance: /execunittb
# ** Note: PASS: Test Case 152
#    Time: 6938700 ps  Iteration: 0  Instance: /execunittb
# ** Note: 
#       Y Propagation Delay: 12400 ps
#       Zero Propagation Delay: 0 ps
#       AltB Propagation Delay: 11700 ps
#       AltBu Propagation Delay: 0 ps
# 
#    Time: 6938700 ps  Iteration: 0  Instance: /execunittb
# ** Note: PASS: Test Case 153
#    Time: 6971400 ps  Iteration: 0  Instance: /execunittb
# ** Note: 
#       Y Propagation Delay: 12700 ps
#       Zero Propagation Delay: 0 ps
#       AltB Propagation Delay: 12100 ps
#       AltBu Propagation Delay: 10000 ps
# 
#    Time: 6971400 ps  Iteration: 0  Instance: /execunittb
# ** Note: PASS: Test Case 154
#    Time: 7003600 ps  Iteration: 0  Instance: /execunittb
# ** Note: 
#       Y Propagation Delay: 12200 ps
#       Zero Propagation Delay: 0 ps
#       AltB Propagation Delay: 0 ps
#       AltBu Propagation Delay: 0 ps
# 
#    Time: 7003600 ps  Iteration: 0  Instance: /execunittb
# ** Note: PASS: Test Case 155
#    Time: 7036200 ps  Iteration: 0  Instance: /execunittb
# ** Note: 
#       Y Propagation Delay: 12600 ps
#       Zero Propagation Delay: 0 ps
#       AltB Propagation Delay: 11800 ps
#       AltBu Propagation Delay: 10500 ps
# 
#    Time: 7036200 ps  Iteration: 0  Instance: /execunittb
# ** Note: PASS: Test Case 156
#    Time: 7070400 ps  Iteration: 0  Instance: /execunittb
# ** Note: 
#       Y Propagation Delay: 14200 ps
#       Zero Propagation Delay: 0 ps
#       AltB Propagation Delay: 12900 ps
#       AltBu Propagation Delay: 11900 ps
# 
#    Time: 7070400 ps  Iteration: 0  Instance: /execunittb
# ** Note: PASS: Test Case 157
#    Time: 7102100 ps  Iteration: 0  Instance: /execunittb
# ** Note: 
#       Y Propagation Delay: 0 ps
#       Zero Propagation Delay: 0 ps
#       AltB Propagation Delay: 11700 ps
#       AltBu Propagation Delay: 0 ps
# 
#    Time: 7102100 ps  Iteration: 0  Instance: /execunittb
# ** Note: PASS: Test Case 158
#    Time: 7135100 ps  Iteration: 0  Instance: /execunittb
# ** Note: 
#       Y Propagation Delay: 13000 ps
#       Zero Propagation Delay: 0 ps
#       AltB Propagation Delay: 0 ps
#       AltBu Propagation Delay: 10700 ps
# 
#    Time: 7135100 ps  Iteration: 0  Instance: /execunittb
# ** Note: PASS: Test Case 159
#    Time: 7168500 ps  Iteration: 0  Instance: /execunittb
# ** Note: 
#       Y Propagation Delay: 13400 ps
#       Zero Propagation Delay: 0 ps
#       AltB Propagation Delay: 11700 ps
#       AltBu Propagation Delay: 11300 ps
# 
#    Time: 7168500 ps  Iteration: 0  Instance: /execunittb
# ** Note: PASS: Test Case 160
#    Time: 7200500 ps  Iteration: 0  Instance: /execunittb
# ** Note: 
#       Y Propagation Delay: 12000 ps
#       Zero Propagation Delay: 0 ps
#       AltB Propagation Delay: 11200 ps
#       AltBu Propagation Delay: 10000 ps
# 
#    Time: 7200500 ps  Iteration: 0  Instance: /execunittb
# ** Note: PASS: Test Case 161
#    Time: 7233100 ps  Iteration: 0  Instance: /execunittb
# ** Note: 
#       Y Propagation Delay: 12600 ps
#       Zero Propagation Delay: 0 ps
#       AltB Propagation Delay: 11800 ps
#       AltBu Propagation Delay: 10500 ps
# 
#    Time: 7233100 ps  Iteration: 0  Instance: /execunittb
# ** Note: PASS: Test Case 162
#    Time: 7266300 ps  Iteration: 0  Instance: /execunittb
# ** Note: 
#       Y Propagation Delay: 13200 ps
#       Zero Propagation Delay: 0 ps
#       AltB Propagation Delay: 12200 ps
#       AltBu Propagation Delay: 10900 ps
# 
#    Time: 7266300 ps  Iteration: 0  Instance: /execunittb
# ** Note: PASS: Test Case 163
#    Time: 7298900 ps  Iteration: 0  Instance: /execunittb
# ** Note: 
#       Y Propagation Delay: 12600 ps
#       Zero Propagation Delay: 0 ps
#       AltB Propagation Delay: 11700 ps
#       AltBu Propagation Delay: 10500 ps
# 
#    Time: 7298900 ps  Iteration: 0  Instance: /execunittb
# ** Note: PASS: Test Case 164
#    Time: 7331900 ps  Iteration: 0  Instance: /execunittb
# ** Note: 
#       Y Propagation Delay: 13000 ps
#       Zero Propagation Delay: 0 ps
#       AltB Propagation Delay: 11700 ps
#       AltBu Propagation Delay: 10700 ps
# 
#    Time: 7331900 ps  Iteration: 0  Instance: /execunittb
# ** Note: PASS: Test Case 165
#    Time: 7365300 ps  Iteration: 0  Instance: /execunittb
# ** Note: 
#       Y Propagation Delay: 13400 ps
#       Zero Propagation Delay: 0 ps
#       AltB Propagation Delay: 11700 ps
#       AltBu Propagation Delay: 11300 ps
# 
#    Time: 7365300 ps  Iteration: 0  Instance: /execunittb
# ** Note: PASS: Test Case 166
#    Time: 7397 ns  Iteration: 0  Instance: /execunittb
# ** Note: 
#       Y Propagation Delay: 0 ps
#       Zero Propagation Delay: 0 ps
#       AltB Propagation Delay: 11700 ps
#       AltBu Propagation Delay: 0 ps
# 
#    Time: 7397 ns  Iteration: 0  Instance: /execunittb
# ** Note: PASS: Test Case 167
#    Time: 7429100 ps  Iteration: 0  Instance: /execunittb
# ** Note: 
#       Y Propagation Delay: 0 ps
#       Zero Propagation Delay: 0 ps
#       AltB Propagation Delay: 12100 ps
#       AltBu Propagation Delay: 0 ps
# 
#    Time: 7429100 ps  Iteration: 0  Instance: /execunittb
# ** Note: PASS: Test Case 168
#    Time: 7463300 ps  Iteration: 0  Instance: /execunittb
# ** Note: 
#       Y Propagation Delay: 14200 ps
#       Zero Propagation Delay: 0 ps
#       AltB Propagation Delay: 12900 ps
#       AltBu Propagation Delay: 11900 ps
# 
#    Time: 7463300 ps  Iteration: 0  Instance: /execunittb
# ** Note: PASS: Test Case 169
#    Time: 7496100 ps  Iteration: 0  Instance: /execunittb
# ** Note: 
#       Y Propagation Delay: 12800 ps
#       Zero Propagation Delay: 0 ps
#       AltB Propagation Delay: 11700 ps
#       AltBu Propagation Delay: 10500 ps
# 
#    Time: 7496100 ps  Iteration: 0  Instance: /execunittb
# ** Note: PASS: Test Case 170
#    Time: 7529500 ps  Iteration: 0  Instance: /execunittb
# ** Note: 
#       Y Propagation Delay: 13400 ps
#       Zero Propagation Delay: 0 ps
#       AltB Propagation Delay: 11700 ps
#       AltBu Propagation Delay: 11300 ps
# 
#    Time: 7529500 ps  Iteration: 0  Instance: /execunittb
# ** Note: PASS: Test Case 171
#    Time: 7562400 ps  Iteration: 0  Instance: /execunittb
# ** Note: 
#       Y Propagation Delay: 12900 ps
#       Zero Propagation Delay: 0 ps
#       AltB Propagation Delay: 0 ps
#       AltBu Propagation Delay: 11300 ps
# 
#    Time: 7562400 ps  Iteration: 0  Instance: /execunittb
# ** Note: PASS: Test Case 172
#    Time: 7595800 ps  Iteration: 0  Instance: /execunittb
# ** Note: 
#       Y Propagation Delay: 13400 ps
#       Zero Propagation Delay: 0 ps
#       AltB Propagation Delay: 0 ps
#       AltBu Propagation Delay: 11300 ps
# 
#    Time: 7595800 ps  Iteration: 0  Instance: /execunittb
# ** Note: PASS: Test Case 173
#    Time: 7895800 ps  Iteration: 0  Instance: /execunittb
# ** Note: 
#       Y Propagation Delay: 0 ps
#       Zero Propagation Delay: 0 ps
#       AltB Propagation Delay: 0 ps
#       AltBu Propagation Delay: 0 ps
# 
#    Time: 7895800 ps  Iteration: 0  Instance: /execunittb
# ** Note: PASS: Test Case 174
#    Time: 7928600 ps  Iteration: 0  Instance: /execunittb
# ** Note: 
#       Y Propagation Delay: 12800 ps
#       Zero Propagation Delay: 0 ps
#       AltB Propagation Delay: 11600 ps
#       AltBu Propagation Delay: 10700 ps
# 
#    Time: 7928600 ps  Iteration: 0  Instance: /execunittb
# ** Note: PASS: Test Case 175
#    Time: 7962 ns  Iteration: 0  Instance: /execunittb
# ** Note: 
#       Y Propagation Delay: 13400 ps
#       Zero Propagation Delay: 0 ps
#       AltB Propagation Delay: 11700 ps
#       AltBu Propagation Delay: 11300 ps
# 
#    Time: 7962 ns  Iteration: 0  Instance: /execunittb
# ** Note: PASS: Test Case 176
#    Time: 7994500 ps  Iteration: 0  Instance: /execunittb
# ** Note: 
#       Y Propagation Delay: 12500 ps
#       Zero Propagation Delay: 0 ps
#       AltB Propagation Delay: 0 ps
#       AltBu Propagation Delay: 10400 ps
# 
#    Time: 7994500 ps  Iteration: 0  Instance: /execunittb
# ** Note: PASS: Test Case 177
#    Time: 8294500 ps  Iteration: 0  Instance: /execunittb
# ** Note: 
#       Y Propagation Delay: 0 ps
#       Zero Propagation Delay: 0 ps
#       AltB Propagation Delay: 0 ps
#       AltBu Propagation Delay: 0 ps
# 
#    Time: 8294500 ps  Iteration: 0  Instance: /execunittb
# ** Note: PASS: Test Case 178
#    Time: 8327600 ps  Iteration: 0  Instance: /execunittb
# ** Note: 
#       Y Propagation Delay: 13100 ps
#       Zero Propagation Delay: 0 ps
#       AltB Propagation Delay: 0 ps
#       AltBu Propagation Delay: 11000 ps
# 
#    Time: 8327600 ps  Iteration: 0  Instance: /execunittb
# ** Note: PASS: Test Case 179
#    Time: 8359300 ps  Iteration: 0  Instance: /execunittb
# ** Note: 
#       Y Propagation Delay: 0 ps
#       Zero Propagation Delay: 0 ps
#       AltB Propagation Delay: 11700 ps
#       AltBu Propagation Delay: 0 ps
# 
#    Time: 8359300 ps  Iteration: 0  Instance: /execunittb
# ** Note: PASS: Test Case 180
#    Time: 8392700 ps  Iteration: 0  Instance: /execunittb
# ** Note: 
#       Y Propagation Delay: 13400 ps
#       Zero Propagation Delay: 0 ps
#       AltB Propagation Delay: 11700 ps
#       AltBu Propagation Delay: 11300 ps
# 
#    Time: 8392700 ps  Iteration: 0  Instance: /execunittb
# ** Note: PASS: Test Case 181
#    Time: 8435200 ps  Iteration: 0  Instance: /execunittb
# ** Note: 
#       Y Propagation Delay: 22500 ps
#       Zero Propagation Delay: 0 ps
#       AltB Propagation Delay: 12200 ps
#       AltBu Propagation Delay: 11100 ps
# 
#    Time: 8435200 ps  Iteration: 0  Instance: /execunittb
# ** Note: PASS: Test Case 182
#    Time: 8479800 ps  Iteration: 0  Instance: /execunittb
# ** Note: 
#       Y Propagation Delay: 24600 ps
#       Zero Propagation Delay: 23200 ps
#       AltB Propagation Delay: 18700 ps
#       AltBu Propagation Delay: 17900 ps
# 
#    Time: 8479800 ps  Iteration: 0  Instance: /execunittb
# ** Note: PASS: Test Case 183
#    Time: 8522100 ps  Iteration: 0  Instance: /execunittb
# ** Note: 
#       Y Propagation Delay: 22300 ps
#       Zero Propagation Delay: 13800 ps
#       AltB Propagation Delay: 0 ps
#       AltBu Propagation Delay: 11400 ps
# 
#    Time: 8522100 ps  Iteration: 0  Instance: /execunittb
# ** Note: PASS: Test Case 184
#    Time: 8566700 ps  Iteration: 0  Instance: /execunittb
# ** Note: 
#       Y Propagation Delay: 24600 ps
#       Zero Propagation Delay: 23200 ps
#       AltB Propagation Delay: 18700 ps
#       AltBu Propagation Delay: 17900 ps
# 
#    Time: 8566700 ps  Iteration: 0  Instance: /execunittb
# ** Note: PASS: Test Case 185
#    Time: 8611900 ps  Iteration: 0  Instance: /execunittb
# ** Note: 
#       Y Propagation Delay: 25200 ps
#       Zero Propagation Delay: 23400 ps
#       AltB Propagation Delay: 16900 ps
#       AltBu Propagation Delay: 16100 ps
# 
#    Time: 8611900 ps  Iteration: 0  Instance: /execunittb
# ** Note: PASS: Test Case 186
#    Time: 8656500 ps  Iteration: 0  Instance: /execunittb
# ** Note: 
#       Y Propagation Delay: 24600 ps
#       Zero Propagation Delay: 22600 ps
#       AltB Propagation Delay: 16200 ps
#       AltBu Propagation Delay: 15400 ps
# 
#    Time: 8656500 ps  Iteration: 0  Instance: /execunittb
# ** Note: PASS: Test Case 187
#    Time: 8700900 ps  Iteration: 0  Instance: /execunittb
# ** Note: 
#       Y Propagation Delay: 24400 ps
#       Zero Propagation Delay: 10600 ps
#       AltB Propagation Delay: 11700 ps
#       AltBu Propagation Delay: 10900 ps
# 
#    Time: 8700900 ps  Iteration: 0  Instance: /execunittb
# ** Note: PASS: Test Case 188
#    Time: 8745500 ps  Iteration: 0  Instance: /execunittb
# ** Note: 
#       Y Propagation Delay: 24600 ps
#       Zero Propagation Delay: 22600 ps
#       AltB Propagation Delay: 17900 ps
#       AltBu Propagation Delay: 17100 ps
# 
#    Time: 8745500 ps  Iteration: 0  Instance: /execunittb
# ** Note: PASS: Test Case 189
#    Time: 8788500 ps  Iteration: 0  Instance: /execunittb
# ** Note: 
#       Y Propagation Delay: 23000 ps
#       Zero Propagation Delay: 10600 ps
#       AltB Propagation Delay: 12500 ps
#       AltBu Propagation Delay: 11600 ps
# 
#    Time: 8788500 ps  Iteration: 0  Instance: /execunittb
# ** Note: PASS: Test Case 190
#    Time: 8833100 ps  Iteration: 0  Instance: /execunittb
# ** Note: 
#       Y Propagation Delay: 24600 ps
#       Zero Propagation Delay: 23200 ps
#       AltB Propagation Delay: 18700 ps
#       AltBu Propagation Delay: 17900 ps
# 
#    Time: 8833100 ps  Iteration: 0  Instance: /execunittb
# ** Note: PASS: Test Case 191
#    Time: 8878300 ps  Iteration: 0  Instance: /execunittb
# ** Note: 
#       Y Propagation Delay: 25200 ps
#       Zero Propagation Delay: 11900 ps
#       AltB Propagation Delay: 11700 ps
#       AltBu Propagation Delay: 10900 ps
# 
#    Time: 8878300 ps  Iteration: 0  Instance: /execunittb
# ** Note: PASS: Test Case 192
#    Time: 8922900 ps  Iteration: 0  Instance: /execunittb
# ** Note: 
#       Y Propagation Delay: 24600 ps
#       Zero Propagation Delay: 22600 ps
#       AltB Propagation Delay: 16200 ps
#       AltBu Propagation Delay: 15400 ps
# 
#    Time: 8922900 ps  Iteration: 0  Instance: /execunittb
# ** Note: =====================================================
# >>>>>>>>>>>>>>>> Simulation Complete <<<<<<<<<<<<<<<<
# =====================================================
# Test cases passed: 192
# Test cases failed : 0
# 
#    Time: 8922900 ps  Iteration: 0  Instance: /execunittb
# ** Note: The worst case propagation delay was 25700 ps in test case 77
# 
#    Time: 8922900 ps  Iteration: 0  Instance: /execunittb
# transcript off
# 0 ps
# 9369 ns
