Analysis & Synthesis report for FP
Sat Nov 29 20:06:06 2025
Quartus Prime Version 23.1std.1 Build 993 05/14/2024 SC Lite Edition


---------------------
; Table of Contents ;
---------------------
  1. Legal Notice
  2. Analysis & Synthesis Summary
  3. Analysis & Synthesis Settings
  4. Parallel Compilation
  5. Analysis & Synthesis Source Files Read
  6. Analysis & Synthesis Resource Usage Summary
  7. Analysis & Synthesis Resource Utilization by Entity
  8. General Register Statistics
  9. Multiplexer Restructuring Statistics (Restructuring Performed)
 10. Parameter Settings for User Entity Instance: Top-level Entity: |ShfSepMux2
 11. Post-Synthesis Netlist Statistics for Top Partition
 12. Elapsed Time Per Partition
 13. Analysis & Synthesis Messages



----------------
; Legal Notice ;
----------------
Copyright (C) 2024  Intel Corporation. All rights reserved.
Your use of Intel Corporation's design tools, logic functions 
and other software and tools, and any partner logic 
functions, and any output files from any of the foregoing 
(including device programming or simulation files), and any 
associated documentation or information are expressly subject 
to the terms and conditions of the Intel Program License 
Subscription Agreement, the Intel Quartus Prime License Agreement,
the Intel FPGA IP License Agreement, or other applicable license
agreement, including, without limitation, that your use is for
the sole purpose of programming logic devices manufactured by
Intel and sold by Intel or its authorized distributors.  Please
refer to the applicable agreement for further details, at
https://fpgasoftware.intel.com/eula.



+----------------------------------------------------------------------------------+
; Analysis & Synthesis Summary                                                     ;
+---------------------------------+------------------------------------------------+
; Analysis & Synthesis Status     ; Successful - Sat Nov 29 20:06:06 2025          ;
; Quartus Prime Version           ; 23.1std.1 Build 993 05/14/2024 SC Lite Edition ;
; Revision Name                   ; FP                                             ;
; Top-level Entity Name           ; ShfSepMux2                                     ;
; Family                          ; Cyclone V                                      ;
; Logic utilization (in ALMs)     ; N/A                                            ;
; Total registers                 ; 0                                              ;
; Total pins                      ; 201                                            ;
; Total virtual pins              ; 0                                              ;
; Total block memory bits         ; 0                                              ;
; Total DSP Blocks                ; 0                                              ;
; Total HSSI RX PCSs              ; 0                                              ;
; Total HSSI PMA RX Deserializers ; 0                                              ;
; Total HSSI TX PCSs              ; 0                                              ;
; Total HSSI PMA TX Serializers   ; 0                                              ;
; Total PLLs                      ; 0                                              ;
; Total DLLs                      ; 0                                              ;
+---------------------------------+------------------------------------------------+


+---------------------------------------------------------------------------------------------------------------------------+
; Analysis & Synthesis Settings                                                                                             ;
+---------------------------------------------------------------------------------+--------------------+--------------------+
; Option                                                                          ; Setting            ; Default Value      ;
+---------------------------------------------------------------------------------+--------------------+--------------------+
; Device                                                                          ; 5CGXFC7C7F23C8     ;                    ;
; Top-level entity name                                                           ; ShfSepMux2         ; FP                 ;
; Family name                                                                     ; Cyclone V          ; Cyclone V          ;
; Use smart compilation                                                           ; Off                ; Off                ;
; Enable parallel Assembler and Timing Analyzer during compilation                ; On                 ; On                 ;
; Enable compact report table                                                     ; Off                ; Off                ;
; Restructure Multiplexers                                                        ; Auto               ; Auto               ;
; MLAB Add Timing Constraints For Mixed-Port Feed-Through Mode Setting Don't Care ; Off                ; Off                ;
; Create Debugging Nodes for IP Cores                                             ; Off                ; Off                ;
; Preserve fewer node names                                                       ; On                 ; On                 ;
; Intel FPGA IP Evaluation Mode                                                   ; Enable             ; Enable             ;
; Verilog Version                                                                 ; Verilog_2001       ; Verilog_2001       ;
; VHDL Version                                                                    ; VHDL_1993          ; VHDL_1993          ;
; State Machine Processing                                                        ; Auto               ; Auto               ;
; Safe State Machine                                                              ; Off                ; Off                ;
; Extract Verilog State Machines                                                  ; On                 ; On                 ;
; Extract VHDL State Machines                                                     ; On                 ; On                 ;
; Ignore Verilog initial constructs                                               ; Off                ; Off                ;
; Iteration limit for constant Verilog loops                                      ; 5000               ; 5000               ;
; Iteration limit for non-constant Verilog loops                                  ; 250                ; 250                ;
; Add Pass-Through Logic to Inferred RAMs                                         ; On                 ; On                 ;
; Infer RAMs from Raw Logic                                                       ; On                 ; On                 ;
; Parallel Synthesis                                                              ; On                 ; On                 ;
; DSP Block Balancing                                                             ; Auto               ; Auto               ;
; NOT Gate Push-Back                                                              ; On                 ; On                 ;
; Power-Up Don't Care                                                             ; On                 ; On                 ;
; Remove Redundant Logic Cells                                                    ; Off                ; Off                ;
; Remove Duplicate Registers                                                      ; On                 ; On                 ;
; Ignore CARRY Buffers                                                            ; Off                ; Off                ;
; Ignore CASCADE Buffers                                                          ; Off                ; Off                ;
; Ignore GLOBAL Buffers                                                           ; Off                ; Off                ;
; Ignore ROW GLOBAL Buffers                                                       ; Off                ; Off                ;
; Ignore LCELL Buffers                                                            ; Off                ; Off                ;
; Ignore SOFT Buffers                                                             ; On                 ; On                 ;
; Limit AHDL Integers to 32 Bits                                                  ; Off                ; Off                ;
; Optimization Technique                                                          ; Balanced           ; Balanced           ;
; Carry Chain Length                                                              ; 70                 ; 70                 ;
; Auto Carry Chains                                                               ; On                 ; On                 ;
; Auto Open-Drain Pins                                                            ; On                 ; On                 ;
; Perform WYSIWYG Primitive Resynthesis                                           ; Off                ; Off                ;
; Auto ROM Replacement                                                            ; On                 ; On                 ;
; Auto RAM Replacement                                                            ; On                 ; On                 ;
; Auto DSP Block Replacement                                                      ; On                 ; On                 ;
; Auto Shift Register Replacement                                                 ; Auto               ; Auto               ;
; Allow Shift Register Merging across Hierarchies                                 ; Auto               ; Auto               ;
; Auto Clock Enable Replacement                                                   ; On                 ; On                 ;
; Strict RAM Replacement                                                          ; Off                ; Off                ;
; Allow Synchronous Control Signals                                               ; On                 ; On                 ;
; Force Use of Synchronous Clear Signals                                          ; Off                ; Off                ;
; Auto Resource Sharing                                                           ; Off                ; Off                ;
; Allow Any RAM Size For Recognition                                              ; Off                ; Off                ;
; Allow Any ROM Size For Recognition                                              ; Off                ; Off                ;
; Allow Any Shift Register Size For Recognition                                   ; Off                ; Off                ;
; Use LogicLock Constraints during Resource Balancing                             ; On                 ; On                 ;
; Ignore translate_off and synthesis_off directives                               ; Off                ; Off                ;
; Timing-Driven Synthesis                                                         ; On                 ; On                 ;
; Report Parameter Settings                                                       ; On                 ; On                 ;
; Report Source Assignments                                                       ; On                 ; On                 ;
; Report Connectivity Checks                                                      ; On                 ; On                 ;
; Ignore Maximum Fan-Out Assignments                                              ; Off                ; Off                ;
; Synchronization Register Chain Length                                           ; 3                  ; 3                  ;
; Power Optimization During Synthesis                                             ; Normal compilation ; Normal compilation ;
; HDL message level                                                               ; Level2             ; Level2             ;
; Suppress Register Optimization Related Messages                                 ; Off                ; Off                ;
; Number of Removed Registers Reported in Synthesis Report                        ; 5000               ; 5000               ;
; Number of Swept Nodes Reported in Synthesis Report                              ; 5000               ; 5000               ;
; Number of Inverted Registers Reported in Synthesis Report                       ; 100                ; 100                ;
; Clock MUX Protection                                                            ; On                 ; On                 ;
; Auto Gated Clock Conversion                                                     ; Off                ; Off                ;
; Block Design Naming                                                             ; Auto               ; Auto               ;
; SDC constraint protection                                                       ; Off                ; Off                ;
; Synthesis Effort                                                                ; Auto               ; Auto               ;
; Shift Register Replacement - Allow Asynchronous Clear Signal                    ; On                 ; On                 ;
; Pre-Mapping Resynthesis Optimization                                            ; Off                ; Off                ;
; Analysis & Synthesis Message Level                                              ; Medium             ; Medium             ;
; Disable Register Merging Across Hierarchies                                     ; Auto               ; Auto               ;
; Resource Aware Inference For Block RAM                                          ; On                 ; On                 ;
; Automatic Parallel Synthesis                                                    ; On                 ; On                 ;
; Partial Reconfiguration Bitstream ID                                            ; Off                ; Off                ;
+---------------------------------------------------------------------------------+--------------------+--------------------+


+------------------------------------------+
; Parallel Compilation                     ;
+----------------------------+-------------+
; Processors                 ; Number      ;
+----------------------------+-------------+
; Number detected on machine ; 8           ;
; Maximum allowed            ; 4           ;
;                            ;             ;
; Average used               ; 1.00        ;
; Maximum used               ; 1           ;
;                            ;             ;
; Usage by Processor         ; % Time Used ;
;     Processor 1            ; 100.0%      ;
+----------------------------+-------------+


+------------------------------------------------------------------------------------------------------------------------------------------------------------------------------------------------+
; Analysis & Synthesis Source Files Read                                                                                                                                                         ;
+---------------------------------------------------+-----------------+-----------------+----------------------------------------------------------------------------------------------+---------+
; File Name with User-Entered Path                  ; Used in Netlist ; File Type       ; File Name with Absolute Path                                                                 ; Library ;
+---------------------------------------------------+-----------------+-----------------+----------------------------------------------------------------------------------------------+---------+
; SourceCode/Shifter Implementations/ShfSepMux2.vhd ; yes             ; User VHDL File  ; C:/Users/taylo/OneDrive/Desktop/ENSC350/FP/SourceCode/Shifter Implementations/ShfSepMux2.vhd ;         ;
; SourceCode/LogPackage.vhd                         ; yes             ; User VHDL File  ; C:/Users/taylo/OneDrive/Desktop/ENSC350/FP/SourceCode/LogPackage.vhd                         ;         ;
+---------------------------------------------------+-----------------+-----------------+----------------------------------------------------------------------------------------------+---------+


+-------------------------------------------------------------------+
; Analysis & Synthesis Resource Usage Summary                       ;
+---------------------------------------------+---------------------+
; Resource                                    ; Usage               ;
+---------------------------------------------+---------------------+
; Estimate of Logic utilization (ALMs needed) ; 388                 ;
;                                             ;                     ;
; Combinational ALUT usage for logic          ; 477                 ;
;     -- 7 input functions                    ; 10                  ;
;     -- 6 input functions                    ; 289                 ;
;     -- 5 input functions                    ; 55                  ;
;     -- 4 input functions                    ; 110                 ;
;     -- <=3 input functions                  ; 13                  ;
;                                             ;                     ;
; Dedicated logic registers                   ; 0                   ;
;                                             ;                     ;
; I/O pins                                    ; 201                 ;
;                                             ;                     ;
; Total DSP Blocks                            ; 0                   ;
;                                             ;                     ;
; Maximum fan-out node                        ; ShiftCount[0]~input ;
; Maximum fan-out                             ; 130                 ;
; Total fan-out                               ; 2814                ;
; Average fan-out                             ; 3.20                ;
+---------------------------------------------+---------------------+


+----------------------------------------------------------------------------------------------------------------------------------------------------------------------------------------+
; Analysis & Synthesis Resource Utilization by Entity                                                                                                                                    ;
+----------------------------+---------------------+---------------------------+-------------------+------------+------+--------------+---------------------+-------------+--------------+
; Compilation Hierarchy Node ; Combinational ALUTs ; Dedicated Logic Registers ; Block Memory Bits ; DSP Blocks ; Pins ; Virtual Pins ; Full Hierarchy Name ; Entity Name ; Library Name ;
+----------------------------+---------------------+---------------------------+-------------------+------------+------+--------------+---------------------+-------------+--------------+
; |ShfSepMux2                ; 477 (477)           ; 0 (0)                     ; 0                 ; 0          ; 201  ; 0            ; |ShfSepMux2         ; ShfSepMux2  ; work         ;
+----------------------------+---------------------+---------------------------+-------------------+------------+------+--------------+---------------------+-------------+--------------+
Note: For table entries with two numbers listed, the numbers in parentheses indicate the number of resources of the given type used by the specific entity alone. The numbers listed outside of parentheses indicate the total resources of the given type used by the specific entity and all of its sub-entities in the hierarchy.


+------------------------------------------------------+
; General Register Statistics                          ;
+----------------------------------------------+-------+
; Statistic                                    ; Value ;
+----------------------------------------------+-------+
; Total registers                              ; 0     ;
; Number of registers using Synchronous Clear  ; 0     ;
; Number of registers using Synchronous Load   ; 0     ;
; Number of registers using Asynchronous Clear ; 0     ;
; Number of registers using Asynchronous Load  ; 0     ;
; Number of registers using Clock Enable       ; 0     ;
; Number of registers using Preset             ; 0     ;
+----------------------------------------------+-------+


+------------------------------------------------------------------------------------------------------------------------------------------+
; Multiplexer Restructuring Statistics (Restructuring Performed)                                                                           ;
+--------------------+-----------+---------------+----------------------+------------------------+------------+----------------------------+
; Multiplexer Inputs ; Bus Width ; Baseline Area ; Area if Restructured ; Saving if Restructured ; Registered ; Example Multiplexer Output ;
+--------------------+-----------+---------------+----------------------+------------------------+------------+----------------------------+
; 4:1                ; 114 bits  ; 228 LEs       ; 228 LEs              ; 0 LEs                  ; No         ; |ShfSepMux2|sravals[2][39] ;
; 3:1                ; 4 bits    ; 8 LEs         ; 8 LEs                ; 0 LEs                  ; No         ; |ShfSepMux2|sllvals[4][0]  ;
; 3:1                ; 4 bits    ; 8 LEs         ; 8 LEs                ; 0 LEs                  ; No         ; |ShfSepMux2|sllvals[4][7]  ;
; 3:1                ; 4 bits    ; 8 LEs         ; 4 LEs                ; 4 LEs                  ; No         ; |ShfSepMux2|sravals[4][62] ;
; 3:1                ; 4 bits    ; 8 LEs         ; 8 LEs                ; 0 LEs                  ; No         ; |ShfSepMux2|sravals[4][58] ;
; 4:1                ; 4 bits    ; 8 LEs         ; 8 LEs                ; 0 LEs                  ; No         ; |ShfSepMux2|sllvals[4][8]  ;
; 4:1                ; 75 bits   ; 150 LEs       ; 150 LEs              ; 0 LEs                  ; No         ; |ShfSepMux2|sllvals[4][39] ;
; 5:1                ; 15 bits   ; 45 LEs        ; 45 LEs               ; 0 LEs                  ; No         ; |ShfSepMux2|Output         ;
; 5:1                ; 16 bits   ; 48 LEs        ; 48 LEs               ; 0 LEs                  ; No         ; |ShfSepMux2|Output         ;
; 8:1                ; 12 bits   ; 60 LEs        ; 60 LEs               ; 0 LEs                  ; No         ; |ShfSepMux2|Output         ;
; 8:1                ; 12 bits   ; 60 LEs        ; 60 LEs               ; 0 LEs                  ; No         ; |ShfSepMux2|Output         ;
; 11:1               ; 4 bits    ; 28 LEs        ; 28 LEs               ; 0 LEs                  ; No         ; |ShfSepMux2|Output         ;
; 11:1               ; 3 bits    ; 21 LEs        ; 21 LEs               ; 0 LEs                  ; No         ; |ShfSepMux2|Output         ;
+--------------------+-----------+---------------+----------------------+------------------------+------------+----------------------------+


+----------------------------------------------------------------------------+
; Parameter Settings for User Entity Instance: Top-level Entity: |ShfSepMux2 ;
+----------------+-------+---------------------------------------------------+
; Parameter Name ; Value ; Type                                              ;
+----------------+-------+---------------------------------------------------+
; N              ; 64    ; Signed Integer                                    ;
+----------------+-------+---------------------------------------------------+
Note: In order to hide this table in the UI and the text report file, please set the "Show Parameter Settings in Synthesis Report" option in "Analysis and Synthesis Settings -> More Settings" to "Off".


+-----------------------------------------------------+
; Post-Synthesis Netlist Statistics for Top Partition ;
+-----------------------+-----------------------------+
; Type                  ; Count                       ;
+-----------------------+-----------------------------+
; arriav_lcell_comb     ; 477                         ;
;     extend            ; 10                          ;
;         7 data inputs ; 10                          ;
;     normal            ; 467                         ;
;         2 data inputs ; 9                           ;
;         3 data inputs ; 4                           ;
;         4 data inputs ; 110                         ;
;         5 data inputs ; 55                          ;
;         6 data inputs ; 289                         ;
; boundary_port         ; 201                         ;
;                       ;                             ;
; Max LUT depth         ; 5.00                        ;
; Average LUT depth     ; 4.92                        ;
+-----------------------+-----------------------------+


+-------------------------------+
; Elapsed Time Per Partition    ;
+----------------+--------------+
; Partition Name ; Elapsed Time ;
+----------------+--------------+
; Top            ; 00:00:01     ;
+----------------+--------------+


+-------------------------------+
; Analysis & Synthesis Messages ;
+-------------------------------+
Info: *******************************************************************
Info: Running Quartus Prime Analysis & Synthesis
    Info: Version 23.1std.1 Build 993 05/14/2024 SC Lite Edition
    Info: Processing started: Sat Nov 29 20:05:57 2025
Info: Command: quartus_map --read_settings_files=on --write_settings_files=off FP -c FP
Warning (18236): Number of processors has not been specified which may cause overloading on shared machines.  Set the global assignment NUM_PARALLEL_PROCESSORS in your QSF to an appropriate value for best performance.
Info (20030): Parallel compilation is enabled and will use 4 of the 4 processors detected
Info (12021): Found 2 design units, including 1 entities, in source file sourcecode/shifter implementations/shfsepmux2.vhd
    Info (12022): Found design unit 1: ShfSepMux2-rtl File: C:/Users/taylo/OneDrive/Desktop/ENSC350/FP/SourceCode/Shifter Implementations/ShfSepMux2.vhd Line: 19
    Info (12023): Found entity 1: ShfSepMux2 File: C:/Users/taylo/OneDrive/Desktop/ENSC350/FP/SourceCode/Shifter Implementations/ShfSepMux2.vhd Line: 7
Info (12021): Found 2 design units, including 1 entities, in source file sourcecode/adder implementations/koggestone.vhd
    Info (12022): Found design unit 1: KoggeStone-rtl File: C:/Users/taylo/OneDrive/Desktop/ENSC350/FP/SourceCode/Adder Implementations/KoggeStone.vhd Line: 23
    Info (12023): Found entity 1: KoggeStone File: C:/Users/taylo/OneDrive/Desktop/ENSC350/FP/SourceCode/Adder Implementations/KoggeStone.vhd Line: 10
Info (12021): Found 2 design units, including 0 entities, in source file sourcecode/logpackage.vhd
    Info (12022): Found design unit 1: LogPackage File: C:/Users/taylo/OneDrive/Desktop/ENSC350/FP/SourceCode/LogPackage.vhd Line: 4
    Info (12022): Found design unit 2: LogPackage-body File: C:/Users/taylo/OneDrive/Desktop/ENSC350/FP/SourceCode/LogPackage.vhd Line: 11
Info (12127): Elaborating entity "ShfSepMux2" for the top level hierarchy
Warning (10036): Verilog HDL or VHDL warning at ShfSepMux2.vhd(30): object "srlout" assigned a value but never read File: C:/Users/taylo/OneDrive/Desktop/ENSC350/FP/SourceCode/Shifter Implementations/ShfSepMux2.vhd Line: 30
Warning (10036): Verilog HDL or VHDL warning at ShfSepMux2.vhd(39): object "sgnExt" assigned a value but never read File: C:/Users/taylo/OneDrive/Desktop/ENSC350/FP/SourceCode/Shifter Implementations/ShfSepMux2.vhd Line: 39
Info (286030): Timing-Driven Synthesis is running
Info (16010): Generating hard_block partition "hard_block:auto_generated_inst"
    Info (16011): Adding 0 node(s), including 0 DDIO, 0 PLL, 0 transceiver and 0 LCELL
Warning (21074): Design contains 65 input pin(s) that do not drive logic
    Warning (15610): No output dependent on input pin "Arith[0]" File: C:/Users/taylo/OneDrive/Desktop/ENSC350/FP/SourceCode/Shifter Implementations/ShfSepMux2.vhd Line: 11
    Warning (15610): No output dependent on input pin "Arith[1]" File: C:/Users/taylo/OneDrive/Desktop/ENSC350/FP/SourceCode/Shifter Implementations/ShfSepMux2.vhd Line: 11
    Warning (15610): No output dependent on input pin "Arith[2]" File: C:/Users/taylo/OneDrive/Desktop/ENSC350/FP/SourceCode/Shifter Implementations/ShfSepMux2.vhd Line: 11
    Warning (15610): No output dependent on input pin "Arith[3]" File: C:/Users/taylo/OneDrive/Desktop/ENSC350/FP/SourceCode/Shifter Implementations/ShfSepMux2.vhd Line: 11
    Warning (15610): No output dependent on input pin "Arith[4]" File: C:/Users/taylo/OneDrive/Desktop/ENSC350/FP/SourceCode/Shifter Implementations/ShfSepMux2.vhd Line: 11
    Warning (15610): No output dependent on input pin "Arith[5]" File: C:/Users/taylo/OneDrive/Desktop/ENSC350/FP/SourceCode/Shifter Implementations/ShfSepMux2.vhd Line: 11
    Warning (15610): No output dependent on input pin "Arith[6]" File: C:/Users/taylo/OneDrive/Desktop/ENSC350/FP/SourceCode/Shifter Implementations/ShfSepMux2.vhd Line: 11
    Warning (15610): No output dependent on input pin "Arith[7]" File: C:/Users/taylo/OneDrive/Desktop/ENSC350/FP/SourceCode/Shifter Implementations/ShfSepMux2.vhd Line: 11
    Warning (15610): No output dependent on input pin "Arith[8]" File: C:/Users/taylo/OneDrive/Desktop/ENSC350/FP/SourceCode/Shifter Implementations/ShfSepMux2.vhd Line: 11
    Warning (15610): No output dependent on input pin "Arith[9]" File: C:/Users/taylo/OneDrive/Desktop/ENSC350/FP/SourceCode/Shifter Implementations/ShfSepMux2.vhd Line: 11
    Warning (15610): No output dependent on input pin "Arith[10]" File: C:/Users/taylo/OneDrive/Desktop/ENSC350/FP/SourceCode/Shifter Implementations/ShfSepMux2.vhd Line: 11
    Warning (15610): No output dependent on input pin "Arith[11]" File: C:/Users/taylo/OneDrive/Desktop/ENSC350/FP/SourceCode/Shifter Implementations/ShfSepMux2.vhd Line: 11
    Warning (15610): No output dependent on input pin "Arith[12]" File: C:/Users/taylo/OneDrive/Desktop/ENSC350/FP/SourceCode/Shifter Implementations/ShfSepMux2.vhd Line: 11
    Warning (15610): No output dependent on input pin "Arith[13]" File: C:/Users/taylo/OneDrive/Desktop/ENSC350/FP/SourceCode/Shifter Implementations/ShfSepMux2.vhd Line: 11
    Warning (15610): No output dependent on input pin "Arith[14]" File: C:/Users/taylo/OneDrive/Desktop/ENSC350/FP/SourceCode/Shifter Implementations/ShfSepMux2.vhd Line: 11
    Warning (15610): No output dependent on input pin "Arith[15]" File: C:/Users/taylo/OneDrive/Desktop/ENSC350/FP/SourceCode/Shifter Implementations/ShfSepMux2.vhd Line: 11
    Warning (15610): No output dependent on input pin "Arith[16]" File: C:/Users/taylo/OneDrive/Desktop/ENSC350/FP/SourceCode/Shifter Implementations/ShfSepMux2.vhd Line: 11
    Warning (15610): No output dependent on input pin "Arith[17]" File: C:/Users/taylo/OneDrive/Desktop/ENSC350/FP/SourceCode/Shifter Implementations/ShfSepMux2.vhd Line: 11
    Warning (15610): No output dependent on input pin "Arith[18]" File: C:/Users/taylo/OneDrive/Desktop/ENSC350/FP/SourceCode/Shifter Implementations/ShfSepMux2.vhd Line: 11
    Warning (15610): No output dependent on input pin "Arith[19]" File: C:/Users/taylo/OneDrive/Desktop/ENSC350/FP/SourceCode/Shifter Implementations/ShfSepMux2.vhd Line: 11
    Warning (15610): No output dependent on input pin "Arith[20]" File: C:/Users/taylo/OneDrive/Desktop/ENSC350/FP/SourceCode/Shifter Implementations/ShfSepMux2.vhd Line: 11
    Warning (15610): No output dependent on input pin "Arith[21]" File: C:/Users/taylo/OneDrive/Desktop/ENSC350/FP/SourceCode/Shifter Implementations/ShfSepMux2.vhd Line: 11
    Warning (15610): No output dependent on input pin "Arith[22]" File: C:/Users/taylo/OneDrive/Desktop/ENSC350/FP/SourceCode/Shifter Implementations/ShfSepMux2.vhd Line: 11
    Warning (15610): No output dependent on input pin "Arith[23]" File: C:/Users/taylo/OneDrive/Desktop/ENSC350/FP/SourceCode/Shifter Implementations/ShfSepMux2.vhd Line: 11
    Warning (15610): No output dependent on input pin "Arith[24]" File: C:/Users/taylo/OneDrive/Desktop/ENSC350/FP/SourceCode/Shifter Implementations/ShfSepMux2.vhd Line: 11
    Warning (15610): No output dependent on input pin "Arith[25]" File: C:/Users/taylo/OneDrive/Desktop/ENSC350/FP/SourceCode/Shifter Implementations/ShfSepMux2.vhd Line: 11
    Warning (15610): No output dependent on input pin "Arith[26]" File: C:/Users/taylo/OneDrive/Desktop/ENSC350/FP/SourceCode/Shifter Implementations/ShfSepMux2.vhd Line: 11
    Warning (15610): No output dependent on input pin "Arith[27]" File: C:/Users/taylo/OneDrive/Desktop/ENSC350/FP/SourceCode/Shifter Implementations/ShfSepMux2.vhd Line: 11
    Warning (15610): No output dependent on input pin "Arith[28]" File: C:/Users/taylo/OneDrive/Desktop/ENSC350/FP/SourceCode/Shifter Implementations/ShfSepMux2.vhd Line: 11
    Warning (15610): No output dependent on input pin "Arith[29]" File: C:/Users/taylo/OneDrive/Desktop/ENSC350/FP/SourceCode/Shifter Implementations/ShfSepMux2.vhd Line: 11
    Warning (15610): No output dependent on input pin "Arith[30]" File: C:/Users/taylo/OneDrive/Desktop/ENSC350/FP/SourceCode/Shifter Implementations/ShfSepMux2.vhd Line: 11
    Warning (15610): No output dependent on input pin "Arith[31]" File: C:/Users/taylo/OneDrive/Desktop/ENSC350/FP/SourceCode/Shifter Implementations/ShfSepMux2.vhd Line: 11
    Warning (15610): No output dependent on input pin "Arith[32]" File: C:/Users/taylo/OneDrive/Desktop/ENSC350/FP/SourceCode/Shifter Implementations/ShfSepMux2.vhd Line: 11
    Warning (15610): No output dependent on input pin "Arith[33]" File: C:/Users/taylo/OneDrive/Desktop/ENSC350/FP/SourceCode/Shifter Implementations/ShfSepMux2.vhd Line: 11
    Warning (15610): No output dependent on input pin "Arith[34]" File: C:/Users/taylo/OneDrive/Desktop/ENSC350/FP/SourceCode/Shifter Implementations/ShfSepMux2.vhd Line: 11
    Warning (15610): No output dependent on input pin "Arith[35]" File: C:/Users/taylo/OneDrive/Desktop/ENSC350/FP/SourceCode/Shifter Implementations/ShfSepMux2.vhd Line: 11
    Warning (15610): No output dependent on input pin "Arith[36]" File: C:/Users/taylo/OneDrive/Desktop/ENSC350/FP/SourceCode/Shifter Implementations/ShfSepMux2.vhd Line: 11
    Warning (15610): No output dependent on input pin "Arith[37]" File: C:/Users/taylo/OneDrive/Desktop/ENSC350/FP/SourceCode/Shifter Implementations/ShfSepMux2.vhd Line: 11
    Warning (15610): No output dependent on input pin "Arith[38]" File: C:/Users/taylo/OneDrive/Desktop/ENSC350/FP/SourceCode/Shifter Implementations/ShfSepMux2.vhd Line: 11
    Warning (15610): No output dependent on input pin "Arith[39]" File: C:/Users/taylo/OneDrive/Desktop/ENSC350/FP/SourceCode/Shifter Implementations/ShfSepMux2.vhd Line: 11
    Warning (15610): No output dependent on input pin "Arith[40]" File: C:/Users/taylo/OneDrive/Desktop/ENSC350/FP/SourceCode/Shifter Implementations/ShfSepMux2.vhd Line: 11
    Warning (15610): No output dependent on input pin "Arith[41]" File: C:/Users/taylo/OneDrive/Desktop/ENSC350/FP/SourceCode/Shifter Implementations/ShfSepMux2.vhd Line: 11
    Warning (15610): No output dependent on input pin "Arith[42]" File: C:/Users/taylo/OneDrive/Desktop/ENSC350/FP/SourceCode/Shifter Implementations/ShfSepMux2.vhd Line: 11
    Warning (15610): No output dependent on input pin "Arith[43]" File: C:/Users/taylo/OneDrive/Desktop/ENSC350/FP/SourceCode/Shifter Implementations/ShfSepMux2.vhd Line: 11
    Warning (15610): No output dependent on input pin "Arith[44]" File: C:/Users/taylo/OneDrive/Desktop/ENSC350/FP/SourceCode/Shifter Implementations/ShfSepMux2.vhd Line: 11
    Warning (15610): No output dependent on input pin "Arith[45]" File: C:/Users/taylo/OneDrive/Desktop/ENSC350/FP/SourceCode/Shifter Implementations/ShfSepMux2.vhd Line: 11
    Warning (15610): No output dependent on input pin "Arith[46]" File: C:/Users/taylo/OneDrive/Desktop/ENSC350/FP/SourceCode/Shifter Implementations/ShfSepMux2.vhd Line: 11
    Warning (15610): No output dependent on input pin "Arith[47]" File: C:/Users/taylo/OneDrive/Desktop/ENSC350/FP/SourceCode/Shifter Implementations/ShfSepMux2.vhd Line: 11
    Warning (15610): No output dependent on input pin "Arith[48]" File: C:/Users/taylo/OneDrive/Desktop/ENSC350/FP/SourceCode/Shifter Implementations/ShfSepMux2.vhd Line: 11
    Warning (15610): No output dependent on input pin "Arith[49]" File: C:/Users/taylo/OneDrive/Desktop/ENSC350/FP/SourceCode/Shifter Implementations/ShfSepMux2.vhd Line: 11
    Warning (15610): No output dependent on input pin "Arith[50]" File: C:/Users/taylo/OneDrive/Desktop/ENSC350/FP/SourceCode/Shifter Implementations/ShfSepMux2.vhd Line: 11
    Warning (15610): No output dependent on input pin "Arith[51]" File: C:/Users/taylo/OneDrive/Desktop/ENSC350/FP/SourceCode/Shifter Implementations/ShfSepMux2.vhd Line: 11
    Warning (15610): No output dependent on input pin "Arith[52]" File: C:/Users/taylo/OneDrive/Desktop/ENSC350/FP/SourceCode/Shifter Implementations/ShfSepMux2.vhd Line: 11
    Warning (15610): No output dependent on input pin "Arith[53]" File: C:/Users/taylo/OneDrive/Desktop/ENSC350/FP/SourceCode/Shifter Implementations/ShfSepMux2.vhd Line: 11
    Warning (15610): No output dependent on input pin "Arith[54]" File: C:/Users/taylo/OneDrive/Desktop/ENSC350/FP/SourceCode/Shifter Implementations/ShfSepMux2.vhd Line: 11
    Warning (15610): No output dependent on input pin "Arith[55]" File: C:/Users/taylo/OneDrive/Desktop/ENSC350/FP/SourceCode/Shifter Implementations/ShfSepMux2.vhd Line: 11
    Warning (15610): No output dependent on input pin "Arith[56]" File: C:/Users/taylo/OneDrive/Desktop/ENSC350/FP/SourceCode/Shifter Implementations/ShfSepMux2.vhd Line: 11
    Warning (15610): No output dependent on input pin "Arith[57]" File: C:/Users/taylo/OneDrive/Desktop/ENSC350/FP/SourceCode/Shifter Implementations/ShfSepMux2.vhd Line: 11
    Warning (15610): No output dependent on input pin "Arith[58]" File: C:/Users/taylo/OneDrive/Desktop/ENSC350/FP/SourceCode/Shifter Implementations/ShfSepMux2.vhd Line: 11
    Warning (15610): No output dependent on input pin "Arith[59]" File: C:/Users/taylo/OneDrive/Desktop/ENSC350/FP/SourceCode/Shifter Implementations/ShfSepMux2.vhd Line: 11
    Warning (15610): No output dependent on input pin "Arith[60]" File: C:/Users/taylo/OneDrive/Desktop/ENSC350/FP/SourceCode/Shifter Implementations/ShfSepMux2.vhd Line: 11
    Warning (15610): No output dependent on input pin "Arith[61]" File: C:/Users/taylo/OneDrive/Desktop/ENSC350/FP/SourceCode/Shifter Implementations/ShfSepMux2.vhd Line: 11
    Warning (15610): No output dependent on input pin "Arith[62]" File: C:/Users/taylo/OneDrive/Desktop/ENSC350/FP/SourceCode/Shifter Implementations/ShfSepMux2.vhd Line: 11
    Warning (15610): No output dependent on input pin "Arith[63]" File: C:/Users/taylo/OneDrive/Desktop/ENSC350/FP/SourceCode/Shifter Implementations/ShfSepMux2.vhd Line: 11
    Warning (15610): No output dependent on input pin "ShiftFN[0]" File: C:/Users/taylo/OneDrive/Desktop/ENSC350/FP/SourceCode/Shifter Implementations/ShfSepMux2.vhd Line: 12
Info (21057): Implemented 678 device resources after synthesis - the final resource count might be different
    Info (21058): Implemented 137 input pins
    Info (21059): Implemented 64 output pins
    Info (21061): Implemented 477 logic cells
Info: Quartus Prime Analysis & Synthesis was successful. 0 errors, 69 warnings
    Info: Peak virtual memory: 4908 megabytes
    Info: Processing ended: Sat Nov 29 20:06:06 2025
    Info: Elapsed time: 00:00:09
    Info: Total CPU time (on all processors): 00:00:18


